fd: 0 joined coalition: 0
fd: 1 joined coalition: 3
fd: 2 joined coalition: 1
fd: 3 joined coalition: 1
fd: 4 joined coalition: 1
fd: 5 joined coalition: 1
fd: 6 joined coalition: 2
fd: 7 joined coalition: 0
fd: 8 joined coalition: 1
fd: 9 joined coalition: 2
fd: 10 joined coalition: 1
fd: 11 joined coalition: 3
fd: 12 joined coalition: 2
fd: 13 joined coalition: 1
fd: 14 joined coalition: 3
fd: 15 joined coalition: 1
fd: 16 joined coalition: 3
fd: 17 joined coalition: 3
fd: 18 joined coalition: 3
fd: 19 joined coalition: 0
fd: 20 joined coalition: 3
fd: 21 joined coalition: 1
fd: 22 joined coalition: 1
fd: 23 joined coalition: 3
fd: 24 joined coalition: 1
fd: 25 joined coalition: 2
fd: 26 joined coalition: 3
fd: 27 joined coalition: 1
fd: 28 joined coalition: 2
fd: 29 joined coalition: 1


initial info:
coalitoin 0: 
    paired fds:  [0, 7, 19]
    nearby fds:  [0, 1, 2, 3, 4, 5, 6, 7, 8, 9, 10, 11, 12, 14, 16, 17, 18, 19, 20, 22, 24, 25, 26, 27, 29]
    sum capacity:  2.3732231597
coalitoin 1: 
    paired fds:  [2, 3, 4, 5, 8, 10, 13, 15, 21, 22, 24, 27, 29]
    nearby fds:  [0, 1, 2, 3, 4, 5, 6, 8, 9, 10, 11, 12, 13, 14, 15, 16, 17, 18, 19, 20, 21, 22, 23, 24, 25, 26, 27, 28, 29]
    sum capacity:  2.09202918642
coalitoin 2: 
    paired fds:  [6, 9, 12, 25, 28]
    nearby fds:  [0, 1, 2, 4, 6, 7, 8, 9, 10, 11, 12, 13, 14, 15, 16, 17, 18, 19, 20, 22, 24, 25, 27, 28, 29]
    sum capacity:  2.05829034705
coalitoin 3: 
    paired fds:  [1, 11, 14, 16, 17, 18, 20, 23, 26]
    nearby fds:  [0, 1, 3, 4, 5, 6, 7, 9, 10, 11, 12, 13, 14, 15, 16, 17, 18, 19, 20, 21, 23, 25, 26, 28, 29]
    sum capacity:  2.11197963675
fd 0: 
    gains, power: 1.000000, 0.003351
    f_bs, f_fd: 0.000000, 0.000000
fd 1: 
    gains, power: 1.000000, 0.003839
    f_bs, f_fd: 0.000000, 0.000000
fd 2: 
    gains, power: 1.000000, 0.003125
    f_bs, f_fd: 0.000000, 0.000000
fd 3: 
    gains, power: 1.000000, 0.003003
    f_bs, f_fd: 0.000000, 0.000000
fd 4: 
    gains, power: 1.000000, 0.004772
    f_bs, f_fd: 0.000000, 0.000000
fd 5: 
    gains, power: 1.000000, 0.003625
    f_bs, f_fd: 0.000000, 0.000000
fd 6: 
    gains, power: 1.000000, 0.003714
    f_bs, f_fd: 0.000000, 0.000000
fd 7: 
    gains, power: 1.000000, 0.004095
    f_bs, f_fd: 0.000000, 0.000000
fd 8: 
    gains, power: 1.000000, 0.003809
    f_bs, f_fd: 0.000000, 0.000000
fd 9: 
    gains, power: 1.000000, 0.004572
    f_bs, f_fd: 0.000000, 0.000000
fd 10: 
    gains, power: 1.000000, 0.004622
    f_bs, f_fd: 0.000000, 0.000000
fd 11: 
    gains, power: 1.000000, 0.004392
    f_bs, f_fd: 0.000000, 0.000000
fd 12: 
    gains, power: 1.000000, 0.003077
    f_bs, f_fd: 0.000000, 0.000000
fd 13: 
    gains, power: 1.000000, 0.004804
    f_bs, f_fd: 0.000000, 0.000000
fd 14: 
    gains, power: 1.000000, 0.004175
    f_bs, f_fd: 0.000000, 0.000000
fd 15: 
    gains, power: 1.000000, 0.004616
    f_bs, f_fd: 0.000000, 0.000000
fd 16: 
    gains, power: 1.000000, 0.004430
    f_bs, f_fd: 0.000000, 0.000000
fd 17: 
    gains, power: 1.000000, 0.003695
    f_bs, f_fd: 0.000000, 0.000000
fd 18: 
    gains, power: 1.000000, 0.003736
    f_bs, f_fd: 0.000000, 0.000000
fd 19: 
    gains, power: 1.000000, 0.004591
    f_bs, f_fd: 0.000000, 0.000000
fd 20: 
    gains, power: 1.000000, 0.004705
    f_bs, f_fd: 0.000000, 0.000000
fd 21: 
    gains, power: 1.000000, 0.003198
    f_bs, f_fd: 0.000000, 0.000000
fd 22: 
    gains, power: 1.000000, 0.003321
    f_bs, f_fd: 0.000000, 0.000000
fd 23: 
    gains, power: 1.000000, 0.004193
    f_bs, f_fd: 0.000000, 0.000000
fd 24: 
    gains, power: 1.000000, 0.003009
    f_bs, f_fd: 0.000000, 0.000000
fd 25: 
    gains, power: 1.000000, 0.004271
    f_bs, f_fd: 0.000000, 0.000000
fd 26: 
    gains, power: 1.000000, 0.004706
    f_bs, f_fd: 0.000000, 0.000000
fd 27: 
    gains, power: 1.000000, 0.004970
    f_bs, f_fd: 0.000000, 0.000000
fd 28: 
    gains, power: 1.000000, 0.003051
    f_bs, f_fd: 0.000000, 0.000000
fd 29: 
    gains, power: 1.000000, 0.003030
    f_bs, f_fd: 0.000000, 0.000000


*** round 0
fd 28 in coalition 2 and fd 11 in coalition 3 swap coalitions
fd 16 in coalition 3 and fd 29 in coalition 1 swap coalitions
fd 19 in coalition 0 and fd 14 in coalition 3 swap coalitions
fd 13 in coalition 1 and fd  1 in coalition 3 swap coalitions
fd 11 in coalition 2 and fd  0 in coalition 0 swap coalitions
fd  7 in coalition 0 and fd 18 in coalition 3 swap coalitions
fd  6 in coalition 2 and fd  8 in coalition 1 swap coalitions
fd 17 in coalition 3 and fd  0 in coalition 2 swap coalitions
fd 11 in coalition 0 and fd 24 in coalition 1 swap coalitions
fd 25 in coalition 2 and fd 22 in coalition 1 swap coalitions
fd 24 in coalition 0 was selected to forward
fd  5 in coalition 1 was selected to forward
fd 17 in coalition 2 was selected to forward
fd 13 in coalition 3 was selected to forward
coalitoin 0: 
    paired fds:  [14, 24, 18]
    nearby fds:  [0, 1, 2, 3, 4, 5, 6, 7, 8, 9, 10, 11, 12, 14, 16, 17, 18, 19, 20, 22, 24, 25, 26, 27, 29]
    sum capacity:  2.54421962961
coalitoin 1: 
    paired fds:  [2, 3, 4, 10, 21, 15, 16, 5, 6, 25, 1, 27, 11]
    nearby fds:  [0, 1, 2, 3, 4, 5, 6, 8, 9, 10, 11, 12, 13, 14, 15, 16, 17, 18, 19, 20, 21, 22, 23, 24, 25, 26, 27, 28, 29]
    sum capacity:  2.1726010063
coalitoin 2: 
    paired fds:  [9, 8, 17, 22, 12]
    nearby fds:  [0, 1, 2, 4, 6, 7, 8, 9, 10, 11, 12, 13, 14, 15, 16, 17, 18, 19, 20, 22, 24, 25, 27, 28, 29]
    sum capacity:  2.38840728268
coalitoin 3: 
    paired fds:  [20, 26, 28, 29, 19, 13, 7, 23, 0]
    nearby fds:  [0, 1, 3, 4, 5, 6, 7, 9, 10, 11, 12, 13, 14, 15, 16, 17, 18, 19, 20, 21, 23, 25, 26, 28, 29]
    sum capacity:  2.28619204326
fd 0: 
    gains, power: 1.000000, 0.003919
    f_bs, f_fd: 134.485390, 68.241544
fd 1: 
    gains, power: 1.000000, 0.004275
    f_bs, f_fd: 106.931705, 49.511299
fd 2: 
    gains, power: 1.000000, 0.003380
    f_bs, f_fd: 126.443053, 62.614830
fd 3: 
    gains, power: 1.000000, 0.003355
    f_bs, f_fd: 235.334064, 106.818637
fd 4: 
    gains, power: 1.000000, 0.005552
    f_bs, f_fd: 193.873483, 94.833478
fd 5: 
    gains, power: 108.104525, 0.003025
    f_bs, f_fd: 237.442552, 107.104525
fd 6: 
    gains, power: 1.000000, 0.007359
    f_bs, f_fd: 220.227204, 102.595268
fd 7: 
    gains, power: 1.000000, 0.004392
    f_bs, f_fd: 117.867047, 57.201659
fd 8: 
    gains, power: 1.000000, 0.003967
    f_bs, f_fd: 110.595047, 51.908359
fd 9: 
    gains, power: 1.000000, 0.006608
    f_bs, f_fd: 208.262708, 100.588918
fd 10: 
    gains, power: 1.000000, 0.008266
    f_bs, f_fd: 168.838536, 84.904625
fd 11: 
    gains, power: 1.000000, 0.005242
    f_bs, f_fd: 156.659998, 80.342650
fd 12: 
    gains, power: 1.000000, 0.007504
    f_bs, f_fd: 195.083180, 95.081201
fd 13: 
    gains, power: 105.668633, 0.004164
    f_bs, f_fd: 227.250094, 104.668633
fd 14: 
    gains, power: 1.000000, 0.005155
    f_bs, f_fd: 176.118948, 88.802186
fd 15: 
    gains, power: 1.000000, 0.005066
    f_bs, f_fd: 195.357084, 95.136857
fd 16: 
    gains, power: 1.000000, 0.005014
    f_bs, f_fd: 119.002736, 57.823160
fd 17: 
    gains, power: 107.896497, 0.003095
    f_bs, f_fd: 235.904208, 106.896497
fd 18: 
    gains, power: 1.000000, 0.005445
    f_bs, f_fd: 129.539872, 65.064223
fd 19: 
    gains, power: 1.000000, 0.004974
    f_bs, f_fd: 113.392668, 54.628097
fd 20: 
    gains, power: 1.000000, 0.005734
    f_bs, f_fd: 148.115179, 75.501790
fd 21: 
    gains, power: 1.000000, 0.003473
    f_bs, f_fd: 206.867262, 99.339033
fd 22: 
    gains, power: 1.000000, 0.003599
    f_bs, f_fd: 113.681097, 54.800342
fd 23: 
    gains, power: 1.000000, 0.004362
    f_bs, f_fd: 134.262210, 68.146699
fd 24: 
    gains, power: 107.387890, 0.002409
    f_bs, f_fd: 232.233619, 106.387890
fd 25: 
    gains, power: 1.000000, 0.005111
    f_bs, f_fd: 230.323288, 106.116174
fd 26: 
    gains, power: 1.000000, 0.004950
    f_bs, f_fd: 118.432668, 57.512717
fd 27: 
    gains, power: 1.000000, 0.005259
    f_bs, f_fd: 112.955953, 53.365545
fd 28: 
    gains, power: 1.000000, 0.003341
    f_bs, f_fd: 226.271007, 105.523286
fd 29: 
    gains, power: 1.000000, 0.003993
    f_bs, f_fd: 131.428020, 66.914622


*** round 1
fd 12 in coalition 2 and fd  7 in coalition 3 swap coalitions
fd 13 in coalition 3 and fd  9 in coalition 2 swap coalitions
fd  7 in coalition 2 and fd 14 in coalition 0 swap coalitions
fd 24 in coalition 0 was selected to forward
fd  5 in coalition 1 was selected to forward
fd 17 in coalition 2 was selected to forward
fd 28 in coalition 3 was selected to forward
coalitoin 0: 
    paired fds:  [18, 24, 7]
    nearby fds:  [0, 1, 2, 3, 4, 5, 6, 7, 8, 9, 10, 11, 12, 14, 16, 17, 18, 19, 20, 22, 24, 25, 26, 27, 29]
    sum capacity:  2.69737233869
coalitoin 1: 
    paired fds:  [2, 3, 4, 21, 15, 16, 6, 11, 5, 10, 27, 1, 25]
    nearby fds:  [0, 1, 2, 3, 4, 5, 6, 8, 9, 10, 11, 12, 13, 14, 15, 16, 17, 18, 19, 20, 21, 22, 23, 24, 25, 26, 27, 28, 29]
    sum capacity:  2.1726010063
coalitoin 2: 
    paired fds:  [13, 14, 8, 17, 22]
    nearby fds:  [0, 1, 2, 4, 6, 7, 8, 9, 10, 11, 12, 13, 14, 15, 16, 17, 18, 19, 20, 22, 24, 25, 27, 28, 29]
    sum capacity:  2.50583758512
coalitoin 3: 
    paired fds:  [26, 28, 29, 0, 9, 23, 12, 19, 20]
    nearby fds:  [0, 1, 3, 4, 5, 6, 7, 9, 10, 11, 12, 13, 14, 15, 16, 17, 18, 19, 20, 21, 23, 25, 26, 28, 29]
    sum capacity:  2.22017777443
fd 0: 
    gains, power: 1.000000, 0.004488
    f_bs, f_fd: 134.485390, 68.241544
fd 1: 
    gains, power: 1.000000, 0.004711
    f_bs, f_fd: 106.931705, 49.511299
fd 2: 
    gains, power: 1.000000, 0.003636
    f_bs, f_fd: 126.443053, 62.614830
fd 3: 
    gains, power: 1.000000, 0.003707
    f_bs, f_fd: 235.334064, 106.818637
fd 4: 
    gains, power: 1.000000, 0.006333
    f_bs, f_fd: 193.873483, 94.833478
fd 5: 
    gains, power: 215.209050, 0.002425
    f_bs, f_fd: 237.442552, 107.104525
fd 6: 
    gains, power: 1.000000, 0.011003
    f_bs, f_fd: 220.227204, 102.595268
fd 7: 
    gains, power: 1.000000, 0.004688
    f_bs, f_fd: 150.240365, 76.237813
fd 8: 
    gains, power: 1.000000, 0.004126
    f_bs, f_fd: 110.595047, 51.908359
fd 9: 
    gains, power: 1.000000, 0.008644
    f_bs, f_fd: 208.742944, 99.674109
fd 10: 
    gains, power: 1.000000, 0.011911
    f_bs, f_fd: 168.838536, 84.904625
fd 11: 
    gains, power: 1.000000, 0.006092
    f_bs, f_fd: 156.659998, 80.342650
fd 12: 
    gains, power: 1.000000, 0.011931
    f_bs, f_fd: 212.743316, 101.368128
fd 13: 
    gains, power: 105.668633, 0.004856
    f_bs, f_fd: 193.678706, 94.793296
fd 14: 
    gains, power: 1.000000, 0.006135
    f_bs, f_fd: 132.489430, 66.382133
fd 15: 
    gains, power: 1.000000, 0.005516
    f_bs, f_fd: 195.357084, 95.136857
fd 16: 
    gains, power: 1.000000, 0.005597
    f_bs, f_fd: 119.002736, 57.823160
fd 17: 
    gains, power: 214.792994, 0.002495
    f_bs, f_fd: 235.904208, 106.896497
fd 18: 
    gains, power: 1.000000, 0.007154
    f_bs, f_fd: 129.539872, 65.064223
fd 19: 
    gains, power: 1.000000, 0.005358
    f_bs, f_fd: 113.392668, 54.628097
fd 20: 
    gains, power: 1.000000, 0.006764
    f_bs, f_fd: 148.115179, 75.501790
fd 21: 
    gains, power: 1.000000, 0.003748
    f_bs, f_fd: 206.867262, 99.339033
fd 22: 
    gains, power: 1.000000, 0.003876
    f_bs, f_fd: 113.681097, 54.800342
fd 23: 
    gains, power: 1.000000, 0.004531
    f_bs, f_fd: 134.262210, 68.146699
fd 24: 
    gains, power: 213.775780, 0.001809
    f_bs, f_fd: 232.233619, 106.387890
fd 25: 
    gains, power: 1.000000, 0.005952
    f_bs, f_fd: 230.323288, 106.116174
fd 26: 
    gains, power: 1.000000, 0.005195
    f_bs, f_fd: 118.432668, 57.512717
fd 27: 
    gains, power: 1.000000, 0.005548
    f_bs, f_fd: 112.955953, 53.365545
fd 28: 
    gains, power: 106.523286, 0.002741
    f_bs, f_fd: 226.271007, 105.523286
fd 29: 
    gains, power: 1.000000, 0.004956
    f_bs, f_fd: 131.428020, 66.914622


*** round 2
fd 13 in coalition 2 and fd  0 in coalition 3 swap coalitions
fd 24 in coalition 0 was selected to forward
fd  5 in coalition 1 was selected to forward
fd 17 in coalition 2 was selected to forward
fd 13 in coalition 3 was selected to forward
coalitoin 0: 
    paired fds:  [18, 24, 7]
    nearby fds:  [0, 1, 2, 3, 4, 5, 6, 7, 8, 9, 10, 11, 12, 14, 16, 17, 18, 19, 20, 22, 24, 25, 26, 27, 29]
    sum capacity:  2.69737233869
coalitoin 1: 
    paired fds:  [2, 3, 21, 15, 11, 5, 27, 1, 6, 25, 16, 10, 4]
    nearby fds:  [0, 1, 2, 3, 4, 5, 6, 8, 9, 10, 11, 12, 13, 14, 15, 16, 17, 18, 19, 20, 21, 22, 23, 24, 25, 26, 27, 28, 29]
    sum capacity:  2.1726010063
coalitoin 2: 
    paired fds:  [14, 22, 8, 17, 0]
    nearby fds:  [0, 1, 2, 4, 6, 7, 8, 9, 10, 11, 12, 13, 14, 15, 16, 17, 18, 19, 20, 22, 24, 25, 27, 28, 29]
    sum capacity:  2.4028876139
coalitoin 3: 
    paired fds:  [29, 9, 19, 13, 12, 26, 20, 23, 28]
    nearby fds:  [0, 1, 3, 4, 5, 6, 7, 9, 10, 11, 12, 13, 14, 15, 16, 17, 18, 19, 20, 21, 23, 25, 26, 28, 29]
    sum capacity:  2.22677525282
fd 0: 
    gains, power: 1.000000, 0.005057
    f_bs, f_fd: 119.417501, 59.047126
fd 1: 
    gains, power: 1.000000, 0.005147
    f_bs, f_fd: 106.931705, 49.511299
fd 2: 
    gains, power: 1.000000, 0.003892
    f_bs, f_fd: 126.443053, 62.614830
fd 3: 
    gains, power: 1.000000, 0.004060
    f_bs, f_fd: 235.334064, 106.818637
fd 4: 
    gains, power: 1.000000, 0.007114
    f_bs, f_fd: 193.873483, 94.833478
fd 5: 
    gains, power: 322.313575, 0.001825
    f_bs, f_fd: 237.442552, 107.104525
fd 6: 
    gains, power: 1.000000, 0.014648
    f_bs, f_fd: 220.227204, 102.595268
fd 7: 
    gains, power: 1.000000, 0.004985
    f_bs, f_fd: 150.240365, 76.237813
fd 8: 
    gains, power: 1.000000, 0.004284
    f_bs, f_fd: 110.595047, 51.908359
fd 9: 
    gains, power: 1.000000, 0.010680
    f_bs, f_fd: 208.742944, 99.674109
fd 10: 
    gains, power: 1.000000, 0.015555
    f_bs, f_fd: 168.838536, 84.904625
fd 11: 
    gains, power: 1.000000, 0.006942
    f_bs, f_fd: 156.659998, 80.342650
fd 12: 
    gains, power: 1.000000, 0.016359
    f_bs, f_fd: 212.743316, 101.368128
fd 13: 
    gains, power: 210.337267, 0.004216
    f_bs, f_fd: 227.250094, 104.668633
fd 14: 
    gains, power: 1.000000, 0.007115
    f_bs, f_fd: 132.489430, 66.382133
fd 15: 
    gains, power: 1.000000, 0.005966
    f_bs, f_fd: 195.357084, 95.136857
fd 16: 
    gains, power: 1.000000, 0.006181
    f_bs, f_fd: 119.002736, 57.823160
fd 17: 
    gains, power: 321.689491, 0.001895
    f_bs, f_fd: 235.904208, 106.896497
fd 18: 
    gains, power: 1.000000, 0.008863
    f_bs, f_fd: 129.539872, 65.064223
fd 19: 
    gains, power: 1.000000, 0.005741
    f_bs, f_fd: 113.392668, 54.628097
fd 20: 
    gains, power: 1.000000, 0.007793
    f_bs, f_fd: 148.115179, 75.501790
fd 21: 
    gains, power: 1.000000, 0.004022
    f_bs, f_fd: 206.867262, 99.339033
fd 22: 
    gains, power: 1.000000, 0.004153
    f_bs, f_fd: 113.681097, 54.800342
fd 23: 
    gains, power: 1.000000, 0.004700
    f_bs, f_fd: 134.262210, 68.146699
fd 24: 
    gains, power: 320.163671, 0.001209
    f_bs, f_fd: 232.233619, 106.387890
fd 25: 
    gains, power: 1.000000, 0.006792
    f_bs, f_fd: 230.323288, 106.116174
fd 26: 
    gains, power: 1.000000, 0.005440
    f_bs, f_fd: 118.432668, 57.512717
fd 27: 
    gains, power: 1.000000, 0.005837
    f_bs, f_fd: 112.955953, 53.365545
fd 28: 
    gains, power: 106.523286, 0.003031
    f_bs, f_fd: 226.271007, 105.523286
fd 29: 
    gains, power: 1.000000, 0.005919
    f_bs, f_fd: 131.428020, 66.914622


*** round 3
fd  9 in coalition 3 and fd  7 in coalition 0 swap coalitions
fd  4 in coalition 1 and fd 20 in coalition 3 swap coalitions
fd  7 in coalition 3 and fd 14 in coalition 2 swap coalitions
fd 24 in coalition 0 was selected to forward
fd  5 in coalition 1 was selected to forward
fd 17 in coalition 2 was selected to forward
fd 13 in coalition 3 was selected to forward
coalitoin 0: 
    paired fds:  [9, 24, 18]
    nearby fds:  [0, 1, 2, 3, 4, 5, 6, 7, 8, 9, 10, 11, 12, 14, 16, 17, 18, 19, 20, 22, 24, 25, 26, 27, 29]
    sum capacity:  2.56411847449
coalitoin 1: 
    paired fds:  [3, 21, 11, 5, 1, 25, 10, 15, 27, 20, 2, 6, 16]
    nearby fds:  [0, 1, 2, 3, 4, 5, 6, 8, 9, 10, 11, 12, 13, 14, 15, 16, 17, 18, 19, 20, 21, 22, 23, 24, 25, 26, 27, 28, 29]
    sum capacity:  2.16299805654
coalitoin 2: 
    paired fds:  [0, 7, 17, 8, 22]
    nearby fds:  [0, 1, 2, 4, 6, 7, 8, 9, 10, 11, 12, 13, 14, 15, 16, 17, 18, 19, 20, 22, 24, 25, 27, 28, 29]
    sum capacity:  2.3907580147
coalitoin 3: 
    paired fds:  [29, 13, 23, 28, 12, 19, 14, 26, 4]
    nearby fds:  [0, 1, 3, 4, 5, 6, 7, 9, 10, 11, 12, 13, 14, 15, 16, 17, 18, 19, 20, 21, 23, 25, 26, 28, 29]
    sum capacity:  2.23547312345
fd 0: 
    gains, power: 1.000000, 0.005625
    f_bs, f_fd: 119.417501, 59.047126
fd 1: 
    gains, power: 1.000000, 0.005583
    f_bs, f_fd: 106.931705, 49.511299
fd 2: 
    gains, power: 1.000000, 0.004147
    f_bs, f_fd: 126.443053, 62.614830
fd 3: 
    gains, power: 1.000000, 0.004412
    f_bs, f_fd: 235.334064, 106.818637
fd 4: 
    gains, power: 1.000000, 0.007894
    f_bs, f_fd: 129.246714, 64.929979
fd 5: 
    gains, power: 429.418101, 0.001225
    f_bs, f_fd: 237.442552, 107.104525
fd 6: 
    gains, power: 1.000000, 0.018292
    f_bs, f_fd: 220.227204, 102.595268
fd 7: 
    gains, power: 1.000000, 0.005281
    f_bs, f_fd: 231.320742, 106.258657
fd 8: 
    gains, power: 1.000000, 0.004442
    f_bs, f_fd: 110.595047, 51.908359
fd 9: 
    gains, power: 1.000000, 0.012715
    f_bs, f_fd: 138.582991, 70.929491
fd 10: 
    gains, power: 1.000000, 0.019200
    f_bs, f_fd: 168.838536, 84.904625
fd 11: 
    gains, power: 1.000000, 0.007792
    f_bs, f_fd: 156.659998, 80.342650
fd 12: 
    gains, power: 1.000000, 0.020786
    f_bs, f_fd: 212.743316, 101.368128
fd 13: 
    gains, power: 315.005900, 0.003576
    f_bs, f_fd: 227.250094, 104.668633
fd 14: 
    gains, power: 1.000000, 0.008095
    f_bs, f_fd: 170.277716, 86.292452
fd 15: 
    gains, power: 1.000000, 0.006417
    f_bs, f_fd: 195.357084, 95.136857
fd 16: 
    gains, power: 1.000000, 0.006765
    f_bs, f_fd: 119.002736, 57.823160
fd 17: 
    gains, power: 428.585988, 0.001295
    f_bs, f_fd: 235.904208, 106.896497
fd 18: 
    gains, power: 1.000000, 0.010572
    f_bs, f_fd: 129.539872, 65.064223
fd 19: 
    gains, power: 1.000000, 0.006124
    f_bs, f_fd: 113.392668, 54.628097
fd 20: 
    gains, power: 1.000000, 0.008822
    f_bs, f_fd: 143.987112, 74.011515
fd 21: 
    gains, power: 1.000000, 0.004297
    f_bs, f_fd: 206.867262, 99.339033
fd 22: 
    gains, power: 1.000000, 0.004431
    f_bs, f_fd: 113.681097, 54.800342
fd 23: 
    gains, power: 1.000000, 0.004869
    f_bs, f_fd: 134.262210, 68.146699
fd 24: 
    gains, power: 426.551561, 0.000609
    f_bs, f_fd: 232.233619, 106.387890
fd 25: 
    gains, power: 1.000000, 0.007632
    f_bs, f_fd: 230.323288, 106.116174
fd 26: 
    gains, power: 1.000000, 0.005685
    f_bs, f_fd: 118.432668, 57.512717
fd 27: 
    gains, power: 1.000000, 0.006126
    f_bs, f_fd: 112.955953, 53.365545
fd 28: 
    gains, power: 106.523286, 0.003320
    f_bs, f_fd: 226.271007, 105.523286
fd 29: 
    gains, power: 1.000000, 0.006882
    f_bs, f_fd: 131.428020, 66.914622


*** round 4
fd 15 in coalition 1 and fd 23 in coalition 3 swap coalitions
fd 24 in coalition 0 was selected to forward
fd  5 in coalition 1 was selected to forward
fd 17 in coalition 2 was selected to forward
fd 15 in coalition 3 was selected to forward
coalitoin 0: 
    paired fds:  [24, 9, 18]
    nearby fds:  [0, 1, 2, 3, 4, 5, 6, 7, 8, 9, 10, 11, 12, 14, 16, 17, 18, 19, 20, 22, 24, 25, 26, 27, 29]
    sum capacity:  2.56411847449
coalitoin 1: 
    paired fds:  [3, 1, 27, 6, 23, 25, 10, 16, 5, 20, 2, 11, 21]
    nearby fds:  [0, 1, 2, 3, 4, 5, 6, 8, 9, 10, 11, 12, 13, 14, 15, 16, 17, 18, 19, 20, 21, 22, 23, 24, 25, 26, 27, 28, 29]
    sum capacity:  2.17638278178
coalitoin 2: 
    paired fds:  [0, 22, 17, 8, 7]
    nearby fds:  [0, 1, 2, 4, 6, 7, 8, 9, 10, 11, 12, 13, 14, 15, 16, 17, 18, 19, 20, 22, 24, 25, 27, 28, 29]
    sum capacity:  2.3907580147
coalitoin 3: 
    paired fds:  [13, 19, 14, 26, 15, 12, 4, 28, 29]
    nearby fds:  [0, 1, 3, 4, 5, 6, 7, 9, 10, 11, 12, 13, 14, 15, 16, 17, 18, 19, 20, 21, 23, 25, 26, 28, 29]
    sum capacity:  2.19759985593
fd 0: 
    gains, power: 1.000000, 0.006194
    f_bs, f_fd: 119.417501, 59.047126
fd 1: 
    gains, power: 1.000000, 0.006019
    f_bs, f_fd: 106.931705, 49.511299
fd 2: 
    gains, power: 1.000000, 0.004403
    f_bs, f_fd: 126.443053, 62.614830
fd 3: 
    gains, power: 1.000000, 0.004764
    f_bs, f_fd: 235.334064, 106.818637
fd 4: 
    gains, power: 1.000000, 0.008675
    f_bs, f_fd: 129.246714, 64.929979
fd 5: 
    gains, power: 536.522626, 0.000625
    f_bs, f_fd: 237.442552, 107.104525
fd 6: 
    gains, power: 1.000000, 0.021936
    f_bs, f_fd: 220.227204, 102.595268
fd 7: 
    gains, power: 1.000000, 0.005578
    f_bs, f_fd: 231.320742, 106.258657
fd 8: 
    gains, power: 1.000000, 0.004601
    f_bs, f_fd: 110.595047, 51.908359
fd 9: 
    gains, power: 1.000000, 0.014751
    f_bs, f_fd: 138.582991, 70.929491
fd 10: 
    gains, power: 1.000000, 0.022844
    f_bs, f_fd: 168.838536, 84.904625
fd 11: 
    gains, power: 1.000000, 0.008642
    f_bs, f_fd: 156.659998, 80.342650
fd 12: 
    gains, power: 1.000000, 0.025213
    f_bs, f_fd: 212.743316, 101.368128
fd 13: 
    gains, power: 315.005900, 0.004268
    f_bs, f_fd: 227.250094, 104.668633
fd 14: 
    gains, power: 1.000000, 0.009075
    f_bs, f_fd: 170.277716, 86.292452
fd 15: 
    gains, power: 107.283344, 0.005817
    f_bs, f_fd: 231.494519, 106.283344
fd 16: 
    gains, power: 1.000000, 0.007349
    f_bs, f_fd: 119.002736, 57.823160
fd 17: 
    gains, power: 535.482485, 0.000695
    f_bs, f_fd: 235.904208, 106.896497
fd 18: 
    gains, power: 1.000000, 0.012281
    f_bs, f_fd: 129.539872, 65.064223
fd 19: 
    gains, power: 1.000000, 0.006508
    f_bs, f_fd: 113.392668, 54.628097
fd 20: 
    gains, power: 1.000000, 0.009851
    f_bs, f_fd: 143.987112, 74.011515
fd 21: 
    gains, power: 1.000000, 0.004572
    f_bs, f_fd: 206.867262, 99.339033
fd 22: 
    gains, power: 1.000000, 0.004708
    f_bs, f_fd: 113.681097, 54.800342
fd 23: 
    gains, power: 1.000000, 0.005038
    f_bs, f_fd: 223.143175, 104.049742
fd 24: 
    gains, power: 532.939451, 0.000009
    f_bs, f_fd: 232.233619, 106.387890
fd 25: 
    gains, power: 1.000000, 0.008473
    f_bs, f_fd: 230.323288, 106.116174
fd 26: 
    gains, power: 1.000000, 0.005930
    f_bs, f_fd: 118.432668, 57.512717
fd 27: 
    gains, power: 1.000000, 0.006416
    f_bs, f_fd: 112.955953, 53.365545
fd 28: 
    gains, power: 106.523286, 0.003610
    f_bs, f_fd: 226.271007, 105.523286
fd 29: 
    gains, power: 1.000000, 0.007845
    f_bs, f_fd: 131.428020, 66.914622


*** round 5
fd  9 in coalition 0 was selected to forward
fd  5 in coalition 1 was selected to forward
fd 17 in coalition 2 was selected to forward
fd 15 in coalition 3 was selected to forward
coalitoin 0: 
    paired fds:  [9, 18, 24]
    nearby fds:  [0, 1, 2, 3, 4, 5, 6, 7, 8, 9, 10, 11, 12, 14, 16, 17, 18, 19, 20, 22, 24, 25, 26, 27, 29]
    sum capacity:  2.24341234586
coalitoin 1: 
    paired fds:  [1, 6, 23, 10, 16, 27, 20, 25, 21, 11, 5, 2, 3]
    nearby fds:  [0, 1, 2, 3, 4, 5, 6, 8, 9, 10, 11, 12, 13, 14, 15, 16, 17, 18, 19, 20, 21, 22, 23, 24, 25, 26, 27, 28, 29]
    sum capacity:  2.17638278178
coalitoin 2: 
    paired fds:  [22, 7, 0, 17, 8]
    nearby fds:  [0, 1, 2, 4, 6, 7, 8, 9, 10, 11, 12, 13, 14, 15, 16, 17, 18, 19, 20, 22, 24, 25, 27, 28, 29]
    sum capacity:  2.3907580147
coalitoin 3: 
    paired fds:  [13, 15, 12, 29, 14, 4, 19, 26, 28]
    nearby fds:  [0, 1, 3, 4, 5, 6, 7, 9, 10, 11, 12, 13, 14, 15, 16, 17, 18, 19, 20, 21, 23, 25, 26, 28, 29]
    sum capacity:  2.19759985593
fd 0: 
    gains, power: 1.000000, 0.006763
    f_bs, f_fd: 119.417501, 59.047126
fd 1: 
    gains, power: 1.000000, 0.006455
    f_bs, f_fd: 106.931705, 49.511299
fd 2: 
    gains, power: 1.000000, 0.004658
    f_bs, f_fd: 126.443053, 62.614830
fd 3: 
    gains, power: 1.000000, 0.005117
    f_bs, f_fd: 235.334064, 106.818637
fd 4: 
    gains, power: 1.000000, 0.009456
    f_bs, f_fd: 129.246714, 64.929979
fd 5: 
    gains, power: 643.627151, 0.000025
    f_bs, f_fd: 237.442552, 107.104525
fd 6: 
    gains, power: 1.000000, 0.025581
    f_bs, f_fd: 220.227204, 102.595268
fd 7: 
    gains, power: 1.000000, 0.005874
    f_bs, f_fd: 231.320742, 106.258657
fd 8: 
    gains, power: 1.000000, 0.004759
    f_bs, f_fd: 110.595047, 51.908359
fd 9: 
    gains, power: 71.929491, 0.013631
    f_bs, f_fd: 138.582991, 70.929491
fd 10: 
    gains, power: 1.000000, 0.026488
    f_bs, f_fd: 168.838536, 84.904625
fd 11: 
    gains, power: 1.000000, 0.009492
    f_bs, f_fd: 156.659998, 80.342650
fd 12: 
    gains, power: 1.000000, 0.029640
    f_bs, f_fd: 212.743316, 101.368128
fd 13: 
    gains, power: 315.005900, 0.004960
    f_bs, f_fd: 227.250094, 104.668633
fd 14: 
    gains, power: 1.000000, 0.010055
    f_bs, f_fd: 170.277716, 86.292452
fd 15: 
    gains, power: 213.566687, 0.005217
    f_bs, f_fd: 231.494519, 106.283344
fd 16: 
    gains, power: 1.000000, 0.007932
    f_bs, f_fd: 119.002736, 57.823160
fd 17: 
    gains, power: 642.378982, 0.000095
    f_bs, f_fd: 235.904208, 106.896497
fd 18: 
    gains, power: 1.000000, 0.013990
    f_bs, f_fd: 129.539872, 65.064223
fd 19: 
    gains, power: 1.000000, 0.006891
    f_bs, f_fd: 113.392668, 54.628097
fd 20: 
    gains, power: 1.000000, 0.010880
    f_bs, f_fd: 143.987112, 74.011515
fd 21: 
    gains, power: 1.000000, 0.004846
    f_bs, f_fd: 206.867262, 99.339033
fd 22: 
    gains, power: 1.000000, 0.004986
    f_bs, f_fd: 113.681097, 54.800342
fd 23: 
    gains, power: 1.000000, 0.005207
    f_bs, f_fd: 223.143175, 104.049742
fd 24: 
    gains, power: 532.939451, 0.000427
    f_bs, f_fd: 232.233619, 106.387890
fd 25: 
    gains, power: 1.000000, 0.009313
    f_bs, f_fd: 230.323288, 106.116174
fd 26: 
    gains, power: 1.000000, 0.006175
    f_bs, f_fd: 118.432668, 57.512717
fd 27: 
    gains, power: 1.000000, 0.006705
    f_bs, f_fd: 112.955953, 53.365545
fd 28: 
    gains, power: 106.523286, 0.003900
    f_bs, f_fd: 226.271007, 105.523286
fd 29: 
    gains, power: 1.000000, 0.008808
    f_bs, f_fd: 131.428020, 66.914622


*** round 6
fd 18 in coalition 0 and fd  3 in coalition 1 swap coalitions
fd  9 in coalition 0 was selected to forward
fd 25 in coalition 1 was selected to forward
fd  7 in coalition 2 was selected to forward
fd 15 in coalition 3 was selected to forward
coalitoin 0: 
    paired fds:  [9, 24, 3]
    nearby fds:  [0, 1, 2, 3, 4, 5, 6, 7, 8, 9, 10, 11, 12, 14, 16, 17, 18, 19, 20, 22, 24, 25, 26, 27, 29]
    sum capacity:  2.27153668689
coalitoin 1: 
    paired fds:  [23, 10, 27, 5, 2, 18, 11, 1, 20, 25, 16, 6, 21]
    nearby fds:  [0, 1, 2, 3, 4, 5, 6, 8, 9, 10, 11, 12, 13, 14, 15, 16, 17, 18, 19, 20, 21, 22, 23, 24, 25, 26, 27, 28, 29]
    sum capacity:  2.15019610912
coalitoin 2: 
    paired fds:  [17, 8, 7, 0, 22]
    nearby fds:  [0, 1, 2, 4, 6, 7, 8, 9, 10, 11, 12, 13, 14, 15, 16, 17, 18, 19, 20, 22, 24, 25, 27, 28, 29]
    sum capacity:  2.31876371259
coalitoin 3: 
    paired fds:  [13, 12, 14, 4, 28, 26, 29, 15, 19]
    nearby fds:  [0, 1, 3, 4, 5, 6, 7, 9, 10, 11, 12, 13, 14, 15, 16, 17, 18, 19, 20, 21, 23, 25, 26, 28, 29]
    sum capacity:  2.19759985593
fd 0: 
    gains, power: 1.000000, 0.007331
    f_bs, f_fd: 119.417501, 59.047126
fd 1: 
    gains, power: 1.000000, 0.006891
    f_bs, f_fd: 106.931705, 49.511299
fd 2: 
    gains, power: 1.000000, 0.004914
    f_bs, f_fd: 126.443053, 62.614830
fd 3: 
    gains, power: 1.000000, 0.005469
    f_bs, f_fd: 117.890414, 57.214570
fd 4: 
    gains, power: 1.000000, 0.010236
    f_bs, f_fd: 129.246714, 64.929979
fd 5: 
    gains, power: 643.627151, 0.000390
    f_bs, f_fd: 237.442552, 107.104525
fd 6: 
    gains, power: 1.000000, 0.029225
    f_bs, f_fd: 220.227204, 102.595268
fd 7: 
    gains, power: 107.258657, 0.005274
    f_bs, f_fd: 231.320742, 106.258657
fd 8: 
    gains, power: 1.000000, 0.004918
    f_bs, f_fd: 110.595047, 51.908359
fd 9: 
    gains, power: 142.858983, 0.012511
    f_bs, f_fd: 138.582991, 70.929491
fd 10: 
    gains, power: 1.000000, 0.030133
    f_bs, f_fd: 168.838536, 84.904625
fd 11: 
    gains, power: 1.000000, 0.010342
    f_bs, f_fd: 156.659998, 80.342650
fd 12: 
    gains, power: 1.000000, 0.034067
    f_bs, f_fd: 212.743316, 101.368128
fd 13: 
    gains, power: 315.005900, 0.005653
    f_bs, f_fd: 227.250094, 104.668633
fd 14: 
    gains, power: 1.000000, 0.011036
    f_bs, f_fd: 170.277716, 86.292452
fd 15: 
    gains, power: 319.850031, 0.004617
    f_bs, f_fd: 231.494519, 106.283344
fd 16: 
    gains, power: 1.000000, 0.008516
    f_bs, f_fd: 119.002736, 57.823160
fd 17: 
    gains, power: 642.378982, 0.000622
    f_bs, f_fd: 235.904208, 106.896497
fd 18: 
    gains, power: 1.000000, 0.015699
    f_bs, f_fd: 206.663988, 99.302339
fd 19: 
    gains, power: 1.000000, 0.007274
    f_bs, f_fd: 113.392668, 54.628097
fd 20: 
    gains, power: 1.000000, 0.011909
    f_bs, f_fd: 143.987112, 74.011515
fd 21: 
    gains, power: 1.000000, 0.005121
    f_bs, f_fd: 206.867262, 99.339033
fd 22: 
    gains, power: 1.000000, 0.005263
    f_bs, f_fd: 113.681097, 54.800342
fd 23: 
    gains, power: 1.000000, 0.005376
    f_bs, f_fd: 223.143175, 104.049742
fd 24: 
    gains, power: 532.939451, 0.000846
    f_bs, f_fd: 232.233619, 106.387890
fd 25: 
    gains, power: 107.116174, 0.008713
    f_bs, f_fd: 230.323288, 106.116174
fd 26: 
    gains, power: 1.000000, 0.006420
    f_bs, f_fd: 118.432668, 57.512717
fd 27: 
    gains, power: 1.000000, 0.006994
    f_bs, f_fd: 112.955953, 53.365545
fd 28: 
    gains, power: 106.523286, 0.004190
    f_bs, f_fd: 226.271007, 105.523286
fd 29: 
    gains, power: 1.000000, 0.009771
    f_bs, f_fd: 131.428020, 66.914622


*** round 7
fd 12 in coalition 3 and fd 18 in coalition 1 swap coalitions
fd  1 in coalition 1 and fd  3 in coalition 0 swap coalitions
fd 24 in coalition 0 was selected to forward
fd  3 in coalition 1 was selected to forward
fd 17 in coalition 2 was selected to forward
fd 15 in coalition 3 was selected to forward
coalitoin 0: 
    paired fds:  [9, 24, 1]
    nearby fds:  [0, 1, 2, 3, 4, 5, 6, 7, 8, 9, 10, 11, 12, 14, 16, 17, 18, 19, 20, 22, 24, 25, 26, 27, 29]
    sum capacity:  2.58298565489
coalitoin 1: 
    paired fds:  [23, 10, 27, 11, 20, 25, 6, 21, 5, 2, 12, 16, 3]
    nearby fds:  [0, 1, 2, 3, 4, 5, 6, 8, 9, 10, 11, 12, 13, 14, 15, 16, 17, 18, 19, 20, 21, 22, 23, 24, 25, 26, 27, 28, 29]
    sum capacity:  2.12205299437
coalitoin 2: 
    paired fds:  [7, 8, 0, 22, 17]
    nearby fds:  [0, 1, 2, 4, 6, 7, 8, 9, 10, 11, 12, 13, 14, 15, 16, 17, 18, 19, 20, 22, 24, 25, 27, 28, 29]
    sum capacity:  2.3907580147
coalitoin 3: 
    paired fds:  [13, 28, 15, 19, 26, 4, 14, 18, 29]
    nearby fds:  [0, 1, 3, 4, 5, 6, 7, 9, 10, 11, 12, 13, 14, 15, 16, 17, 18, 19, 20, 21, 23, 25, 26, 28, 29]
    sum capacity:  2.19966648291
fd 0: 
    gains, power: 1.000000, 0.007900
    f_bs, f_fd: 119.417501, 59.047126
fd 1: 
    gains, power: 1.000000, 0.007327
    f_bs, f_fd: 106.952067, 49.525113
fd 2: 
    gains, power: 1.000000, 0.005169
    f_bs, f_fd: 126.443053, 62.614830
fd 3: 
    gains, power: 107.818637, 0.004869
    f_bs, f_fd: 235.334064, 106.818637
fd 4: 
    gains, power: 1.000000, 0.011017
    f_bs, f_fd: 129.246714, 64.929979
fd 5: 
    gains, power: 643.627151, 0.000755
    f_bs, f_fd: 237.442552, 107.104525
fd 6: 
    gains, power: 1.000000, 0.032870
    f_bs, f_fd: 220.227204, 102.595268
fd 7: 
    gains, power: 107.258657, 0.005571
    f_bs, f_fd: 231.320742, 106.258657
fd 8: 
    gains, power: 1.000000, 0.005076
    f_bs, f_fd: 110.595047, 51.908359
fd 9: 
    gains, power: 142.858983, 0.014547
    f_bs, f_fd: 138.582991, 70.929491
fd 10: 
    gains, power: 1.000000, 0.033777
    f_bs, f_fd: 168.838536, 84.904625
fd 11: 
    gains, power: 1.000000, 0.011192
    f_bs, f_fd: 156.659998, 80.342650
fd 12: 
    gains, power: 1.000000, 0.038494
    f_bs, f_fd: 187.713113, 93.521632
fd 13: 
    gains, power: 315.005900, 0.006345
    f_bs, f_fd: 227.250094, 104.668633
fd 14: 
    gains, power: 1.000000, 0.012016
    f_bs, f_fd: 170.277716, 86.292452
fd 15: 
    gains, power: 426.133375, 0.004017
    f_bs, f_fd: 231.494519, 106.283344
fd 16: 
    gains, power: 1.000000, 0.009100
    f_bs, f_fd: 119.002736, 57.823160
fd 17: 
    gains, power: 749.275479, 0.000022
    f_bs, f_fd: 235.904208, 106.896497
fd 18: 
    gains, power: 1.000000, 0.017408
    f_bs, f_fd: 219.289588, 103.446391
fd 19: 
    gains, power: 1.000000, 0.007657
    f_bs, f_fd: 113.392668, 54.628097
fd 20: 
    gains, power: 1.000000, 0.012938
    f_bs, f_fd: 143.987112, 74.011515
fd 21: 
    gains, power: 1.000000, 0.005396
    f_bs, f_fd: 206.867262, 99.339033
fd 22: 
    gains, power: 1.000000, 0.005540
    f_bs, f_fd: 113.681097, 54.800342
fd 23: 
    gains, power: 1.000000, 0.005545
    f_bs, f_fd: 223.143175, 104.049742
fd 24: 
    gains, power: 639.327341, 0.000246
    f_bs, f_fd: 232.233619, 106.387890
fd 25: 
    gains, power: 107.116174, 0.009553
    f_bs, f_fd: 230.323288, 106.116174
fd 26: 
    gains, power: 1.000000, 0.006665
    f_bs, f_fd: 118.432668, 57.512717
fd 27: 
    gains, power: 1.000000, 0.007283
    f_bs, f_fd: 112.955953, 53.365545
fd 28: 
    gains, power: 106.523286, 0.004480
    f_bs, f_fd: 226.271007, 105.523286
fd 29: 
    gains, power: 1.000000, 0.010734
    f_bs, f_fd: 131.428020, 66.914622


*** round 8
fd  9 in coalition 0 and fd 18 in coalition 3 swap coalitions
fd  3 in coalition 1 and fd 18 in coalition 0 swap coalitions
fd  3 in coalition 0 was selected to forward
fd  5 in coalition 1 was selected to forward
fd  7 in coalition 2 was selected to forward
fd 15 in coalition 3 was selected to forward
coalitoin 0: 
    paired fds:  [24, 1, 3]
    nearby fds:  [0, 1, 2, 3, 4, 5, 6, 7, 8, 9, 10, 11, 12, 14, 16, 17, 18, 19, 20, 22, 24, 25, 26, 27, 29]
    sum capacity:  2.2673377932
coalitoin 1: 
    paired fds:  [23, 10, 27, 11, 21, 2, 18, 12, 25, 20, 5, 16, 6]
    nearby fds:  [0, 1, 2, 3, 4, 5, 6, 8, 9, 10, 11, 12, 13, 14, 15, 16, 17, 18, 19, 20, 21, 22, 23, 24, 25, 26, 27, 28, 29]
    sum capacity:  2.14271731918
coalitoin 2: 
    paired fds:  [8, 22, 7, 0, 17]
    nearby fds:  [0, 1, 2, 4, 6, 7, 8, 9, 10, 11, 12, 13, 14, 15, 16, 17, 18, 19, 20, 22, 24, 25, 27, 28, 29]
    sum capacity:  2.31876371259
coalitoin 3: 
    paired fds:  [13, 28, 29, 26, 14, 9, 19, 4, 15]
    nearby fds:  [0, 1, 3, 4, 5, 6, 7, 9, 10, 11, 12, 13, 14, 15, 16, 17, 18, 19, 20, 21, 23, 25, 26, 28, 29]
    sum capacity:  2.20286365943
fd 0: 
    gains, power: 1.000000, 0.008468
    f_bs, f_fd: 119.417501, 59.047126
fd 1: 
    gains, power: 1.000000, 0.007763
    f_bs, f_fd: 106.952067, 49.525113
fd 2: 
    gains, power: 1.000000, 0.005425
    f_bs, f_fd: 126.443053, 62.614830
fd 3: 
    gains, power: 165.033207, 0.003589
    f_bs, f_fd: 117.890414, 57.214570
fd 4: 
    gains, power: 1.000000, 0.011798
    f_bs, f_fd: 129.246714, 64.929979
fd 5: 
    gains, power: 750.731676, 0.000155
    f_bs, f_fd: 237.442552, 107.104525
fd 6: 
    gains, power: 1.000000, 0.036514
    f_bs, f_fd: 220.227204, 102.595268
fd 7: 
    gains, power: 213.517314, 0.004971
    f_bs, f_fd: 231.320742, 106.258657
fd 8: 
    gains, power: 1.000000, 0.005234
    f_bs, f_fd: 110.595047, 51.908359
fd 9: 
    gains, power: 142.858983, 0.016583
    f_bs, f_fd: 208.742944, 99.674109
fd 10: 
    gains, power: 1.000000, 0.037422
    f_bs, f_fd: 168.838536, 84.904625
fd 11: 
    gains, power: 1.000000, 0.012042
    f_bs, f_fd: 156.659998, 80.342650
fd 12: 
    gains, power: 1.000000, 0.042921
    f_bs, f_fd: 187.713113, 93.521632
fd 13: 
    gains, power: 315.005900, 0.007037
    f_bs, f_fd: 227.250094, 104.668633
fd 14: 
    gains, power: 1.000000, 0.012996
    f_bs, f_fd: 170.277716, 86.292452
fd 15: 
    gains, power: 532.416718, 0.003417
    f_bs, f_fd: 231.494519, 106.283344
fd 16: 
    gains, power: 1.000000, 0.009684
    f_bs, f_fd: 119.002736, 57.823160
fd 17: 
    gains, power: 749.275479, 0.000550
    f_bs, f_fd: 235.904208, 106.896497
fd 18: 
    gains, power: 1.000000, 0.019117
    f_bs, f_fd: 206.663988, 99.302339
fd 19: 
    gains, power: 1.000000, 0.008041
    f_bs, f_fd: 113.392668, 54.628097
fd 20: 
    gains, power: 1.000000, 0.013967
    f_bs, f_fd: 143.987112, 74.011515
fd 21: 
    gains, power: 1.000000, 0.005671
    f_bs, f_fd: 206.867262, 99.339033
fd 22: 
    gains, power: 1.000000, 0.005818
    f_bs, f_fd: 113.681097, 54.800342
fd 23: 
    gains, power: 1.000000, 0.005714
    f_bs, f_fd: 223.143175, 104.049742
fd 24: 
    gains, power: 639.327341, 0.000664
    f_bs, f_fd: 232.233619, 106.387890
fd 25: 
    gains, power: 107.116174, 0.010393
    f_bs, f_fd: 230.323288, 106.116174
fd 26: 
    gains, power: 1.000000, 0.006910
    f_bs, f_fd: 118.432668, 57.512717
fd 27: 
    gains, power: 1.000000, 0.007572
    f_bs, f_fd: 112.955953, 53.365545
fd 28: 
    gains, power: 106.523286, 0.004770
    f_bs, f_fd: 226.271007, 105.523286
fd 29: 
    gains, power: 1.000000, 0.011697
    f_bs, f_fd: 131.428020, 66.914622


*** round 9
fd 24 in coalition 0 was selected to forward
fd 25 in coalition 1 was selected to forward
fd  7 in coalition 2 was selected to forward
fd 15 in coalition 3 was selected to forward
coalitoin 0: 
    paired fds:  [24, 1, 3]
    nearby fds:  [0, 1, 2, 3, 4, 5, 6, 7, 8, 9, 10, 11, 12, 14, 16, 17, 18, 19, 20, 22, 24, 25, 26, 27, 29]
    sum capacity:  2.79618327253
coalitoin 1: 
    paired fds:  [23, 10, 21, 12, 25, 6, 20, 27, 5, 2, 16, 11, 18]
    nearby fds:  [0, 1, 2, 3, 4, 5, 6, 8, 9, 10, 11, 12, 13, 14, 15, 16, 17, 18, 19, 20, 21, 22, 23, 24, 25, 26, 27, 28, 29]
    sum capacity:  2.11546327091
coalitoin 2: 
    paired fds:  [8, 7, 17, 22, 0]
    nearby fds:  [0, 1, 2, 4, 6, 7, 8, 9, 10, 11, 12, 13, 14, 15, 16, 17, 18, 19, 20, 22, 24, 25, 27, 28, 29]
    sum capacity:  2.31876371259
coalitoin 3: 
    paired fds:  [26, 9, 19, 15, 13, 4, 14, 28, 29]
    nearby fds:  [0, 1, 3, 4, 5, 6, 7, 9, 10, 11, 12, 13, 14, 15, 16, 17, 18, 19, 20, 21, 23, 25, 26, 28, 29]
    sum capacity:  2.20286365943
fd 0: 
    gains, power: 1.000000, 0.009037
    f_bs, f_fd: 119.417501, 59.047126
fd 1: 
    gains, power: 1.000000, 0.008199
    f_bs, f_fd: 106.952067, 49.525113
fd 2: 
    gains, power: 1.000000, 0.005681
    f_bs, f_fd: 126.443053, 62.614830
fd 3: 
    gains, power: 165.033207, 0.003942
    f_bs, f_fd: 117.890414, 57.214570
fd 4: 
    gains, power: 1.000000, 0.012578
    f_bs, f_fd: 129.246714, 64.929979
fd 5: 
    gains, power: 750.731676, 0.000520
    f_bs, f_fd: 237.442552, 107.104525
fd 6: 
    gains, power: 1.000000, 0.040159
    f_bs, f_fd: 220.227204, 102.595268
fd 7: 
    gains, power: 319.775971, 0.004371
    f_bs, f_fd: 231.320742, 106.258657
fd 8: 
    gains, power: 1.000000, 0.005393
    f_bs, f_fd: 110.595047, 51.908359
fd 9: 
    gains, power: 142.858983, 0.018619
    f_bs, f_fd: 208.742944, 99.674109
fd 10: 
    gains, power: 1.000000, 0.041066
    f_bs, f_fd: 168.838536, 84.904625
fd 11: 
    gains, power: 1.000000, 0.012892
    f_bs, f_fd: 156.659998, 80.342650
fd 12: 
    gains, power: 1.000000, 0.047349
    f_bs, f_fd: 187.713113, 93.521632
fd 13: 
    gains, power: 315.005900, 0.007729
    f_bs, f_fd: 227.250094, 104.668633
fd 14: 
    gains, power: 1.000000, 0.013976
    f_bs, f_fd: 170.277716, 86.292452
fd 15: 
    gains, power: 638.700062, 0.002817
    f_bs, f_fd: 231.494519, 106.283344
fd 16: 
    gains, power: 1.000000, 0.010267
    f_bs, f_fd: 119.002736, 57.823160
fd 17: 
    gains, power: 749.275479, 0.001078
    f_bs, f_fd: 235.904208, 106.896497
fd 18: 
    gains, power: 1.000000, 0.020826
    f_bs, f_fd: 206.663988, 99.302339
fd 19: 
    gains, power: 1.000000, 0.008424
    f_bs, f_fd: 113.392668, 54.628097
fd 20: 
    gains, power: 1.000000, 0.014996
    f_bs, f_fd: 143.987112, 74.011515
fd 21: 
    gains, power: 1.000000, 0.005945
    f_bs, f_fd: 206.867262, 99.339033
fd 22: 
    gains, power: 1.000000, 0.006095
    f_bs, f_fd: 113.681097, 54.800342
fd 23: 
    gains, power: 1.000000, 0.005883
    f_bs, f_fd: 223.143175, 104.049742
fd 24: 
    gains, power: 745.715232, 0.000064
    f_bs, f_fd: 232.233619, 106.387890
fd 25: 
    gains, power: 213.232348, 0.009793
    f_bs, f_fd: 230.323288, 106.116174
fd 26: 
    gains, power: 1.000000, 0.007155
    f_bs, f_fd: 118.432668, 57.512717
fd 27: 
    gains, power: 1.000000, 0.007862
    f_bs, f_fd: 112.955953, 53.365545
fd 28: 
    gains, power: 106.523286, 0.005059
    f_bs, f_fd: 226.271007, 105.523286
fd 29: 
    gains, power: 1.000000, 0.012660
    f_bs, f_fd: 131.428020, 66.914622
capacity history:  [9.391419961848971, 9.595988704535232, 9.49963621170187, 9.353347669178646, 9.328859126900939, 9.008152998277701, 8.938096364533084, 9.295463146869738, 8.931682484411475, 9.433273915464557]
f_bs_his:  [932.8304728161957, 931.8513862758937, 932.8304728161957, 932.8304728161957, 937.074897661905, 843.4242697390225, 831.7215400040143, 934.9664095774867, 818.148226465258, 925.3721679268967]


***********************
coalition_history =  [[{'f_fd': 106.3878902370304, 'capacity': 2.544219629609355, 'paired_fds': [14, 24, 18], 'num': 0, 'fairness': 0.4199060327390944, 'f_bs': 232.2336193675628}, {'f_fd': 107.10452516659512, 'capacity': 2.17260100629751, 'paired_fds': [2, 3, 4, 10, 21, 15, 16, 5, 6, 25, 1, 27, 11], 'num': 1, 'fairness': 0.5325270680655195, 'f_bs': 237.44255177674057}, {'f_fd': 106.8964969977379, 'capacity': 2.388407282680672, 'paired_fds': [9, 8, 17, 22, 12], 'num': 2, 'fairness': 0.4074400054967561, 'f_bs': 235.9042079026987}, {'f_fd': 104.66863326199058, 'capacity': 2.2861920432614333, 'paired_fds': [20, 26, 28, 29, 19, 13, 7, 23, 0], 'num': 3, 'fairness': 0.46130491242423244, 'f_bs': 227.2500937691937}], [{'f_fd': 212.7757804740608, 'capacity': 2.697372338686171, 'paired_fds': [18, 24, 7], 'num': 0, 'fairness': 0.38034468130933324, 'f_bs': 232.2336193675628}, {'f_fd': 214.20905033319025, 'capacity': 2.1726010062975103, 'paired_fds': [2, 3, 4, 21, 15, 16, 6, 11, 5, 10, 27, 1, 25], 'num': 1, 'fairness': 0.3618346236113189, 'f_bs': 237.44255177674057}, {'f_fd': 213.7929939954758, 'capacity': 2.5058375851231203, 'paired_fds': [13, 14, 8, 17, 22], 'num': 2, 'fairness': 0.4599889046875666, 'f_bs': 235.9042079026987}, {'f_fd': 210.19191965818604, 'capacity': 2.22017777442843, 'paired_fds': [26, 28, 29, 0, 9, 23, 12, 19, 20], 'num': 3, 'fairness': 0.44574447376672, 'f_bs': 226.27100722889165}], [{'f_fd': 319.1636707110912, 'capacity': 2.697372338686171, 'paired_fds': [18, 24, 7], 'num': 0, 'fairness': 0.3646924747932147, 'f_bs': 232.2336193675628}, {'f_fd': 321.3135754997854, 'capacity': 2.1726010062975103, 'paired_fds': [2, 3, 21, 15, 11, 5, 27, 1, 6, 25, 16, 10, 4], 'num': 1, 'fairness': 0.27039989167603234, 'f_bs': 237.44255177674057}, {'f_fd': 320.68949099321367, 'capacity': 2.402887613902424, 'paired_fds': [14, 22, 8, 17, 0], 'num': 2, 'fairness': 0.2653256660532918, 'f_bs': 235.9042079026987}, {'f_fd': 314.8605529201766, 'capacity': 2.2267752528157647, 'paired_fds': [29, 9, 19, 13, 12, 26, 20, 23, 28], 'num': 3, 'fairness': 0.3286323579092276, 'f_bs': 227.2500937691937}], [{'f_fd': 425.5515609481216, 'capacity': 2.564118474488077, 'paired_fds': [9, 24, 18], 'num': 0, 'fairness': 0.35815152987646914, 'f_bs': 232.2336193675628}, {'f_fd': 428.4181006663805, 'capacity': 2.162998056535352, 'paired_fds': [3, 21, 11, 5, 1, 25, 10, 15, 27, 20, 2, 6, 16], 'num': 1, 'fairness': 0.22208517951950105, 'f_bs': 237.44255177674057}, {'f_fd': 427.5859879909516, 'capacity': 2.3907580147006193, 'paired_fds': [0, 7, 17, 8, 22], 'num': 2, 'fairness': 0.26343423555214324, 'f_bs': 235.9042079026987}, {'f_fd': 419.52918618216717, 'capacity': 2.2354731234545975, 'paired_fds': [29, 13, 23, 28, 12, 19, 14, 26, 4], 'num': 3, 'fairness': 0.30285291587006075, 'f_bs': 227.2500937691937}], [{'f_fd': 531.939451185152, 'capacity': 2.564118474488077, 'paired_fds': [24, 9, 18], 'num': 0, 'fairness': 0.35318482234189913, 'f_bs': 232.2336193675628}, {'f_fd': 535.5226258329756, 'capacity': 2.176382781782716, 'paired_fds': [3, 1, 27, 6, 23, 25, 10, 16, 5, 20, 2, 11, 21], 'num': 1, 'fairness': 0.19564130755189116, 'f_bs': 237.44255177674057}, {'f_fd': 534.4824849886895, 'capacity': 2.3907580147006193, 'paired_fds': [0, 22, 17, 8, 7], 'num': 2, 'fairness': 0.2504949781754905, 'f_bs': 235.9042079026987}, {'f_fd': 525.8125298662427, 'capacity': 2.1975998559295262, 'paired_fds': [13, 19, 14, 26, 15, 12, 4, 28, 29], 'num': 3, 'fairness': 0.4004058607504538, 'f_bs': 231.494518614903}], [{'f_fd': 602.8689426220133, 'capacity': 2.243412345864839, 'paired_fds': [9, 18, 24], 'num': 0, 'fairness': 0.6722386660118425, 'f_bs': 138.58299144468035}, {'f_fd': 642.6271509995706, 'capacity': 2.1763827817827157, 'paired_fds': [1, 6, 23, 10, 16, 27, 20, 25, 21, 11, 5, 2, 3], 'num': 1, 'fairness': 0.1742347292339863, 'f_bs': 237.44255177674057}, {'f_fd': 641.3789819864274, 'capacity': 2.3907580147006193, 'paired_fds': [22, 7, 0, 17, 8], 'num': 2, 'fairness': 0.24192345150736544, 'f_bs': 235.9042079026987}, {'f_fd': 632.0958735503183, 'capacity': 2.197599855929526, 'paired_fds': [13, 15, 12, 29, 14, 4, 19, 26, 28], 'num': 3, 'fairness': 0.3863315689444316, 'f_bs': 231.494518614903}], [{'f_fd': 673.7984340588745, 'capacity': 2.271536686888423, 'paired_fds': [9, 24, 3], 'num': 0, 'fairness': 0.6773969620107548, 'f_bs': 138.58299144468035}, {'f_fd': 748.7433252296149, 'capacity': 2.1501961091226023, 'paired_fds': [23, 10, 27, 5, 2, 18, 11, 1, 20, 25, 16, 6, 21], 'num': 1, 'fairness': 0.22753268509676872, 'f_bs': 230.32328798067354}, {'f_fd': 747.6376390140482, 'capacity': 2.318763712592533, 'paired_fds': [17, 8, 7, 0, 22], 'num': 2, 'fairness': 0.36281320454090016, 'f_bs': 231.3207419637574}, {'f_fd': 738.3792172343939, 'capacity': 2.197599855929526, 'paired_fds': [13, 12, 14, 4, 28, 26, 29, 15, 19], 'num': 3, 'fairness': 0.37359459681151874, 'f_bs': 231.494518614903}], [{'f_fd': 780.1863242959049, 'capacity': 2.5829856548945225, 'paired_fds': [9, 24, 1], 'num': 0, 'fairness': 0.6781781448725226, 'f_bs': 232.2336193675628}, {'f_fd': 855.5619621496951, 'capacity': 2.122052994368378, 'paired_fds': [23, 10, 27, 11, 20, 25, 6, 21, 5, 2, 12, 16, 3], 'num': 1, 'fairness': 0.2886316238888748, 'f_bs': 235.33406369232233}, {'f_fd': 854.5341360117861, 'capacity': 2.3907580147006193, 'paired_fds': [7, 8, 0, 22, 17], 'num': 2, 'fairness': 0.3449274191865887, 'f_bs': 235.9042079026987}, {'f_fd': 844.6625609184695, 'capacity': 2.199666482906218, 'paired_fds': [13, 28, 15, 19, 26, 4, 14, 18, 29], 'num': 3, 'fairness': 0.3633484382173198, 'f_bs': 231.494518614903}], [{'f_fd': 837.4008941923121, 'capacity': 2.2673377932026613, 'paired_fds': [24, 1, 3], 'num': 0, 'fairness': 0.677225791867791, 'f_bs': 117.89041410985705}, {'f_fd': 962.6664873162902, 'capacity': 2.142717319183318, 'paired_fds': [23, 10, 27, 11, 21, 2, 18, 12, 25, 20, 5, 16, 6], 'num': 1, 'fairness': 0.211408637830523, 'f_bs': 237.44255177674057}, {'f_fd': 960.7927930394069, 'capacity': 2.318763712592533, 'paired_fds': [8, 22, 7, 0, 17], 'num': 2, 'fairness': 0.39661609028408307, 'f_bs': 231.3207419637574}, {'f_fd': 950.945904602545, 'capacity': 2.2028636594329627, 'paired_fds': [13, 28, 29, 26, 14, 9, 19, 4, 15], 'num': 3, 'fairness': 0.44643665657009607, 'f_bs': 231.494518614903}], [{'f_fd': 943.7887844293425, 'capacity': 2.796183272533389, 'paired_fds': [24, 1, 3], 'num': 0, 'fairness': 0.6760543825899042, 'f_bs': 232.2336193675628}, {'f_fd': 1068.7826615463343, 'capacity': 2.1154632709056713, 'paired_fds': [23, 10, 21, 12, 25, 6, 20, 27, 5, 2, 16, 11, 18], 'num': 1, 'fairness': 0.20187321273910908, 'f_bs': 230.32328798067354}, {'f_fd': 1067.0514500670276, 'capacity': 2.318763712592533, 'paired_fds': [8, 7, 17, 22, 0], 'num': 2, 'fairness': 0.41593613484710334, 'f_bs': 231.3207419637574}, {'f_fd': 1057.2292482866205, 'capacity': 2.202863659432963, 'paired_fds': [26, 9, 19, 15, 13, 4, 14, 28, 29], 'num': 3, 'fairness': 0.4377463814664149, 'f_bs': 231.494518614903}]]
***********************
fd_history =  [[{'f_fd': 68.24154382883938, 'gains': 1.0, 'power': 0.0039192185133538684, 'coalition': 3, 'N': 1.0, 'f_bs': 134.48539007753902, 'N1': 29, 'loss_rate': 0.837451}, {'f_fd': 49.511299210791876, 'gains': 1.0, 'power': 0.004274741934981473, 'coalition': 1, 'N': 1.0, 'f_bs': 106.93170472522344, 'N1': 33, 'loss_rate': 0.910682}, {'f_fd': 62.61483041576018, 'gains': 1.0, 'power': 0.0033803931017118987, 'coalition': 1, 'N': 1.0, 'f_bs': 126.44305268964446, 'N1': 31, 'loss_rate': 0.865438}, {'f_fd': 106.81863692008011, 'gains': 1.0, 'power': 0.0033549301483510965, 'coalition': 1, 'N': 1.0, 'f_bs': 235.33406369232233, 'N1': 15, 'loss_rate': 0.026235}, {'f_fd': 94.83347765494241, 'gains': 1.0, 'power': 0.005552415357023799, 'coalition': 1, 'N': 1.0, 'f_bs': 193.87348330564961, 'N1': 20, 'loss_rate': 0.514759}, {'f_fd': 107.10452516659512, 'gains': 108.10452516659512, 'power': 0.0030251450462041966, 'coalition': 1, 'N': 1.0, 'f_bs': 237.44255177674057, 'N1': 15, 'loss_rate': 0.006929}, {'f_fd': 102.5952677104014, 'gains': 1.0, 'power': 0.007358743467773181, 'coalition': 1, 'N': 1.0, 'f_bs': 220.22720380496708, 'N1': 17, 'loss_rate': 0.25569}, {'f_fd': 57.20165888061304, 'gains': 1.0, 'power': 0.004391810297298744, 'coalition': 3, 'N': 1.0, 'f_bs': 117.86704723744695, 'N1': 32, 'loss_rate': 0.886908}, {'f_fd': 51.9083593197071, 'gains': 1.0, 'power': 0.003967239429234907, 'coalition': 2, 'N': 1.0, 'f_bs': 110.59504681377754, 'N1': 33, 'loss_rate': 0.903976}, {'f_fd': 100.58891797007618, 'gains': 1.0, 'power': 0.006607668547956297, 'coalition': 2, 'N': 1.0, 'f_bs': 208.26270812133475, 'N1': 17, 'loss_rate': 0.338397}, {'f_fd': 84.90462537943043, 'gains': 1.0, 'power': 0.008266223458809428, 'coalition': 1, 'N': 1.0, 'f_bs': 168.83853622259957, 'N1': 24, 'loss_rate': 0.693338}, {'f_fd': 80.34264980219734, 'gains': 1.0, 'power': 0.005241818906097893, 'coalition': 1, 'N': 1.0, 'f_bs': 156.65999840838742, 'N1': 25, 'loss_rate': 0.745826}, {'f_fd': 95.08120104437691, 'gains': 1.0, 'power': 0.007504339124054671, 'coalition': 2, 'N': 1.0, 'f_bs': 195.08318013766748, 'N1': 20, 'loss_rate': 0.508568}, {'f_fd': 104.66863326199058, 'gains': 105.66863326199058, 'power': 0.004163933001933505, 'coalition': 3, 'N': 1.0, 'f_bs': 227.2500937691937, 'N1': 16, 'loss_rate': 0.154038}, {'f_fd': 88.80218639931792, 'gains': 1.0, 'power': 0.005154655056558925, 'coalition': 0, 'N': 1.0, 'f_bs': 176.11894793356208, 'N1': 22, 'loss_rate': 0.636311}, {'f_fd': 95.13685726541982, 'gains': 1.0, 'power': 0.005065922094201809, 'coalition': 1, 'N': 1.0, 'f_bs': 195.35708440493843, 'N1': 20, 'loss_rate': 0.507159}, {'f_fd': 57.823159942447575, 'gains': 1.0, 'power': 0.005013690729588415, 'coalition': 1, 'N': 1.0, 'f_bs': 119.00273610689496, 'N1': 32, 'loss_rate': 0.884666}, {'f_fd': 106.8964969977379, 'gains': 107.8964969977379, 'power': 0.003094660229690257, 'coalition': 2, 'N': 1.0, 'f_bs': 235.9042079026987, 'N1': 15, 'loss_rate': 0.021043}, {'f_fd': 65.06422315218657, 'gains': 1.0, 'power': 0.005445263439455389, 'coalition': 0, 'N': 1.0, 'f_bs': 129.53987187359525, 'N1': 30, 'loss_rate': 0.854088}, {'f_fd': 54.6280968559866, 'gains': 1.0, 'power': 0.0049744653403467915, 'coalition': 3, 'N': 1.0, 'f_bs': 113.392668079977, 'N1': 32, 'loss_rate': 0.89562}, {'f_fd': 75.50179033994647, 'gains': 1.0, 'power': 0.005734478608192573, 'coalition': 3, 'N': 1.0, 'f_bs': 148.1151789657087, 'N1': 27, 'loss_rate': 0.789073}, {'f_fd': 99.33903325913556, 'gains': 1.0, 'power': 0.0034727768785676426, 'coalition': 1, 'N': 1.0, 'f_bs': 206.86726196809266, 'N1': 18, 'loss_rate': 0.383844}, {'f_fd': 54.80034218345834, 'gains': 1.0, 'power': 0.003598585817464745, 'coalition': 2, 'N': 1.0, 'f_bs': 113.68109685424564, 'N1': 32, 'loss_rate': 0.895064}, {'f_fd': 68.14669912782833, 'gains': 1.0, 'power': 0.004362424938219627, 'coalition': 3, 'N': 1.0, 'f_bs': 134.2622102714818, 'N1': 29, 'loss_rate': 0.837982}, {'f_fd': 106.3878902370304, 'gains': 107.3878902370304, 'power': 0.0024087202753911748, 'coalition': 0, 'N': 1.0, 'f_bs': 232.2336193675628, 'N1': 15, 'loss_rate': 0.054105}, {'f_fd': 106.11617423004427, 'gains': 1.0, 'power': 0.005111295983965295, 'coalition': 1, 'N': 1.0, 'f_bs': 230.32328798067354, 'N1': 15, 'loss_rate': 0.070975}, {'f_fd': 57.512717455117, 'gains': 1.0, 'power': 0.004950479053166416, 'coalition': 3, 'N': 1.0, 'f_bs': 118.43266780648726, 'N1': 32, 'loss_rate': 0.885793}, {'f_fd': 53.36554485042103, 'gains': 1.0, 'power': 0.0052588134331258765, 'coalition': 1, 'N': 1.0, 'f_bs': 112.95595346581865, 'N1': 33, 'loss_rate': 0.899598}, {'f_fd': 105.52328639619546, 'gains': 1.0, 'power': 0.0033407314122195393, 'coalition': 3, 'N': 1.0, 'f_bs': 226.27100722889165, 'N1': 15, 'loss_rate': 0.106015}, {'f_fd': 66.91462180085371, 'gains': 1.0, 'power': 0.003992771084403313, 'coalition': 3, 'N': 1.0, 'f_bs': 131.42801956406242, 'N1': 29, 'loss_rate': 0.844665}], [{'f_fd': 68.24154382883938, 'gains': 1.0, 'power': 0.004487876377725825, 'coalition': 3, 'N': 1.0, 'f_bs': 134.48539007753902, 'N1': 29, 'loss_rate': 0.837451}, {'f_fd': 49.511299210791876, 'gains': 1.0, 'power': 0.0047107254925964565, 'coalition': 1, 'N': 1.0, 'f_bs': 106.93170472522344, 'N1': 33, 'loss_rate': 0.910682}, {'f_fd': 62.61483041576018, 'gains': 1.0, 'power': 0.0036359696699689577, 'coalition': 1, 'N': 1.0, 'f_bs': 126.44305268964446, 'N1': 31, 'loss_rate': 0.865438}, {'f_fd': 106.81863692008011, 'gains': 1.0, 'power': 0.0037073036113166253, 'coalition': 1, 'N': 1.0, 'f_bs': 235.33406369232233, 'N1': 15, 'loss_rate': 0.026235}, {'f_fd': 94.83347765494241, 'gains': 1.0, 'power': 0.006333058105747432, 'coalition': 1, 'N': 1.0, 'f_bs': 193.87348330564961, 'N1': 20, 'loss_rate': 0.514759}, {'f_fd': 107.10452516659512, 'gains': 215.20905033319025, 'power': 0.002425145046204197, 'coalition': 1, 'N': 1.0, 'f_bs': 237.44255177674057, 'N1': 15, 'loss_rate': 0.006929}, {'f_fd': 102.5952677104014, 'gains': 1.0, 'power': 0.011003180609604507, 'coalition': 1, 'N': 1.0, 'f_bs': 220.22720380496708, 'N1': 17, 'loss_rate': 0.25569}, {'f_fd': 76.23781269216963, 'gains': 1.0, 'power': 0.004688279116476932, 'coalition': 0, 'N': 1.0, 'f_bs': 150.24036529181896, 'N1': 27, 'loss_rate': 0.783124}, {'f_fd': 51.9083593197071, 'gains': 1.0, 'power': 0.004125617129756268, 'coalition': 2, 'N': 1.0, 'f_bs': 110.59504681377754, 'N1': 33, 'loss_rate': 0.903976}, {'f_fd': 99.67410910527425, 'gains': 1.0, 'power': 0.00864360411175713, 'coalition': 3, 'N': 1.0, 'f_bs': 208.74294378172956, 'N1': 18, 'loss_rate': 0.372142}, {'f_fd': 84.90462537943043, 'gains': 1.0, 'power': 0.011910660600640752, 'coalition': 1, 'N': 1.0, 'f_bs': 168.83853622259957, 'N1': 24, 'loss_rate': 0.693338}, {'f_fd': 80.34264980219734, 'gains': 1.0, 'power': 0.0060918744765508185, 'coalition': 1, 'N': 1.0, 'f_bs': 156.65999840838742, 'N1': 25, 'loss_rate': 0.745826}, {'f_fd': 101.36812763336647, 'gains': 1.0, 'power': 0.011931474175541046, 'coalition': 3, 'N': 1.0, 'f_bs': 212.7433160363976, 'N1': 17, 'loss_rate': 0.308234}, {'f_fd': 94.79329628655282, 'gains': 105.66863326199058, 'power': 0.004856108366751417, 'coalition': 2, 'N': 1.0, 'f_bs': 193.67870624415136, 'N1': 20, 'loss_rate': 0.515751}, {'f_fd': 66.38213320344012, 'gains': 1.0, 'power': 0.006134808284896919, 'coalition': 2, 'N': 1.0, 'f_bs': 132.48943048932148, 'N1': 30, 'loss_rate': 0.847436}, {'f_fd': 95.13685726541982, 'gains': 1.0, 'power': 0.005516190437322267, 'coalition': 1, 'N': 1.0, 'f_bs': 195.35708440493843, 'N1': 20, 'loss_rate': 0.507159}, {'f_fd': 57.823159942447575, 'gains': 1.0, 'power': 0.0055974457054038754, 'coalition': 1, 'N': 1.0, 'f_bs': 119.00273610689496, 'N1': 32, 'loss_rate': 0.884666}, {'f_fd': 106.8964969977379, 'gains': 214.7929939954758, 'power': 0.0024946602296902574, 'coalition': 2, 'N': 1.0, 'f_bs': 235.9042079026987, 'N1': 15, 'loss_rate': 0.021043}, {'f_fd': 65.06422315218657, 'gains': 1.0, 'power': 0.007154183446376296, 'coalition': 0, 'N': 1.0, 'f_bs': 129.53987187359525, 'N1': 30, 'loss_rate': 0.854088}, {'f_fd': 54.6280968559866, 'gains': 1.0, 'power': 0.00535775594038832, 'coalition': 3, 'N': 1.0, 'f_bs': 113.392668079977, 'N1': 32, 'loss_rate': 0.89562}, {'f_fd': 75.50179033994647, 'gains': 1.0, 'power': 0.006763563042937456, 'coalition': 3, 'N': 1.0, 'f_bs': 148.1151789657087, 'N1': 27, 'loss_rate': 0.789073}, {'f_fd': 99.33903325913556, 'gains': 1.0, 'power': 0.003747513706002657, 'coalition': 1, 'N': 1.0, 'f_bs': 206.86726196809266, 'N1': 18, 'loss_rate': 0.383844}, {'f_fd': 54.80034218345834, 'gains': 1.0, 'power': 0.0038759798976461873, 'coalition': 2, 'N': 1.0, 'f_bs': 113.68109685424564, 'N1': 32, 'loss_rate': 0.895064}, {'f_fd': 68.14669912782833, 'gains': 1.0, 'power': 0.004531390902018671, 'coalition': 3, 'N': 1.0, 'f_bs': 134.2622102714818, 'N1': 29, 'loss_rate': 0.837982}, {'f_fd': 106.3878902370304, 'gains': 213.7757804740608, 'power': 0.0018087202753911747, 'coalition': 0, 'N': 1.0, 'f_bs': 232.2336193675628, 'N1': 15, 'loss_rate': 0.054105}, {'f_fd': 106.11617423004427, 'gains': 1.0, 'power': 0.005951605694374811, 'coalition': 1, 'N': 1.0, 'f_bs': 230.32328798067354, 'N1': 15, 'loss_rate': 0.070975}, {'f_fd': 57.512717455117, 'gains': 1.0, 'power': 0.005195426369420212, 'coalition': 3, 'N': 1.0, 'f_bs': 118.43266780648726, 'N1': 32, 'loss_rate': 0.885793}, {'f_fd': 53.36554485042103, 'gains': 1.0, 'power': 0.0055480037543321325, 'coalition': 1, 'N': 1.0, 'f_bs': 112.95595346581865, 'N1': 33, 'loss_rate': 0.899598}, {'f_fd': 105.52328639619546, 'gains': 106.52328639619546, 'power': 0.0027407314122195395, 'coalition': 3, 'N': 1.0, 'f_bs': 226.27100722889165, 'N1': 15, 'loss_rate': 0.106015}, {'f_fd': 66.91462180085371, 'gains': 1.0, 'power': 0.004955753745237576, 'coalition': 3, 'N': 1.0, 'f_bs': 131.42801956406242, 'N1': 29, 'loss_rate': 0.844665}], [{'f_fd': 59.047125707417024, 'gains': 1.0, 'power': 0.005056534242097781, 'coalition': 2, 'N': 1.0, 'f_bs': 119.41750057817302, 'N1': 31, 'loss_rate': 0.880097}, {'f_fd': 49.511299210791876, 'gains': 1.0, 'power': 0.00514670905021144, 'coalition': 1, 'N': 1.0, 'f_bs': 106.93170472522344, 'N1': 33, 'loss_rate': 0.910682}, {'f_fd': 62.61483041576018, 'gains': 1.0, 'power': 0.0038915462382260167, 'coalition': 1, 'N': 1.0, 'f_bs': 126.44305268964446, 'N1': 31, 'loss_rate': 0.865438}, {'f_fd': 106.81863692008011, 'gains': 1.0, 'power': 0.004059677074282154, 'coalition': 1, 'N': 1.0, 'f_bs': 235.33406369232233, 'N1': 15, 'loss_rate': 0.026235}, {'f_fd': 94.83347765494241, 'gains': 1.0, 'power': 0.007113700854471066, 'coalition': 1, 'N': 1.0, 'f_bs': 193.87348330564961, 'N1': 20, 'loss_rate': 0.514759}, {'f_fd': 107.10452516659512, 'gains': 322.3135754997854, 'power': 0.0018251450462041967, 'coalition': 1, 'N': 1.0, 'f_bs': 237.44255177674057, 'N1': 15, 'loss_rate': 0.006929}, {'f_fd': 102.5952677104014, 'gains': 1.0, 'power': 0.014647617751435832, 'coalition': 1, 'N': 1.0, 'f_bs': 220.22720380496708, 'N1': 17, 'loss_rate': 0.25569}, {'f_fd': 76.23781269216963, 'gains': 1.0, 'power': 0.0049847479356551205, 'coalition': 0, 'N': 1.0, 'f_bs': 150.24036529181896, 'N1': 27, 'loss_rate': 0.783124}, {'f_fd': 51.9083593197071, 'gains': 1.0, 'power': 0.004283994830277629, 'coalition': 2, 'N': 1.0, 'f_bs': 110.59504681377754, 'N1': 33, 'loss_rate': 0.903976}, {'f_fd': 99.67410910527425, 'gains': 1.0, 'power': 0.010679539675557964, 'coalition': 3, 'N': 1.0, 'f_bs': 208.74294378172956, 'N1': 18, 'loss_rate': 0.372142}, {'f_fd': 84.90462537943043, 'gains': 1.0, 'power': 0.015555097742472077, 'coalition': 1, 'N': 1.0, 'f_bs': 168.83853622259957, 'N1': 24, 'loss_rate': 0.693338}, {'f_fd': 80.34264980219734, 'gains': 1.0, 'power': 0.006941930047003744, 'coalition': 1, 'N': 1.0, 'f_bs': 156.65999840838742, 'N1': 25, 'loss_rate': 0.745826}, {'f_fd': 101.36812763336647, 'gains': 1.0, 'power': 0.01635860922702742, 'coalition': 3, 'N': 1.0, 'f_bs': 212.7433160363976, 'N1': 17, 'loss_rate': 0.308234}, {'f_fd': 104.66863326199058, 'gains': 210.33726652398116, 'power': 0.004216108366751417, 'coalition': 3, 'N': 1.0, 'f_bs': 227.2500937691937, 'N1': 16, 'loss_rate': 0.154038}, {'f_fd': 66.38213320344012, 'gains': 1.0, 'power': 0.007114961513234912, 'coalition': 2, 'N': 1.0, 'f_bs': 132.48943048932148, 'N1': 30, 'loss_rate': 0.847436}, {'f_fd': 95.13685726541982, 'gains': 1.0, 'power': 0.005966458780442724, 'coalition': 1, 'N': 1.0, 'f_bs': 195.35708440493843, 'N1': 20, 'loss_rate': 0.507159}, {'f_fd': 57.823159942447575, 'gains': 1.0, 'power': 0.006181200681219336, 'coalition': 1, 'N': 1.0, 'f_bs': 119.00273610689496, 'N1': 32, 'loss_rate': 0.884666}, {'f_fd': 106.8964969977379, 'gains': 321.68949099321367, 'power': 0.0018946602296902573, 'coalition': 2, 'N': 1.0, 'f_bs': 235.9042079026987, 'N1': 15, 'loss_rate': 0.021043}, {'f_fd': 65.06422315218657, 'gains': 1.0, 'power': 0.008863103453297203, 'coalition': 0, 'N': 1.0, 'f_bs': 129.53987187359525, 'N1': 30, 'loss_rate': 0.854088}, {'f_fd': 54.6280968559866, 'gains': 1.0, 'power': 0.005741046540429848, 'coalition': 3, 'N': 1.0, 'f_bs': 113.392668079977, 'N1': 32, 'loss_rate': 0.89562}, {'f_fd': 75.50179033994647, 'gains': 1.0, 'power': 0.007792647477682339, 'coalition': 3, 'N': 1.0, 'f_bs': 148.1151789657087, 'N1': 27, 'loss_rate': 0.789073}, {'f_fd': 99.33903325913556, 'gains': 1.0, 'power': 0.004022250533437671, 'coalition': 1, 'N': 1.0, 'f_bs': 206.86726196809266, 'N1': 18, 'loss_rate': 0.383844}, {'f_fd': 54.80034218345834, 'gains': 1.0, 'power': 0.00415337397782763, 'coalition': 2, 'N': 1.0, 'f_bs': 113.68109685424564, 'N1': 32, 'loss_rate': 0.895064}, {'f_fd': 68.14669912782833, 'gains': 1.0, 'power': 0.004700356865817715, 'coalition': 3, 'N': 1.0, 'f_bs': 134.2622102714818, 'N1': 29, 'loss_rate': 0.837982}, {'f_fd': 106.3878902370304, 'gains': 320.1636707110912, 'power': 0.0012087202753911746, 'coalition': 0, 'N': 1.0, 'f_bs': 232.2336193675628, 'N1': 15, 'loss_rate': 0.054105}, {'f_fd': 106.11617423004427, 'gains': 1.0, 'power': 0.006791915404784327, 'coalition': 1, 'N': 1.0, 'f_bs': 230.32328798067354, 'N1': 15, 'loss_rate': 0.070975}, {'f_fd': 57.512717455117, 'gains': 1.0, 'power': 0.005440373685674007, 'coalition': 3, 'N': 1.0, 'f_bs': 118.43266780648726, 'N1': 32, 'loss_rate': 0.885793}, {'f_fd': 53.36554485042103, 'gains': 1.0, 'power': 0.0058371940755383885, 'coalition': 1, 'N': 1.0, 'f_bs': 112.95595346581865, 'N1': 33, 'loss_rate': 0.899598}, {'f_fd': 105.52328639619546, 'gains': 106.52328639619546, 'power': 0.003030557037294878, 'coalition': 3, 'N': 1.0, 'f_bs': 226.27100722889165, 'N1': 15, 'loss_rate': 0.106015}, {'f_fd': 66.91462180085371, 'gains': 1.0, 'power': 0.0059187364060718384, 'coalition': 3, 'N': 1.0, 'f_bs': 131.42801956406242, 'N1': 29, 'loss_rate': 0.844665}], [{'f_fd': 59.047125707417024, 'gains': 1.0, 'power': 0.005625192106469737, 'coalition': 2, 'N': 1.0, 'f_bs': 119.41750057817302, 'N1': 31, 'loss_rate': 0.880097}, {'f_fd': 49.511299210791876, 'gains': 1.0, 'power': 0.005582692607826424, 'coalition': 1, 'N': 1.0, 'f_bs': 106.93170472522344, 'N1': 33, 'loss_rate': 0.910682}, {'f_fd': 62.61483041576018, 'gains': 1.0, 'power': 0.004147122806483076, 'coalition': 1, 'N': 1.0, 'f_bs': 126.44305268964446, 'N1': 31, 'loss_rate': 0.865438}, {'f_fd': 106.81863692008011, 'gains': 1.0, 'power': 0.004412050537247682, 'coalition': 1, 'N': 1.0, 'f_bs': 235.33406369232233, 'N1': 15, 'loss_rate': 0.026235}, {'f_fd': 64.92997859869286, 'gains': 1.0, 'power': 0.007894343603194699, 'coalition': 3, 'N': 1.0, 'f_bs': 129.24671365899798, 'N1': 30, 'loss_rate': 0.854743}, {'f_fd': 107.10452516659512, 'gains': 429.4181006663805, 'power': 0.0012251450462041967, 'coalition': 1, 'N': 1.0, 'f_bs': 237.44255177674057, 'N1': 15, 'loss_rate': 0.006929}, {'f_fd': 102.5952677104014, 'gains': 1.0, 'power': 0.018292054893267157, 'coalition': 1, 'N': 1.0, 'f_bs': 220.22720380496708, 'N1': 17, 'loss_rate': 0.25569}, {'f_fd': 106.25865702762073, 'gains': 1.0, 'power': 0.005281216754833309, 'coalition': 2, 'N': 1.0, 'f_bs': 231.3207419637574, 'N1': 15, 'loss_rate': 0.062195}, {'f_fd': 51.9083593197071, 'gains': 1.0, 'power': 0.00444237253079899, 'coalition': 2, 'N': 1.0, 'f_bs': 110.59504681377754, 'N1': 33, 'loss_rate': 0.903976}, {'f_fd': 70.92949143686124, 'gains': 1.0, 'power': 0.012715475239358797, 'coalition': 0, 'N': 1.0, 'f_bs': 138.58299144468035, 'N1': 28, 'loss_rate': 0.821417}, {'f_fd': 84.90462537943043, 'gains': 1.0, 'power': 0.019199534884303402, 'coalition': 1, 'N': 1.0, 'f_bs': 168.83853622259957, 'N1': 24, 'loss_rate': 0.693338}, {'f_fd': 80.34264980219734, 'gains': 1.0, 'power': 0.007791985617456669, 'coalition': 1, 'N': 1.0, 'f_bs': 156.65999840838742, 'N1': 25, 'loss_rate': 0.745826}, {'f_fd': 101.36812763336647, 'gains': 1.0, 'power': 0.020785744278513797, 'coalition': 3, 'N': 1.0, 'f_bs': 212.7433160363976, 'N1': 17, 'loss_rate': 0.308234}, {'f_fd': 104.66863326199058, 'gains': 315.00589978597174, 'power': 0.003576108366751417, 'coalition': 3, 'N': 1.0, 'f_bs': 227.2500937691937, 'N1': 16, 'loss_rate': 0.154038}, {'f_fd': 86.29245248495289, 'gains': 1.0, 'power': 0.008095114741572906, 'coalition': 3, 'N': 1.0, 'f_bs': 170.27771592490143, 'N1': 23, 'loss_rate': 0.674601}, {'f_fd': 95.13685726541982, 'gains': 1.0, 'power': 0.006416727123563182, 'coalition': 1, 'N': 1.0, 'f_bs': 195.35708440493843, 'N1': 20, 'loss_rate': 0.507159}, {'f_fd': 57.823159942447575, 'gains': 1.0, 'power': 0.006764955657034796, 'coalition': 1, 'N': 1.0, 'f_bs': 119.00273610689496, 'N1': 32, 'loss_rate': 0.884666}, {'f_fd': 106.8964969977379, 'gains': 428.5859879909516, 'power': 0.0012946602296902573, 'coalition': 2, 'N': 1.0, 'f_bs': 235.9042079026987, 'N1': 15, 'loss_rate': 0.021043}, {'f_fd': 65.06422315218657, 'gains': 1.0, 'power': 0.01057202346021811, 'coalition': 0, 'N': 1.0, 'f_bs': 129.53987187359525, 'N1': 30, 'loss_rate': 0.854088}, {'f_fd': 54.6280968559866, 'gains': 1.0, 'power': 0.006124337140471376, 'coalition': 3, 'N': 1.0, 'f_bs': 113.392668079977, 'N1': 32, 'loss_rate': 0.89562}, {'f_fd': 74.0115149832892, 'gains': 1.0, 'power': 0.008821731912427222, 'coalition': 1, 'N': 1.0, 'f_bs': 143.98711186517477, 'N1': 27, 'loss_rate': 0.800403}, {'f_fd': 99.33903325913556, 'gains': 1.0, 'power': 0.004296987360872686, 'coalition': 1, 'N': 1.0, 'f_bs': 206.86726196809266, 'N1': 18, 'loss_rate': 0.383844}, {'f_fd': 54.80034218345834, 'gains': 1.0, 'power': 0.004430768058009072, 'coalition': 2, 'N': 1.0, 'f_bs': 113.68109685424564, 'N1': 32, 'loss_rate': 0.895064}, {'f_fd': 68.14669912782833, 'gains': 1.0, 'power': 0.0048693228296167596, 'coalition': 3, 'N': 1.0, 'f_bs': 134.2622102714818, 'N1': 29, 'loss_rate': 0.837982}, {'f_fd': 106.3878902370304, 'gains': 426.5515609481216, 'power': 0.0006087202753911746, 'coalition': 0, 'N': 1.0, 'f_bs': 232.2336193675628, 'N1': 15, 'loss_rate': 0.054105}, {'f_fd': 106.11617423004427, 'gains': 1.0, 'power': 0.007632225115193843, 'coalition': 1, 'N': 1.0, 'f_bs': 230.32328798067354, 'N1': 15, 'loss_rate': 0.070975}, {'f_fd': 57.512717455117, 'gains': 1.0, 'power': 0.005685321001927803, 'coalition': 3, 'N': 1.0, 'f_bs': 118.43266780648726, 'N1': 32, 'loss_rate': 0.885793}, {'f_fd': 53.36554485042103, 'gains': 1.0, 'power': 0.006126384396744644, 'coalition': 1, 'N': 1.0, 'f_bs': 112.95595346581865, 'N1': 33, 'loss_rate': 0.899598}, {'f_fd': 105.52328639619546, 'gains': 106.52328639619546, 'power': 0.003320382662370216, 'coalition': 3, 'N': 1.0, 'f_bs': 226.27100722889165, 'N1': 15, 'loss_rate': 0.106015}, {'f_fd': 66.91462180085371, 'gains': 1.0, 'power': 0.006881719066906101, 'coalition': 3, 'N': 1.0, 'f_bs': 131.42801956406242, 'N1': 29, 'loss_rate': 0.844665}], [{'f_fd': 59.047125707417024, 'gains': 1.0, 'power': 0.006193849970841693, 'coalition': 2, 'N': 1.0, 'f_bs': 119.41750057817302, 'N1': 31, 'loss_rate': 0.880097}, {'f_fd': 49.511299210791876, 'gains': 1.0, 'power': 0.006018676165441408, 'coalition': 1, 'N': 1.0, 'f_bs': 106.93170472522344, 'N1': 33, 'loss_rate': 0.910682}, {'f_fd': 62.61483041576018, 'gains': 1.0, 'power': 0.004402699374740135, 'coalition': 1, 'N': 1.0, 'f_bs': 126.44305268964446, 'N1': 31, 'loss_rate': 0.865438}, {'f_fd': 106.81863692008011, 'gains': 1.0, 'power': 0.00476442400021321, 'coalition': 1, 'N': 1.0, 'f_bs': 235.33406369232233, 'N1': 15, 'loss_rate': 0.026235}, {'f_fd': 64.92997859869286, 'gains': 1.0, 'power': 0.008674986351918332, 'coalition': 3, 'N': 1.0, 'f_bs': 129.24671365899798, 'N1': 30, 'loss_rate': 0.854743}, {'f_fd': 107.10452516659512, 'gains': 536.5226258329756, 'power': 0.0006251450462041966, 'coalition': 1, 'N': 1.0, 'f_bs': 237.44255177674057, 'N1': 15, 'loss_rate': 0.006929}, {'f_fd': 102.5952677104014, 'gains': 1.0, 'power': 0.02193649203509848, 'coalition': 1, 'N': 1.0, 'f_bs': 220.22720380496708, 'N1': 17, 'loss_rate': 0.25569}, {'f_fd': 106.25865702762073, 'gains': 1.0, 'power': 0.005577685574011497, 'coalition': 2, 'N': 1.0, 'f_bs': 231.3207419637574, 'N1': 15, 'loss_rate': 0.062195}, {'f_fd': 51.9083593197071, 'gains': 1.0, 'power': 0.004600750231320351, 'coalition': 2, 'N': 1.0, 'f_bs': 110.59504681377754, 'N1': 33, 'loss_rate': 0.903976}, {'f_fd': 70.92949143686124, 'gains': 1.0, 'power': 0.01475141080315963, 'coalition': 0, 'N': 1.0, 'f_bs': 138.58299144468035, 'N1': 28, 'loss_rate': 0.821417}, {'f_fd': 84.90462537943043, 'gains': 1.0, 'power': 0.022843972026134727, 'coalition': 1, 'N': 1.0, 'f_bs': 168.83853622259957, 'N1': 24, 'loss_rate': 0.693338}, {'f_fd': 80.34264980219734, 'gains': 1.0, 'power': 0.008642041187909594, 'coalition': 1, 'N': 1.0, 'f_bs': 156.65999840838742, 'N1': 25, 'loss_rate': 0.745826}, {'f_fd': 101.36812763336647, 'gains': 1.0, 'power': 0.025212879330000174, 'coalition': 3, 'N': 1.0, 'f_bs': 212.7433160363976, 'N1': 17, 'loss_rate': 0.308234}, {'f_fd': 104.66863326199058, 'gains': 315.00589978597174, 'power': 0.004268283731569329, 'coalition': 3, 'N': 1.0, 'f_bs': 227.2500937691937, 'N1': 16, 'loss_rate': 0.154038}, {'f_fd': 86.29245248495289, 'gains': 1.0, 'power': 0.0090752679699109, 'coalition': 3, 'N': 1.0, 'f_bs': 170.27771592490143, 'N1': 23, 'loss_rate': 0.674601}, {'f_fd': 106.28334368407556, 'gains': 107.28334368407556, 'power': 0.005816727123563182, 'coalition': 3, 'N': 1.0, 'f_bs': 231.494518614903, 'N1': 15, 'loss_rate': 0.060659}, {'f_fd': 57.823159942447575, 'gains': 1.0, 'power': 0.007348710632850256, 'coalition': 1, 'N': 1.0, 'f_bs': 119.00273610689496, 'N1': 32, 'loss_rate': 0.884666}, {'f_fd': 106.8964969977379, 'gains': 535.4824849886895, 'power': 0.0006946602296902572, 'coalition': 2, 'N': 1.0, 'f_bs': 235.9042079026987, 'N1': 15, 'loss_rate': 0.021043}, {'f_fd': 65.06422315218657, 'gains': 1.0, 'power': 0.012280943467139017, 'coalition': 0, 'N': 1.0, 'f_bs': 129.53987187359525, 'N1': 30, 'loss_rate': 0.854088}, {'f_fd': 54.6280968559866, 'gains': 1.0, 'power': 0.006507627740512905, 'coalition': 3, 'N': 1.0, 'f_bs': 113.392668079977, 'N1': 32, 'loss_rate': 0.89562}, {'f_fd': 74.0115149832892, 'gains': 1.0, 'power': 0.009850816347172104, 'coalition': 1, 'N': 1.0, 'f_bs': 143.98711186517477, 'N1': 27, 'loss_rate': 0.800403}, {'f_fd': 99.33903325913556, 'gains': 1.0, 'power': 0.004571724188307701, 'coalition': 1, 'N': 1.0, 'f_bs': 206.86726196809266, 'N1': 18, 'loss_rate': 0.383844}, {'f_fd': 54.80034218345834, 'gains': 1.0, 'power': 0.004708162138190515, 'coalition': 2, 'N': 1.0, 'f_bs': 113.68109685424564, 'N1': 32, 'loss_rate': 0.895064}, {'f_fd': 104.04974163581528, 'gains': 1.0, 'power': 0.005038288793415804, 'coalition': 1, 'N': 1.0, 'f_bs': 223.14317462745532, 'N1': 16, 'loss_rate': 0.18661}, {'f_fd': 106.3878902370304, 'gains': 532.939451185152, 'power': 8.72027539117453e-06, 'coalition': 0, 'N': 1.0, 'f_bs': 232.2336193675628, 'N1': 15, 'loss_rate': 0.054105}, {'f_fd': 106.11617423004427, 'gains': 1.0, 'power': 0.008472534825603359, 'coalition': 1, 'N': 1.0, 'f_bs': 230.32328798067354, 'N1': 15, 'loss_rate': 0.070975}, {'f_fd': 57.512717455117, 'gains': 1.0, 'power': 0.005930268318181598, 'coalition': 3, 'N': 1.0, 'f_bs': 118.43266780648726, 'N1': 32, 'loss_rate': 0.885793}, {'f_fd': 53.36554485042103, 'gains': 1.0, 'power': 0.0064155747179509, 'coalition': 1, 'N': 1.0, 'f_bs': 112.95595346581865, 'N1': 33, 'loss_rate': 0.899598}, {'f_fd': 105.52328639619546, 'gains': 106.52328639619546, 'power': 0.0036102082874455545, 'coalition': 3, 'N': 1.0, 'f_bs': 226.27100722889165, 'N1': 15, 'loss_rate': 0.106015}, {'f_fd': 66.91462180085371, 'gains': 1.0, 'power': 0.007844701727740364, 'coalition': 3, 'N': 1.0, 'f_bs': 131.42801956406242, 'N1': 29, 'loss_rate': 0.844665}], [{'f_fd': 59.047125707417024, 'gains': 1.0, 'power': 0.006762507835213649, 'coalition': 2, 'N': 1.0, 'f_bs': 119.41750057817302, 'N1': 31, 'loss_rate': 0.880097}, {'f_fd': 49.511299210791876, 'gains': 1.0, 'power': 0.006454659723056391, 'coalition': 1, 'N': 1.0, 'f_bs': 106.93170472522344, 'N1': 33, 'loss_rate': 0.910682}, {'f_fd': 62.61483041576018, 'gains': 1.0, 'power': 0.004658275942997194, 'coalition': 1, 'N': 1.0, 'f_bs': 126.44305268964446, 'N1': 31, 'loss_rate': 0.865438}, {'f_fd': 106.81863692008011, 'gains': 1.0, 'power': 0.005116797463178739, 'coalition': 1, 'N': 1.0, 'f_bs': 235.33406369232233, 'N1': 15, 'loss_rate': 0.026235}, {'f_fd': 64.92997859869286, 'gains': 1.0, 'power': 0.009455629100641965, 'coalition': 3, 'N': 1.0, 'f_bs': 129.24671365899798, 'N1': 30, 'loss_rate': 0.854743}, {'f_fd': 107.10452516659512, 'gains': 643.6271509995706, 'power': 2.5145046204196574e-05, 'coalition': 1, 'N': 1.0, 'f_bs': 237.44255177674057, 'N1': 15, 'loss_rate': 0.006929}, {'f_fd': 102.5952677104014, 'gains': 1.0, 'power': 0.025580929176929806, 'coalition': 1, 'N': 1.0, 'f_bs': 220.22720380496708, 'N1': 17, 'loss_rate': 0.25569}, {'f_fd': 106.25865702762073, 'gains': 1.0, 'power': 0.005874154393189685, 'coalition': 2, 'N': 1.0, 'f_bs': 231.3207419637574, 'N1': 15, 'loss_rate': 0.062195}, {'f_fd': 51.9083593197071, 'gains': 1.0, 'power': 0.004759127931841712, 'coalition': 2, 'N': 1.0, 'f_bs': 110.59504681377754, 'N1': 33, 'loss_rate': 0.903976}, {'f_fd': 70.92949143686124, 'gains': 71.92949143686124, 'power': 0.013631410803159631, 'coalition': 0, 'N': 1.0, 'f_bs': 138.58299144468035, 'N1': 28, 'loss_rate': 0.821417}, {'f_fd': 84.90462537943043, 'gains': 1.0, 'power': 0.026488409167966052, 'coalition': 1, 'N': 1.0, 'f_bs': 168.83853622259957, 'N1': 24, 'loss_rate': 0.693338}, {'f_fd': 80.34264980219734, 'gains': 1.0, 'power': 0.009492096758362519, 'coalition': 1, 'N': 1.0, 'f_bs': 156.65999840838742, 'N1': 25, 'loss_rate': 0.745826}, {'f_fd': 101.36812763336647, 'gains': 1.0, 'power': 0.02964001438148655, 'coalition': 3, 'N': 1.0, 'f_bs': 212.7433160363976, 'N1': 17, 'loss_rate': 0.308234}, {'f_fd': 104.66863326199058, 'gains': 315.00589978597174, 'power': 0.004960459096387241, 'coalition': 3, 'N': 1.0, 'f_bs': 227.2500937691937, 'N1': 16, 'loss_rate': 0.154038}, {'f_fd': 86.29245248495289, 'gains': 1.0, 'power': 0.010055421198248893, 'coalition': 3, 'N': 1.0, 'f_bs': 170.27771592490143, 'N1': 23, 'loss_rate': 0.674601}, {'f_fd': 106.28334368407556, 'gains': 213.56668736815112, 'power': 0.005216727123563182, 'coalition': 3, 'N': 1.0, 'f_bs': 231.494518614903, 'N1': 15, 'loss_rate': 0.060659}, {'f_fd': 57.823159942447575, 'gains': 1.0, 'power': 0.007932465608665716, 'coalition': 1, 'N': 1.0, 'f_bs': 119.00273610689496, 'N1': 32, 'loss_rate': 0.884666}, {'f_fd': 106.8964969977379, 'gains': 642.3789819864274, 'power': 9.466022969025715e-05, 'coalition': 2, 'N': 1.0, 'f_bs': 235.9042079026987, 'N1': 15, 'loss_rate': 0.021043}, {'f_fd': 65.06422315218657, 'gains': 1.0, 'power': 0.013989863474059925, 'coalition': 0, 'N': 1.0, 'f_bs': 129.53987187359525, 'N1': 30, 'loss_rate': 0.854088}, {'f_fd': 54.6280968559866, 'gains': 1.0, 'power': 0.006890918340554433, 'coalition': 3, 'N': 1.0, 'f_bs': 113.392668079977, 'N1': 32, 'loss_rate': 0.89562}, {'f_fd': 74.0115149832892, 'gains': 1.0, 'power': 0.010879900781916986, 'coalition': 1, 'N': 1.0, 'f_bs': 143.98711186517477, 'N1': 27, 'loss_rate': 0.800403}, {'f_fd': 99.33903325913556, 'gains': 1.0, 'power': 0.004846461015742716, 'coalition': 1, 'N': 1.0, 'f_bs': 206.86726196809266, 'N1': 18, 'loss_rate': 0.383844}, {'f_fd': 54.80034218345834, 'gains': 1.0, 'power': 0.004985556218371957, 'coalition': 2, 'N': 1.0, 'f_bs': 113.68109685424564, 'N1': 32, 'loss_rate': 0.895064}, {'f_fd': 104.04974163581528, 'gains': 1.0, 'power': 0.005207254757214848, 'coalition': 1, 'N': 1.0, 'f_bs': 223.14317462745532, 'N1': 16, 'loss_rate': 0.18661}, {'f_fd': 106.3878902370304, 'gains': 532.939451185152, 'power': 0.0004272755562740868, 'coalition': 0, 'N': 1.0, 'f_bs': 232.2336193675628, 'N1': 15, 'loss_rate': 0.054105}, {'f_fd': 106.11617423004427, 'gains': 1.0, 'power': 0.009312844536012874, 'coalition': 1, 'N': 1.0, 'f_bs': 230.32328798067354, 'N1': 15, 'loss_rate': 0.070975}, {'f_fd': 57.512717455117, 'gains': 1.0, 'power': 0.0061752156344353935, 'coalition': 3, 'N': 1.0, 'f_bs': 118.43266780648726, 'N1': 32, 'loss_rate': 0.885793}, {'f_fd': 53.36554485042103, 'gains': 1.0, 'power': 0.006704765039157156, 'coalition': 1, 'N': 1.0, 'f_bs': 112.95595346581865, 'N1': 33, 'loss_rate': 0.899598}, {'f_fd': 105.52328639619546, 'gains': 106.52328639619546, 'power': 0.003900033912520893, 'coalition': 3, 'N': 1.0, 'f_bs': 226.27100722889165, 'N1': 15, 'loss_rate': 0.106015}, {'f_fd': 66.91462180085371, 'gains': 1.0, 'power': 0.008807684388574627, 'coalition': 3, 'N': 1.0, 'f_bs': 131.42801956406242, 'N1': 29, 'loss_rate': 0.844665}], [{'f_fd': 59.047125707417024, 'gains': 1.0, 'power': 0.007331165699585605, 'coalition': 2, 'N': 1.0, 'f_bs': 119.41750057817302, 'N1': 31, 'loss_rate': 0.880097}, {'f_fd': 49.511299210791876, 'gains': 1.0, 'power': 0.006890643280671375, 'coalition': 1, 'N': 1.0, 'f_bs': 106.93170472522344, 'N1': 33, 'loss_rate': 0.910682}, {'f_fd': 62.61483041576018, 'gains': 1.0, 'power': 0.004913852511254253, 'coalition': 1, 'N': 1.0, 'f_bs': 126.44305268964446, 'N1': 31, 'loss_rate': 0.865438}, {'f_fd': 57.21456989640721, 'gains': 1.0, 'power': 0.005469170926144267, 'coalition': 0, 'N': 1.0, 'f_bs': 117.89041410985705, 'N1': 32, 'loss_rate': 0.886862}, {'f_fd': 64.92997859869286, 'gains': 1.0, 'power': 0.010236271849365599, 'coalition': 3, 'N': 1.0, 'f_bs': 129.24671365899798, 'N1': 30, 'loss_rate': 0.854743}, {'f_fd': 107.10452516659512, 'gains': 643.6271509995706, 'power': 0.000389991906088859, 'coalition': 1, 'N': 1.0, 'f_bs': 237.44255177674057, 'N1': 15, 'loss_rate': 0.006929}, {'f_fd': 102.5952677104014, 'gains': 1.0, 'power': 0.02922536631876113, 'coalition': 1, 'N': 1.0, 'f_bs': 220.22720380496708, 'N1': 17, 'loss_rate': 0.25569}, {'f_fd': 106.25865702762073, 'gains': 107.25865702762073, 'power': 0.005274154393189685, 'coalition': 2, 'N': 1.0, 'f_bs': 231.3207419637574, 'N1': 15, 'loss_rate': 0.062195}, {'f_fd': 51.9083593197071, 'gains': 1.0, 'power': 0.0049175056323630725, 'coalition': 2, 'N': 1.0, 'f_bs': 110.59504681377754, 'N1': 33, 'loss_rate': 0.903976}, {'f_fd': 70.92949143686124, 'gains': 142.85898287372248, 'power': 0.012511410803159631, 'coalition': 0, 'N': 1.0, 'f_bs': 138.58299144468035, 'N1': 28, 'loss_rate': 0.821417}, {'f_fd': 84.90462537943043, 'gains': 1.0, 'power': 0.030132846309797377, 'coalition': 1, 'N': 1.0, 'f_bs': 168.83853622259957, 'N1': 24, 'loss_rate': 0.693338}, {'f_fd': 80.34264980219734, 'gains': 1.0, 'power': 0.010342152328815444, 'coalition': 1, 'N': 1.0, 'f_bs': 156.65999840838742, 'N1': 25, 'loss_rate': 0.745826}, {'f_fd': 101.36812763336647, 'gains': 1.0, 'power': 0.034067149432972926, 'coalition': 3, 'N': 1.0, 'f_bs': 212.7433160363976, 'N1': 17, 'loss_rate': 0.308234}, {'f_fd': 104.66863326199058, 'gains': 315.00589978597174, 'power': 0.005652634461205152, 'coalition': 3, 'N': 1.0, 'f_bs': 227.2500937691937, 'N1': 16, 'loss_rate': 0.154038}, {'f_fd': 86.29245248495289, 'gains': 1.0, 'power': 0.011035574426586887, 'coalition': 3, 'N': 1.0, 'f_bs': 170.27771592490143, 'N1': 23, 'loss_rate': 0.674601}, {'f_fd': 106.28334368407556, 'gains': 319.85003105222665, 'power': 0.004616727123563182, 'coalition': 3, 'N': 1.0, 'f_bs': 231.494518614903, 'N1': 15, 'loss_rate': 0.060659}, {'f_fd': 57.823159942447575, 'gains': 1.0, 'power': 0.008516220584481177, 'coalition': 1, 'N': 1.0, 'f_bs': 119.00273610689496, 'N1': 32, 'loss_rate': 0.884666}, {'f_fd': 106.8964969977379, 'gains': 642.3789819864274, 'power': 0.0006223747278274331, 'coalition': 2, 'N': 1.0, 'f_bs': 235.9042079026987, 'N1': 15, 'loss_rate': 0.021043}, {'f_fd': 99.30233938458917, 'gains': 1.0, 'power': 0.015698783480980832, 'coalition': 1, 'N': 1.0, 'f_bs': 206.66398761861967, 'N1': 18, 'loss_rate': 0.385103}, {'f_fd': 54.6280968559866, 'gains': 1.0, 'power': 0.007274208940595961, 'coalition': 3, 'N': 1.0, 'f_bs': 113.392668079977, 'N1': 32, 'loss_rate': 0.89562}, {'f_fd': 74.0115149832892, 'gains': 1.0, 'power': 0.011908985216661868, 'coalition': 1, 'N': 1.0, 'f_bs': 143.98711186517477, 'N1': 27, 'loss_rate': 0.800403}, {'f_fd': 99.33903325913556, 'gains': 1.0, 'power': 0.005121197843177731, 'coalition': 1, 'N': 1.0, 'f_bs': 206.86726196809266, 'N1': 18, 'loss_rate': 0.383844}, {'f_fd': 54.80034218345834, 'gains': 1.0, 'power': 0.0052629502985534, 'coalition': 2, 'N': 1.0, 'f_bs': 113.68109685424564, 'N1': 32, 'loss_rate': 0.895064}, {'f_fd': 104.04974163581528, 'gains': 1.0, 'power': 0.005376220721013892, 'coalition': 1, 'N': 1.0, 'f_bs': 223.14317462745532, 'N1': 16, 'loss_rate': 0.18661}, {'f_fd': 106.3878902370304, 'gains': 532.939451185152, 'power': 0.0008458308371569991, 'coalition': 0, 'N': 1.0, 'f_bs': 232.2336193675628, 'N1': 15, 'loss_rate': 0.054105}, {'f_fd': 106.11617423004427, 'gains': 107.11617423004427, 'power': 0.008712844536012874, 'coalition': 1, 'N': 1.0, 'f_bs': 230.32328798067354, 'N1': 15, 'loss_rate': 0.070975}, {'f_fd': 57.512717455117, 'gains': 1.0, 'power': 0.006420162950689189, 'coalition': 3, 'N': 1.0, 'f_bs': 118.43266780648726, 'N1': 32, 'loss_rate': 0.885793}, {'f_fd': 53.36554485042103, 'gains': 1.0, 'power': 0.006993955360363412, 'coalition': 1, 'N': 1.0, 'f_bs': 112.95595346581865, 'N1': 33, 'loss_rate': 0.899598}, {'f_fd': 105.52328639619546, 'gains': 106.52328639619546, 'power': 0.004189859537596231, 'coalition': 3, 'N': 1.0, 'f_bs': 226.27100722889165, 'N1': 15, 'loss_rate': 0.106015}, {'f_fd': 66.91462180085371, 'gains': 1.0, 'power': 0.00977066704940889, 'coalition': 3, 'N': 1.0, 'f_bs': 131.42801956406242, 'N1': 29, 'loss_rate': 0.844665}], [{'f_fd': 59.047125707417024, 'gains': 1.0, 'power': 0.007899823563957561, 'coalition': 2, 'N': 1.0, 'f_bs': 119.41750057817302, 'N1': 31, 'loss_rate': 0.880097}, {'f_fd': 49.52511302823265, 'gains': 1.0, 'power': 0.007326626838286359, 'coalition': 0, 'N': 1.0, 'f_bs': 106.95206701355622, 'N1': 33, 'loss_rate': 0.910645}, {'f_fd': 62.61483041576018, 'gains': 1.0, 'power': 0.005169429079511312, 'coalition': 1, 'N': 1.0, 'f_bs': 126.44305268964446, 'N1': 31, 'loss_rate': 0.865438}, {'f_fd': 106.81863692008011, 'gains': 107.81863692008011, 'power': 0.004869170926144267, 'coalition': 1, 'N': 1.0, 'f_bs': 235.33406369232233, 'N1': 15, 'loss_rate': 0.026235}, {'f_fd': 64.92997859869286, 'gains': 1.0, 'power': 0.011016914598089232, 'coalition': 3, 'N': 1.0, 'f_bs': 129.24671365899798, 'N1': 30, 'loss_rate': 0.854743}, {'f_fd': 107.10452516659512, 'gains': 643.6271509995706, 'power': 0.0007548387659735215, 'coalition': 1, 'N': 1.0, 'f_bs': 237.44255177674057, 'N1': 15, 'loss_rate': 0.006929}, {'f_fd': 102.5952677104014, 'gains': 1.0, 'power': 0.032869803460592456, 'coalition': 1, 'N': 1.0, 'f_bs': 220.22720380496708, 'N1': 17, 'loss_rate': 0.25569}, {'f_fd': 106.25865702762073, 'gains': 107.25865702762073, 'power': 0.0055706232123678735, 'coalition': 2, 'N': 1.0, 'f_bs': 231.3207419637574, 'N1': 15, 'loss_rate': 0.062195}, {'f_fd': 51.9083593197071, 'gains': 1.0, 'power': 0.005075883332884433, 'coalition': 2, 'N': 1.0, 'f_bs': 110.59504681377754, 'N1': 33, 'loss_rate': 0.903976}, {'f_fd': 70.92949143686124, 'gains': 142.85898287372248, 'power': 0.014547346366960465, 'coalition': 0, 'N': 1.0, 'f_bs': 138.58299144468035, 'N1': 28, 'loss_rate': 0.821417}, {'f_fd': 84.90462537943043, 'gains': 1.0, 'power': 0.033777283451628705, 'coalition': 1, 'N': 1.0, 'f_bs': 168.83853622259957, 'N1': 24, 'loss_rate': 0.693338}, {'f_fd': 80.34264980219734, 'gains': 1.0, 'power': 0.011192207899268369, 'coalition': 1, 'N': 1.0, 'f_bs': 156.65999840838742, 'N1': 25, 'loss_rate': 0.745826}, {'f_fd': 93.52163202045622, 'gains': 1.0, 'power': 0.0384942844844593, 'coalition': 1, 'N': 1.0, 'f_bs': 187.71311349147854, 'N1': 20, 'loss_rate': 0.545497}, {'f_fd': 104.66863326199058, 'gains': 315.00589978597174, 'power': 0.006344809826023064, 'coalition': 3, 'N': 1.0, 'f_bs': 227.2500937691937, 'N1': 16, 'loss_rate': 0.154038}, {'f_fd': 86.29245248495289, 'gains': 1.0, 'power': 0.01201572765492488, 'coalition': 3, 'N': 1.0, 'f_bs': 170.27771592490143, 'N1': 23, 'loss_rate': 0.674601}, {'f_fd': 106.28334368407556, 'gains': 426.13337473630224, 'power': 0.004016727123563183, 'coalition': 3, 'N': 1.0, 'f_bs': 231.494518614903, 'N1': 15, 'loss_rate': 0.060659}, {'f_fd': 57.823159942447575, 'gains': 1.0, 'power': 0.009099975560296637, 'coalition': 1, 'N': 1.0, 'f_bs': 119.00273610689496, 'N1': 32, 'loss_rate': 0.884666}, {'f_fd': 106.8964969977379, 'gains': 749.2754789841654, 'power': 2.2374727827433006e-05, 'coalition': 2, 'N': 1.0, 'f_bs': 235.9042079026987, 'N1': 15, 'loss_rate': 0.021043}, {'f_fd': 103.44639102817331, 'gains': 1.0, 'power': 0.01740770348790174, 'coalition': 3, 'N': 1.0, 'f_bs': 219.2895881898997, 'N1': 16, 'loss_rate': 0.216327}, {'f_fd': 54.6280968559866, 'gains': 1.0, 'power': 0.0076574995406374895, 'coalition': 3, 'N': 1.0, 'f_bs': 113.392668079977, 'N1': 32, 'loss_rate': 0.89562}, {'f_fd': 74.0115149832892, 'gains': 1.0, 'power': 0.01293806965140675, 'coalition': 1, 'N': 1.0, 'f_bs': 143.98711186517477, 'N1': 27, 'loss_rate': 0.800403}, {'f_fd': 99.33903325913556, 'gains': 1.0, 'power': 0.005395934670612746, 'coalition': 1, 'N': 1.0, 'f_bs': 206.86726196809266, 'N1': 18, 'loss_rate': 0.383844}, {'f_fd': 54.80034218345834, 'gains': 1.0, 'power': 0.005540344378734842, 'coalition': 2, 'N': 1.0, 'f_bs': 113.68109685424564, 'N1': 32, 'loss_rate': 0.895064}, {'f_fd': 104.04974163581528, 'gains': 1.0, 'power': 0.005545186684812936, 'coalition': 1, 'N': 1.0, 'f_bs': 223.14317462745532, 'N1': 16, 'loss_rate': 0.18661}, {'f_fd': 106.3878902370304, 'gains': 639.3273414221825, 'power': 0.00024583083715699905, 'coalition': 0, 'N': 1.0, 'f_bs': 232.2336193675628, 'N1': 15, 'loss_rate': 0.054105}, {'f_fd': 106.11617423004427, 'gains': 107.11617423004427, 'power': 0.009553154246422389, 'coalition': 1, 'N': 1.0, 'f_bs': 230.32328798067354, 'N1': 15, 'loss_rate': 0.070975}, {'f_fd': 57.512717455117, 'gains': 1.0, 'power': 0.006665110266942984, 'coalition': 3, 'N': 1.0, 'f_bs': 118.43266780648726, 'N1': 32, 'loss_rate': 0.885793}, {'f_fd': 53.36554485042103, 'gains': 1.0, 'power': 0.007283145681569668, 'coalition': 1, 'N': 1.0, 'f_bs': 112.95595346581865, 'N1': 33, 'loss_rate': 0.899598}, {'f_fd': 105.52328639619546, 'gains': 106.52328639619546, 'power': 0.0044796851626715695, 'coalition': 3, 'N': 1.0, 'f_bs': 226.27100722889165, 'N1': 15, 'loss_rate': 0.106015}, {'f_fd': 66.91462180085371, 'gains': 1.0, 'power': 0.010733649710243154, 'coalition': 3, 'N': 1.0, 'f_bs': 131.42801956406242, 'N1': 29, 'loss_rate': 0.844665}], [{'f_fd': 59.047125707417024, 'gains': 1.0, 'power': 0.008468481428329518, 'coalition': 2, 'N': 1.0, 'f_bs': 119.41750057817302, 'N1': 31, 'loss_rate': 0.880097}, {'f_fd': 49.52511302823265, 'gains': 1.0, 'power': 0.007762610395901343, 'coalition': 0, 'N': 1.0, 'f_bs': 106.95206701355622, 'N1': 33, 'loss_rate': 0.910645}, {'f_fd': 62.61483041576018, 'gains': 1.0, 'power': 0.005425005647768371, 'coalition': 1, 'N': 1.0, 'f_bs': 126.44305268964446, 'N1': 31, 'loss_rate': 0.865438}, {'f_fd': 57.21456989640721, 'gains': 165.03320681648734, 'power': 0.003589170926144267, 'coalition': 0, 'N': 1.0, 'f_bs': 117.89041410985705, 'N1': 32, 'loss_rate': 0.886862}, {'f_fd': 64.92997859869286, 'gains': 1.0, 'power': 0.011797557346812865, 'coalition': 3, 'N': 1.0, 'f_bs': 129.24671365899798, 'N1': 30, 'loss_rate': 0.854743}, {'f_fd': 107.10452516659512, 'gains': 750.7316761661657, 'power': 0.0001548387659735214, 'coalition': 1, 'N': 1.0, 'f_bs': 237.44255177674057, 'N1': 15, 'loss_rate': 0.006929}, {'f_fd': 102.5952677104014, 'gains': 1.0, 'power': 0.03651424060242378, 'coalition': 1, 'N': 1.0, 'f_bs': 220.22720380496708, 'N1': 17, 'loss_rate': 0.25569}, {'f_fd': 106.25865702762073, 'gains': 213.51731405524146, 'power': 0.004970623212367874, 'coalition': 2, 'N': 1.0, 'f_bs': 231.3207419637574, 'N1': 15, 'loss_rate': 0.062195}, {'f_fd': 51.9083593197071, 'gains': 1.0, 'power': 0.005234261033405794, 'coalition': 2, 'N': 1.0, 'f_bs': 110.59504681377754, 'N1': 33, 'loss_rate': 0.903976}, {'f_fd': 99.67410910527425, 'gains': 142.85898287372248, 'power': 0.016583281930761296, 'coalition': 3, 'N': 1.0, 'f_bs': 208.74294378172956, 'N1': 18, 'loss_rate': 0.372142}, {'f_fd': 84.90462537943043, 'gains': 1.0, 'power': 0.03742172059346003, 'coalition': 1, 'N': 1.0, 'f_bs': 168.83853622259957, 'N1': 24, 'loss_rate': 0.693338}, {'f_fd': 80.34264980219734, 'gains': 1.0, 'power': 0.012042263469721294, 'coalition': 1, 'N': 1.0, 'f_bs': 156.65999840838742, 'N1': 25, 'loss_rate': 0.745826}, {'f_fd': 93.52163202045622, 'gains': 1.0, 'power': 0.04292141953594568, 'coalition': 1, 'N': 1.0, 'f_bs': 187.71311349147854, 'N1': 20, 'loss_rate': 0.545497}, {'f_fd': 104.66863326199058, 'gains': 315.00589978597174, 'power': 0.007036985190840976, 'coalition': 3, 'N': 1.0, 'f_bs': 227.2500937691937, 'N1': 16, 'loss_rate': 0.154038}, {'f_fd': 86.29245248495289, 'gains': 1.0, 'power': 0.012995880883262874, 'coalition': 3, 'N': 1.0, 'f_bs': 170.27771592490143, 'N1': 23, 'loss_rate': 0.674601}, {'f_fd': 106.28334368407556, 'gains': 532.4167184203778, 'power': 0.0034167271235631827, 'coalition': 3, 'N': 1.0, 'f_bs': 231.494518614903, 'N1': 15, 'loss_rate': 0.060659}, {'f_fd': 57.823159942447575, 'gains': 1.0, 'power': 0.009683730536112097, 'coalition': 1, 'N': 1.0, 'f_bs': 119.00273610689496, 'N1': 32, 'loss_rate': 0.884666}, {'f_fd': 106.8964969977379, 'gains': 749.2754789841654, 'power': 0.0005500892259646089, 'coalition': 2, 'N': 1.0, 'f_bs': 235.9042079026987, 'N1': 15, 'loss_rate': 0.021043}, {'f_fd': 99.30233938458917, 'gains': 1.0, 'power': 0.019116623494822647, 'coalition': 1, 'N': 1.0, 'f_bs': 206.66398761861967, 'N1': 18, 'loss_rate': 0.385103}, {'f_fd': 54.6280968559866, 'gains': 1.0, 'power': 0.008040790140679018, 'coalition': 3, 'N': 1.0, 'f_bs': 113.392668079977, 'N1': 32, 'loss_rate': 0.89562}, {'f_fd': 74.0115149832892, 'gains': 1.0, 'power': 0.013967154086151632, 'coalition': 1, 'N': 1.0, 'f_bs': 143.98711186517477, 'N1': 27, 'loss_rate': 0.800403}, {'f_fd': 99.33903325913556, 'gains': 1.0, 'power': 0.0056706714980477605, 'coalition': 1, 'N': 1.0, 'f_bs': 206.86726196809266, 'N1': 18, 'loss_rate': 0.383844}, {'f_fd': 54.80034218345834, 'gains': 1.0, 'power': 0.0058177384589162846, 'coalition': 2, 'N': 1.0, 'f_bs': 113.68109685424564, 'N1': 32, 'loss_rate': 0.895064}, {'f_fd': 104.04974163581528, 'gains': 1.0, 'power': 0.00571415264861198, 'coalition': 1, 'N': 1.0, 'f_bs': 223.14317462745532, 'N1': 16, 'loss_rate': 0.18661}, {'f_fd': 106.3878902370304, 'gains': 639.3273414221825, 'power': 0.0006643861180399113, 'coalition': 0, 'N': 1.0, 'f_bs': 232.2336193675628, 'N1': 15, 'loss_rate': 0.054105}, {'f_fd': 106.11617423004427, 'gains': 107.11617423004427, 'power': 0.010393463956831904, 'coalition': 1, 'N': 1.0, 'f_bs': 230.32328798067354, 'N1': 15, 'loss_rate': 0.070975}, {'f_fd': 57.512717455117, 'gains': 1.0, 'power': 0.00691005758319678, 'coalition': 3, 'N': 1.0, 'f_bs': 118.43266780648726, 'N1': 32, 'loss_rate': 0.885793}, {'f_fd': 53.36554485042103, 'gains': 1.0, 'power': 0.007572336002775924, 'coalition': 1, 'N': 1.0, 'f_bs': 112.95595346581865, 'N1': 33, 'loss_rate': 0.899598}, {'f_fd': 105.52328639619546, 'gains': 106.52328639619546, 'power': 0.004769510787746908, 'coalition': 3, 'N': 1.0, 'f_bs': 226.27100722889165, 'N1': 15, 'loss_rate': 0.106015}, {'f_fd': 66.91462180085371, 'gains': 1.0, 'power': 0.011696632371077417, 'coalition': 3, 'N': 1.0, 'f_bs': 131.42801956406242, 'N1': 29, 'loss_rate': 0.844665}], [{'f_fd': 59.047125707417024, 'gains': 1.0, 'power': 0.009037139292701474, 'coalition': 2, 'N': 1.0, 'f_bs': 119.41750057817302, 'N1': 31, 'loss_rate': 0.880097}, {'f_fd': 49.52511302823265, 'gains': 1.0, 'power': 0.008198593953516325, 'coalition': 0, 'N': 1.0, 'f_bs': 106.95206701355622, 'N1': 33, 'loss_rate': 0.910645}, {'f_fd': 62.61483041576018, 'gains': 1.0, 'power': 0.00568058221602543, 'coalition': 1, 'N': 1.0, 'f_bs': 126.44305268964446, 'N1': 31, 'loss_rate': 0.865438}, {'f_fd': 57.21456989640721, 'gains': 165.03320681648734, 'power': 0.0039415443891097956, 'coalition': 0, 'N': 1.0, 'f_bs': 117.89041410985705, 'N1': 32, 'loss_rate': 0.886862}, {'f_fd': 64.92997859869286, 'gains': 1.0, 'power': 0.012578200095536498, 'coalition': 3, 'N': 1.0, 'f_bs': 129.24671365899798, 'N1': 30, 'loss_rate': 0.854743}, {'f_fd': 107.10452516659512, 'gains': 750.7316761661657, 'power': 0.0005196856258581838, 'coalition': 1, 'N': 1.0, 'f_bs': 237.44255177674057, 'N1': 15, 'loss_rate': 0.006929}, {'f_fd': 102.5952677104014, 'gains': 1.0, 'power': 0.040158677744255106, 'coalition': 1, 'N': 1.0, 'f_bs': 220.22720380496708, 'N1': 17, 'loss_rate': 0.25569}, {'f_fd': 106.25865702762073, 'gains': 319.77597108286216, 'power': 0.004370623212367874, 'coalition': 2, 'N': 1.0, 'f_bs': 231.3207419637574, 'N1': 15, 'loss_rate': 0.062195}, {'f_fd': 51.9083593197071, 'gains': 1.0, 'power': 0.005392638733927155, 'coalition': 2, 'N': 1.0, 'f_bs': 110.59504681377754, 'N1': 33, 'loss_rate': 0.903976}, {'f_fd': 99.67410910527425, 'gains': 142.85898287372248, 'power': 0.018619217494562128, 'coalition': 3, 'N': 1.0, 'f_bs': 208.74294378172956, 'N1': 18, 'loss_rate': 0.372142}, {'f_fd': 84.90462537943043, 'gains': 1.0, 'power': 0.041066157735291355, 'coalition': 1, 'N': 1.0, 'f_bs': 168.83853622259957, 'N1': 24, 'loss_rate': 0.693338}, {'f_fd': 80.34264980219734, 'gains': 1.0, 'power': 0.01289231904017422, 'coalition': 1, 'N': 1.0, 'f_bs': 156.65999840838742, 'N1': 25, 'loss_rate': 0.745826}, {'f_fd': 93.52163202045622, 'gains': 1.0, 'power': 0.047348554587432055, 'coalition': 1, 'N': 1.0, 'f_bs': 187.71311349147854, 'N1': 20, 'loss_rate': 0.545497}, {'f_fd': 104.66863326199058, 'gains': 315.00589978597174, 'power': 0.0077291605556588875, 'coalition': 3, 'N': 1.0, 'f_bs': 227.2500937691937, 'N1': 16, 'loss_rate': 0.154038}, {'f_fd': 86.29245248495289, 'gains': 1.0, 'power': 0.013976034111600867, 'coalition': 3, 'N': 1.0, 'f_bs': 170.27771592490143, 'N1': 23, 'loss_rate': 0.674601}, {'f_fd': 106.28334368407556, 'gains': 638.7000621044534, 'power': 0.002816727123563183, 'coalition': 3, 'N': 1.0, 'f_bs': 231.494518614903, 'N1': 15, 'loss_rate': 0.060659}, {'f_fd': 57.823159942447575, 'gains': 1.0, 'power': 0.010267485511927557, 'coalition': 1, 'N': 1.0, 'f_bs': 119.00273610689496, 'N1': 32, 'loss_rate': 0.884666}, {'f_fd': 106.8964969977379, 'gains': 749.2754789841654, 'power': 0.0010778037241017848, 'coalition': 2, 'N': 1.0, 'f_bs': 235.9042079026987, 'N1': 15, 'loss_rate': 0.021043}, {'f_fd': 99.30233938458917, 'gains': 1.0, 'power': 0.020825543501743555, 'coalition': 1, 'N': 1.0, 'f_bs': 206.66398761861967, 'N1': 18, 'loss_rate': 0.385103}, {'f_fd': 54.6280968559866, 'gains': 1.0, 'power': 0.008424080740720546, 'coalition': 3, 'N': 1.0, 'f_bs': 113.392668079977, 'N1': 32, 'loss_rate': 0.89562}, {'f_fd': 74.0115149832892, 'gains': 1.0, 'power': 0.014996238520896514, 'coalition': 1, 'N': 1.0, 'f_bs': 143.98711186517477, 'N1': 27, 'loss_rate': 0.800403}, {'f_fd': 99.33903325913556, 'gains': 1.0, 'power': 0.005945408325482775, 'coalition': 1, 'N': 1.0, 'f_bs': 206.86726196809266, 'N1': 18, 'loss_rate': 0.383844}, {'f_fd': 54.80034218345834, 'gains': 1.0, 'power': 0.006095132539097727, 'coalition': 2, 'N': 1.0, 'f_bs': 113.68109685424564, 'N1': 32, 'loss_rate': 0.895064}, {'f_fd': 104.04974163581528, 'gains': 1.0, 'power': 0.005883118612411024, 'coalition': 1, 'N': 1.0, 'f_bs': 223.14317462745532, 'N1': 16, 'loss_rate': 0.18661}, {'f_fd': 106.3878902370304, 'gains': 745.7152316592129, 'power': 6.438611803991122e-05, 'coalition': 0, 'N': 1.0, 'f_bs': 232.2336193675628, 'N1': 15, 'loss_rate': 0.054105}, {'f_fd': 106.11617423004427, 'gains': 213.23234846008853, 'power': 0.009793463956831904, 'coalition': 1, 'N': 1.0, 'f_bs': 230.32328798067354, 'N1': 15, 'loss_rate': 0.070975}, {'f_fd': 57.512717455117, 'gains': 1.0, 'power': 0.007155004899450575, 'coalition': 3, 'N': 1.0, 'f_bs': 118.43266780648726, 'N1': 32, 'loss_rate': 0.885793}, {'f_fd': 53.36554485042103, 'gains': 1.0, 'power': 0.00786152632398218, 'coalition': 1, 'N': 1.0, 'f_bs': 112.95595346581865, 'N1': 33, 'loss_rate': 0.899598}, {'f_fd': 105.52328639619546, 'gains': 106.52328639619546, 'power': 0.005059336412822246, 'coalition': 3, 'N': 1.0, 'f_bs': 226.27100722889165, 'N1': 15, 'loss_rate': 0.106015}, {'f_fd': 66.91462180085371, 'gains': 1.0, 'power': 0.01265961503191168, 'coalition': 3, 'N': 1.0, 'f_bs': 131.42801956406242, 'N1': 29, 'loss_rate': 0.844665}]]
***********************
f_history =  []
