fd: 0 joined coalition: 2
fd: 1 joined coalition: 2
fd: 2 joined coalition: 0
fd: 3 joined coalition: 3
fd: 4 joined coalition: 3
fd: 5 joined coalition: 3
fd: 6 joined coalition: 1
fd: 7 joined coalition: 0
fd: 8 joined coalition: 1
fd: 9 joined coalition: 0
fd: 10 joined coalition: 1
fd: 11 joined coalition: 2
fd: 12 joined coalition: 0
fd: 13 joined coalition: 3
fd: 14 joined coalition: 1
fd: 15 joined coalition: 2
fd: 16 joined coalition: 3
fd: 17 joined coalition: 1
fd: 18 joined coalition: 1
fd: 19 joined coalition: 2
fd: 20 joined coalition: 3
fd: 21 joined coalition: 3
fd: 22 joined coalition: 0
fd: 23 joined coalition: 1
fd: 24 joined coalition: 1
fd: 25 joined coalition: 3
fd: 26 joined coalition: 0
fd: 27 joined coalition: 1
fd: 28 joined coalition: 2
fd: 29 joined coalition: 0


initial info:
coalitoin 0: 
    paired fds:  [2, 7, 9, 12, 22, 26, 29]
    nearby fds:  [0, 1, 2, 3, 4, 5, 6, 7, 8, 9, 10, 11, 12, 14, 16, 17, 18, 19, 20, 22, 24, 25, 26, 27, 29]
    sum capacity:  2.20373634011
coalitoin 1: 
    paired fds:  [6, 8, 10, 14, 17, 18, 23, 24, 27]
    nearby fds:  [0, 1, 2, 3, 4, 5, 6, 8, 9, 10, 11, 12, 13, 14, 15, 16, 17, 18, 19, 20, 21, 22, 23, 24, 25, 26, 27, 28, 29]
    sum capacity:  2.13736116156
coalitoin 2: 
    paired fds:  [0, 1, 11, 15, 19, 28]
    nearby fds:  [0, 1, 2, 4, 6, 7, 8, 9, 10, 11, 12, 13, 14, 15, 16, 17, 18, 19, 20, 22, 24, 25, 27, 28, 29]
    sum capacity:  2.16708747461
coalitoin 3: 
    paired fds:  [3, 4, 5, 13, 16, 20, 21, 25]
    nearby fds:  [0, 1, 3, 4, 5, 6, 7, 9, 10, 11, 12, 13, 14, 15, 16, 17, 18, 19, 20, 21, 23, 25, 26, 28, 29]
    sum capacity:  2.18025584626
fd 0: 
    gains, power: 1.000000, 0.003184
    f_bs, f_fd: 0.000000, 0.000000
    capacity:  0.436687554869
fd 1: 
    gains, power: 1.000000, 0.004024
    f_bs, f_fd: 0.000000, 0.000000
    capacity:  0.545821188009
fd 2: 
    gains, power: 1.000000, 0.004105
    f_bs, f_fd: 0.000000, 0.000000
    capacity:  0.48461169436
fd 3: 
    gains, power: 1.000000, 0.004447
    f_bs, f_fd: 0.000000, 0.000000
    capacity:  0.361798408677
fd 4: 
    gains, power: 1.000000, 0.003573
    f_bs, f_fd: 0.000000, 0.000000
    capacity:  0.342556749345
fd 5: 
    gains, power: 1.000000, 0.004835
    f_bs, f_fd: 0.000000, 0.000000
    capacity:  0.352987763881
fd 6: 
    gains, power: 1.000000, 0.003704
    f_bs, f_fd: 0.000000, 0.000000
    capacity:  0.347429100444
fd 7: 
    gains, power: 1.000000, 0.004240
    f_bs, f_fd: 0.000000, 0.000000
    capacity:  0.355296705198
fd 8: 
    gains, power: 1.000000, 0.003264
    f_bs, f_fd: 0.000000, 0.000000
    capacity:  0.293672823608
fd 9: 
    gains, power: 1.000000, 0.004160
    f_bs, f_fd: 0.000000, 0.000000
    capacity:  0.351704747052
fd 10: 
    gains, power: 1.000000, 0.003714
    f_bs, f_fd: 0.000000, 0.000000
    capacity:  0.312730815563
fd 11: 
    gains, power: 1.000000, 0.003181
    f_bs, f_fd: 0.000000, 0.000000
    capacity:  0.479874585973
fd 12: 
    gains, power: 1.000000, 0.004276
    f_bs, f_fd: 0.000000, 0.000000
    capacity:  0.353517755608
fd 13: 
    gains, power: 1.000000, 0.004029
    f_bs, f_fd: 0.000000, 0.000000
    capacity:  0.413888457381
fd 14: 
    gains, power: 1.000000, 0.003882
    f_bs, f_fd: 0.000000, 0.000000
    capacity:  0.368667153979
fd 15: 
    gains, power: 1.000000, 0.004750
    f_bs, f_fd: 0.000000, 0.000000
    capacity:  0.441669248373
fd 16: 
    gains, power: 1.000000, 0.004020
    f_bs, f_fd: 0.000000, 0.000000
    capacity:  0.345594328713
fd 17: 
    gains, power: 1.000000, 0.004493
    f_bs, f_fd: 0.000000, 0.000000
    capacity:  0.295931723664
fd 18: 
    gains, power: 1.000000, 0.004587
    f_bs, f_fd: 0.000000, 0.000000
    capacity:  0.334853224398
fd 19: 
    gains, power: 1.000000, 0.004174
    f_bs, f_fd: 0.000000, 0.000000
    capacity:  0.526634183894
fd 20: 
    gains, power: 1.000000, 0.003874
    f_bs, f_fd: 0.000000, 0.000000
    capacity:  0.348685123448
fd 21: 
    gains, power: 1.000000, 0.004269
    f_bs, f_fd: 0.000000, 0.000000
    capacity:  0.391121520851
fd 22: 
    gains, power: 1.000000, 0.003325
    f_bs, f_fd: 0.000000, 0.000000
    capacity:  0.443336997839
fd 23: 
    gains, power: 1.000000, 0.003256
    f_bs, f_fd: 0.000000, 0.000000
    capacity:  0.356508775847
fd 24: 
    gains, power: 1.000000, 0.003625
    f_bs, f_fd: 0.000000, 0.000000
    capacity:  0.308110617317
fd 25: 
    gains, power: 1.000000, 0.003600
    f_bs, f_fd: 0.000000, 0.000000
    capacity:  0.370549021944
fd 26: 
    gains, power: 1.000000, 0.003200
    f_bs, f_fd: 0.000000, 0.000000
    capacity:  0.357396653631
fd 27: 
    gains, power: 1.000000, 0.003615
    f_bs, f_fd: 0.000000, 0.000000
    capacity:  0.296384060371
fd 28: 
    gains, power: 1.000000, 0.003204
    f_bs, f_fd: 0.000000, 0.000000
    capacity:  0.456272342351
fd 29: 
    gains, power: 1.000000, 0.003873
    f_bs, f_fd: 0.000000, 0.000000
    capacity:  0.410679186388


*** round 0
fd 29 in coalition 0 and fd  3 in coalition 3 swap coalitions
fd 26 in coalition 0 and fd  8 in coalition 1 swap coalitions
fd 29 in coalition 3 and fd 28 in coalition 2 swap coalitions
fd  7 in coalition 0 and fd 25 in coalition 3 swap coalitions
fd 16 in coalition 3 and fd 23 in coalition 1 swap coalitions
fd  4 in coalition 3 and fd 15 in coalition 2 swap coalitions
fd 11 in coalition 2 and fd 17 in coalition 1 swap coalitions
fd 15 in coalition 3 and fd 19 in coalition 2 swap coalitions
fd  2 in coalition 0 was selected to forward
fd 26 in coalition 1 was selected to forward
fd 17 in coalition 2 was selected to forward
fd 13 in coalition 3 was selected to forward
coalitoin 0: 
    paired fds:  [9, 8, 25, 22, 3, 12, 2]
    nearby fds:  [0, 1, 2, 3, 4, 5, 6, 7, 8, 9, 10, 11, 12, 14, 16, 17, 18, 19, 20, 22, 24, 25, 26, 27, 29]
    sum capacity:  2.24069224894
coalitoin 1: 
    paired fds:  [24, 27, 6, 26, 14, 16, 10, 18, 11]
    nearby fds:  [0, 1, 2, 3, 4, 5, 6, 8, 9, 10, 11, 12, 13, 14, 15, 16, 17, 18, 19, 20, 21, 22, 23, 24, 25, 26, 27, 28, 29]
    sum capacity:  2.08316419937
coalitoin 2: 
    paired fds:  [0, 29, 1, 4, 17, 15]
    nearby fds:  [0, 1, 2, 4, 6, 7, 8, 9, 10, 11, 12, 13, 14, 15, 16, 17, 18, 19, 20, 22, 24, 25, 27, 28, 29]
    sum capacity:  2.2995526487
coalitoin 3: 
    paired fds:  [5, 21, 28, 23, 7, 13, 20, 19]
    nearby fds:  [0, 1, 3, 4, 5, 6, 7, 9, 10, 11, 12, 13, 14, 15, 16, 17, 18, 19, 20, 21, 23, 25, 26, 28, 29]
    sum capacity:  2.30188173997
fd 0: 
    gains, power: 1.000000, 0.003753
    f_bs, f_fd: 119.417501, 59.047126
    capacity:  0.419629615525
fd 1: 
    gains, power: 1.000000, 0.004460
    f_bs, f_fd: 230.877952, 105.195571
    capacity:  0.523670130458
fd 2: 
    gains, power: 107.842633, 0.003505
    f_bs, f_fd: 235.509459, 106.842633
    capacity:  0.478746525231
fd 3: 
    gains, power: 1.000000, 0.004800
    f_bs, f_fd: 117.890414, 57.214570
    capacity:  0.340707505356
fd 4: 
    gains, power: 1.000000, 0.004354
    f_bs, f_fd: 154.701833, 78.718704
    capacity:  0.433897293176
fd 5: 
    gains, power: 1.000000, 0.005200
    f_bs, f_fd: 159.135612, 81.109980
    capacity:  0.34764556742
fd 6: 
    gains, power: 1.000000, 0.007348
    f_bs, f_fd: 220.227204, 102.595268
    capacity:  0.342525906393
fd 7: 
    gains, power: 1.000000, 0.004537
    f_bs, f_fd: 117.867047, 57.201659
    capacity:  0.333982138934
fd 8: 
    gains, power: 1.000000, 0.003422
    f_bs, f_fd: 229.241684, 105.960147
    capacity:  0.439989043867
fd 9: 
    gains, power: 1.000000, 0.006196
    f_bs, f_fd: 138.582991, 70.929491
    capacity:  0.347646228907
fd 10: 
    gains, power: 1.000000, 0.007358
    f_bs, f_fd: 168.838536, 84.904625
    capacity:  0.308371243655
fd 11: 
    gains, power: 1.000000, 0.004031
    f_bs, f_fd: 156.659998, 80.342650
    capacity:  0.304788458421
fd 12: 
    gains, power: 1.000000, 0.008703
    f_bs, f_fd: 143.235720, 73.731230
    capacity:  0.349435681019
fd 13: 
    gains, power: 105.668633, 0.003389
    f_bs, f_fd: 227.250094, 104.668633
    capacity:  0.407487336082
fd 14: 
    gains, power: 1.000000, 0.004863
    f_bs, f_fd: 224.558884, 105.265833
    capacity:  0.363424816282
fd 15: 
    gains, power: 1.000000, 0.005200
    f_bs, f_fd: 131.536600, 66.962790
    capacity:  0.424386737133
fd 16: 
    gains, power: 1.000000, 0.004604
    f_bs, f_fd: 119.002736, 57.823160
    capacity:  0.29377423442
fd 17: 
    gains, power: 107.896497, 0.003893
    f_bs, f_fd: 235.904208, 106.896497
    capacity:  0.596873003864
fd 18: 
    gains, power: 1.000000, 0.006296
    f_bs, f_fd: 206.663988, 99.302339
    capacity:  0.330148546614
fd 19: 
    gains, power: 1.000000, 0.004558
    f_bs, f_fd: 113.392668, 54.628097
    capacity:  0.33297420331
fd 20: 
    gains, power: 1.000000, 0.004903
    f_bs, f_fd: 148.115179, 75.501790
    capacity:  0.343416091787
fd 21: 
    gains, power: 1.000000, 0.004544
    f_bs, f_fd: 213.571692, 101.508433
    capacity:  0.385121414388
fd 22: 
    gains, power: 1.000000, 0.003602
    f_bs, f_fd: 228.680407, 105.878548
    capacity:  0.438050562645
fd 23: 
    gains, power: 1.000000, 0.003425
    f_bs, f_fd: 134.262210, 68.146699
    capacity:  0.339022918688
fd 24: 
    gains, power: 1.000000, 0.004043
    f_bs, f_fd: 155.350590, 78.927125
    capacity:  0.30382246445
fd 25: 
    gains, power: 1.000000, 0.004440
    f_bs, f_fd: 145.776437, 74.667601
    capacity:  0.350070277179
fd 26: 
    gains, power: 105.662277, 0.002560
    f_bs, f_fd: 227.207087, 104.662277
    capacity:  0.356696069498
fd 27: 
    gains, power: 1.000000, 0.003904
    f_bs, f_fd: 112.955953, 53.365545
    capacity:  0.292276168754
fd 28: 
    gains, power: 1.000000, 0.003494
    f_bs, f_fd: 226.271007, 105.523286
    capacity:  0.419302571564
fd 29: 
    gains, power: 1.000000, 0.004836
    f_bs, f_fd: 175.106173, 88.547575
    capacity:  0.446302626514


*** round 1
fd  5 in coalition 3 and fd 26 in coalition 1 swap coalitions
fd  4 in coalition 2 and fd 14 in coalition 1 swap coalitions
fd 19 in coalition 3 and fd 11 in coalition 1 swap coalitions
fd 18 in coalition 1 and fd 22 in coalition 0 swap coalitions
fd  2 in coalition 0 was selected to forward
fd  5 in coalition 1 was selected to forward
fd 17 in coalition 2 was selected to forward
fd 13 in coalition 3 was selected to forward
coalitoin 0: 
    paired fds:  [9, 25, 8, 18, 12, 2, 3]
    nearby fds:  [0, 1, 2, 3, 4, 5, 6, 7, 8, 9, 10, 11, 12, 14, 16, 17, 18, 19, 20, 22, 24, 25, 26, 27, 29]
    sum capacity:  2.22472219915
coalitoin 1: 
    paired fds:  [24, 27, 16, 10, 4, 19, 22, 6, 5]
    nearby fds:  [0, 1, 2, 3, 4, 5, 6, 8, 9, 10, 11, 12, 13, 14, 15, 16, 17, 18, 19, 20, 21, 22, 23, 24, 25, 26, 27, 28, 29]
    sum capacity:  2.17084839419
coalitoin 2: 
    paired fds:  [1, 17, 15, 0, 29, 14]
    nearby fds:  [0, 1, 2, 4, 6, 7, 8, 9, 10, 11, 12, 13, 14, 15, 16, 17, 18, 19, 20, 22, 24, 25, 27, 28, 29]
    sum capacity:  2.3237619339
coalitoin 3: 
    paired fds:  [21, 23, 26, 13, 11, 7, 28, 20]
    nearby fds:  [0, 1, 3, 4, 5, 6, 7, 9, 10, 11, 12, 13, 14, 15, 16, 17, 18, 19, 20, 21, 23, 25, 26, 28, 29]
    sum capacity:  2.32749464479
fd 0: 
    gains, power: 1.000000, 0.004322
    f_bs, f_fd: 119.417501, 59.047126
    capacity:  0.422125009656
fd 1: 
    gains, power: 1.000000, 0.004896
    f_bs, f_fd: 230.877952, 105.195571
    capacity:  0.526905721083
fd 2: 
    gains, power: 214.685267, 0.002905
    f_bs, f_fd: 235.509459, 106.842633
    capacity:  0.50863459788
fd 3: 
    gains, power: 1.000000, 0.005152
    f_bs, f_fd: 117.890414, 57.214570
    capacity:  0.360870517349
fd 4: 
    gains, power: 1.000000, 0.005135
    f_bs, f_fd: 193.873483, 94.833478
    capacity:  0.320750976161
fd 5: 
    gains, power: 108.104525, 0.004600
    f_bs, f_fd: 237.442552, 107.104525
    capacity:  0.439634683291
fd 6: 
    gains, power: 1.000000, 0.010992
    f_bs, f_fd: 220.227204, 102.595268
    capacity:  0.342925789941
fd 7: 
    gains, power: 1.000000, 0.004833
    f_bs, f_fd: 117.867047, 57.201659
    capacity:  0.33585126923
fd 8: 
    gains, power: 1.000000, 0.003581
    f_bs, f_fd: 229.241684, 105.960147
    capacity:  0.467045235207
fd 9: 
    gains, power: 1.000000, 0.008232
    f_bs, f_fd: 138.582991, 70.929491
    capacity:  0.368274697673
fd 10: 
    gains, power: 1.000000, 0.011003
    f_bs, f_fd: 168.838536, 84.904625
    capacity:  0.308726853206
fd 11: 
    gains, power: 1.000000, 0.004881
    f_bs, f_fd: 129.539872, 65.064223
    capacity:  0.339347843459
fd 12: 
    gains, power: 1.000000, 0.013130
    f_bs, f_fd: 143.235720, 73.731230
    capacity:  0.370184576092
fd 13: 
    gains, power: 210.337267, 0.002749
    f_bs, f_fd: 227.250094, 104.668633
    capacity:  0.409829614963
fd 14: 
    gains, power: 1.000000, 0.005843
    f_bs, f_fd: 132.489430, 66.382133
    capacity:  0.426530604066
fd 15: 
    gains, power: 1.000000, 0.005650
    f_bs, f_fd: 131.536600, 66.962790
    capacity:  0.426914815983
fd 16: 
    gains, power: 1.000000, 0.005188
    f_bs, f_fd: 119.002736, 57.823160
    capacity:  0.294111239943
fd 17: 
    gains, power: 214.792994, 0.003293
    f_bs, f_fd: 235.904208, 106.896497
    capacity:  0.600662579132
fd 18: 
    gains, power: 1.000000, 0.008005
    f_bs, f_fd: 129.539872, 65.064223
    capacity:  0.364776367394
fd 19: 
    gains, power: 1.000000, 0.004941
    f_bs, f_fd: 101.142313, 44.333656
    capacity:  0.289930473843
fd 20: 
    gains, power: 1.000000, 0.005932
    f_bs, f_fd: 148.115179, 75.501790
    capacity:  0.345344599463
fd 21: 
    gains, power: 1.000000, 0.004819
    f_bs, f_fd: 213.571692, 101.508433
    capacity:  0.387317148586
fd 22: 
    gains, power: 1.000000, 0.003879
    f_bs, f_fd: 167.477465, 84.531802
    capacity:  0.308400260388
fd 23: 
    gains, power: 1.000000, 0.003594
    f_bs, f_fd: 134.262210, 68.146699
    capacity:  0.340923727082
fd 24: 
    gains, power: 1.000000, 0.004462
    f_bs, f_fd: 155.350590, 78.927125
    capacity:  0.304172256311
fd 25: 
    gains, power: 1.000000, 0.005280
    f_bs, f_fd: 145.776437, 74.667601
    capacity:  0.370861917527
fd 26: 
    gains, power: 105.662277, 0.002805
    f_bs, f_fd: 118.432668, 57.512717
    capacity:  0.335978069861
fd 27: 
    gains, power: 1.000000, 0.004194
    f_bs, f_fd: 112.955953, 53.365545
    capacity:  0.292611275619
fd 28: 
    gains, power: 1.000000, 0.003784
    f_bs, f_fd: 226.271007, 105.523286
    capacity:  0.421723193614
fd 29: 
    gains, power: 1.000000, 0.005799
    f_bs, f_fd: 175.106173, 88.547575
    capacity:  0.44898269223


*** round 2
fd 13 in coalition 3 and fd 15 in coalition 2 swap coalitions
fd  2 in coalition 0 was selected to forward
fd  5 in coalition 1 was selected to forward
fd 17 in coalition 2 was selected to forward
fd 15 in coalition 3 was selected to forward
coalitoin 0: 
    paired fds:  [3, 25, 18, 12, 8, 2, 9]
    nearby fds:  [0, 1, 2, 3, 4, 5, 6, 7, 8, 9, 10, 11, 12, 14, 16, 17, 18, 19, 20, 22, 24, 25, 26, 27, 29]
    sum capacity:  2.22472219915
coalitoin 1: 
    paired fds:  [24, 27, 16, 22, 5, 4, 19, 6, 10]
    nearby fds:  [0, 1, 2, 3, 4, 5, 6, 8, 9, 10, 11, 12, 13, 14, 15, 16, 17, 18, 19, 20, 21, 22, 23, 24, 25, 26, 27, 28, 29]
    sum capacity:  2.17084839419
coalitoin 2: 
    paired fds:  [0, 13, 17, 1, 14, 29]
    nearby fds:  [0, 1, 2, 4, 6, 7, 8, 9, 10, 11, 12, 13, 14, 15, 16, 17, 18, 19, 20, 22, 24, 25, 27, 28, 29]
    sum capacity:  2.28332026218
coalitoin 3: 
    paired fds:  [23, 28, 11, 21, 15, 7, 20, 26]
    nearby fds:  [0, 1, 3, 4, 5, 6, 7, 9, 10, 11, 12, 13, 14, 15, 16, 17, 18, 19, 20, 21, 23, 25, 26, 28, 29]
    sum capacity:  2.34921457433
fd 0: 
    gains, power: 1.000000, 0.004890
    f_bs, f_fd: 119.417501, 59.047126
    capacity:  0.413581475052
fd 1: 
    gains, power: 1.000000, 0.005332
    f_bs, f_fd: 230.877952, 105.195571
    capacity:  0.515834829107
fd 2: 
    gains, power: 321.527900, 0.002305
    f_bs, f_fd: 235.509459, 106.842633
    capacity:  0.50863459788
fd 3: 
    gains, power: 1.000000, 0.005504
    f_bs, f_fd: 117.890414, 57.214570
    capacity:  0.360870517349
fd 4: 
    gains, power: 1.000000, 0.005915
    f_bs, f_fd: 193.873483, 94.833478
    capacity:  0.320750976161
fd 5: 
    gains, power: 215.209050, 0.004000
    f_bs, f_fd: 237.442552, 107.104525
    capacity:  0.439634683291
fd 6: 
    gains, power: 1.000000, 0.014637
    f_bs, f_fd: 220.227204, 102.595268
    capacity:  0.342925789941
fd 7: 
    gains, power: 1.000000, 0.005130
    f_bs, f_fd: 117.867047, 57.201659
    capacity:  0.330211679079
fd 8: 
    gains, power: 1.000000, 0.003739
    f_bs, f_fd: 229.241684, 105.960147
    capacity:  0.467045235207
fd 9: 
    gains, power: 1.000000, 0.010268
    f_bs, f_fd: 138.582991, 70.929491
    capacity:  0.368274697673
fd 10: 
    gains, power: 1.000000, 0.014647
    f_bs, f_fd: 168.838536, 84.904625
    capacity:  0.308726853206
fd 11: 
    gains, power: 1.000000, 0.005731
    f_bs, f_fd: 129.539872, 65.064223
    capacity:  0.333642490301
fd 12: 
    gains, power: 1.000000, 0.017557
    f_bs, f_fd: 143.235720, 73.731230
    capacity:  0.370184576092
fd 13: 
    gains, power: 210.337267, 0.003442
    f_bs, f_fd: 193.678706, 94.793296
    capacity:  0.452347709607
fd 14: 
    gains, power: 1.000000, 0.006823
    f_bs, f_fd: 132.489430, 66.382133
    capacity:  0.41788437392
fd 15: 
    gains, power: 107.283344, 0.005050
    f_bs, f_fd: 231.494519, 106.283344
    capacity:  0.431549544502
fd 16: 
    gains, power: 1.000000, 0.005772
    f_bs, f_fd: 119.002736, 57.823160
    capacity:  0.294111239943
fd 17: 
    gains, power: 321.689491, 0.002693
    f_bs, f_fd: 235.904208, 106.896497
    capacity:  0.58770218509
fd 18: 
    gains, power: 1.000000, 0.009714
    f_bs, f_fd: 129.539872, 65.064223
    capacity:  0.364776367394
fd 19: 
    gains, power: 1.000000, 0.005324
    f_bs, f_fd: 101.142313, 44.333656
    capacity:  0.289930473843
fd 20: 
    gains, power: 1.000000, 0.006961
    f_bs, f_fd: 148.115179, 75.501790
    capacity:  0.339526095549
fd 21: 
    gains, power: 1.000000, 0.005093
    f_bs, f_fd: 213.571692, 101.508433
    capacity:  0.38069363087
fd 22: 
    gains, power: 1.000000, 0.004157
    f_bs, f_fd: 167.477465, 84.531802
    capacity:  0.308400260388
fd 23: 
    gains, power: 1.000000, 0.003763
    f_bs, f_fd: 134.262210, 68.146699
    capacity:  0.335188683794
fd 24: 
    gains, power: 1.000000, 0.004880
    f_bs, f_fd: 155.350590, 78.927125
    capacity:  0.304172256311
fd 25: 
    gains, power: 1.000000, 0.006121
    f_bs, f_fd: 145.776437, 74.667601
    capacity:  0.370861917527
fd 26: 
    gains, power: 105.662277, 0.003050
    f_bs, f_fd: 118.432668, 57.512717
    capacity:  0.330336097596
fd 27: 
    gains, power: 1.000000, 0.004483
    f_bs, f_fd: 112.955953, 53.365545
    capacity:  0.292611275619
fd 28: 
    gains, power: 1.000000, 0.004074
    f_bs, f_fd: 226.271007, 105.523286
    capacity:  0.414422438809
fd 29: 
    gains, power: 1.000000, 0.006762
    f_bs, f_fd: 175.106173, 88.547575
    capacity:  0.439808314181


*** round 3
fd  4 in coalition 1 and fd 11 in coalition 3 swap coalitions
fd  1 in coalition 2 and fd 22 in coalition 1 swap coalitions
fd 29 in coalition 2 and fd  1 in coalition 1 swap coalitions
fd  7 in coalition 3 and fd 13 in coalition 2 swap coalitions
fd 16 in coalition 1 and fd  3 in coalition 0 swap coalitions
fd  4 in coalition 3 and fd  1 in coalition 2 swap coalitions
fd  2 in coalition 0 was selected to forward
fd  5 in coalition 1 was selected to forward
fd 17 in coalition 2 was selected to forward
fd 15 in coalition 3 was selected to forward
coalitoin 0: 
    paired fds:  [25, 8, 9, 12, 2, 18, 16]
    nearby fds:  [0, 1, 2, 3, 4, 5, 6, 7, 8, 9, 10, 11, 12, 14, 16, 17, 18, 19, 20, 22, 24, 25, 26, 27, 29]
    sum capacity:  2.2267112371
coalitoin 1: 
    paired fds:  [24, 5, 19, 11, 10, 29, 27, 6, 3]
    nearby fds:  [0, 1, 2, 3, 4, 5, 6, 8, 9, 10, 11, 12, 13, 14, 15, 16, 17, 18, 19, 20, 21, 22, 23, 24, 25, 26, 27, 28, 29]
    sum capacity:  2.14166774788
coalitoin 2: 
    paired fds:  [17, 14, 22, 0, 7, 4]
    nearby fds:  [0, 1, 2, 4, 6, 7, 8, 9, 10, 11, 12, 13, 14, 15, 16, 17, 18, 19, 20, 22, 24, 25, 27, 28, 29]
    sum capacity:  2.24910716485
coalitoin 3: 
    paired fds:  [23, 21, 26, 28, 20, 15, 13, 1]
    nearby fds:  [0, 1, 3, 4, 5, 6, 7, 9, 10, 11, 12, 13, 14, 15, 16, 17, 18, 19, 20, 21, 23, 25, 26, 28, 29]
    sum capacity:  2.27936183532
fd 0: 
    gains, power: 1.000000, 0.005459
    f_bs, f_fd: 119.417501, 59.047126
    capacity:  0.420299763658
fd 1: 
    gains, power: 1.000000, 0.005768
    f_bs, f_fd: 183.123309, 91.486303
    capacity:  0.335868522204
fd 2: 
    gains, power: 428.370534, 0.001705
    f_bs, f_fd: 235.509459, 106.842633
    capacity:  0.500627196098
fd 3: 
    gains, power: 1.000000, 0.005857
    f_bs, f_fd: 235.334064, 106.818637
    capacity:  0.380598007435
fd 4: 
    gains, power: 1.000000, 0.006696
    f_bs, f_fd: 154.701833, 78.718704
    capacity:  0.434593837592
fd 5: 
    gains, power: 322.313575, 0.003400
    f_bs, f_fd: 237.442552, 107.104525
    capacity:  0.413563297778
fd 6: 
    gains, power: 1.000000, 0.018281
    f_bs, f_fd: 220.227204, 102.595268
    capacity:  0.32324585903
fd 7: 
    gains, power: 1.000000, 0.005426
    f_bs, f_fd: 231.320742, 106.258657
    capacity:  0.553216411123
fd 8: 
    gains, power: 1.000000, 0.003898
    f_bs, f_fd: 229.241684, 105.960147
    capacity:  0.45980174611
fd 9: 
    gains, power: 1.000000, 0.012304
    f_bs, f_fd: 138.582991, 70.929491
    capacity:  0.36276105563
fd 10: 
    gains, power: 1.000000, 0.018292
    f_bs, f_fd: 168.838536, 84.904625
    capacity:  0.291212927552
fd 11: 
    gains, power: 1.000000, 0.006581
    f_bs, f_fd: 156.659998, 80.342650
    capacity:  0.287849990839
fd 12: 
    gains, power: 1.000000, 0.021984
    f_bs, f_fd: 143.235720, 73.731230
    capacity:  0.36463857634
fd 13: 
    gains, power: 210.337267, 0.004134
    f_bs, f_fd: 227.250094, 104.668633
    capacity:  0.380483893466
fd 14: 
    gains, power: 1.000000, 0.007803
    f_bs, f_fd: 132.489430, 66.382133
    capacity:  0.4246833664
fd 15: 
    gains, power: 213.566687, 0.004450
    f_bs, f_fd: 231.494519, 106.283344
    capacity:  0.40744069523
fd 16: 
    gains, power: 1.000000, 0.006355
    f_bs, f_fd: 177.829534, 89.225682
    capacity:  0.379992679467
fd 17: 
    gains, power: 428.585988, 0.002093
    f_bs, f_fd: 235.904208, 106.896497
    capacity:  0.597890375755
fd 18: 
    gains, power: 1.000000, 0.011423
    f_bs, f_fd: 129.539872, 65.064223
    capacity:  0.359321885968
fd 19: 
    gains, power: 1.000000, 0.005708
    f_bs, f_fd: 101.142313, 44.333656
    capacity:  0.273586692935
fd 20: 
    gains, power: 1.000000, 0.007990
    f_bs, f_fd: 148.115179, 75.501790
    capacity:  0.321143118252
fd 21: 
    gains, power: 1.000000, 0.005368
    f_bs, f_fd: 213.571692, 101.508433
    capacity:  0.359791425967
fd 22: 
    gains, power: 1.000000, 0.004434
    f_bs, f_fd: 113.681097, 54.800342
    capacity:  0.41808809887
fd 23: 
    gains, power: 1.000000, 0.003932
    f_bs, f_fd: 134.262210, 68.146699
    capacity:  0.317067222363
fd 24: 
    gains, power: 1.000000, 0.005299
    f_bs, f_fd: 155.350590, 78.927125
    capacity:  0.286943184972
fd 25: 
    gains, power: 1.000000, 0.006961
    f_bs, f_fd: 145.776437, 74.667601
    capacity:  0.365304431941
fd 26: 
    gains, power: 105.662277, 0.003294
    f_bs, f_fd: 118.432668, 57.512717
    capacity:  0.31250633905
fd 27: 
    gains, power: 1.000000, 0.004772
    f_bs, f_fd: 112.955953, 53.365545
    capacity:  0.2761014777
fd 28: 
    gains, power: 1.000000, 0.004363
    f_bs, f_fd: 226.271007, 105.523286
    capacity:  0.391405361229
fd 29: 
    gains, power: 1.000000, 0.007725
    f_bs, f_fd: 178.634676, 89.422221
    capacity:  0.29542457958


*** round 4
fd 24 in coalition 1 and fd 25 in coalition 0 swap coalitions
fd  1 in coalition 3 and fd  9 in coalition 0 swap coalitions
fd 26 in coalition 3 and fd 16 in coalition 0 swap coalitions
fd 29 in coalition 1 and fd 16 in coalition 3 swap coalitions
fd 12 in coalition 0 and fd  9 in coalition 3 swap coalitions
fd  6 in coalition 1 and fd  1 in coalition 0 swap coalitions
fd  2 in coalition 0 was selected to forward
fd  5 in coalition 1 was selected to forward
fd 17 in coalition 2 was selected to forward
fd 15 in coalition 3 was selected to forward
coalitoin 0: 
    paired fds:  [8, 24, 2, 26, 18, 9, 6]
    nearby fds:  [0, 1, 2, 3, 4, 5, 6, 7, 8, 9, 10, 11, 12, 14, 16, 17, 18, 19, 20, 22, 24, 25, 26, 27, 29]
    sum capacity:  2.23382439214
coalitoin 1: 
    paired fds:  [5, 11, 27, 25, 3, 10, 19, 16, 1]
    nearby fds:  [0, 1, 2, 3, 4, 5, 6, 8, 9, 10, 11, 12, 13, 14, 15, 16, 17, 18, 19, 20, 21, 22, 23, 24, 25, 26, 27, 28, 29]
    sum capacity:  2.19510001053
coalitoin 2: 
    paired fds:  [22, 0, 7, 17, 4, 14]
    nearby fds:  [0, 1, 2, 4, 6, 7, 8, 9, 10, 11, 12, 13, 14, 15, 16, 17, 18, 19, 20, 22, 24, 25, 27, 28, 29]
    sum capacity:  2.24910716485
coalitoin 3: 
    paired fds:  [23, 21, 28, 20, 13, 12, 29, 15]
    nearby fds:  [0, 1, 3, 4, 5, 6, 7, 9, 10, 11, 12, 13, 14, 15, 16, 17, 18, 19, 20, 21, 23, 25, 26, 28, 29]
    sum capacity:  2.2194365264
fd 0: 
    gains, power: 1.000000, 0.006028
    f_bs, f_fd: 119.417501, 59.047126
    capacity:  0.420299763658
fd 1: 
    gains, power: 1.000000, 0.006204
    f_bs, f_fd: 106.931705, 49.511299
    capacity:  0.27468795228
fd 2: 
    gains, power: 535.213167, 0.001105
    f_bs, f_fd: 235.509459, 106.842633
    capacity:  0.469454843323
fd 3: 
    gains, power: 1.000000, 0.006209
    f_bs, f_fd: 235.334064, 106.818637
    capacity:  0.3801781903
fd 4: 
    gains, power: 1.000000, 0.007476
    f_bs, f_fd: 154.701833, 78.718704
    capacity:  0.434593837592
fd 5: 
    gains, power: 429.418101, 0.002800
    f_bs, f_fd: 237.442552, 107.104525
    capacity:  0.413101641831
fd 6: 
    gains, power: 1.000000, 0.021926
    f_bs, f_fd: 166.780953, 85.338696
    capacity:  0.35262125533
fd 7: 
    gains, power: 1.000000, 0.005723
    f_bs, f_fd: 231.320742, 106.258657
    capacity:  0.553216411123
fd 8: 
    gains, power: 1.000000, 0.004056
    f_bs, f_fd: 229.241684, 105.960147
    capacity:  0.431566971923
fd 9: 
    gains, power: 1.000000, 0.014339
    f_bs, f_fd: 138.582991, 70.929491
    capacity:  0.341206276231
fd 10: 
    gains, power: 1.000000, 0.021936
    f_bs, f_fd: 168.838536, 84.904625
    capacity:  0.290901866758
fd 11: 
    gains, power: 1.000000, 0.007431
    f_bs, f_fd: 156.659998, 80.342650
    capacity:  0.287542891876
fd 12: 
    gains, power: 1.000000, 0.026411
    f_bs, f_fd: 212.743316, 101.368128
    capacity:  0.353208805124
fd 13: 
    gains, power: 210.337267, 0.004826
    f_bs, f_fd: 227.250094, 104.668633
    capacity:  0.374099500298
fd 14: 
    gains, power: 1.000000, 0.008783
    f_bs, f_fd: 132.489430, 66.382133
    capacity:  0.4246833664
fd 15: 
    gains, power: 319.850031, 0.003850
    f_bs, f_fd: 231.494519, 106.283344
    capacity:  0.400538113911
fd 16: 
    gains, power: 1.000000, 0.006939
    f_bs, f_fd: 119.002736, 57.823160
    capacity:  0.277213452382
fd 17: 
    gains, power: 535.482485, 0.001493
    f_bs, f_fd: 235.904208, 106.896497
    capacity:  0.597890375755
fd 18: 
    gains, power: 1.000000, 0.013132
    f_bs, f_fd: 129.539872, 65.064223
    capacity:  0.33799625172
fd 19: 
    gains, power: 1.000000, 0.006091
    f_bs, f_fd: 101.142313, 44.333656
    capacity:  0.273296295219
fd 20: 
    gains, power: 1.000000, 0.009019
    f_bs, f_fd: 148.115179, 75.501790
    capacity:  0.315866501895
fd 21: 
    gains, power: 1.000000, 0.005643
    f_bs, f_fd: 213.571692, 101.508433
    capacity:  0.353798408424
fd 22: 
    gains, power: 1.000000, 0.004712
    f_bs, f_fd: 113.681097, 54.800342
    capacity:  0.41808809887
fd 23: 
    gains, power: 1.000000, 0.004101
    f_bs, f_fd: 134.262210, 68.146699
    capacity:  0.311865066251
fd 24: 
    gains, power: 1.000000, 0.005717
    f_bs, f_fd: 232.233619, 106.387890
    capacity:  0.444282397134
fd 25: 
    gains, power: 1.000000, 0.007801
    f_bs, f_fd: 230.323288, 106.116174
    capacity:  0.355666665203
fd 26: 
    gains, power: 105.662277, 0.003539
    f_bs, f_fd: 155.350590, 78.927125
    capacity:  0.346707058232
fd 27: 
    gains, power: 1.000000, 0.005061
    f_bs, f_fd: 112.955953, 53.365545
    capacity:  0.275808147324
fd 28: 
    gains, power: 1.000000, 0.004653
    f_bs, f_fd: 226.271007, 105.523286
    capacity:  0.384812169332
fd 29: 
    gains, power: 1.000000, 0.008688
    f_bs, f_fd: 131.428020, 66.914622
    capacity:  0.311281263716
capacity history:  [8.925290836985544, 9.046827172029436, 9.028105429853868, 8.896847985152013, 8.897468093918]
f_bs_his:  [925.8708480839066, 936.1063126026852, 940.3507374483944, 940.3507374483944, 940.3507374483944]
***********************
coalition_history =  [[{'capacity': 2.240692248943479, 'paired_fds': [9, 8, 25, 22, 3, 12, 2], 'fairness': (31.69430729093921, 0.4094280086738357)}, {'capacity': 2.083164199370078, 'paired_fds': [24, 27, 6, 26, 14, 16, 10, 18, 11], 'fairness': (7.044115496947864, 0.4280391744917489)}, {'capacity': 2.2995526487034215, 'paired_fds': [0, 29, 1, 4, 17, 15], 'fairness': (6.438970316024151, 0.37208055881691304)}, {'capacity': 2.3018817399685667, 'paired_fds': [5, 21, 28, 23, 7, 13, 20, 19], 'fairness': (3.574681537591874, 0.43034920047687264)}], [{'capacity': 2.2247221991476174, 'paired_fds': [9, 25, 8, 18, 12, 2, 3], 'fairness': (9.130345960574534, 0.2716135118052261)}, {'capacity': 2.1708483941935723, 'paired_fds': [24, 27, 16, 10, 4, 19, 22, 6, 5], 'fairness': (34.276334624829076, 0.45358537860960035)}, {'capacity': 2.3237619338978686, 'paired_fds': [1, 17, 15, 0, 29, 14], 'fairness': (12.691646746565137, 0.27666102986129243)}, {'capacity': 2.3274946447903777, 'paired_fds': [21, 23, 26, 13, 11, 7, 28, 20], 'fairness': (21.334170274487033, 0.3242773905341352)}], [{'capacity': 2.2247221991476174, 'paired_fds': [3, 25, 18, 12, 8, 2, 9], 'fairness': (21.389164066519097, 0.22711385656064378)}, {'capacity': 2.170848394193573, 'paired_fds': [24, 27, 16, 22, 5, 4, 19, 6, 10], 'fairness': (20.34870103532833, 0.2917422565633699)}, {'capacity': 2.283320262182802, 'paired_fds': [0, 13, 17, 1, 14, 29], 'fairness': (64.87493692229859, 0.36831659003514716)}, {'capacity': 2.349214574329876, 'paired_fds': [23, 28, 11, 21, 15, 7, 20, 26], 'fairness': (7.630657403380624, 0.3633264894656549)}], [{'capacity': 2.226711237100109, 'paired_fds': [25, 8, 9, 12, 2, 18, 16], 'fairness': (53.82033262753157, 0.19777427410170326)}, {'capacity': 2.1416677478776407, 'paired_fds': [24, 5, 19, 11, 10, 29, 27, 6, 3], 'fairness': (79.15553371388013, 0.23356529317430091)}, {'capacity': 2.2491071648534993, 'paired_fds': [17, 14, 22, 0, 7, 4], 'fairness': (40.82487260438023, 0.22774805186011832)}, {'capacity': 2.279361835320763, 'paired_fds': [23, 21, 26, 28, 20, 15, 13, 1], 'fairness': (51.489779334629645, 0.40684930456259866)}], [{'capacity': 2.233824392135677, 'paired_fds': [8, 24, 2, 26, 18, 9, 6], 'fairness': (54.26018419710464, 0.3152650303518117)}, {'capacity': 2.1951000105302017, 'paired_fds': [5, 11, 27, 25, 3, 10, 19, 16, 1], 'fairness': (10.178704927841107, 0.22743182970100217)}, {'capacity': 2.2491071648534993, 'paired_fds': [22, 0, 7, 17, 4, 14], 'fairness': (32.55834249633758, 0.2152073073814659)}, {'capacity': 2.2194365263986224, 'paired_fds': [23, 21, 28, 20, 13, 12, 29, 15], 'fairness': (109.56856815509214, 0.2966788233410185)}]]
***********************
fd_history =  [[{'f_fd': 59.047125707417024, 'gains': 1.0, 'power': 0.0037529765778019203, 'coalition': 2, 'N': 1.0, 'f_bs': 119.41750057817302, 'N1': 31, 'loss_rate': 0.880097}, {'f_fd': 105.1955714086593, 'gains': 1.0, 'power': 0.004459566638727966, 'coalition': 2, 'N': 1.0, 'f_bs': 230.87795189503504, 'N1': 16, 'loss_rate': 0.124469}, {'f_fd': 106.84263340131935, 'gains': 107.84263340131935, 'power': 0.0035054684101391816, 'coalition': 0, 'N': 1.0, 'f_bs': 235.5094591540522, 'N1': 15, 'loss_rate': 0.02464}, {'f_fd': 57.21456989640721, 'gains': 1.0, 'power': 0.004799513534342065, 'coalition': 0, 'N': 1.0, 'f_bs': 117.89041410985705, 'N1': 32, 'loss_rate': 0.886862}, {'f_fd': 78.71870389974049, 'gains': 1.0, 'power': 0.004353908735481389, 'coalition': 2, 'N': 1.0, 'f_bs': 154.70183325627636, 'N1': 26, 'loss_rate': 0.761537}, {'f_fd': 81.1099796613077, 'gains': 1.0, 'power': 0.005199713184496224, 'coalition': 3, 'N': 1.0, 'f_bs': 159.13561175623767, 'N1': 25, 'loss_rate': 0.737909}, {'f_fd': 102.5952677104014, 'gains': 1.0, 'power': 0.00734796889819137, 'coalition': 1, 'N': 1.0, 'f_bs': 220.22720380496708, 'N1': 17, 'loss_rate': 0.25569}, {'f_fd': 57.20165888061304, 'gains': 1.0, 'power': 0.004536899010583968, 'coalition': 3, 'N': 1.0, 'f_bs': 117.86704723744695, 'N1': 32, 'loss_rate': 0.886908}, {'f_fd': 105.96014675073121, 'gains': 1.0, 'power': 0.0034224455426324803, 'coalition': 0, 'N': 1.0, 'f_bs': 229.24168354381953, 'N1': 15, 'loss_rate': 0.080426}, {'f_fd': 70.92949143686124, 'gains': 1.0, 'power': 0.006195716473032508, 'coalition': 0, 'N': 1.0, 'f_bs': 138.58299144468035, 'N1': 28, 'loss_rate': 0.821417}, {'f_fd': 84.90462537943043, 'gains': 1.0, 'power': 0.007358447038100268, 'coalition': 1, 'N': 1.0, 'f_bs': 168.83853622259957, 'N1': 24, 'loss_rate': 0.693338}, {'f_fd': 80.34264980219734, 'gains': 1.0, 'power': 0.004030786971531, 'coalition': 1, 'N': 1.0, 'f_bs': 156.65999840838742, 'N1': 25, 'loss_rate': 0.745826}, {'f_fd': 73.73123041327197, 'gains': 1.0, 'power': 0.00870284251747588, 'coalition': 0, 'N': 1.0, 'f_bs': 143.23572044645158, 'N1': 27, 'loss_rate': 0.802434}, {'f_fd': 104.66863326199058, 'gains': 105.66863326199058, 'power': 0.0033894711127293014, 'coalition': 3, 'N': 1.0, 'f_bs': 227.2500937691937, 'N1': 16, 'loss_rate': 0.154038}, {'f_fd': 105.26583327460915, 'gains': 1.0, 'power': 0.004862595736071721, 'coalition': 1, 'N': 1.0, 'f_bs': 224.5588842048363, 'N1': 15, 'loss_rate': 0.120521}, {'f_fd': 66.96278988971027, 'gains': 1.0, 'power': 0.005199848275893079, 'coalition': 2, 'N': 1.0, 'f_bs': 131.5365999883315, 'N1': 29, 'loss_rate': 0.844411}, {'f_fd': 57.823159942447575, 'gains': 1.0, 'power': 0.004604013884611983, 'coalition': 1, 'N': 1.0, 'f_bs': 119.00273610689496, 'N1': 32, 'loss_rate': 0.884666}, {'f_fd': 106.8964969977379, 'gains': 107.8964969977379, 'power': 0.003893441020196793, 'coalition': 2, 'N': 1.0, 'f_bs': 235.9042079026987, 'N1': 15, 'loss_rate': 0.021043}, {'f_fd': 99.30233938458917, 'gains': 1.0, 'power': 0.006296231189570316, 'coalition': 1, 'N': 1.0, 'f_bs': 206.66398761861967, 'N1': 18, 'loss_rate': 0.385103}, {'f_fd': 54.6280968559866, 'gains': 1.0, 'power': 0.0045576705024041346, 'coalition': 3, 'N': 1.0, 'f_bs': 113.392668079977, 'N1': 32, 'loss_rate': 0.89562}, {'f_fd': 75.50179033994647, 'gains': 1.0, 'power': 0.00490312913913381, 'coalition': 3, 'N': 1.0, 'f_bs': 148.1151789657087, 'N1': 27, 'loss_rate': 0.789073}, {'f_fd': 101.50843281201023, 'gains': 1.0, 'power': 0.004543979465468061, 'coalition': 3, 'N': 1.0, 'f_bs': 213.5716916957937, 'N1': 17, 'loss_rate': 0.302553}, {'f_fd': 105.87854794773418, 'gains': 1.0, 'power': 0.0036020530534766875, 'coalition': 0, 'N': 1.0, 'f_bs': 228.68040685397304, 'N1': 15, 'loss_rate': 0.085302}, {'f_fd': 68.14669912782833, 'gains': 1.0, 'power': 0.0034246741277299654, 'coalition': 3, 'N': 1.0, 'f_bs': 134.2622102714818, 'N1': 29, 'loss_rate': 0.837982}, {'f_fd': 78.92712524433094, 'gains': 1.0, 'power': 0.004043159184985593, 'coalition': 1, 'N': 1.0, 'f_bs': 155.35059049063884, 'N1': 26, 'loss_rate': 0.759579}, {'f_fd': 74.66760085418144, 'gains': 1.0, 'power': 0.004440076319096751, 'coalition': 0, 'N': 1.0, 'f_bs': 145.7764365440293, 'N1': 27, 'loss_rate': 0.795528}, {'f_fd': 104.6622772866414, 'gains': 105.6622772866414, 'power': 0.0025596528269926, 'coalition': 1, 'N': 1.0, 'f_bs': 227.20708725796194, 'N1': 16, 'loss_rate': 0.154384}, {'f_fd': 53.36554485042103, 'gains': 1.0, 'power': 0.0039043893043989386, 'coalition': 1, 'N': 1.0, 'f_bs': 112.95595346581865, 'N1': 33, 'loss_rate': 0.899598}, {'f_fd': 105.52328639619546, 'gains': 1.0, 'power': 0.003493980286590894, 'coalition': 3, 'N': 1.0, 'f_bs': 226.27100722889165, 'N1': 15, 'loss_rate': 0.106015}, {'f_fd': 88.54757532934053, 'gains': 1.0, 'power': 0.004835595737084711, 'coalition': 2, 'N': 1.0, 'f_bs': 175.10617281656073, 'N1': 22, 'loss_rate': 0.640452}], [{'f_fd': 59.047125707417024, 'gains': 1.0, 'power': 0.004321634442173877, 'coalition': 2, 'N': 1.0, 'f_bs': 119.41750057817302, 'N1': 31, 'loss_rate': 0.880097}, {'f_fd': 105.1955714086593, 'gains': 1.0, 'power': 0.00489555019634295, 'coalition': 2, 'N': 1.0, 'f_bs': 230.87795189503504, 'N1': 16, 'loss_rate': 0.124469}, {'f_fd': 106.84263340131935, 'gains': 214.6852668026387, 'power': 0.0029054684101391818, 'coalition': 0, 'N': 1.0, 'f_bs': 235.5094591540522, 'N1': 15, 'loss_rate': 0.02464}, {'f_fd': 57.21456989640721, 'gains': 1.0, 'power': 0.005151886997307594, 'coalition': 0, 'N': 1.0, 'f_bs': 117.89041410985705, 'N1': 32, 'loss_rate': 0.886862}, {'f_fd': 94.83347765494241, 'gains': 1.0, 'power': 0.005134551484205023, 'coalition': 1, 'N': 1.0, 'f_bs': 193.87348330564961, 'N1': 20, 'loss_rate': 0.514759}, {'f_fd': 107.10452516659512, 'gains': 108.10452516659512, 'power': 0.004599713184496224, 'coalition': 1, 'N': 1.0, 'f_bs': 237.44255177674057, 'N1': 15, 'loss_rate': 0.006929}, {'f_fd': 102.5952677104014, 'gains': 1.0, 'power': 0.010992406040022695, 'coalition': 1, 'N': 1.0, 'f_bs': 220.22720380496708, 'N1': 17, 'loss_rate': 0.25569}, {'f_fd': 57.20165888061304, 'gains': 1.0, 'power': 0.004833367829762156, 'coalition': 3, 'N': 1.0, 'f_bs': 117.86704723744695, 'N1': 32, 'loss_rate': 0.886908}, {'f_fd': 105.96014675073121, 'gains': 1.0, 'power': 0.0035808232431538416, 'coalition': 0, 'N': 1.0, 'f_bs': 229.24168354381953, 'N1': 15, 'loss_rate': 0.080426}, {'f_fd': 70.92949143686124, 'gains': 1.0, 'power': 0.008231652036833341, 'coalition': 0, 'N': 1.0, 'f_bs': 138.58299144468035, 'N1': 28, 'loss_rate': 0.821417}, {'f_fd': 84.90462537943043, 'gains': 1.0, 'power': 0.011002884179931593, 'coalition': 1, 'N': 1.0, 'f_bs': 168.83853622259957, 'N1': 24, 'loss_rate': 0.693338}, {'f_fd': 65.06422315218657, 'gains': 1.0, 'power': 0.0048808425419839254, 'coalition': 3, 'N': 1.0, 'f_bs': 129.53987187359525, 'N1': 30, 'loss_rate': 0.854088}, {'f_fd': 73.73123041327197, 'gains': 1.0, 'power': 0.013129977568962257, 'coalition': 0, 'N': 1.0, 'f_bs': 143.23572044645158, 'N1': 27, 'loss_rate': 0.802434}, {'f_fd': 104.66863326199058, 'gains': 210.33726652398116, 'power': 0.0027494711127293014, 'coalition': 3, 'N': 1.0, 'f_bs': 227.2500937691937, 'N1': 16, 'loss_rate': 0.154038}, {'f_fd': 66.38213320344012, 'gains': 1.0, 'power': 0.0058427489644097145, 'coalition': 2, 'N': 1.0, 'f_bs': 132.48943048932148, 'N1': 30, 'loss_rate': 0.847436}, {'f_fd': 66.96278988971027, 'gains': 1.0, 'power': 0.005650116619013537, 'coalition': 2, 'N': 1.0, 'f_bs': 131.5365999883315, 'N1': 29, 'loss_rate': 0.844411}, {'f_fd': 57.823159942447575, 'gains': 1.0, 'power': 0.005187768860427443, 'coalition': 1, 'N': 1.0, 'f_bs': 119.00273610689496, 'N1': 32, 'loss_rate': 0.884666}, {'f_fd': 106.8964969977379, 'gains': 214.7929939954758, 'power': 0.0032934410201967933, 'coalition': 2, 'N': 1.0, 'f_bs': 235.9042079026987, 'N1': 15, 'loss_rate': 0.021043}, {'f_fd': 65.06422315218657, 'gains': 1.0, 'power': 0.008005151196491223, 'coalition': 0, 'N': 1.0, 'f_bs': 129.53987187359525, 'N1': 30, 'loss_rate': 0.854088}, {'f_fd': 44.33365555358709, 'gains': 1.0, 'power': 0.004940961102445663, 'coalition': 1, 'N': 1.0, 'f_bs': 101.14231299887383, 'N1': 34, 'loss_rate': 0.923413}, {'f_fd': 75.50179033994647, 'gains': 1.0, 'power': 0.005932213573878693, 'coalition': 3, 'N': 1.0, 'f_bs': 148.1151789657087, 'N1': 27, 'loss_rate': 0.789073}, {'f_fd': 101.50843281201023, 'gains': 1.0, 'power': 0.004818716292903076, 'coalition': 3, 'N': 1.0, 'f_bs': 213.5716916957937, 'N1': 17, 'loss_rate': 0.302553}, {'f_fd': 84.53180167013238, 'gains': 1.0, 'power': 0.00387944713365813, 'coalition': 1, 'N': 1.0, 'f_bs': 167.47746478712827, 'N1': 24, 'loss_rate': 0.69819}, {'f_fd': 68.14669912782833, 'gains': 1.0, 'power': 0.00359364009152901, 'coalition': 3, 'N': 1.0, 'f_bs': 134.2622102714818, 'N1': 29, 'loss_rate': 0.837982}, {'f_fd': 78.92712524433094, 'gains': 1.0, 'power': 0.0044617144658685055, 'coalition': 1, 'N': 1.0, 'f_bs': 155.35059049063884, 'N1': 26, 'loss_rate': 0.759579}, {'f_fd': 74.66760085418144, 'gains': 1.0, 'power': 0.005280386029506267, 'coalition': 0, 'N': 1.0, 'f_bs': 145.7764365440293, 'N1': 27, 'loss_rate': 0.795528}, {'f_fd': 57.512717455117, 'gains': 105.6622772866414, 'power': 0.002804600143246395, 'coalition': 3, 'N': 1.0, 'f_bs': 118.43266780648726, 'N1': 32, 'loss_rate': 0.885793}, {'f_fd': 53.36554485042103, 'gains': 1.0, 'power': 0.004193579625605195, 'coalition': 1, 'N': 1.0, 'f_bs': 112.95595346581865, 'N1': 33, 'loss_rate': 0.899598}, {'f_fd': 105.52328639619546, 'gains': 1.0, 'power': 0.0037838059116662324, 'coalition': 3, 'N': 1.0, 'f_bs': 226.27100722889165, 'N1': 15, 'loss_rate': 0.106015}, {'f_fd': 88.54757532934053, 'gains': 1.0, 'power': 0.005798578397918973, 'coalition': 2, 'N': 1.0, 'f_bs': 175.10617281656073, 'N1': 22, 'loss_rate': 0.640452}], [{'f_fd': 59.047125707417024, 'gains': 1.0, 'power': 0.004890292306545833, 'coalition': 2, 'N': 1.0, 'f_bs': 119.41750057817302, 'N1': 31, 'loss_rate': 0.880097}, {'f_fd': 105.1955714086593, 'gains': 1.0, 'power': 0.005331533753957934, 'coalition': 2, 'N': 1.0, 'f_bs': 230.87795189503504, 'N1': 16, 'loss_rate': 0.124469}, {'f_fd': 106.84263340131935, 'gains': 321.52790020395804, 'power': 0.002305468410139182, 'coalition': 0, 'N': 1.0, 'f_bs': 235.5094591540522, 'N1': 15, 'loss_rate': 0.02464}, {'f_fd': 57.21456989640721, 'gains': 1.0, 'power': 0.005504260460273122, 'coalition': 0, 'N': 1.0, 'f_bs': 117.89041410985705, 'N1': 32, 'loss_rate': 0.886862}, {'f_fd': 94.83347765494241, 'gains': 1.0, 'power': 0.005915194232928656, 'coalition': 1, 'N': 1.0, 'f_bs': 193.87348330564961, 'N1': 20, 'loss_rate': 0.514759}, {'f_fd': 107.10452516659512, 'gains': 215.20905033319025, 'power': 0.003999713184496224, 'coalition': 1, 'N': 1.0, 'f_bs': 237.44255177674057, 'N1': 15, 'loss_rate': 0.006929}, {'f_fd': 102.5952677104014, 'gains': 1.0, 'power': 0.01463684318185402, 'coalition': 1, 'N': 1.0, 'f_bs': 220.22720380496708, 'N1': 17, 'loss_rate': 0.25569}, {'f_fd': 57.20165888061304, 'gains': 1.0, 'power': 0.005129836648940345, 'coalition': 3, 'N': 1.0, 'f_bs': 117.86704723744695, 'N1': 32, 'loss_rate': 0.886908}, {'f_fd': 105.96014675073121, 'gains': 1.0, 'power': 0.003739200943675203, 'coalition': 0, 'N': 1.0, 'f_bs': 229.24168354381953, 'N1': 15, 'loss_rate': 0.080426}, {'f_fd': 70.92949143686124, 'gains': 1.0, 'power': 0.010267587600634174, 'coalition': 0, 'N': 1.0, 'f_bs': 138.58299144468035, 'N1': 28, 'loss_rate': 0.821417}, {'f_fd': 84.90462537943043, 'gains': 1.0, 'power': 0.014647321321762918, 'coalition': 1, 'N': 1.0, 'f_bs': 168.83853622259957, 'N1': 24, 'loss_rate': 0.693338}, {'f_fd': 65.06422315218657, 'gains': 1.0, 'power': 0.0057308981124368505, 'coalition': 3, 'N': 1.0, 'f_bs': 129.53987187359525, 'N1': 30, 'loss_rate': 0.854088}, {'f_fd': 73.73123041327197, 'gains': 1.0, 'power': 0.017557112620448633, 'coalition': 0, 'N': 1.0, 'f_bs': 143.23572044645158, 'N1': 27, 'loss_rate': 0.802434}, {'f_fd': 94.79329628655282, 'gains': 210.33726652398116, 'power': 0.003441646477547213, 'coalition': 2, 'N': 1.0, 'f_bs': 193.67870624415136, 'N1': 20, 'loss_rate': 0.515751}, {'f_fd': 66.38213320344012, 'gains': 1.0, 'power': 0.006822902192747708, 'coalition': 2, 'N': 1.0, 'f_bs': 132.48943048932148, 'N1': 30, 'loss_rate': 0.847436}, {'f_fd': 106.28334368407556, 'gains': 107.28334368407556, 'power': 0.005050116619013537, 'coalition': 3, 'N': 1.0, 'f_bs': 231.494518614903, 'N1': 15, 'loss_rate': 0.060659}, {'f_fd': 57.823159942447575, 'gains': 1.0, 'power': 0.005771523836242904, 'coalition': 1, 'N': 1.0, 'f_bs': 119.00273610689496, 'N1': 32, 'loss_rate': 0.884666}, {'f_fd': 106.8964969977379, 'gains': 321.68949099321367, 'power': 0.0026934410201967934, 'coalition': 2, 'N': 1.0, 'f_bs': 235.9042079026987, 'N1': 15, 'loss_rate': 0.021043}, {'f_fd': 65.06422315218657, 'gains': 1.0, 'power': 0.009714071203412129, 'coalition': 0, 'N': 1.0, 'f_bs': 129.53987187359525, 'N1': 30, 'loss_rate': 0.854088}, {'f_fd': 44.33365555358709, 'gains': 1.0, 'power': 0.005324251702487191, 'coalition': 1, 'N': 1.0, 'f_bs': 101.14231299887383, 'N1': 34, 'loss_rate': 0.923413}, {'f_fd': 75.50179033994647, 'gains': 1.0, 'power': 0.006961298008623576, 'coalition': 3, 'N': 1.0, 'f_bs': 148.1151789657087, 'N1': 27, 'loss_rate': 0.789073}, {'f_fd': 101.50843281201023, 'gains': 1.0, 'power': 0.005093453120338091, 'coalition': 3, 'N': 1.0, 'f_bs': 213.5716916957937, 'N1': 17, 'loss_rate': 0.302553}, {'f_fd': 84.53180167013238, 'gains': 1.0, 'power': 0.0041568412138395724, 'coalition': 1, 'N': 1.0, 'f_bs': 167.47746478712827, 'N1': 24, 'loss_rate': 0.69819}, {'f_fd': 68.14669912782833, 'gains': 1.0, 'power': 0.0037626060553280546, 'coalition': 3, 'N': 1.0, 'f_bs': 134.2622102714818, 'N1': 29, 'loss_rate': 0.837982}, {'f_fd': 78.92712524433094, 'gains': 1.0, 'power': 0.004880269746751418, 'coalition': 1, 'N': 1.0, 'f_bs': 155.35059049063884, 'N1': 26, 'loss_rate': 0.759579}, {'f_fd': 74.66760085418144, 'gains': 1.0, 'power': 0.006120695739915783, 'coalition': 0, 'N': 1.0, 'f_bs': 145.7764365440293, 'N1': 27, 'loss_rate': 0.795528}, {'f_fd': 57.512717455117, 'gains': 105.6622772866414, 'power': 0.00304954745950019, 'coalition': 3, 'N': 1.0, 'f_bs': 118.43266780648726, 'N1': 32, 'loss_rate': 0.885793}, {'f_fd': 53.36554485042103, 'gains': 1.0, 'power': 0.004482769946811451, 'coalition': 1, 'N': 1.0, 'f_bs': 112.95595346581865, 'N1': 33, 'loss_rate': 0.899598}, {'f_fd': 105.52328639619546, 'gains': 1.0, 'power': 0.004073631536741571, 'coalition': 3, 'N': 1.0, 'f_bs': 226.27100722889165, 'N1': 15, 'loss_rate': 0.106015}, {'f_fd': 88.54757532934053, 'gains': 1.0, 'power': 0.006761561058753236, 'coalition': 2, 'N': 1.0, 'f_bs': 175.10617281656073, 'N1': 22, 'loss_rate': 0.640452}], [{'f_fd': 59.047125707417024, 'gains': 1.0, 'power': 0.005458950170917789, 'coalition': 2, 'N': 1.0, 'f_bs': 119.41750057817302, 'N1': 31, 'loss_rate': 0.880097}, {'f_fd': 91.48630341062216, 'gains': 1.0, 'power': 0.005767517311572917, 'coalition': 3, 'N': 1.0, 'f_bs': 183.12330880117662, 'N1': 21, 'loss_rate': 0.588159}, {'f_fd': 106.84263340131935, 'gains': 428.3705336052774, 'power': 0.0017054684101391819, 'coalition': 0, 'N': 1.0, 'f_bs': 235.5094591540522, 'N1': 15, 'loss_rate': 0.02464}, {'f_fd': 106.81863692008011, 'gains': 1.0, 'power': 0.0058566339232386504, 'coalition': 1, 'N': 1.0, 'f_bs': 235.33406369232233, 'N1': 15, 'loss_rate': 0.026235}, {'f_fd': 78.71870389974049, 'gains': 1.0, 'power': 0.006695836981652289, 'coalition': 2, 'N': 1.0, 'f_bs': 154.70183325627636, 'N1': 26, 'loss_rate': 0.761537}, {'f_fd': 107.10452516659512, 'gains': 322.3135754997854, 'power': 0.0033997131844962242, 'coalition': 1, 'N': 1.0, 'f_bs': 237.44255177674057, 'N1': 15, 'loss_rate': 0.006929}, {'f_fd': 102.5952677104014, 'gains': 1.0, 'power': 0.018281280323685346, 'coalition': 1, 'N': 1.0, 'f_bs': 220.22720380496708, 'N1': 17, 'loss_rate': 0.25569}, {'f_fd': 106.25865702762073, 'gains': 1.0, 'power': 0.005426305468118533, 'coalition': 2, 'N': 1.0, 'f_bs': 231.3207419637574, 'N1': 15, 'loss_rate': 0.062195}, {'f_fd': 105.96014675073121, 'gains': 1.0, 'power': 0.003897578644196564, 'coalition': 0, 'N': 1.0, 'f_bs': 229.24168354381953, 'N1': 15, 'loss_rate': 0.080426}, {'f_fd': 70.92949143686124, 'gains': 1.0, 'power': 0.012303523164435008, 'coalition': 0, 'N': 1.0, 'f_bs': 138.58299144468035, 'N1': 28, 'loss_rate': 0.821417}, {'f_fd': 84.90462537943043, 'gains': 1.0, 'power': 0.018291758463594245, 'coalition': 1, 'N': 1.0, 'f_bs': 168.83853622259957, 'N1': 24, 'loss_rate': 0.693338}, {'f_fd': 80.34264980219734, 'gains': 1.0, 'power': 0.006580953682889776, 'coalition': 1, 'N': 1.0, 'f_bs': 156.65999840838742, 'N1': 25, 'loss_rate': 0.745826}, {'f_fd': 73.73123041327197, 'gains': 1.0, 'power': 0.02198424767193501, 'coalition': 0, 'N': 1.0, 'f_bs': 143.23572044645158, 'N1': 27, 'loss_rate': 0.802434}, {'f_fd': 104.66863326199058, 'gains': 210.33726652398116, 'power': 0.004133821842365125, 'coalition': 3, 'N': 1.0, 'f_bs': 227.2500937691937, 'N1': 16, 'loss_rate': 0.154038}, {'f_fd': 66.38213320344012, 'gains': 1.0, 'power': 0.007803055421085702, 'coalition': 2, 'N': 1.0, 'f_bs': 132.48943048932148, 'N1': 30, 'loss_rate': 0.847436}, {'f_fd': 106.28334368407556, 'gains': 213.56668736815112, 'power': 0.004450116619013537, 'coalition': 3, 'N': 1.0, 'f_bs': 231.494518614903, 'N1': 15, 'loss_rate': 0.060659}, {'f_fd': 89.2256822412451, 'gains': 1.0, 'power': 0.006355278812058364, 'coalition': 0, 'N': 1.0, 'f_bs': 177.82953407045542, 'N1': 22, 'loss_rate': 0.629252}, {'f_fd': 106.8964969977379, 'gains': 428.5859879909516, 'power': 0.0020934410201967936, 'coalition': 2, 'N': 1.0, 'f_bs': 235.9042079026987, 'N1': 15, 'loss_rate': 0.021043}, {'f_fd': 65.06422315218657, 'gains': 1.0, 'power': 0.011422991210333036, 'coalition': 0, 'N': 1.0, 'f_bs': 129.53987187359525, 'N1': 30, 'loss_rate': 0.854088}, {'f_fd': 44.33365555358709, 'gains': 1.0, 'power': 0.0057075423025287194, 'coalition': 1, 'N': 1.0, 'f_bs': 101.14231299887383, 'N1': 34, 'loss_rate': 0.923413}, {'f_fd': 75.50179033994647, 'gains': 1.0, 'power': 0.007990382443368459, 'coalition': 3, 'N': 1.0, 'f_bs': 148.1151789657087, 'N1': 27, 'loss_rate': 0.789073}, {'f_fd': 101.50843281201023, 'gains': 1.0, 'power': 0.005368189947773105, 'coalition': 3, 'N': 1.0, 'f_bs': 213.5716916957937, 'N1': 17, 'loss_rate': 0.302553}, {'f_fd': 54.80034218345834, 'gains': 1.0, 'power': 0.004434235294021015, 'coalition': 2, 'N': 1.0, 'f_bs': 113.68109685424564, 'N1': 32, 'loss_rate': 0.895064}, {'f_fd': 68.14669912782833, 'gains': 1.0, 'power': 0.003931572019127099, 'coalition': 3, 'N': 1.0, 'f_bs': 134.2622102714818, 'N1': 29, 'loss_rate': 0.837982}, {'f_fd': 78.92712524433094, 'gains': 1.0, 'power': 0.005298825027634331, 'coalition': 1, 'N': 1.0, 'f_bs': 155.35059049063884, 'N1': 26, 'loss_rate': 0.759579}, {'f_fd': 74.66760085418144, 'gains': 1.0, 'power': 0.006961005450325299, 'coalition': 0, 'N': 1.0, 'f_bs': 145.7764365440293, 'N1': 27, 'loss_rate': 0.795528}, {'f_fd': 57.512717455117, 'gains': 105.6622772866414, 'power': 0.003294494775753985, 'coalition': 3, 'N': 1.0, 'f_bs': 118.43266780648726, 'N1': 32, 'loss_rate': 0.885793}, {'f_fd': 53.36554485042103, 'gains': 1.0, 'power': 0.0047719602680177066, 'coalition': 1, 'N': 1.0, 'f_bs': 112.95595346581865, 'N1': 33, 'loss_rate': 0.899598}, {'f_fd': 105.52328639619546, 'gains': 1.0, 'power': 0.004363457161816909, 'coalition': 3, 'N': 1.0, 'f_bs': 226.27100722889165, 'N1': 15, 'loss_rate': 0.106015}, {'f_fd': 89.42222067674786, 'gains': 1.0, 'power': 0.0077245437195874985, 'coalition': 1, 'N': 1.0, 'f_bs': 178.6346761901842, 'N1': 22, 'loss_rate': 0.625901}], [{'f_fd': 59.047125707417024, 'gains': 1.0, 'power': 0.006027608035289745, 'coalition': 2, 'N': 1.0, 'f_bs': 119.41750057817302, 'N1': 31, 'loss_rate': 0.880097}, {'f_fd': 49.511299210791876, 'gains': 1.0, 'power': 0.006203500869187901, 'coalition': 1, 'N': 1.0, 'f_bs': 106.93170472522344, 'N1': 33, 'loss_rate': 0.910682}, {'f_fd': 106.84263340131935, 'gains': 535.2131670065967, 'power': 0.0011054684101391818, 'coalition': 0, 'N': 1.0, 'f_bs': 235.5094591540522, 'N1': 15, 'loss_rate': 0.02464}, {'f_fd': 106.81863692008011, 'gains': 1.0, 'power': 0.006209007386204179, 'coalition': 1, 'N': 1.0, 'f_bs': 235.33406369232233, 'N1': 15, 'loss_rate': 0.026235}, {'f_fd': 78.71870389974049, 'gains': 1.0, 'power': 0.007476479730375922, 'coalition': 2, 'N': 1.0, 'f_bs': 154.70183325627636, 'N1': 26, 'loss_rate': 0.761537}, {'f_fd': 107.10452516659512, 'gains': 429.4181006663805, 'power': 0.0027997131844962244, 'coalition': 1, 'N': 1.0, 'f_bs': 237.44255177674057, 'N1': 15, 'loss_rate': 0.006929}, {'f_fd': 85.33869597199805, 'gains': 1.0, 'power': 0.02192571746551667, 'coalition': 0, 'N': 1.0, 'f_bs': 166.78095327912496, 'N1': 23, 'loss_rate': 0.687641}, {'f_fd': 106.25865702762073, 'gains': 1.0, 'power': 0.005722774287296721, 'coalition': 2, 'N': 1.0, 'f_bs': 231.3207419637574, 'N1': 15, 'loss_rate': 0.062195}, {'f_fd': 105.96014675073121, 'gains': 1.0, 'power': 0.0040559563447179255, 'coalition': 0, 'N': 1.0, 'f_bs': 229.24168354381953, 'N1': 15, 'loss_rate': 0.080426}, {'f_fd': 70.92949143686124, 'gains': 1.0, 'power': 0.01433945872823584, 'coalition': 0, 'N': 1.0, 'f_bs': 138.58299144468035, 'N1': 28, 'loss_rate': 0.821417}, {'f_fd': 84.90462537943043, 'gains': 1.0, 'power': 0.02193619560542557, 'coalition': 1, 'N': 1.0, 'f_bs': 168.83853622259957, 'N1': 24, 'loss_rate': 0.693338}, {'f_fd': 80.34264980219734, 'gains': 1.0, 'power': 0.007431009253342701, 'coalition': 1, 'N': 1.0, 'f_bs': 156.65999840838742, 'N1': 25, 'loss_rate': 0.745826}, {'f_fd': 101.36812763336647, 'gains': 1.0, 'power': 0.026411382723421386, 'coalition': 3, 'N': 1.0, 'f_bs': 212.7433160363976, 'N1': 17, 'loss_rate': 0.308234}, {'f_fd': 104.66863326199058, 'gains': 210.33726652398116, 'power': 0.004825997207183037, 'coalition': 3, 'N': 1.0, 'f_bs': 227.2500937691937, 'N1': 16, 'loss_rate': 0.154038}, {'f_fd': 66.38213320344012, 'gains': 1.0, 'power': 0.008783208649423696, 'coalition': 2, 'N': 1.0, 'f_bs': 132.48943048932148, 'N1': 30, 'loss_rate': 0.847436}, {'f_fd': 106.28334368407556, 'gains': 319.85003105222665, 'power': 0.0038501166190135373, 'coalition': 3, 'N': 1.0, 'f_bs': 231.494518614903, 'N1': 15, 'loss_rate': 0.060659}, {'f_fd': 57.823159942447575, 'gains': 1.0, 'power': 0.006939033787873824, 'coalition': 1, 'N': 1.0, 'f_bs': 119.00273610689496, 'N1': 32, 'loss_rate': 0.884666}, {'f_fd': 106.8964969977379, 'gains': 535.4824849886895, 'power': 0.0014934410201967935, 'coalition': 2, 'N': 1.0, 'f_bs': 235.9042079026987, 'N1': 15, 'loss_rate': 0.021043}, {'f_fd': 65.06422315218657, 'gains': 1.0, 'power': 0.013131911217253944, 'coalition': 0, 'N': 1.0, 'f_bs': 129.53987187359525, 'N1': 30, 'loss_rate': 0.854088}, {'f_fd': 44.33365555358709, 'gains': 1.0, 'power': 0.006090832902570248, 'coalition': 1, 'N': 1.0, 'f_bs': 101.14231299887383, 'N1': 34, 'loss_rate': 0.923413}, {'f_fd': 75.50179033994647, 'gains': 1.0, 'power': 0.009019466878113341, 'coalition': 3, 'N': 1.0, 'f_bs': 148.1151789657087, 'N1': 27, 'loss_rate': 0.789073}, {'f_fd': 101.50843281201023, 'gains': 1.0, 'power': 0.00564292677520812, 'coalition': 3, 'N': 1.0, 'f_bs': 213.5716916957937, 'N1': 17, 'loss_rate': 0.302553}, {'f_fd': 54.80034218345834, 'gains': 1.0, 'power': 0.004711629374202457, 'coalition': 2, 'N': 1.0, 'f_bs': 113.68109685424564, 'N1': 32, 'loss_rate': 0.895064}, {'f_fd': 68.14669912782833, 'gains': 1.0, 'power': 0.004100537982926143, 'coalition': 3, 'N': 1.0, 'f_bs': 134.2622102714818, 'N1': 29, 'loss_rate': 0.837982}, {'f_fd': 106.3878902370304, 'gains': 1.0, 'power': 0.005717380308517243, 'coalition': 0, 'N': 1.0, 'f_bs': 232.2336193675628, 'N1': 15, 'loss_rate': 0.054105}, {'f_fd': 106.11617423004427, 'gains': 1.0, 'power': 0.007801315160734815, 'coalition': 1, 'N': 1.0, 'f_bs': 230.32328798067354, 'N1': 15, 'loss_rate': 0.070975}, {'f_fd': 78.92712524433094, 'gains': 105.6622772866414, 'power': 0.00353944209200778, 'coalition': 0, 'N': 1.0, 'f_bs': 155.35059049063884, 'N1': 26, 'loss_rate': 0.759579}, {'f_fd': 53.36554485042103, 'gains': 1.0, 'power': 0.0050611505892239625, 'coalition': 1, 'N': 1.0, 'f_bs': 112.95595346581865, 'N1': 33, 'loss_rate': 0.899598}, {'f_fd': 105.52328639619546, 'gains': 1.0, 'power': 0.0046532827868922474, 'coalition': 3, 'N': 1.0, 'f_bs': 226.27100722889165, 'N1': 15, 'loss_rate': 0.106015}, {'f_fd': 66.91462180085371, 'gains': 1.0, 'power': 0.008687526380421761, 'coalition': 3, 'N': 1.0, 'f_bs': 131.42801956406242, 'N1': 29, 'loss_rate': 0.844665}]]
***********************
f_history =  [[{'f_bs': 235.5094591540522, 'f_fd': 106.84263340131935, 'name': 0}, {'f_bs': 227.20708725796194, 'f_fd': 104.6622772866414, 'name': 1}, {'f_bs': 235.9042079026987, 'f_fd': 106.8964969977379, 'name': 2}, {'f_bs': 227.2500937691937, 'f_fd': 104.66863326199058, 'name': 3}], [{'f_bs': 235.5094591540522, 'f_fd': 106.84263340131935, 'name': 0}, {'f_bs': 237.44255177674057, 'f_fd': 107.10452516659512, 'name': 1}, {'f_bs': 235.9042079026987, 'f_fd': 106.8964969977379, 'name': 2}, {'f_bs': 227.2500937691937, 'f_fd': 104.66863326199058, 'name': 3}], [{'f_bs': 235.5094591540522, 'f_fd': 106.84263340131935, 'name': 0}, {'f_bs': 237.44255177674057, 'f_fd': 107.10452516659512, 'name': 1}, {'f_bs': 235.9042079026987, 'f_fd': 106.8964969977379, 'name': 2}, {'f_bs': 231.494518614903, 'f_fd': 106.28334368407556, 'name': 3}], [{'f_bs': 235.5094591540522, 'f_fd': 106.84263340131935, 'name': 0}, {'f_bs': 237.44255177674057, 'f_fd': 107.10452516659512, 'name': 1}, {'f_bs': 235.9042079026987, 'f_fd': 106.8964969977379, 'name': 2}, {'f_bs': 231.494518614903, 'f_fd': 106.28334368407556, 'name': 3}], [{'f_bs': 235.5094591540522, 'f_fd': 106.84263340131935, 'name': 0}, {'f_bs': 237.44255177674057, 'f_fd': 107.10452516659512, 'name': 1}, {'f_bs': 235.9042079026987, 'f_fd': 106.8964969977379, 'name': 2}, {'f_bs': 231.494518614903, 'f_fd': 106.28334368407556, 'name': 3}]]
