fd: 0 joined coalition: 2
fd: 1 joined coalition: 3
fd: 2 joined coalition: 2
fd: 3 joined coalition: 0
fd: 4 joined coalition: 1
fd: 5 joined coalition: 1
fd: 6 joined coalition: 0
fd: 7 joined coalition: 0
fd: 8 joined coalition: 0
fd: 9 joined coalition: 0
fd: 10 joined coalition: 0
fd: 11 joined coalition: 1
fd: 12 joined coalition: 2
fd: 13 joined coalition: 2
fd: 14 joined coalition: 3
fd: 15 joined coalition: 3
fd: 16 joined coalition: 3
fd: 17 joined coalition: 1
fd: 18 joined coalition: 2
fd: 19 joined coalition: 0
fd: 20 joined coalition: 3
fd: 21 joined coalition: 3
fd: 22 joined coalition: 1
fd: 23 joined coalition: 1
fd: 24 joined coalition: 0
fd: 25 joined coalition: 2
fd: 26 joined coalition: 1
fd: 27 joined coalition: 1
fd: 28 joined coalition: 3
fd: 29 joined coalition: 2


initial info:
coalitoin 0: 
    paired fds:  [3, 6, 7, 8, 9, 10, 19, 24]
    nearby fds:  [0, 1, 2, 3, 4, 5, 6, 7, 8, 9, 10, 11, 12, 14, 16, 17, 18, 19, 20, 22, 24, 25, 26, 27, 29]
coalitoin 1: 
    paired fds:  [4, 5, 11, 17, 22, 23, 26, 27]
    nearby fds:  [0, 1, 2, 3, 4, 5, 6, 8, 9, 10, 11, 12, 13, 14, 15, 16, 17, 18, 19, 20, 21, 22, 23, 24, 25, 26, 27, 28, 29]
coalitoin 2: 
    paired fds:  [0, 2, 12, 13, 18, 25, 29]
    nearby fds:  [0, 1, 2, 4, 6, 7, 8, 9, 10, 11, 12, 13, 14, 15, 16, 17, 18, 19, 20, 22, 24, 25, 27, 28, 29]
coalitoin 3: 
    paired fds:  [1, 14, 15, 16, 20, 21, 28]
    nearby fds:  [0, 1, 3, 4, 5, 6, 7, 9, 10, 11, 12, 13, 14, 15, 16, 17, 18, 19, 20, 21, 23, 25, 26, 28, 29]
