{'rus': [[78, 82, 0], [74, 83, 0], [70, 71, 0], [77, 73, 0]], 'fds': [[72, 77, 0], [78, 75, 0], [77, 79, 0], [70, 79, 0], [77, 80, 0], [73, 74, 0], [71, 75, 0], [75, 77, 0], [75, 75, 0], [75, 74, 0], [74, 77, 0], [77, 77, 0], [77, 75, 0], [70, 75, 0], [74, 73, 0], [70, 76, 0], [70, 74, 0], [71, 77, 0], [72, 71, 0], [72, 75, 0], [70, 74, 0], [76, 79, 0], [75, 77, 0], [70, 79, 0], [76, 79, 0], [76, 72, 0], [78, 70, 0], [71, 76, 0], [77, 78, 0], [74, 70, 0]], 'BS': [50, 50, 0]}
fd: 0 joined coalition: 1
fd: 1 joined coalition: 3
fd: 2 joined coalition: 0
fd: 3 joined coalition: 1
fd: 4 joined coalition: 2
fd: 5 joined coalition: 2
fd: 6 joined coalition: 0
fd: 7 joined coalition: 3
fd: 8 joined coalition: 1
fd: 9 joined coalition: 2
fd: 10 joined coalition: 0
fd: 11 joined coalition: 1
fd: 12 joined coalition: 0
fd: 13 joined coalition: 2
fd: 14 joined coalition: 2
fd: 15 joined coalition: 1
fd: 16 joined coalition: 1
fd: 17 joined coalition: 0
fd: 18 joined coalition: 2
fd: 19 joined coalition: 1
fd: 20 joined coalition: 0
fd: 21 joined coalition: 0
fd: 22 joined coalition: 2
fd: 23 joined coalition: 0
fd: 24 joined coalition: 0
fd: 25 joined coalition: 0
fd: 26 joined coalition: 1
fd: 27 joined coalition: 2
fd: 28 joined coalition: 3
fd: 29 joined coalition: 2


initial info:
coalitoin 0: 
    paired fds:  [2, 6, 10, 12, 17, 20, 21, 23, 24, 25]
    nearby fds:  [0, 1, 2, 3, 4, 5, 6, 7, 8, 9, 10, 11, 12, 13, 14, 15, 16, 17, 18, 19, 20, 21, 22, 23, 24, 25, 26, 27, 28, 29]
coalitoin 1: 
    paired fds:  [0, 3, 8, 11, 15, 16, 19, 26]
    nearby fds:  [0, 1, 2, 3, 4, 5, 6, 7, 8, 9, 10, 11, 12, 13, 14, 15, 16, 17, 18, 19, 20, 21, 22, 23, 24, 25, 26, 27, 28, 29]
coalitoin 2: 
    paired fds:  [4, 5, 9, 13, 14, 18, 22, 27, 29]
    nearby fds:  [0, 1, 2, 3, 4, 5, 6, 7, 8, 9, 10, 11, 12, 13, 14, 15, 16, 17, 18, 19, 20, 21, 22, 23, 24, 25, 26, 27, 28, 29]
coalitoin 3: 
    paired fds:  [1, 7, 28]
    nearby fds:  [0, 1, 2, 3, 4, 5, 6, 7, 8, 9, 10, 11, 12, 13, 14, 15, 16, 17, 18, 19, 20, 21, 22, 23, 24, 25, 26, 27, 28, 29]


*** round 0
fd  6 in coalition 0 and fd 19 in coalition 1 swap coalitions
fd  6 in coalition 1 and fd  9 in coalition 2 swap coalitions
fd  7 in coalition 3 and fd 25 in coalition 0 swap coalitions
fd 26 in coalition 1 and fd  1 in coalition 3 swap coalitions
fd  4 in coalition 2 and fd 28 in coalition 3 swap coalitions
fd 26 in coalition 3 and fd  2 in coalition 0 swap coalitions
fd 19 in coalition 0 and fd 11 in coalition 1 swap coalitions
fd  4 in coalition 3 and fd 22 in coalition 2 swap coalitions
fd 21 in coalition 0 and fd  4 in coalition 2 swap coalitions
fd  1 in coalition 1 and fd 22 in coalition 3 swap coalitions
fd 14 in coalition 2 and fd 16 in coalition 1 swap coalitions
fd  2 in coalition 3 and fd 20 in coalition 0 swap coalitions
fd 10 in coalition 0 and fd 20 in coalition 3 swap coalitions
fd 25 in coalition 3 and fd  4 in coalition 0 swap coalitions
coalitoin 0: 
    paired fds:  [17, 24, 7, 23, 26, 11, 12, 2, 20, 25]
    nearby fds:  [0, 1, 2, 3, 4, 5, 6, 7, 8, 9, 10, 11, 12, 13, 14, 15, 16, 17, 18, 19, 20, 21, 22, 23, 24, 25, 26, 27, 28, 29]
coalitoin 1: 
    paired fds:  [3, 8, 9, 19, 15, 22, 14, 0]
    nearby fds:  [0, 1, 2, 3, 4, 5, 6, 7, 8, 9, 10, 11, 12, 13, 14, 15, 16, 17, 18, 19, 20, 21, 22, 23, 24, 25, 26, 27, 28, 29]
coalitoin 2: 
    paired fds:  [13, 18, 27, 29, 6, 28, 21, 16, 5]
    nearby fds:  [0, 1, 2, 3, 4, 5, 6, 7, 8, 9, 10, 11, 12, 13, 14, 15, 16, 17, 18, 19, 20, 21, 22, 23, 24, 25, 26, 27, 28, 29]
coalitoin 3: 
    paired fds:  [10, 1, 4]
    nearby fds:  [0, 1, 2, 3, 4, 5, 6, 7, 8, 9, 10, 11, 12, 13, 14, 15, 16, 17, 18, 19, 20, 21, 22, 23, 24, 25, 26, 27, 28, 29]


*** round 1
fd 11 in coalition 0 and fd 28 in coalition 2 swap coalitions
fd 15 in coalition 1 and fd 21 in coalition 2 swap coalitions
fd 10 in coalition 3 and fd 20 in coalition 0 swap coalitions
fd 29 in coalition 2 and fd 20 in coalition 3 swap coalitions
fd  1 in coalition 3 and fd 28 in coalition 0 swap coalitions
fd 23 in coalition 0 and fd 11 in coalition 2 swap coalitions
fd 23 in coalition 2 and fd  9 in coalition 1 swap coalitions
fd  4 in coalition 3 and fd 22 in coalition 1 swap coalitions
fd  2 in coalition 0 and fd 28 in coalition 3 swap coalitions
fd 14 in coalition 1 and fd  2 in coalition 3 swap coalitions
fd 14 in coalition 3 and fd 16 in coalition 2 swap coalitions
coalitoin 0: 
    paired fds:  [17, 24, 26, 12, 25, 7, 1, 11, 10, 28]
    nearby fds:  [0, 1, 2, 3, 4, 5, 6, 7, 8, 9, 10, 11, 12, 13, 14, 15, 16, 17, 18, 19, 20, 21, 22, 23, 24, 25, 26, 27, 28, 29]
coalitoin 1: 
    paired fds:  [3, 8, 0, 19, 21, 23, 4, 2]
    nearby fds:  [0, 1, 2, 3, 4, 5, 6, 7, 8, 9, 10, 11, 12, 13, 14, 15, 16, 17, 18, 19, 20, 21, 22, 23, 24, 25, 26, 27, 28, 29]
coalitoin 2: 
    paired fds:  [18, 27, 6, 20, 5, 9, 13, 15, 14]
    nearby fds:  [0, 1, 2, 3, 4, 5, 6, 7, 8, 9, 10, 11, 12, 13, 14, 15, 16, 17, 18, 19, 20, 21, 22, 23, 24, 25, 26, 27, 28, 29]
coalitoin 3: 
    paired fds:  [29, 22, 16]
    nearby fds:  [0, 1, 2, 3, 4, 5, 6, 7, 8, 9, 10, 11, 12, 13, 14, 15, 16, 17, 18, 19, 20, 21, 22, 23, 24, 25, 26, 27, 28, 29]


*** round 2
fd 27 in coalition 2 and fd 16 in coalition 3 swap coalitions
fd 17 in coalition 0 and fd  8 in coalition 1 swap coalitions
fd 27 in coalition 3 and fd 19 in coalition 1 swap coalitions
coalitoin 0: 
    paired fds:  [26, 25, 10, 1, 28, 7, 8, 12, 11, 24]
    nearby fds:  [0, 1, 2, 3, 4, 5, 6, 7, 8, 9, 10, 11, 12, 13, 14, 15, 16, 17, 18, 19, 20, 21, 22, 23, 24, 25, 26, 27, 28, 29]
coalitoin 1: 
    paired fds:  [23, 0, 3, 21, 2, 17, 4, 27]
    nearby fds:  [0, 1, 2, 3, 4, 5, 6, 7, 8, 9, 10, 11, 12, 13, 14, 15, 16, 17, 18, 19, 20, 21, 22, 23, 24, 25, 26, 27, 28, 29]
coalitoin 2: 
    paired fds:  [18, 20, 14, 13, 6, 5, 16, 9, 15]
    nearby fds:  [0, 1, 2, 3, 4, 5, 6, 7, 8, 9, 10, 11, 12, 13, 14, 15, 16, 17, 18, 19, 20, 21, 22, 23, 24, 25, 26, 27, 28, 29]
coalitoin 3: 
    paired fds:  [22, 29, 19]
    nearby fds:  [0, 1, 2, 3, 4, 5, 6, 7, 8, 9, 10, 11, 12, 13, 14, 15, 16, 17, 18, 19, 20, 21, 22, 23, 24, 25, 26, 27, 28, 29]


*** round 3
fd 19 in coalition 3 and fd  9 in coalition 2 swap coalitions
coalitoin 0: 
    paired fds:  [26, 25, 1, 28, 7, 10, 8, 24, 11, 12]
    nearby fds:  [0, 1, 2, 3, 4, 5, 6, 7, 8, 9, 10, 11, 12, 13, 14, 15, 16, 17, 18, 19, 20, 21, 22, 23, 24, 25, 26, 27, 28, 29]
coalitoin 1: 
    paired fds:  [21, 17, 2, 0, 27, 3, 23, 4]
    nearby fds:  [0, 1, 2, 3, 4, 5, 6, 7, 8, 9, 10, 11, 12, 13, 14, 15, 16, 17, 18, 19, 20, 21, 22, 23, 24, 25, 26, 27, 28, 29]
coalitoin 2: 
    paired fds:  [14, 6, 16, 15, 5, 13, 19, 18, 20]
    nearby fds:  [0, 1, 2, 3, 4, 5, 6, 7, 8, 9, 10, 11, 12, 13, 14, 15, 16, 17, 18, 19, 20, 21, 22, 23, 24, 25, 26, 27, 28, 29]
coalitoin 3: 
    paired fds:  [29, 9, 22]
    nearby fds:  [0, 1, 2, 3, 4, 5, 6, 7, 8, 9, 10, 11, 12, 13, 14, 15, 16, 17, 18, 19, 20, 21, 22, 23, 24, 25, 26, 27, 28, 29]


*** round 4
fd 22 in coalition 3 and fd 26 in coalition 0 swap coalitions
fd 19 in coalition 2 and fd 26 in coalition 3 swap coalitions
fd 29 in coalition 3 and fd  5 in coalition 2 swap coalitions
coalitoin 0: 
    paired fds:  [25, 10, 24, 11, 28, 7, 8, 1, 12, 22]
    nearby fds:  [0, 1, 2, 3, 4, 5, 6, 7, 8, 9, 10, 11, 12, 13, 14, 15, 16, 17, 18, 19, 20, 21, 22, 23, 24, 25, 26, 27, 28, 29]
coalitoin 1: 
    paired fds:  [21, 17, 2, 4, 0, 27, 3, 23]
    nearby fds:  [0, 1, 2, 3, 4, 5, 6, 7, 8, 9, 10, 11, 12, 13, 14, 15, 16, 17, 18, 19, 20, 21, 22, 23, 24, 25, 26, 27, 28, 29]
coalitoin 2: 
    paired fds:  [15, 13, 20, 26, 6, 29, 18, 16, 14]
    nearby fds:  [0, 1, 2, 3, 4, 5, 6, 7, 8, 9, 10, 11, 12, 13, 14, 15, 16, 17, 18, 19, 20, 21, 22, 23, 24, 25, 26, 27, 28, 29]
coalitoin 3: 
    paired fds:  [5, 19, 9]
    nearby fds:  [0, 1, 2, 3, 4, 5, 6, 7, 8, 9, 10, 11, 12, 13, 14, 15, 16, 17, 18, 19, 20, 21, 22, 23, 24, 25, 26, 27, 28, 29]


*** round 5
coalitoin 0: 
    paired fds:  [25, 11, 12, 22, 1, 7, 28, 10, 8, 24]
    nearby fds:  [0, 1, 2, 3, 4, 5, 6, 7, 8, 9, 10, 11, 12, 13, 14, 15, 16, 17, 18, 19, 20, 21, 22, 23, 24, 25, 26, 27, 28, 29]
coalitoin 1: 
    paired fds:  [2, 0, 23, 3, 17, 27, 21, 4]
    nearby fds:  [0, 1, 2, 3, 4, 5, 6, 7, 8, 9, 10, 11, 12, 13, 14, 15, 16, 17, 18, 19, 20, 21, 22, 23, 24, 25, 26, 27, 28, 29]
coalitoin 2: 
    paired fds:  [26, 16, 14, 20, 29, 15, 6, 18, 13]
    nearby fds:  [0, 1, 2, 3, 4, 5, 6, 7, 8, 9, 10, 11, 12, 13, 14, 15, 16, 17, 18, 19, 20, 21, 22, 23, 24, 25, 26, 27, 28, 29]
coalitoin 3: 
    paired fds:  [9, 19, 5]
    nearby fds:  [0, 1, 2, 3, 4, 5, 6, 7, 8, 9, 10, 11, 12, 13, 14, 15, 16, 17, 18, 19, 20, 21, 22, 23, 24, 25, 26, 27, 28, 29]


*** round 6
coalitoin 0: 
    paired fds:  [12, 7, 28, 8, 11, 25, 1, 10, 24, 22]
    nearby fds:  [0, 1, 2, 3, 4, 5, 6, 7, 8, 9, 10, 11, 12, 13, 14, 15, 16, 17, 18, 19, 20, 21, 22, 23, 24, 25, 26, 27, 28, 29]
coalitoin 1: 
    paired fds:  [3, 21, 2, 23, 17, 0, 27, 4]
    nearby fds:  [0, 1, 2, 3, 4, 5, 6, 7, 8, 9, 10, 11, 12, 13, 14, 15, 16, 17, 18, 19, 20, 21, 22, 23, 24, 25, 26, 27, 28, 29]
coalitoin 2: 
    paired fds:  [15, 6, 14, 13, 26, 18, 16, 20, 29]
    nearby fds:  [0, 1, 2, 3, 4, 5, 6, 7, 8, 9, 10, 11, 12, 13, 14, 15, 16, 17, 18, 19, 20, 21, 22, 23, 24, 25, 26, 27, 28, 29]
coalitoin 3: 
    paired fds:  [9, 19, 5]
    nearby fds:  [0, 1, 2, 3, 4, 5, 6, 7, 8, 9, 10, 11, 12, 13, 14, 15, 16, 17, 18, 19, 20, 21, 22, 23, 24, 25, 26, 27, 28, 29]


*** round 7
fd 26 in coalition 2 and fd  5 in coalition 3 swap coalitions
fd  9 in coalition 3 and fd 25 in coalition 0 swap coalitions
coalitoin 0: 
    paired fds:  [12, 7, 8, 1, 24, 22, 28, 11, 10, 9]
    nearby fds:  [0, 1, 2, 3, 4, 5, 6, 7, 8, 9, 10, 11, 12, 13, 14, 15, 16, 17, 18, 19, 20, 21, 22, 23, 24, 25, 26, 27, 28, 29]
coalitoin 1: 
    paired fds:  [21, 2, 3, 27, 17, 4, 0, 23]
    nearby fds:  [0, 1, 2, 3, 4, 5, 6, 7, 8, 9, 10, 11, 12, 13, 14, 15, 16, 17, 18, 19, 20, 21, 22, 23, 24, 25, 26, 27, 28, 29]
coalitoin 2: 
    paired fds:  [15, 6, 20, 29, 18, 14, 5, 13, 16]
    nearby fds:  [0, 1, 2, 3, 4, 5, 6, 7, 8, 9, 10, 11, 12, 13, 14, 15, 16, 17, 18, 19, 20, 21, 22, 23, 24, 25, 26, 27, 28, 29]
coalitoin 3: 
    paired fds:  [19, 26, 25]
    nearby fds:  [0, 1, 2, 3, 4, 5, 6, 7, 8, 9, 10, 11, 12, 13, 14, 15, 16, 17, 18, 19, 20, 21, 22, 23, 24, 25, 26, 27, 28, 29]


*** round 8
coalitoin 0: 
    paired fds:  [1, 24, 22, 11, 9, 28, 10, 7, 8, 12]
    nearby fds:  [0, 1, 2, 3, 4, 5, 6, 7, 8, 9, 10, 11, 12, 13, 14, 15, 16, 17, 18, 19, 20, 21, 22, 23, 24, 25, 26, 27, 28, 29]
coalitoin 1: 
    paired fds:  [17, 27, 21, 2, 3, 4, 23, 0]
    nearby fds:  [0, 1, 2, 3, 4, 5, 6, 7, 8, 9, 10, 11, 12, 13, 14, 15, 16, 17, 18, 19, 20, 21, 22, 23, 24, 25, 26, 27, 28, 29]
coalitoin 2: 
    paired fds:  [20, 13, 14, 6, 15, 16, 5, 18, 29]
    nearby fds:  [0, 1, 2, 3, 4, 5, 6, 7, 8, 9, 10, 11, 12, 13, 14, 15, 16, 17, 18, 19, 20, 21, 22, 23, 24, 25, 26, 27, 28, 29]
coalitoin 3: 
    paired fds:  [19, 26, 25]
    nearby fds:  [0, 1, 2, 3, 4, 5, 6, 7, 8, 9, 10, 11, 12, 13, 14, 15, 16, 17, 18, 19, 20, 21, 22, 23, 24, 25, 26, 27, 28, 29]


*** round 9
fd 19 in coalition 3 and fd 14 in coalition 2 swap coalitions
coalitoin 0: 
    paired fds:  [1, 11, 9, 28, 10, 7, 22, 8, 12, 24]
    nearby fds:  [0, 1, 2, 3, 4, 5, 6, 7, 8, 9, 10, 11, 12, 13, 14, 15, 16, 17, 18, 19, 20, 21, 22, 23, 24, 25, 26, 27, 28, 29]
coalitoin 1: 
    paired fds:  [2, 4, 23, 27, 0, 17, 21, 3]
    nearby fds:  [0, 1, 2, 3, 4, 5, 6, 7, 8, 9, 10, 11, 12, 13, 14, 15, 16, 17, 18, 19, 20, 21, 22, 23, 24, 25, 26, 27, 28, 29]
coalitoin 2: 
    paired fds:  [13, 16, 6, 15, 19, 5, 18, 29, 20]
    nearby fds:  [0, 1, 2, 3, 4, 5, 6, 7, 8, 9, 10, 11, 12, 13, 14, 15, 16, 17, 18, 19, 20, 21, 22, 23, 24, 25, 26, 27, 28, 29]
coalitoin 3: 
    paired fds:  [26, 14, 25]
    nearby fds:  [0, 1, 2, 3, 4, 5, 6, 7, 8, 9, 10, 11, 12, 13, 14, 15, 16, 17, 18, 19, 20, 21, 22, 23, 24, 25, 26, 27, 28, 29]


*** round 10
fd  4 in coalition 1 and fd 10 in coalition 0 swap coalitions
coalitoin 0: 
    paired fds:  [1, 9, 7, 8, 24, 22, 11, 12, 28, 4]
    nearby fds:  [0, 1, 2, 3, 4, 5, 6, 7, 8, 9, 10, 11, 12, 13, 14, 15, 16, 17, 18, 19, 20, 21, 22, 23, 24, 25, 26, 27, 28, 29]
coalitoin 1: 
    paired fds:  [27, 21, 0, 17, 23, 10, 2, 3]
    nearby fds:  [0, 1, 2, 3, 4, 5, 6, 7, 8, 9, 10, 11, 12, 13, 14, 15, 16, 17, 18, 19, 20, 21, 22, 23, 24, 25, 26, 27, 28, 29]
coalitoin 2: 
    paired fds:  [16, 19, 13, 18, 5, 29, 20, 15, 6]
    nearby fds:  [0, 1, 2, 3, 4, 5, 6, 7, 8, 9, 10, 11, 12, 13, 14, 15, 16, 17, 18, 19, 20, 21, 22, 23, 24, 25, 26, 27, 28, 29]
coalitoin 3: 
    paired fds:  [25, 26, 14]
    nearby fds:  [0, 1, 2, 3, 4, 5, 6, 7, 8, 9, 10, 11, 12, 13, 14, 15, 16, 17, 18, 19, 20, 21, 22, 23, 24, 25, 26, 27, 28, 29]


*** round 11
fd  4 in coalition 0 and fd  2 in coalition 1 swap coalitions
coalitoin 0: 
    paired fds:  [1, 7, 8, 11, 22, 2, 28, 12, 9, 24]
    nearby fds:  [0, 1, 2, 3, 4, 5, 6, 7, 8, 9, 10, 11, 12, 13, 14, 15, 16, 17, 18, 19, 20, 21, 22, 23, 24, 25, 26, 27, 28, 29]
coalitoin 1: 
    paired fds:  [27, 21, 10, 17, 4, 23, 3, 0]
    nearby fds:  [0, 1, 2, 3, 4, 5, 6, 7, 8, 9, 10, 11, 12, 13, 14, 15, 16, 17, 18, 19, 20, 21, 22, 23, 24, 25, 26, 27, 28, 29]
coalitoin 2: 
    paired fds:  [5, 20, 6, 13, 16, 19, 29, 15, 18]
    nearby fds:  [0, 1, 2, 3, 4, 5, 6, 7, 8, 9, 10, 11, 12, 13, 14, 15, 16, 17, 18, 19, 20, 21, 22, 23, 24, 25, 26, 27, 28, 29]
coalitoin 3: 
    paired fds:  [14, 25, 26]
    nearby fds:  [0, 1, 2, 3, 4, 5, 6, 7, 8, 9, 10, 11, 12, 13, 14, 15, 16, 17, 18, 19, 20, 21, 22, 23, 24, 25, 26, 27, 28, 29]


*** round 12
coalitoin 0: 
    paired fds:  [7, 28, 12, 8, 11, 9, 22, 2, 1, 24]
    nearby fds:  [0, 1, 2, 3, 4, 5, 6, 7, 8, 9, 10, 11, 12, 13, 14, 15, 16, 17, 18, 19, 20, 21, 22, 23, 24, 25, 26, 27, 28, 29]
coalitoin 1: 
    paired fds:  [17, 4, 23, 10, 0, 27, 3, 21]
    nearby fds:  [0, 1, 2, 3, 4, 5, 6, 7, 8, 9, 10, 11, 12, 13, 14, 15, 16, 17, 18, 19, 20, 21, 22, 23, 24, 25, 26, 27, 28, 29]
coalitoin 2: 
    paired fds:  [16, 19, 6, 29, 18, 13, 15, 5, 20]
    nearby fds:  [0, 1, 2, 3, 4, 5, 6, 7, 8, 9, 10, 11, 12, 13, 14, 15, 16, 17, 18, 19, 20, 21, 22, 23, 24, 25, 26, 27, 28, 29]
coalitoin 3: 
    paired fds:  [25, 26, 14]
    nearby fds:  [0, 1, 2, 3, 4, 5, 6, 7, 8, 9, 10, 11, 12, 13, 14, 15, 16, 17, 18, 19, 20, 21, 22, 23, 24, 25, 26, 27, 28, 29]


*** round 13
coalitoin 0: 
    paired fds:  [8, 2, 9, 11, 22, 7, 12, 28, 1, 24]
    nearby fds:  [0, 1, 2, 3, 4, 5, 6, 7, 8, 9, 10, 11, 12, 13, 14, 15, 16, 17, 18, 19, 20, 21, 22, 23, 24, 25, 26, 27, 28, 29]
coalitoin 1: 
    paired fds:  [17, 4, 23, 10, 0, 21, 27, 3]
    nearby fds:  [0, 1, 2, 3, 4, 5, 6, 7, 8, 9, 10, 11, 12, 13, 14, 15, 16, 17, 18, 19, 20, 21, 22, 23, 24, 25, 26, 27, 28, 29]
coalitoin 2: 
    paired fds:  [16, 15, 20, 18, 5, 19, 29, 6, 13]
    nearby fds:  [0, 1, 2, 3, 4, 5, 6, 7, 8, 9, 10, 11, 12, 13, 14, 15, 16, 17, 18, 19, 20, 21, 22, 23, 24, 25, 26, 27, 28, 29]
coalitoin 3: 
    paired fds:  [26, 25, 14]
    nearby fds:  [0, 1, 2, 3, 4, 5, 6, 7, 8, 9, 10, 11, 12, 13, 14, 15, 16, 17, 18, 19, 20, 21, 22, 23, 24, 25, 26, 27, 28, 29]


*** round 14
coalitoin 0: 
    paired fds:  [9, 22, 1, 24, 7, 11, 8, 12, 28, 2]
    nearby fds:  [0, 1, 2, 3, 4, 5, 6, 7, 8, 9, 10, 11, 12, 13, 14, 15, 16, 17, 18, 19, 20, 21, 22, 23, 24, 25, 26, 27, 28, 29]
coalitoin 1: 
    paired fds:  [4, 3, 17, 27, 0, 23, 21, 10]
    nearby fds:  [0, 1, 2, 3, 4, 5, 6, 7, 8, 9, 10, 11, 12, 13, 14, 15, 16, 17, 18, 19, 20, 21, 22, 23, 24, 25, 26, 27, 28, 29]
coalitoin 2: 
    paired fds:  [16, 18, 20, 5, 13, 29, 19, 6, 15]
    nearby fds:  [0, 1, 2, 3, 4, 5, 6, 7, 8, 9, 10, 11, 12, 13, 14, 15, 16, 17, 18, 19, 20, 21, 22, 23, 24, 25, 26, 27, 28, 29]
coalitoin 3: 
    paired fds:  [25, 26, 14]
    nearby fds:  [0, 1, 2, 3, 4, 5, 6, 7, 8, 9, 10, 11, 12, 13, 14, 15, 16, 17, 18, 19, 20, 21, 22, 23, 24, 25, 26, 27, 28, 29]


*** round 15
coalitoin 0: 
    paired fds:  [1, 24, 8, 9, 2, 7, 22, 28, 12, 11]
    nearby fds:  [0, 1, 2, 3, 4, 5, 6, 7, 8, 9, 10, 11, 12, 13, 14, 15, 16, 17, 18, 19, 20, 21, 22, 23, 24, 25, 26, 27, 28, 29]
coalitoin 1: 
    paired fds:  [3, 27, 23, 21, 0, 17, 10, 4]
    nearby fds:  [0, 1, 2, 3, 4, 5, 6, 7, 8, 9, 10, 11, 12, 13, 14, 15, 16, 17, 18, 19, 20, 21, 22, 23, 24, 25, 26, 27, 28, 29]
coalitoin 2: 
    paired fds:  [16, 29, 6, 5, 18, 15, 20, 19, 13]
    nearby fds:  [0, 1, 2, 3, 4, 5, 6, 7, 8, 9, 10, 11, 12, 13, 14, 15, 16, 17, 18, 19, 20, 21, 22, 23, 24, 25, 26, 27, 28, 29]
coalitoin 3: 
    paired fds:  [25, 14, 26]
    nearby fds:  [0, 1, 2, 3, 4, 5, 6, 7, 8, 9, 10, 11, 12, 13, 14, 15, 16, 17, 18, 19, 20, 21, 22, 23, 24, 25, 26, 27, 28, 29]


*** round 16
coalitoin 0: 
    paired fds:  [1, 8, 22, 12, 9, 24, 2, 7, 11, 28]
    nearby fds:  [0, 1, 2, 3, 4, 5, 6, 7, 8, 9, 10, 11, 12, 13, 14, 15, 16, 17, 18, 19, 20, 21, 22, 23, 24, 25, 26, 27, 28, 29]
coalitoin 1: 
    paired fds:  [3, 0, 23, 4, 17, 21, 10, 27]
    nearby fds:  [0, 1, 2, 3, 4, 5, 6, 7, 8, 9, 10, 11, 12, 13, 14, 15, 16, 17, 18, 19, 20, 21, 22, 23, 24, 25, 26, 27, 28, 29]
coalitoin 2: 
    paired fds:  [6, 18, 13, 15, 20, 29, 16, 5, 19]
    nearby fds:  [0, 1, 2, 3, 4, 5, 6, 7, 8, 9, 10, 11, 12, 13, 14, 15, 16, 17, 18, 19, 20, 21, 22, 23, 24, 25, 26, 27, 28, 29]
coalitoin 3: 
    paired fds:  [14, 25, 26]
    nearby fds:  [0, 1, 2, 3, 4, 5, 6, 7, 8, 9, 10, 11, 12, 13, 14, 15, 16, 17, 18, 19, 20, 21, 22, 23, 24, 25, 26, 27, 28, 29]


*** round 17
coalitoin 0: 
    paired fds:  [1, 8, 12, 7, 2, 22, 28, 11, 24, 9]
    nearby fds:  [0, 1, 2, 3, 4, 5, 6, 7, 8, 9, 10, 11, 12, 13, 14, 15, 16, 17, 18, 19, 20, 21, 22, 23, 24, 25, 26, 27, 28, 29]
coalitoin 1: 
    paired fds:  [23, 17, 10, 21, 3, 0, 4, 27]
    nearby fds:  [0, 1, 2, 3, 4, 5, 6, 7, 8, 9, 10, 11, 12, 13, 14, 15, 16, 17, 18, 19, 20, 21, 22, 23, 24, 25, 26, 27, 28, 29]
coalitoin 2: 
    paired fds:  [18, 15, 19, 29, 20, 16, 13, 5, 6]
    nearby fds:  [0, 1, 2, 3, 4, 5, 6, 7, 8, 9, 10, 11, 12, 13, 14, 15, 16, 17, 18, 19, 20, 21, 22, 23, 24, 25, 26, 27, 28, 29]
coalitoin 3: 
    paired fds:  [25, 26, 14]
    nearby fds:  [0, 1, 2, 3, 4, 5, 6, 7, 8, 9, 10, 11, 12, 13, 14, 15, 16, 17, 18, 19, 20, 21, 22, 23, 24, 25, 26, 27, 28, 29]


*** round 18
coalitoin 0: 
    paired fds:  [12, 22, 11, 24, 9, 28, 1, 2, 7, 8]
    nearby fds:  [0, 1, 2, 3, 4, 5, 6, 7, 8, 9, 10, 11, 12, 13, 14, 15, 16, 17, 18, 19, 20, 21, 22, 23, 24, 25, 26, 27, 28, 29]
coalitoin 1: 
    paired fds:  [3, 0, 27, 17, 21, 10, 23, 4]
    nearby fds:  [0, 1, 2, 3, 4, 5, 6, 7, 8, 9, 10, 11, 12, 13, 14, 15, 16, 17, 18, 19, 20, 21, 22, 23, 24, 25, 26, 27, 28, 29]
coalitoin 2: 
    paired fds:  [13, 5, 16, 20, 6, 18, 19, 15, 29]
    nearby fds:  [0, 1, 2, 3, 4, 5, 6, 7, 8, 9, 10, 11, 12, 13, 14, 15, 16, 17, 18, 19, 20, 21, 22, 23, 24, 25, 26, 27, 28, 29]
coalitoin 3: 
    paired fds:  [26, 14, 25]
    nearby fds:  [0, 1, 2, 3, 4, 5, 6, 7, 8, 9, 10, 11, 12, 13, 14, 15, 16, 17, 18, 19, 20, 21, 22, 23, 24, 25, 26, 27, 28, 29]


*** round 19
fd  4 in coalition 1 and fd  9 in coalition 0 swap coalitions
coalitoin 0: 
    paired fds:  [24, 1, 7, 12, 8, 11, 4, 28, 22, 2]
    nearby fds:  [0, 1, 2, 3, 4, 5, 6, 7, 8, 9, 10, 11, 12, 13, 14, 15, 16, 17, 18, 19, 20, 21, 22, 23, 24, 25, 26, 27, 28, 29]
coalitoin 1: 
    paired fds:  [27, 21, 23, 10, 17, 9, 3, 0]
    nearby fds:  [0, 1, 2, 3, 4, 5, 6, 7, 8, 9, 10, 11, 12, 13, 14, 15, 16, 17, 18, 19, 20, 21, 22, 23, 24, 25, 26, 27, 28, 29]
coalitoin 2: 
    paired fds:  [20, 15, 5, 29, 16, 18, 19, 6, 13]
    nearby fds:  [0, 1, 2, 3, 4, 5, 6, 7, 8, 9, 10, 11, 12, 13, 14, 15, 16, 17, 18, 19, 20, 21, 22, 23, 24, 25, 26, 27, 28, 29]
coalitoin 3: 
    paired fds:  [14, 25, 26]
    nearby fds:  [0, 1, 2, 3, 4, 5, 6, 7, 8, 9, 10, 11, 12, 13, 14, 15, 16, 17, 18, 19, 20, 21, 22, 23, 24, 25, 26, 27, 28, 29]


*** round 20
fd 21 in coalition 1 and fd  7 in coalition 0 swap coalitions
coalitoin 0: 
    paired fds:  [24, 1, 8, 4, 2, 11, 12, 22, 28, 21]
    nearby fds:  [0, 1, 2, 3, 4, 5, 6, 7, 8, 9, 10, 11, 12, 13, 14, 15, 16, 17, 18, 19, 20, 21, 22, 23, 24, 25, 26, 27, 28, 29]
coalitoin 1: 
    paired fds:  [17, 23, 10, 0, 9, 27, 7, 3]
    nearby fds:  [0, 1, 2, 3, 4, 5, 6, 7, 8, 9, 10, 11, 12, 13, 14, 15, 16, 17, 18, 19, 20, 21, 22, 23, 24, 25, 26, 27, 28, 29]
coalitoin 2: 
    paired fds:  [20, 5, 18, 19, 16, 6, 29, 15, 13]
    nearby fds:  [0, 1, 2, 3, 4, 5, 6, 7, 8, 9, 10, 11, 12, 13, 14, 15, 16, 17, 18, 19, 20, 21, 22, 23, 24, 25, 26, 27, 28, 29]
coalitoin 3: 
    paired fds:  [25, 14, 26]
    nearby fds:  [0, 1, 2, 3, 4, 5, 6, 7, 8, 9, 10, 11, 12, 13, 14, 15, 16, 17, 18, 19, 20, 21, 22, 23, 24, 25, 26, 27, 28, 29]


*** round 21
coalitoin 0: 
    paired fds:  [24, 1, 11, 12, 2, 22, 21, 28, 8, 4]
    nearby fds:  [0, 1, 2, 3, 4, 5, 6, 7, 8, 9, 10, 11, 12, 13, 14, 15, 16, 17, 18, 19, 20, 21, 22, 23, 24, 25, 26, 27, 28, 29]
coalitoin 1: 
    paired fds:  [17, 10, 27, 0, 9, 3, 7, 23]
    nearby fds:  [0, 1, 2, 3, 4, 5, 6, 7, 8, 9, 10, 11, 12, 13, 14, 15, 16, 17, 18, 19, 20, 21, 22, 23, 24, 25, 26, 27, 28, 29]
coalitoin 2: 
    paired fds:  [20, 5, 19, 29, 13, 18, 15, 16, 6]
    nearby fds:  [0, 1, 2, 3, 4, 5, 6, 7, 8, 9, 10, 11, 12, 13, 14, 15, 16, 17, 18, 19, 20, 21, 22, 23, 24, 25, 26, 27, 28, 29]
coalitoin 3: 
    paired fds:  [25, 26, 14]
    nearby fds:  [0, 1, 2, 3, 4, 5, 6, 7, 8, 9, 10, 11, 12, 13, 14, 15, 16, 17, 18, 19, 20, 21, 22, 23, 24, 25, 26, 27, 28, 29]


*** round 22
coalitoin 0: 
    paired fds:  [24, 12, 21, 28, 4, 1, 2, 11, 22, 8]
    nearby fds:  [0, 1, 2, 3, 4, 5, 6, 7, 8, 9, 10, 11, 12, 13, 14, 15, 16, 17, 18, 19, 20, 21, 22, 23, 24, 25, 26, 27, 28, 29]
coalitoin 1: 
    paired fds:  [27, 3, 17, 7, 10, 0, 23, 9]
    nearby fds:  [0, 1, 2, 3, 4, 5, 6, 7, 8, 9, 10, 11, 12, 13, 14, 15, 16, 17, 18, 19, 20, 21, 22, 23, 24, 25, 26, 27, 28, 29]
coalitoin 2: 
    paired fds:  [18, 29, 19, 6, 16, 13, 20, 5, 15]
    nearby fds:  [0, 1, 2, 3, 4, 5, 6, 7, 8, 9, 10, 11, 12, 13, 14, 15, 16, 17, 18, 19, 20, 21, 22, 23, 24, 25, 26, 27, 28, 29]
coalitoin 3: 
    paired fds:  [14, 26, 25]
    nearby fds:  [0, 1, 2, 3, 4, 5, 6, 7, 8, 9, 10, 11, 12, 13, 14, 15, 16, 17, 18, 19, 20, 21, 22, 23, 24, 25, 26, 27, 28, 29]


*** round 23
coalitoin 0: 
    paired fds:  [12, 28, 2, 22, 4, 24, 21, 8, 11, 1]
    nearby fds:  [0, 1, 2, 3, 4, 5, 6, 7, 8, 9, 10, 11, 12, 13, 14, 15, 16, 17, 18, 19, 20, 21, 22, 23, 24, 25, 26, 27, 28, 29]
coalitoin 1: 
    paired fds:  [9, 7, 10, 3, 0, 27, 17, 23]
    nearby fds:  [0, 1, 2, 3, 4, 5, 6, 7, 8, 9, 10, 11, 12, 13, 14, 15, 16, 17, 18, 19, 20, 21, 22, 23, 24, 25, 26, 27, 28, 29]
coalitoin 2: 
    paired fds:  [18, 19, 6, 20, 5, 13, 15, 29, 16]
    nearby fds:  [0, 1, 2, 3, 4, 5, 6, 7, 8, 9, 10, 11, 12, 13, 14, 15, 16, 17, 18, 19, 20, 21, 22, 23, 24, 25, 26, 27, 28, 29]
coalitoin 3: 
    paired fds:  [25, 14, 26]
    nearby fds:  [0, 1, 2, 3, 4, 5, 6, 7, 8, 9, 10, 11, 12, 13, 14, 15, 16, 17, 18, 19, 20, 21, 22, 23, 24, 25, 26, 27, 28, 29]


*** round 24
coalitoin 0: 
    paired fds:  [22, 21, 24, 28, 1, 12, 4, 2, 11, 8]
    nearby fds:  [0, 1, 2, 3, 4, 5, 6, 7, 8, 9, 10, 11, 12, 13, 14, 15, 16, 17, 18, 19, 20, 21, 22, 23, 24, 25, 26, 27, 28, 29]
coalitoin 1: 
    paired fds:  [3, 27, 23, 17, 7, 10, 0, 9]
    nearby fds:  [0, 1, 2, 3, 4, 5, 6, 7, 8, 9, 10, 11, 12, 13, 14, 15, 16, 17, 18, 19, 20, 21, 22, 23, 24, 25, 26, 27, 28, 29]
coalitoin 2: 
    paired fds:  [19, 5, 13, 29, 15, 20, 16, 18, 6]
    nearby fds:  [0, 1, 2, 3, 4, 5, 6, 7, 8, 9, 10, 11, 12, 13, 14, 15, 16, 17, 18, 19, 20, 21, 22, 23, 24, 25, 26, 27, 28, 29]
coalitoin 3: 
    paired fds:  [26, 25, 14]
    nearby fds:  [0, 1, 2, 3, 4, 5, 6, 7, 8, 9, 10, 11, 12, 13, 14, 15, 16, 17, 18, 19, 20, 21, 22, 23, 24, 25, 26, 27, 28, 29]


*** round 25
coalitoin 0: 
    paired fds:  [21, 28, 1, 8, 2, 4, 11, 24, 12, 22]
    nearby fds:  [0, 1, 2, 3, 4, 5, 6, 7, 8, 9, 10, 11, 12, 13, 14, 15, 16, 17, 18, 19, 20, 21, 22, 23, 24, 25, 26, 27, 28, 29]
coalitoin 1: 
    paired fds:  [0, 10, 9, 23, 27, 17, 7, 3]
    nearby fds:  [0, 1, 2, 3, 4, 5, 6, 7, 8, 9, 10, 11, 12, 13, 14, 15, 16, 17, 18, 19, 20, 21, 22, 23, 24, 25, 26, 27, 28, 29]
coalitoin 2: 
    paired fds:  [13, 15, 5, 6, 29, 16, 18, 20, 19]
    nearby fds:  [0, 1, 2, 3, 4, 5, 6, 7, 8, 9, 10, 11, 12, 13, 14, 15, 16, 17, 18, 19, 20, 21, 22, 23, 24, 25, 26, 27, 28, 29]
coalitoin 3: 
    paired fds:  [14, 26, 25]
    nearby fds:  [0, 1, 2, 3, 4, 5, 6, 7, 8, 9, 10, 11, 12, 13, 14, 15, 16, 17, 18, 19, 20, 21, 22, 23, 24, 25, 26, 27, 28, 29]


*** round 26
coalitoin 0: 
    paired fds:  [28, 8, 2, 11, 4, 24, 12, 1, 21, 22]
    nearby fds:  [0, 1, 2, 3, 4, 5, 6, 7, 8, 9, 10, 11, 12, 13, 14, 15, 16, 17, 18, 19, 20, 21, 22, 23, 24, 25, 26, 27, 28, 29]
coalitoin 1: 
    paired fds:  [0, 9, 17, 27, 23, 3, 10, 7]
    nearby fds:  [0, 1, 2, 3, 4, 5, 6, 7, 8, 9, 10, 11, 12, 13, 14, 15, 16, 17, 18, 19, 20, 21, 22, 23, 24, 25, 26, 27, 28, 29]
coalitoin 2: 
    paired fds:  [15, 5, 6, 19, 13, 20, 29, 16, 18]
    nearby fds:  [0, 1, 2, 3, 4, 5, 6, 7, 8, 9, 10, 11, 12, 13, 14, 15, 16, 17, 18, 19, 20, 21, 22, 23, 24, 25, 26, 27, 28, 29]
coalitoin 3: 
    paired fds:  [25, 14, 26]
    nearby fds:  [0, 1, 2, 3, 4, 5, 6, 7, 8, 9, 10, 11, 12, 13, 14, 15, 16, 17, 18, 19, 20, 21, 22, 23, 24, 25, 26, 27, 28, 29]


*** round 27
coalitoin 0: 
    paired fds:  [11, 4, 24, 21, 8, 1, 22, 2, 12, 28]
    nearby fds:  [0, 1, 2, 3, 4, 5, 6, 7, 8, 9, 10, 11, 12, 13, 14, 15, 16, 17, 18, 19, 20, 21, 22, 23, 24, 25, 26, 27, 28, 29]
coalitoin 1: 
    paired fds:  [27, 3, 10, 7, 0, 17, 9, 23]
    nearby fds:  [0, 1, 2, 3, 4, 5, 6, 7, 8, 9, 10, 11, 12, 13, 14, 15, 16, 17, 18, 19, 20, 21, 22, 23, 24, 25, 26, 27, 28, 29]
coalitoin 2: 
    paired fds:  [19, 20, 18, 5, 13, 15, 16, 6, 29]
    nearby fds:  [0, 1, 2, 3, 4, 5, 6, 7, 8, 9, 10, 11, 12, 13, 14, 15, 16, 17, 18, 19, 20, 21, 22, 23, 24, 25, 26, 27, 28, 29]
coalitoin 3: 
    paired fds:  [14, 26, 25]
    nearby fds:  [0, 1, 2, 3, 4, 5, 6, 7, 8, 9, 10, 11, 12, 13, 14, 15, 16, 17, 18, 19, 20, 21, 22, 23, 24, 25, 26, 27, 28, 29]


*** round 28
coalitoin 0: 
    paired fds:  [4, 12, 28, 2, 24, 22, 11, 8, 1, 21]
    nearby fds:  [0, 1, 2, 3, 4, 5, 6, 7, 8, 9, 10, 11, 12, 13, 14, 15, 16, 17, 18, 19, 20, 21, 22, 23, 24, 25, 26, 27, 28, 29]
coalitoin 1: 
    paired fds:  [7, 17, 10, 3, 9, 0, 23, 27]
    nearby fds:  [0, 1, 2, 3, 4, 5, 6, 7, 8, 9, 10, 11, 12, 13, 14, 15, 16, 17, 18, 19, 20, 21, 22, 23, 24, 25, 26, 27, 28, 29]
coalitoin 2: 
    paired fds:  [20, 15, 16, 29, 13, 18, 5, 6, 19]
    nearby fds:  [0, 1, 2, 3, 4, 5, 6, 7, 8, 9, 10, 11, 12, 13, 14, 15, 16, 17, 18, 19, 20, 21, 22, 23, 24, 25, 26, 27, 28, 29]
coalitoin 3: 
    paired fds:  [14, 26, 25]
    nearby fds:  [0, 1, 2, 3, 4, 5, 6, 7, 8, 9, 10, 11, 12, 13, 14, 15, 16, 17, 18, 19, 20, 21, 22, 23, 24, 25, 26, 27, 28, 29]


*** round 29
coalitoin 0: 
    paired fds:  [2, 24, 8, 1, 4, 12, 28, 22, 21, 11]
    nearby fds:  [0, 1, 2, 3, 4, 5, 6, 7, 8, 9, 10, 11, 12, 13, 14, 15, 16, 17, 18, 19, 20, 21, 22, 23, 24, 25, 26, 27, 28, 29]
coalitoin 1: 
    paired fds:  [0, 27, 7, 23, 9, 3, 10, 17]
    nearby fds:  [0, 1, 2, 3, 4, 5, 6, 7, 8, 9, 10, 11, 12, 13, 14, 15, 16, 17, 18, 19, 20, 21, 22, 23, 24, 25, 26, 27, 28, 29]
coalitoin 2: 
    paired fds:  [18, 19, 29, 16, 15, 5, 6, 13, 20]
    nearby fds:  [0, 1, 2, 3, 4, 5, 6, 7, 8, 9, 10, 11, 12, 13, 14, 15, 16, 17, 18, 19, 20, 21, 22, 23, 24, 25, 26, 27, 28, 29]
coalitoin 3: 
    paired fds:  [14, 26, 25]
    nearby fds:  [0, 1, 2, 3, 4, 5, 6, 7, 8, 9, 10, 11, 12, 13, 14, 15, 16, 17, 18, 19, 20, 21, 22, 23, 24, 25, 26, 27, 28, 29]
fd  4 in coalition 0 was selected to forward
fd 23 in coalition 1 was selected to forward
fd 18 in coalition 2 was selected to forward
fd 25 in coalition 3 was selected to forward
fd  4 in coalition 0 was selected to forward
fd 23 in coalition 1 was selected to forward
fd 18 in coalition 2 was selected to forward
fd 25 in coalition 3 was selected to forward
fd  4 in coalition 0 was selected to forward
fd 23 in coalition 1 was selected to forward
fd 18 in coalition 2 was selected to forward
fd 25 in coalition 3 was selected to forward
fd  4 in coalition 0 was selected to forward
fd 23 in coalition 1 was selected to forward
fd 18 in coalition 2 was selected to forward
fd 25 in coalition 3 was selected to forward
fd  4 in coalition 0 was selected to forward
fd 23 in coalition 1 was selected to forward
fd 18 in coalition 2 was selected to forward
fd 25 in coalition 3 was selected to forward
fd  4 in coalition 0 was selected to forward
fd 23 in coalition 1 was selected to forward
fd 16 in coalition 2 was selected to forward
fd 14 in coalition 3 was selected to forward
fd  2 in coalition 0 was selected to forward
fd  3 in coalition 1 was selected to forward
fd 16 in coalition 2 was selected to forward
fd 14 in coalition 3 was selected to forward
fd  2 in coalition 0 was selected to forward
fd  3 in coalition 1 was selected to forward
fd 16 in coalition 2 was selected to forward
fd 14 in coalition 3 was selected to forward
fd  2 in coalition 0 was selected to forward
fd  3 in coalition 1 was selected to forward
fd 16 in coalition 2 was selected to forward
fd 14 in coalition 3 was selected to forward
fd  2 in coalition 0 was selected to forward
fd  3 in coalition 1 was selected to forward
fd 16 in coalition 2 was selected to forward
fd 14 in coalition 3 was selected to forward
fd  2 in coalition 0 was selected to forward
fd  3 in coalition 1 was selected to forward
fd 16 in coalition 2 was selected to forward
fd 26 in coalition 3 was selected to forward
fd  2 in coalition 0 was selected to forward
fd  3 in coalition 1 was selected to forward
fd 20 in coalition 2 was selected to forward
fd 26 in coalition 3 was selected to forward
fd  2 in coalition 0 was selected to forward
fd 10 in coalition 1 was selected to forward
fd 20 in coalition 2 was selected to forward
fd 26 in coalition 3 was selected to forward
fd  4 in coalition 0 was selected to forward
fd 10 in coalition 1 was selected to forward
fd 20 in coalition 2 was selected to forward
fd 26 in coalition 3 was selected to forward
fd 24 in coalition 0 was selected to forward
fd 10 in coalition 1 was selected to forward
fd 20 in coalition 2 was selected to forward
fd 26 in coalition 3 was selected to forward
fd 24 in coalition 0 was selected to forward
fd 10 in coalition 1 was selected to forward
fd 20 in coalition 2 was selected to forward
None is selected in coalition 3
fd 24 in coalition 0 was selected to forward
fd 10 in coalition 1 was selected to forward
fd 20 in coalition 2 was selected to forward
None is selected in coalition 3
fd 24 in coalition 0 was selected to forward
fd 10 in coalition 1 was selected to forward
fd 20 in coalition 2 was selected to forward
None is selected in coalition 3
fd 24 in coalition 0 was selected to forward
fd 10 in coalition 1 was selected to forward
fd 20 in coalition 2 was selected to forward
None is selected in coalition 3
fd 24 in coalition 0 was selected to forward
fd 23 in coalition 1 was selected to forward
fd 13 in coalition 2 was selected to forward
None is selected in coalition 3
fd 24 in coalition 0 was selected to forward
fd  7 in coalition 1 was selected to forward
fd 13 in coalition 2 was selected to forward
None is selected in coalition 3
fd 24 in coalition 0 was selected to forward
fd  7 in coalition 1 was selected to forward
fd 13 in coalition 2 was selected to forward
None is selected in coalition 3
fd 21 in coalition 0 was selected to forward
fd  7 in coalition 1 was selected to forward
fd 13 in coalition 2 was selected to forward
fd 14 in coalition 3 was selected to forward
fd 21 in coalition 0 was selected to forward
fd  7 in coalition 1 was selected to forward
fd 13 in coalition 2 was selected to forward
None is selected in coalition 3
fd 21 in coalition 0 was selected to forward
fd  7 in coalition 1 was selected to forward
fd 13 in coalition 2 was selected to forward
None is selected in coalition 3
fd 21 in coalition 0 was selected to forward
fd  0 in coalition 1 was selected to forward
fd 13 in coalition 2 was selected to forward
None is selected in coalition 3
fd 21 in coalition 0 was selected to forward
fd  0 in coalition 1 was selected to forward
fd 13 in coalition 2 was selected to forward
None is selected in coalition 3
fd 21 in coalition 0 was selected to forward
fd  0 in coalition 1 was selected to forward
fd 29 in coalition 2 was selected to forward
None is selected in coalition 3
fd 21 in coalition 0 was selected to forward
fd  0 in coalition 1 was selected to forward
fd 29 in coalition 2 was selected to forward
None is selected in coalition 3
fd 21 in coalition 0 was selected to forward
fd  0 in coalition 1 was selected to forward
fd 29 in coalition 2 was selected to forward
None is selected in coalition 3
fd 28 in coalition 0 was selected to forward
fd 17 in coalition 1 was selected to forward
fd 29 in coalition 2 was selected to forward
fd 25 in coalition 3 was selected to forward
fd 28 in coalition 0 was selected to forward
fd 17 in coalition 1 was selected to forward
fd 29 in coalition 2 was selected to forward
fd 26 in coalition 3 was selected to forward


***********************
coalition_history =  [[{'num': 0, 'capacity': 2.6773014801161037, 'paired_fds': [17, 24, 7, 23, 26, 11, 12, 2, 20, 25], 'game_sel': 2}, {'num': 1, 'capacity': 2.7782931962387005, 'paired_fds': [3, 8, 9, 19, 15, 22, 14, 0], 'game_sel': 3}, {'num': 2, 'capacity': 2.642107636951904, 'paired_fds': [13, 18, 27, 29, 6, 28, 21, 16, 5], 'game_sel': 18}, {'num': 3, 'capacity': 3.3710189726446824, 'paired_fds': [10, 1, 4], 'game_sel': 1}], [{'num': 0, 'capacity': 2.660129446795631, 'paired_fds': [17, 24, 26, 12, 25, 7, 1, 11, 10, 28], 'game_sel': 24}, {'num': 1, 'capacity': 2.698706206428214, 'paired_fds': [3, 8, 0, 19, 21, 23, 4, 2], 'game_sel': 4}, {'num': 2, 'capacity': 2.624197025909747, 'paired_fds': [18, 27, 6, 20, 5, 9, 13, 15, 14], 'game_sel': 18}, {'num': 3, 'capacity': 3.5034582414610194, 'paired_fds': [29, 22, 16], 'game_sel': 29}], [{'num': 0, 'capacity': 2.656458522829581, 'paired_fds': [26, 25, 10, 1, 28, 7, 8, 12, 11, 24], 'game_sel': 24}, {'num': 1, 'capacity': 2.6927425369336553, 'paired_fds': [23, 0, 3, 21, 2, 17, 4, 27], 'game_sel': 4}, {'num': 2, 'capacity': 2.615258496177331, 'paired_fds': [18, 20, 14, 13, 6, 5, 16, 9, 15], 'game_sel': 18}, {'num': 3, 'capacity': 3.4576139515792863, 'paired_fds': [22, 29, 19], 'game_sel': 29}], [{'num': 0, 'capacity': 2.656458522829581, 'paired_fds': [26, 25, 1, 28, 7, 10, 8, 24, 11, 12], 'game_sel': 24}, {'num': 1, 'capacity': 2.6927425369336553, 'paired_fds': [21, 17, 2, 0, 27, 3, 23, 4], 'game_sel': 4}, {'num': 2, 'capacity': 2.610971539492387, 'paired_fds': [14, 6, 16, 15, 5, 13, 19, 18, 20], 'game_sel': 18}, {'num': 3, 'capacity': 3.355284591640787, 'paired_fds': [29, 9, 22], 'game_sel': 9}], [{'num': 0, 'capacity': 2.6389969420601815, 'paired_fds': [25, 10, 24, 11, 28, 7, 8, 1, 12, 22], 'game_sel': 24}, {'num': 1, 'capacity': 2.6927425369336553, 'paired_fds': [21, 17, 2, 4, 0, 27, 3, 23], 'game_sel': 4}, {'num': 2, 'capacity': 2.6238391410383013, 'paired_fds': [15, 13, 20, 26, 6, 29, 18, 16, 14], 'game_sel': 18}, {'num': 3, 'capacity': 3.379134768499524, 'paired_fds': [5, 19, 9], 'game_sel': 9}], [{'num': 0, 'capacity': 2.6389969420601815, 'paired_fds': [25, 11, 12, 22, 1, 7, 28, 10, 8, 24], 'game_sel': 24}, {'num': 1, 'capacity': 2.6927425369336553, 'paired_fds': [2, 0, 23, 3, 17, 27, 21, 4], 'game_sel': 4}, {'num': 2, 'capacity': 2.623839141038301, 'paired_fds': [26, 16, 14, 20, 29, 15, 6, 18, 13], 'game_sel': 18}, {'num': 3, 'capacity': 3.379134768499524, 'paired_fds': [9, 19, 5], 'game_sel': 9}], [{'num': 0, 'capacity': 2.6389969420601815, 'paired_fds': [12, 7, 28, 8, 11, 25, 1, 10, 24, 22], 'game_sel': 24}, {'num': 1, 'capacity': 2.692742536933655, 'paired_fds': [3, 21, 2, 23, 17, 0, 27, 4], 'game_sel': 4}, {'num': 2, 'capacity': 2.6238391410383017, 'paired_fds': [15, 6, 14, 13, 26, 18, 16, 20, 29], 'game_sel': 18}, {'num': 3, 'capacity': 3.379134768499524, 'paired_fds': [9, 19, 5], 'game_sel': 9}], [{'num': 0, 'capacity': 2.634747444332416, 'paired_fds': [12, 7, 8, 1, 24, 22, 28, 11, 10, 9], 'game_sel': 24}, {'num': 1, 'capacity': 2.6927425369336553, 'paired_fds': [21, 2, 3, 27, 17, 4, 0, 23], 'game_sel': 4}, {'num': 2, 'capacity': 2.6113376841190634, 'paired_fds': [15, 6, 20, 29, 18, 14, 5, 13, 16], 'game_sel': 18}, {'num': 3, 'capacity': 3.3067004446012733, 'paired_fds': [19, 26, 25], 'game_sel': 25}], [{'num': 0, 'capacity': 2.6347474443324157, 'paired_fds': [1, 24, 22, 11, 9, 28, 10, 7, 8, 12], 'game_sel': 24}, {'num': 1, 'capacity': 2.6927425369336553, 'paired_fds': [17, 27, 21, 2, 3, 4, 23, 0], 'game_sel': 4}, {'num': 2, 'capacity': 2.6113376841190634, 'paired_fds': [20, 13, 14, 6, 15, 16, 5, 18, 29], 'game_sel': 18}, {'num': 3, 'capacity': 3.3067004446012733, 'paired_fds': [19, 26, 25], 'game_sel': 25}], [{'num': 0, 'capacity': 2.6347474443324157, 'paired_fds': [1, 11, 9, 28, 10, 7, 22, 8, 12, 24], 'game_sel': 24}, {'num': 1, 'capacity': 2.6927425369336557, 'paired_fds': [2, 4, 23, 27, 0, 17, 21, 3], 'game_sel': 4}, {'num': 2, 'capacity': 2.6112798423719004, 'paired_fds': [13, 16, 6, 15, 19, 5, 18, 29, 20], 'game_sel': 18}, {'num': 3, 'capacity': 3.247334515733942, 'paired_fds': [26, 14, 25], 'game_sel': 25}], [{'num': 0, 'capacity': 2.610273102020163, 'paired_fds': [1, 9, 7, 8, 24, 22, 11, 12, 28, 4], 'game_sel': 4}, {'num': 1, 'capacity': 2.7065622452415345, 'paired_fds': [27, 21, 0, 17, 23, 10, 2, 3], 'game_sel': 21}, {'num': 2, 'capacity': 2.6112798423719, 'paired_fds': [16, 19, 13, 18, 5, 29, 20, 15, 6], 'game_sel': 18}, {'num': 3, 'capacity': 3.2473345157339417, 'paired_fds': [25, 26, 14], 'game_sel': 25}], [{'num': 0, 'capacity': 2.6176171075044525, 'paired_fds': [1, 7, 8, 11, 22, 2, 28, 12, 9, 24], 'game_sel': 2}, {'num': 1, 'capacity': 2.701373454458532, 'paired_fds': [27, 21, 10, 17, 4, 23, 3, 0], 'game_sel': 4}, {'num': 2, 'capacity': 2.6112798423719004, 'paired_fds': [5, 20, 6, 13, 16, 19, 29, 15, 18], 'game_sel': 18}, {'num': 3, 'capacity': 3.2473345157339413, 'paired_fds': [14, 25, 26], 'game_sel': 25}], [{'num': 0, 'capacity': 2.6176171075044525, 'paired_fds': [7, 28, 12, 8, 11, 9, 22, 2, 1, 24], 'game_sel': 2}, {'num': 1, 'capacity': 2.701373454458532, 'paired_fds': [17, 4, 23, 10, 0, 27, 3, 21], 'game_sel': 4}, {'num': 2, 'capacity': 2.6112798423719004, 'paired_fds': [16, 19, 6, 29, 18, 13, 15, 5, 20], 'game_sel': 18}, {'num': 3, 'capacity': 3.2473345157339417, 'paired_fds': [25, 26, 14], 'game_sel': 25}], [{'num': 0, 'capacity': 2.6176171075044525, 'paired_fds': [8, 2, 9, 11, 22, 7, 12, 28, 1, 24], 'game_sel': 2}, {'num': 1, 'capacity': 2.701373454458532, 'paired_fds': [17, 4, 23, 10, 0, 21, 27, 3], 'game_sel': 4}, {'num': 2, 'capacity': 2.6112798423719004, 'paired_fds': [16, 15, 20, 18, 5, 19, 29, 6, 13], 'game_sel': 18}, {'num': 3, 'capacity': 3.2473345157339417, 'paired_fds': [26, 25, 14], 'game_sel': 25}], [{'num': 0, 'capacity': 2.6176171075044525, 'paired_fds': [9, 22, 1, 24, 7, 11, 8, 12, 28, 2], 'game_sel': 2}, {'num': 1, 'capacity': 2.701373454458532, 'paired_fds': [4, 3, 17, 27, 0, 23, 21, 10], 'game_sel': 4}, {'num': 2, 'capacity': 2.611279842371901, 'paired_fds': [16, 18, 20, 5, 13, 29, 19, 6, 15], 'game_sel': 18}, {'num': 3, 'capacity': 3.2473345157339417, 'paired_fds': [25, 26, 14], 'game_sel': 25}], [{'num': 0, 'capacity': 2.617617107504453, 'paired_fds': [1, 24, 8, 9, 2, 7, 22, 28, 12, 11], 'game_sel': 2}, {'num': 1, 'capacity': 2.7013734544585324, 'paired_fds': [3, 27, 23, 21, 0, 17, 10, 4], 'game_sel': 4}, {'num': 2, 'capacity': 2.6112798423719004, 'paired_fds': [16, 29, 6, 5, 18, 15, 20, 19, 13], 'game_sel': 18}, {'num': 3, 'capacity': 3.2473345157339413, 'paired_fds': [25, 14, 26], 'game_sel': 25}], [{'num': 0, 'capacity': 2.6176171075044525, 'paired_fds': [1, 8, 22, 12, 9, 24, 2, 7, 11, 28], 'game_sel': 2}, {'num': 1, 'capacity': 2.701373454458532, 'paired_fds': [3, 0, 23, 4, 17, 21, 10, 27], 'game_sel': 4}, {'num': 2, 'capacity': 2.611279842371901, 'paired_fds': [6, 18, 13, 15, 20, 29, 16, 5, 19], 'game_sel': 18}, {'num': 3, 'capacity': 3.2473345157339413, 'paired_fds': [14, 25, 26], 'game_sel': 25}], [{'num': 0, 'capacity': 2.617617107504453, 'paired_fds': [1, 8, 12, 7, 2, 22, 28, 11, 24, 9], 'game_sel': 2}, {'num': 1, 'capacity': 2.7013734544585324, 'paired_fds': [23, 17, 10, 21, 3, 0, 4, 27], 'game_sel': 4}, {'num': 2, 'capacity': 2.6112798423719004, 'paired_fds': [18, 15, 19, 29, 20, 16, 13, 5, 6], 'game_sel': 18}, {'num': 3, 'capacity': 3.2473345157339417, 'paired_fds': [25, 26, 14], 'game_sel': 25}], [{'num': 0, 'capacity': 2.6176171075044525, 'paired_fds': [12, 22, 11, 24, 9, 28, 1, 2, 7, 8], 'game_sel': 2}, {'num': 1, 'capacity': 2.7013734544585324, 'paired_fds': [3, 0, 27, 17, 21, 10, 23, 4], 'game_sel': 4}, {'num': 2, 'capacity': 2.6112798423719004, 'paired_fds': [13, 5, 16, 20, 6, 18, 19, 15, 29], 'game_sel': 18}, {'num': 3, 'capacity': 3.247334515733942, 'paired_fds': [26, 14, 25], 'game_sel': 25}], [{'num': 0, 'capacity': 2.5869185455733867, 'paired_fds': [24, 1, 7, 12, 8, 11, 4, 28, 22, 2], 'game_sel': 4}, {'num': 1, 'capacity': 2.7285875253950325, 'paired_fds': [27, 21, 23, 10, 17, 9, 3, 0], 'game_sel': 21}, {'num': 2, 'capacity': 2.6112798423719004, 'paired_fds': [20, 15, 5, 29, 16, 18, 19, 6, 13], 'game_sel': 18}, {'num': 3, 'capacity': 3.2473345157339413, 'paired_fds': [14, 25, 26], 'game_sel': 25}], [{'num': 0, 'capacity': 2.5761650382412227, 'paired_fds': [24, 1, 8, 4, 2, 11, 12, 22, 28, 21], 'game_sel': 4}, {'num': 1, 'capacity': 2.7396439943696067, 'paired_fds': [17, 23, 10, 0, 9, 27, 7, 3], 'game_sel': 23}, {'num': 2, 'capacity': 2.6112798423719004, 'paired_fds': [20, 5, 18, 19, 16, 6, 29, 15, 13], 'game_sel': 18}, {'num': 3, 'capacity': 3.2473345157339413, 'paired_fds': [25, 14, 26], 'game_sel': 25}], [{'num': 0, 'capacity': 2.576165038241222, 'paired_fds': [24, 1, 11, 12, 2, 22, 21, 28, 8, 4], 'game_sel': 4}, {'num': 1, 'capacity': 2.7396439943696067, 'paired_fds': [17, 10, 27, 0, 9, 3, 7, 23], 'game_sel': 3}, {'num': 2, 'capacity': 2.611279842371901, 'paired_fds': [20, 5, 19, 29, 13, 18, 15, 16, 6], 'game_sel': 18}, {'num': 3, 'capacity': 3.2473345157339417, 'paired_fds': [25, 26, 14], 'game_sel': 25}], [{'num': 0, 'capacity': 2.5761650382412213, 'paired_fds': [24, 12, 21, 28, 4, 1, 2, 11, 22, 8], 'game_sel': 4}, {'num': 1, 'capacity': 2.739643994369605, 'paired_fds': [27, 3, 17, 7, 10, 0, 23, 9], 'game_sel': 3}, {'num': 2, 'capacity': 2.6112798423719, 'paired_fds': [18, 29, 19, 6, 16, 13, 20, 5, 15], 'game_sel': 18}, {'num': 3, 'capacity': 3.247334515733942, 'paired_fds': [14, 26, 25], 'game_sel': 25}], [{'num': 0, 'capacity': 2.5761650382412213, 'paired_fds': [12, 28, 2, 22, 4, 24, 21, 8, 11, 1], 'game_sel': 4}, {'num': 1, 'capacity': 2.7396439943696067, 'paired_fds': [9, 7, 10, 3, 0, 27, 17, 23], 'game_sel': 3}, {'num': 2, 'capacity': 2.6112798423719004, 'paired_fds': [18, 19, 6, 20, 5, 13, 15, 29, 16], 'game_sel': 18}, {'num': 3, 'capacity': 3.2473345157339413, 'paired_fds': [25, 14, 26], 'game_sel': 25}], [{'num': 0, 'capacity': 2.576165038241222, 'paired_fds': [22, 21, 24, 28, 1, 12, 4, 2, 11, 8], 'game_sel': 4}, {'num': 1, 'capacity': 2.7396439943696054, 'paired_fds': [3, 27, 23, 17, 7, 10, 0, 9], 'game_sel': 3}, {'num': 2, 'capacity': 2.611279842371901, 'paired_fds': [19, 5, 13, 29, 15, 20, 16, 18, 6], 'game_sel': 18}, {'num': 3, 'capacity': 3.2473345157339417, 'paired_fds': [26, 25, 14], 'game_sel': 25}], [{'num': 0, 'capacity': 2.576165038241222, 'paired_fds': [21, 28, 1, 8, 2, 4, 11, 24, 12, 22], 'game_sel': 4}, {'num': 1, 'capacity': 2.7396439943696067, 'paired_fds': [0, 10, 9, 23, 27, 17, 7, 3], 'game_sel': 23}, {'num': 2, 'capacity': 2.611279842371901, 'paired_fds': [13, 15, 5, 6, 29, 16, 18, 20, 19], 'game_sel': 18}, {'num': 3, 'capacity': 3.247334515733942, 'paired_fds': [14, 26, 25], 'game_sel': 25}], [{'num': 0, 'capacity': 2.576165038241222, 'paired_fds': [28, 8, 2, 11, 4, 24, 12, 1, 21, 22], 'game_sel': 4}, {'num': 1, 'capacity': 2.7396439943696063, 'paired_fds': [0, 9, 17, 27, 23, 3, 10, 7], 'game_sel': 23}, {'num': 2, 'capacity': 2.611279842371901, 'paired_fds': [15, 5, 6, 19, 13, 20, 29, 16, 18], 'game_sel': 18}, {'num': 3, 'capacity': 3.2473345157339413, 'paired_fds': [25, 14, 26], 'game_sel': 25}], [{'num': 0, 'capacity': 2.576165038241222, 'paired_fds': [11, 4, 24, 21, 8, 1, 22, 2, 12, 28], 'game_sel': 4}, {'num': 1, 'capacity': 2.739643994369605, 'paired_fds': [27, 3, 10, 7, 0, 17, 9, 23], 'game_sel': 3}, {'num': 2, 'capacity': 2.6112798423719004, 'paired_fds': [19, 20, 18, 5, 13, 15, 16, 6, 29], 'game_sel': 18}, {'num': 3, 'capacity': 3.247334515733942, 'paired_fds': [14, 26, 25], 'game_sel': 25}], [{'num': 0, 'capacity': 2.5761650382412213, 'paired_fds': [4, 12, 28, 2, 24, 22, 11, 8, 1, 21], 'game_sel': 4}, {'num': 1, 'capacity': 2.7396439943696063, 'paired_fds': [7, 17, 10, 3, 9, 0, 23, 27], 'game_sel': 3}, {'num': 2, 'capacity': 2.6112798423719, 'paired_fds': [20, 15, 16, 29, 13, 18, 5, 6, 19], 'game_sel': 18}, {'num': 3, 'capacity': 3.247334515733942, 'paired_fds': [14, 26, 25], 'game_sel': 25}], [{'num': 0, 'capacity': 2.5761650382412213, 'paired_fds': [2, 24, 8, 1, 4, 12, 28, 22, 21, 11], 'game_sel': 4}, {'num': 1, 'capacity': 2.7396439943696063, 'paired_fds': [0, 27, 7, 23, 9, 3, 10, 17], 'game_sel': 23}, {'num': 2, 'capacity': 2.6112798423719004, 'paired_fds': [18, 19, 29, 16, 15, 5, 6, 13, 20], 'game_sel': 18}, {'num': 3, 'capacity': 3.247334515733942, 'paired_fds': [14, 26, 25], 'game_sel': 25}]]
***********************
select_history =  [[{'f_bs': 237.97121205495182, 'f_fd': 107.17533108862506, 'num': 4, 'gains': 107.17533108862506, 'power': 0.0035174965911636043}, {'f_bs': 236.7825762054614, 'f_fd': 107.01564212888934, 'num': 23, 'gains': 107.01564212888934, 'power': 0.003400097892229184}, {'f_bs': 238.0152677207645, 'f_fd': 107.18121599989624, 'num': 18, 'gains': 107.18121599989624, 'power': 0.0024041422514147516}, {'f_bs': 238.10344567720918, 'f_fd': 107.19298749965671, 'num': 25, 'gains': 107.19298749965671, 'power': 0.0025630567291365586}], [{'f_bs': 237.97121205495182, 'f_fd': 107.17533108862506, 'num': 4, 'gains': 214.35066217725011, 'power': 0.0029174965911636045}, {'f_bs': 236.7825762054614, 'f_fd': 107.01564212888934, 'num': 23, 'gains': 214.03128425777868, 'power': 0.0028000978922291843}, {'f_bs': 238.0152677207645, 'f_fd': 107.18121599989624, 'num': 18, 'gains': 214.36243199979248, 'power': 0.0018041422514147515}, {'f_bs': 238.10344567720918, 'f_fd': 107.19298749965671, 'num': 25, 'gains': 214.38597499931342, 'power': 0.0019630567291365588}], [{'f_bs': 237.97121205495182, 'f_fd': 107.17533108862506, 'num': 4, 'gains': 321.5259932658752, 'power': 0.0023174965911636047}, {'f_bs': 236.7825762054614, 'f_fd': 107.01564212888934, 'num': 23, 'gains': 321.046926386668, 'power': 0.0022000978922291844}, {'f_bs': 238.0152677207645, 'f_fd': 107.18121599989624, 'num': 18, 'gains': 321.5436479996887, 'power': 0.0012041422514147515}, {'f_bs': 238.10344567720918, 'f_fd': 107.19298749965671, 'num': 25, 'gains': 321.5789624989701, 'power': 0.0013630567291365587}], [{'f_bs': 237.97121205495182, 'f_fd': 107.17533108862506, 'num': 4, 'gains': 428.70132435450023, 'power': 0.0017174965911636046}, {'f_bs': 236.7825762054614, 'f_fd': 107.01564212888934, 'num': 23, 'gains': 428.06256851555736, 'power': 0.0016000978922291844}, {'f_bs': 238.0152677207645, 'f_fd': 107.18121599989624, 'num': 18, 'gains': 428.72486399958495, 'power': 0.0006041422514147514}, {'f_bs': 238.10344567720918, 'f_fd': 107.19298749965671, 'num': 25, 'gains': 428.77194999862684, 'power': 0.0007630567291365587}], [{'f_bs': 237.97121205495182, 'f_fd': 107.17533108862506, 'num': 4, 'gains': 535.8766554431253, 'power': 0.0011174965911636046}, {'f_bs': 236.7825762054614, 'f_fd': 107.01564212888934, 'num': 23, 'gains': 535.0782106444467, 'power': 0.0010000978922291843}, {'f_bs': 238.0152677207645, 'f_fd': 107.18121599989624, 'num': 18, 'gains': 535.9060799994812, 'power': 4.142251414751379e-06}, {'f_bs': 238.10344567720918, 'f_fd': 107.19298749965671, 'num': 25, 'gains': 535.9649374982836, 'power': 0.0001630567291365586}], [{'f_bs': 237.97121205495182, 'f_fd': 107.17533108862506, 'num': 4, 'gains': 643.0519865317503, 'power': 0.0005174965911636045}, {'f_bs': 236.7825762054614, 'f_fd': 107.01564212888934, 'num': 23, 'gains': 642.093852773336, 'power': 0.0004000978922291843}, {'f_bs': 237.7949597591305, 'f_fd': 107.15176340504905, 'num': 16, 'gains': 107.15176340504905, 'power': 0.0031377720108957067}, {'f_bs': 237.7949597591305, 'f_fd': 107.15176340504905, 'num': 14, 'gains': 107.15176340504905, 'power': 0.002790234312886267}], [{'f_bs': 237.7508352030258, 'f_fd': 107.14585722659669, 'num': 2, 'gains': 107.14585722659669, 'power': 0.0036387587898928974}, {'f_bs': 236.7825762054614, 'f_fd': 107.01564212888934, 'num': 3, 'gains': 107.01564212888934, 'power': 0.003216189338133747}, {'f_bs': 237.7949597591305, 'f_fd': 107.15176340504905, 'num': 16, 'gains': 214.3035268100981, 'power': 0.002537772010895707}, {'f_bs': 237.7949597591305, 'f_fd': 107.15176340504905, 'num': 14, 'gains': 214.3035268100981, 'power': 0.0021902343128862673}], [{'f_bs': 237.7508352030258, 'f_fd': 107.14585722659669, 'num': 2, 'gains': 214.29171445319338, 'power': 0.0030387587898928975}, {'f_bs': 236.7825762054614, 'f_fd': 107.01564212888934, 'num': 3, 'gains': 214.03128425777868, 'power': 0.0026161893381337472}, {'f_bs': 237.7949597591305, 'f_fd': 107.15176340504905, 'num': 16, 'gains': 321.45529021514716, 'power': 0.0019377720108957068}, {'f_bs': 237.7949597591305, 'f_fd': 107.15176340504905, 'num': 14, 'gains': 321.45529021514716, 'power': 0.0015902343128862673}], [{'f_bs': 237.7508352030258, 'f_fd': 107.14585722659669, 'num': 2, 'gains': 321.43757167979004, 'power': 0.0024387587898928977}, {'f_bs': 236.7825762054614, 'f_fd': 107.01564212888934, 'num': 3, 'gains': 321.046926386668, 'power': 0.0020161893381337474}, {'f_bs': 237.7949597591305, 'f_fd': 107.15176340504905, 'num': 16, 'gains': 428.6070536201962, 'power': 0.0013377720108957067}, {'f_bs': 237.7949597591305, 'f_fd': 107.15176340504905, 'num': 14, 'gains': 428.6070536201962, 'power': 0.0009902343128862672}], [{'f_bs': 237.7508352030258, 'f_fd': 107.14585722659669, 'num': 2, 'gains': 428.58342890638676, 'power': 0.0018387587898928976}, {'f_bs': 236.7825762054614, 'f_fd': 107.01564212888934, 'num': 3, 'gains': 428.06256851555736, 'power': 0.0014161893381337473}, {'f_bs': 237.7949597591305, 'f_fd': 107.15176340504905, 'num': 16, 'gains': 535.7588170252452, 'power': 0.0007377720108957067}, {'f_bs': 237.7949597591305, 'f_fd': 107.15176340504905, 'num': 14, 'gains': 535.7588170252452, 'power': 0.0003902343128862672}], [{'f_bs': 237.7508352030258, 'f_fd': 107.14585722659669, 'num': 2, 'gains': 535.7292861329835, 'power': 0.0012387587898928976}, {'f_bs': 236.7825762054614, 'f_fd': 107.01564212888934, 'num': 3, 'gains': 535.0782106444467, 'power': 0.0008161893381337473}, {'f_bs': 237.7949597591305, 'f_fd': 107.15176340504905, 'num': 16, 'gains': 642.9105804302942, 'power': 0.00013777201089570663}, {'f_bs': 237.7508352030258, 'f_fd': 107.14585722659669, 'num': 26, 'gains': 107.14585722659669, 'power': 0.002750469125410101}], [{'f_bs': 237.7508352030258, 'f_fd': 107.14585722659669, 'num': 2, 'gains': 642.8751433595802, 'power': 0.0006387587898928975}, {'f_bs': 236.7825762054614, 'f_fd': 107.01564212888934, 'num': 3, 'gains': 642.093852773336, 'power': 0.00021618933813374723}, {'f_bs': 237.7949597591305, 'f_fd': 107.15176340504905, 'num': 20, 'gains': 107.15176340504905, 'power': 0.004219629332885107}, {'f_bs': 237.7508352030258, 'f_fd': 107.14585722659669, 'num': 26, 'gains': 214.29171445319338, 'power': 0.002150469125410101}], [{'f_bs': 237.7508352030258, 'f_fd': 107.14585722659669, 'num': 2, 'gains': 750.0210005861769, 'power': 3.8758789892897466e-05}, {'f_bs': 236.60679423778598, 'f_fd': 106.99187633019696, 'num': 10, 'gains': 106.99187633019696, 'power': 0.0037090095806436314}, {'f_bs': 237.7949597591305, 'f_fd': 107.15176340504905, 'num': 20, 'gains': 214.3035268100981, 'power': 0.0036196293328851076}, {'f_bs': 237.7508352030258, 'f_fd': 107.14585722659669, 'num': 26, 'gains': 321.43757167979004, 'power': 0.001550469125410101}], [{'f_bs': 237.97121205495182, 'f_fd': 107.17533108862506, 'num': 4, 'gains': 750.2273176203754, 'power': 6.07666058311581e-06}, {'f_bs': 236.60679423778598, 'f_fd': 106.99187633019696, 'num': 10, 'gains': 213.98375266039392, 'power': 0.0031090095806436315}, {'f_bs': 237.7949597591305, 'f_fd': 107.15176340504905, 'num': 20, 'gains': 321.45529021514716, 'power': 0.0030196293328851077}, {'f_bs': 237.7508352030258, 'f_fd': 107.14585722659669, 'num': 26, 'gains': 428.58342890638676, 'power': 0.0009504691254101009}], [{'f_bs': 237.61870344106381, 'f_fd': 107.1281565942208, 'num': 24, 'gains': 107.1281565942208, 'power': 0.004350436672208851}, {'f_bs': 236.60679423778598, 'f_fd': 106.99187633019696, 'num': 10, 'gains': 320.97562899059085, 'power': 0.0025090095806436317}, {'f_bs': 237.7949597591305, 'f_fd': 107.15176340504905, 'num': 20, 'gains': 428.6070536201962, 'power': 0.002419629332885108}, {'f_bs': 237.7508352030258, 'f_fd': 107.14585722659669, 'num': 26, 'gains': 535.7292861329835, 'power': 0.0003504691254101009}], [{'f_bs': 237.61870344106381, 'f_fd': 107.1281565942208, 'num': 24, 'gains': 214.2563131884416, 'power': 0.0037504366722088513}, {'f_bs': 236.60679423778598, 'f_fd': 106.99187633019696, 'num': 10, 'gains': 427.96750532078784, 'power': 0.0019090095806436316}, {'f_bs': 237.7949597591305, 'f_fd': 107.15176340504905, 'num': 20, 'gains': 535.7588170252452, 'power': 0.0018196293328851078}, {}], [{'f_bs': 237.61870344106381, 'f_fd': 107.1281565942208, 'num': 24, 'gains': 321.3844697826624, 'power': 0.0031504366722088515}, {'f_bs': 236.60679423778598, 'f_fd': 106.99187633019696, 'num': 10, 'gains': 534.9593816509848, 'power': 0.0013090095806436316}, {'f_bs': 237.7949597591305, 'f_fd': 107.15176340504905, 'num': 20, 'gains': 642.9105804302942, 'power': 0.0012196293328851078}, {}], [{'f_bs': 237.61870344106381, 'f_fd': 107.1281565942208, 'num': 24, 'gains': 428.5126263768832, 'power': 0.0025504366722088516}, {'f_bs': 236.60679423778598, 'f_fd': 106.99187633019696, 'num': 10, 'gains': 641.9512579811818, 'power': 0.0007090095806436315}, {'f_bs': 237.7949597591305, 'f_fd': 107.15176340504905, 'num': 20, 'gains': 750.0623438353432, 'power': 0.0006196293328851077}, {}], [{'f_bs': 237.61870344106381, 'f_fd': 107.1281565942208, 'num': 24, 'gains': 535.640782971104, 'power': 0.0019504366722088516}, {'f_bs': 236.60679423778598, 'f_fd': 106.99187633019696, 'num': 10, 'gains': 748.9431343113788, 'power': 0.00010900958064363146}, {'f_bs': 237.7949597591305, 'f_fd': 107.15176340504905, 'num': 20, 'gains': 857.2141072403922, 'power': 1.9629332885107674e-05}, {}], [{'f_bs': 237.61870344106381, 'f_fd': 107.1281565942208, 'num': 24, 'gains': 642.7689395653249, 'power': 0.0013504366722088515}, {'f_bs': 236.7825762054614, 'f_fd': 107.01564212888934, 'num': 23, 'gains': 749.1094949022254, 'power': 1.603666627050923e-05}, {'f_bs': 237.48655613875388, 'f_fd': 107.11043214534669, 'num': 13, 'gains': 107.11043214534669, 'power': 0.004566390092207577}, {}], [{'f_bs': 237.61870344106381, 'f_fd': 107.1281565942208, 'num': 24, 'gains': 749.8970961595458, 'power': 0.0007504366722088515}, {'f_bs': 236.56284177266832, 'f_fd': 106.98592785991218, 'num': 7, 'gains': 106.98592785991218, 'power': 0.0028108750414416366}, {'f_bs': 237.48655613875388, 'f_fd': 107.11043214534669, 'num': 13, 'gains': 214.22086429069338, 'power': 0.003966390092207577}, {}], [{'f_bs': 237.61870344106381, 'f_fd': 107.1281565942208, 'num': 24, 'gains': 857.0252527537666, 'power': 0.0001504366722088514}, {'f_bs': 236.56284177266832, 'f_fd': 106.98592785991218, 'num': 7, 'gains': 213.97185571982436, 'power': 0.0022108750414416367}, {'f_bs': 237.48655613875388, 'f_fd': 107.11043214534669, 'num': 13, 'gains': 321.3312964360401, 'power': 0.003366390092207577}, {}], [{'f_bs': 237.61870344106381, 'f_fd': 107.1281565942208, 'num': 21, 'gains': 107.1281565942208, 'power': 0.004316016238991674}, {'f_bs': 236.56284177266832, 'f_fd': 106.98592785991218, 'num': 7, 'gains': 320.95778357973654, 'power': 0.0016108750414416367}, {'f_bs': 237.48655613875388, 'f_fd': 107.11043214534669, 'num': 13, 'gains': 428.44172858138677, 'power': 0.002766390092207577}, {'f_bs': 237.7949597591305, 'f_fd': 107.15176340504905, 'num': 14, 'gains': 642.9105804302942, 'power': 1.4095101123190977e-05}], [{'f_bs': 237.61870344106381, 'f_fd': 107.1281565942208, 'num': 21, 'gains': 214.2563131884416, 'power': 0.0037160162389916745}, {'f_bs': 236.56284177266832, 'f_fd': 106.98592785991218, 'num': 7, 'gains': 427.9437114396487, 'power': 0.0010108750414416366}, {'f_bs': 237.48655613875388, 'f_fd': 107.11043214534669, 'num': 13, 'gains': 535.5521607267335, 'power': 0.0021663900922075773}, {}], [{'f_bs': 237.61870344106381, 'f_fd': 107.1281565942208, 'num': 21, 'gains': 321.3844697826624, 'power': 0.0031160162389916746}, {'f_bs': 236.56284177266832, 'f_fd': 106.98592785991218, 'num': 7, 'gains': 534.9296392995609, 'power': 0.0004108750414416366}, {'f_bs': 237.48655613875388, 'f_fd': 107.11043214534669, 'num': 13, 'gains': 642.6625928720803, 'power': 0.0015663900922075773}, {}], [{'f_bs': 237.61870344106381, 'f_fd': 107.1281565942208, 'num': 21, 'gains': 428.5126263768832, 'power': 0.002516016238991675}, {'f_bs': 236.43101134442392, 'f_fd': 106.96807149561468, 'num': 0, 'gains': 106.96807149561468, 'power': 0.002946962216781919}, {'f_bs': 237.48655613875388, 'f_fd': 107.11043214534669, 'num': 13, 'gains': 749.773025017427, 'power': 0.0009663900922075772}, {}], [{'f_bs': 237.61870344106381, 'f_fd': 107.1281565942208, 'num': 21, 'gains': 535.640782971104, 'power': 0.0019160162389916747}, {'f_bs': 236.43101134442392, 'f_fd': 106.96807149561468, 'num': 0, 'gains': 213.93614299122936, 'power': 0.002346962216781919}, {'f_bs': 237.48655613875388, 'f_fd': 107.11043214534669, 'num': 13, 'gains': 856.8834571627738, 'power': 0.00036639009220757715}, {}], [{'f_bs': 237.61870344106381, 'f_fd': 107.1281565942208, 'num': 21, 'gains': 642.7689395653249, 'power': 0.0013160162389916747}, {'f_bs': 236.43101134442392, 'f_fd': 106.96807149561468, 'num': 0, 'gains': 320.904214486844, 'power': 0.001746962216781919}, {'f_bs': 237.44255177674057, 'f_fd': 107.10452516659512, 'num': 29, 'gains': 107.10452516659512, 'power': 0.003738156836263975}, {}], [{'f_bs': 237.61870344106381, 'f_fd': 107.1281565942208, 'num': 21, 'gains': 749.8970961595458, 'power': 0.0007160162389916746}, {'f_bs': 236.43101134442392, 'f_fd': 106.96807149561468, 'num': 0, 'gains': 427.8722859824587, 'power': 0.0011469622167819189}, {'f_bs': 237.44255177674057, 'f_fd': 107.10452516659512, 'num': 29, 'gains': 214.20905033319025, 'power': 0.003138156836263975}, {}], [{'f_bs': 237.61870344106381, 'f_fd': 107.1281565942208, 'num': 21, 'gains': 857.0252527537666, 'power': 0.00011601623899167458}, {'f_bs': 236.43101134442392, 'f_fd': 106.96807149561468, 'num': 0, 'gains': 534.8403574780734, 'power': 0.0005469622167819188}, {'f_bs': 237.44255177674057, 'f_fd': 107.10452516659512, 'num': 29, 'gains': 321.3135754997854, 'power': 0.0025381568362639753}, {}], [{'f_bs': 237.44255177674057, 'f_fd': 107.10452516659512, 'num': 28, 'gains': 107.10452516659512, 'power': 0.0034436333162048433}, {'f_bs': 236.211384375472, 'f_fd': 106.93827441854569, 'num': 17, 'gains': 106.93827441854569, 'power': 0.004581966729461699}, {'f_bs': 237.44255177674057, 'f_fd': 107.10452516659512, 'num': 29, 'gains': 428.4181006663805, 'power': 0.0019381568362639753}, {'f_bs': 238.10344567720918, 'f_fd': 107.19298749965671, 'num': 25, 'gains': 643.1579249979403, 'power': 7.320685677149287e-06}], [{'f_bs': 237.44255177674057, 'f_fd': 107.10452516659512, 'num': 28, 'gains': 214.20905033319025, 'power': 0.0028436333162048435}, {'f_bs': 236.211384375472, 'f_fd': 106.93827441854569, 'num': 17, 'gains': 213.87654883709138, 'power': 0.003981966729461699}, {'f_bs': 237.44255177674057, 'f_fd': 107.10452516659512, 'num': 29, 'gains': 535.5226258329756, 'power': 0.0013381568362639752}, {'f_bs': 237.7508352030258, 'f_fd': 107.14585722659669, 'num': 26, 'gains': 642.8751433595802, 'power': 2.903463329501175e-05}]]
