fd: 0 joined coalition: 2
fd: 1 joined coalition: 0
fd: 2 joined coalition: 0
fd: 3 joined coalition: 0
fd: 4 joined coalition: 0
fd: 5 joined coalition: 3
fd: 6 joined coalition: 1
fd: 7 joined coalition: 3
fd: 8 joined coalition: 1
fd: 9 joined coalition: 2
fd: 10 joined coalition: 1
fd: 11 joined coalition: 1
fd: 12 joined coalition: 0
fd: 13 joined coalition: 1
fd: 14 joined coalition: 1
fd: 15 joined coalition: 2
fd: 16 joined coalition: 0
fd: 17 joined coalition: 3
fd: 18 joined coalition: 2
fd: 19 joined coalition: 1
fd: 20 joined coalition: 3
fd: 21 joined coalition: 1
fd: 22 joined coalition: 2
fd: 23 joined coalition: 1
fd: 24 joined coalition: 1
fd: 25 joined coalition: 2
fd: 26 joined coalition: 1
fd: 27 joined coalition: 2
fd: 28 joined coalition: 3
fd: 29 joined coalition: 2


initial info:
coalitoin 0: 
    paired fds:  [1, 2, 3, 4, 12, 16]
    nearby fds:  [0, 1, 2, 3, 4, 5, 6, 7, 8, 9, 10, 11, 12, 14, 16, 17, 18, 19, 20, 22, 24, 25, 26, 27, 29]
coalitoin 1: 
    paired fds:  [6, 8, 10, 11, 13, 14, 19, 21, 23, 24, 26]
    nearby fds:  [0, 1, 2, 3, 4, 5, 6, 8, 9, 10, 11, 12, 13, 14, 15, 16, 17, 18, 19, 20, 21, 22, 23, 24, 25, 26, 27, 28, 29]
coalitoin 2: 
    paired fds:  [0, 9, 15, 18, 22, 25, 27, 29]
    nearby fds:  [0, 1, 2, 4, 6, 7, 8, 9, 10, 11, 12, 13, 14, 15, 16, 17, 18, 19, 20, 22, 24, 25, 27, 28, 29]
coalitoin 3: 
    paired fds:  [5, 7, 17, 20, 28]
    nearby fds:  [0, 1, 3, 4, 5, 6, 7, 9, 10, 11, 12, 13, 14, 15, 16, 17, 18, 19, 20, 21, 23, 25, 26, 28, 29]


*** round 0
fd 16 in coalition 0 and fd  0 in coalition 2 swap coalitions
fd 29 in coalition 2 and fd 20 in coalition 3 swap coalitions
fd 13 in coalition 1 and fd 18 in coalition 2 swap coalitions
fd 13 in coalition 2 and fd  7 in coalition 3 swap coalitions
fd 29 in coalition 3 and fd 19 in coalition 1 swap coalitions
fd 21 in coalition 1 and fd  5 in coalition 3 swap coalitions
fd 22 in coalition 2 and fd  8 in coalition 1 swap coalitions
fd 19 in coalition 3 and fd 20 in coalition 2 swap coalitions
fd 12 in coalition 0 and fd 17 in coalition 3 swap coalitions
coalitoin 0: 
    paired fds:  [1, 3, 0, 2, 4, 17]
    nearby fds:  [0, 1, 2, 3, 4, 5, 6, 7, 8, 9, 10, 11, 12, 14, 16, 17, 18, 19, 20, 22, 24, 25, 26, 27, 29]
coalitoin 1: 
    paired fds:  [6, 14, 23, 26, 18, 29, 5, 22, 11, 24, 10]
    nearby fds:  [0, 1, 2, 3, 4, 5, 6, 8, 9, 10, 11, 12, 13, 14, 15, 16, 17, 18, 19, 20, 21, 22, 23, 24, 25, 26, 27, 28, 29]
coalitoin 2: 
    paired fds:  [9, 15, 27, 25, 7, 16, 19, 8]
    nearby fds:  [0, 1, 2, 4, 6, 7, 8, 9, 10, 11, 12, 13, 14, 15, 16, 17, 18, 19, 20, 22, 24, 25, 27, 28, 29]
coalitoin 3: 
    paired fds:  [28, 21, 20, 12, 13]
    nearby fds:  [0, 1, 3, 4, 5, 6, 7, 9, 10, 11, 12, 13, 14, 15, 16, 17, 18, 19, 20, 21, 23, 25, 26, 28, 29]


*** round 1
fd  3 in coalition 0 and fd 20 in coalition 3 swap coalitions
fd 10 in coalition 1 and fd 21 in coalition 3 swap coalitions
fd  3 in coalition 3 and fd 26 in coalition 1 swap coalitions
fd 20 in coalition 0 and fd 25 in coalition 2 swap coalitions
fd 15 in coalition 2 and fd 28 in coalition 3 swap coalitions
fd  0 in coalition 0 and fd 27 in coalition 2 swap coalitions
coalitoin 0: 
    paired fds:  [1, 4, 25, 17, 27, 2]
    nearby fds:  [0, 1, 2, 3, 4, 5, 6, 7, 8, 9, 10, 11, 12, 14, 16, 17, 18, 19, 20, 22, 24, 25, 26, 27, 29]
coalitoin 1: 
    paired fds:  [6, 23, 5, 22, 29, 21, 24, 3, 14, 18, 11]
    nearby fds:  [0, 1, 2, 3, 4, 5, 6, 8, 9, 10, 11, 12, 13, 14, 15, 16, 17, 18, 19, 20, 21, 22, 23, 24, 25, 26, 27, 28, 29]
coalitoin 2: 
    paired fds:  [7, 8, 16, 20, 28, 19, 9, 0]
    nearby fds:  [0, 1, 2, 4, 6, 7, 8, 9, 10, 11, 12, 13, 14, 15, 16, 17, 18, 19, 20, 22, 24, 25, 27, 28, 29]
coalitoin 3: 
    paired fds:  [26, 15, 10, 13, 12]
    nearby fds:  [0, 1, 3, 4, 5, 6, 7, 9, 10, 11, 12, 13, 14, 15, 16, 17, 18, 19, 20, 21, 23, 25, 26, 28, 29]


*** round 2
fd  4 in coalition 0 and fd 29 in coalition 1 swap coalitions
fd  0 in coalition 2 and fd 25 in coalition 0 swap coalitions
fd  1 in coalition 0 and fd 10 in coalition 3 swap coalitions
fd 11 in coalition 1 and fd 10 in coalition 0 swap coalitions
fd  0 in coalition 0 and fd 24 in coalition 1 swap coalitions
fd 20 in coalition 2 and fd 17 in coalition 0 swap coalitions
fd 11 in coalition 0 and fd  8 in coalition 2 swap coalitions
coalitoin 0: 
    paired fds:  [27, 24, 2, 20, 8, 29]
    nearby fds:  [0, 1, 2, 3, 4, 5, 6, 7, 8, 9, 10, 11, 12, 14, 16, 17, 18, 19, 20, 22, 24, 25, 26, 27, 29]
coalitoin 1: 
    paired fds:  [6, 5, 22, 21, 14, 23, 10, 4, 0, 18, 3]
    nearby fds:  [0, 1, 2, 3, 4, 5, 6, 8, 9, 10, 11, 12, 13, 14, 15, 16, 17, 18, 19, 20, 21, 22, 23, 24, 25, 26, 27, 28, 29]
coalitoin 2: 
    paired fds:  [28, 9, 7, 17, 11, 25, 19, 16]
    nearby fds:  [0, 1, 2, 4, 6, 7, 8, 9, 10, 11, 12, 13, 14, 15, 16, 17, 18, 19, 20, 22, 24, 25, 27, 28, 29]
coalitoin 3: 
    paired fds:  [1, 15, 26, 12, 13]
    nearby fds:  [0, 1, 3, 4, 5, 6, 7, 9, 10, 11, 12, 13, 14, 15, 16, 17, 18, 19, 20, 21, 23, 25, 26, 28, 29]


*** round 3
fd 14 in coalition 1 and fd 25 in coalition 2 swap coalitions
coalitoin 0: 
    paired fds:  [27, 8, 24, 20, 2, 29]
    nearby fds:  [0, 1, 2, 3, 4, 5, 6, 7, 8, 9, 10, 11, 12, 14, 16, 17, 18, 19, 20, 22, 24, 25, 26, 27, 29]
coalitoin 1: 
    paired fds:  [6, 21, 23, 10, 0, 18, 3, 4, 25, 22, 5]
    nearby fds:  [0, 1, 2, 3, 4, 5, 6, 8, 9, 10, 11, 12, 13, 14, 15, 16, 17, 18, 19, 20, 21, 22, 23, 24, 25, 26, 27, 28, 29]
coalitoin 2: 
    paired fds:  [9, 17, 16, 28, 7, 19, 14, 11]
    nearby fds:  [0, 1, 2, 4, 6, 7, 8, 9, 10, 11, 12, 13, 14, 15, 16, 17, 18, 19, 20, 22, 24, 25, 27, 28, 29]
coalitoin 3: 
    paired fds:  [13, 1, 26, 15, 12]
    nearby fds:  [0, 1, 3, 4, 5, 6, 7, 9, 10, 11, 12, 13, 14, 15, 16, 17, 18, 19, 20, 21, 23, 25, 26, 28, 29]


*** round 4
coalitoin 0: 
    paired fds:  [2, 20, 24, 27, 29, 8]
    nearby fds:  [0, 1, 2, 3, 4, 5, 6, 7, 8, 9, 10, 11, 12, 14, 16, 17, 18, 19, 20, 22, 24, 25, 26, 27, 29]
coalitoin 1: 
    paired fds:  [21, 23, 3, 4, 25, 22, 5, 18, 6, 0, 10]
    nearby fds:  [0, 1, 2, 3, 4, 5, 6, 8, 9, 10, 11, 12, 13, 14, 15, 16, 17, 18, 19, 20, 21, 22, 23, 24, 25, 26, 27, 28, 29]
coalitoin 2: 
    paired fds:  [9, 28, 14, 7, 19, 11, 17, 16]
    nearby fds:  [0, 1, 2, 4, 6, 7, 8, 9, 10, 11, 12, 13, 14, 15, 16, 17, 18, 19, 20, 22, 24, 25, 27, 28, 29]
coalitoin 3: 
    paired fds:  [15, 1, 13, 26, 12]
    nearby fds:  [0, 1, 3, 4, 5, 6, 7, 9, 10, 11, 12, 13, 14, 15, 16, 17, 18, 19, 20, 21, 23, 25, 26, 28, 29]


*** round 5
fd 23 in coalition 1 and fd 26 in coalition 3 swap coalitions
fd 10 in coalition 1 and fd  9 in coalition 2 swap coalitions
fd 11 in coalition 2 and fd  1 in coalition 3 swap coalitions
fd 13 in coalition 3 and fd 28 in coalition 2 swap coalitions
fd 11 in coalition 3 and fd 20 in coalition 0 swap coalitions
coalitoin 0: 
    paired fds:  [8, 2, 27, 29, 24, 11]
    nearby fds:  [0, 1, 2, 3, 4, 5, 6, 7, 8, 9, 10, 11, 12, 14, 16, 17, 18, 19, 20, 22, 24, 25, 26, 27, 29]
coalitoin 1: 
    paired fds:  [21, 3, 4, 25, 22, 26, 0, 6, 18, 5, 9]
    nearby fds:  [0, 1, 2, 3, 4, 5, 6, 8, 9, 10, 11, 12, 13, 14, 15, 16, 17, 18, 19, 20, 21, 22, 23, 24, 25, 26, 27, 28, 29]
coalitoin 2: 
    paired fds:  [14, 19, 17, 16, 1, 7, 10, 13]
    nearby fds:  [0, 1, 2, 4, 6, 7, 8, 9, 10, 11, 12, 13, 14, 15, 16, 17, 18, 19, 20, 22, 24, 25, 27, 28, 29]
coalitoin 3: 
    paired fds:  [15, 23, 12, 28, 20]
    nearby fds:  [0, 1, 3, 4, 5, 6, 7, 9, 10, 11, 12, 13, 14, 15, 16, 17, 18, 19, 20, 21, 23, 25, 26, 28, 29]


*** round 6
fd 22 in coalition 1 and fd 27 in coalition 0 swap coalitions
fd 29 in coalition 0 and fd 27 in coalition 1 swap coalitions
coalitoin 0: 
    paired fds:  [8, 2, 24, 22, 27, 11]
    nearby fds:  [0, 1, 2, 3, 4, 5, 6, 7, 8, 9, 10, 11, 12, 14, 16, 17, 18, 19, 20, 22, 24, 25, 26, 27, 29]
coalitoin 1: 
    paired fds:  [26, 6, 5, 9, 4, 25, 18, 3, 21, 29, 0]
    nearby fds:  [0, 1, 2, 3, 4, 5, 6, 8, 9, 10, 11, 12, 13, 14, 15, 16, 17, 18, 19, 20, 21, 22, 23, 24, 25, 26, 27, 28, 29]
coalitoin 2: 
    paired fds:  [1, 10, 19, 14, 16, 13, 17, 7]
    nearby fds:  [0, 1, 2, 4, 6, 7, 8, 9, 10, 11, 12, 13, 14, 15, 16, 17, 18, 19, 20, 22, 24, 25, 27, 28, 29]
coalitoin 3: 
    paired fds:  [23, 20, 28, 15, 12]
    nearby fds:  [0, 1, 3, 4, 5, 6, 7, 9, 10, 11, 12, 13, 14, 15, 16, 17, 18, 19, 20, 21, 23, 25, 26, 28, 29]


*** round 7
fd 14 in coalition 2 and fd 29 in coalition 1 swap coalitions
fd 12 in coalition 3 and fd 13 in coalition 2 swap coalitions
coalitoin 0: 
    paired fds:  [24, 22, 2, 8, 11, 27]
    nearby fds:  [0, 1, 2, 3, 4, 5, 6, 7, 8, 9, 10, 11, 12, 14, 16, 17, 18, 19, 20, 22, 24, 25, 26, 27, 29]
coalitoin 1: 
    paired fds:  [5, 9, 25, 21, 14, 6, 4, 18, 0, 26, 3]
    nearby fds:  [0, 1, 2, 3, 4, 5, 6, 8, 9, 10, 11, 12, 13, 14, 15, 16, 17, 18, 19, 20, 21, 22, 23, 24, 25, 26, 27, 28, 29]
coalitoin 2: 
    paired fds:  [1, 19, 17, 7, 29, 12, 16, 10]
    nearby fds:  [0, 1, 2, 4, 6, 7, 8, 9, 10, 11, 12, 13, 14, 15, 16, 17, 18, 19, 20, 22, 24, 25, 27, 28, 29]
coalitoin 3: 
    paired fds:  [23, 13, 15, 28, 20]
    nearby fds:  [0, 1, 3, 4, 5, 6, 7, 9, 10, 11, 12, 13, 14, 15, 16, 17, 18, 19, 20, 21, 23, 25, 26, 28, 29]


*** round 8
coalitoin 0: 
    paired fds:  [24, 8, 2, 11, 22, 27]
    nearby fds:  [0, 1, 2, 3, 4, 5, 6, 7, 8, 9, 10, 11, 12, 14, 16, 17, 18, 19, 20, 22, 24, 25, 26, 27, 29]
coalitoin 1: 
    paired fds:  [5, 9, 25, 0, 21, 14, 6, 26, 3, 4, 18]
    nearby fds:  [0, 1, 2, 3, 4, 5, 6, 8, 9, 10, 11, 12, 13, 14, 15, 16, 17, 18, 19, 20, 21, 22, 23, 24, 25, 26, 27, 28, 29]
coalitoin 2: 
    paired fds:  [12, 19, 1, 16, 7, 29, 10, 17]
    nearby fds:  [0, 1, 2, 4, 6, 7, 8, 9, 10, 11, 12, 13, 14, 15, 16, 17, 18, 19, 20, 22, 24, 25, 27, 28, 29]
coalitoin 3: 
    paired fds:  [23, 13, 20, 28, 15]
    nearby fds:  [0, 1, 3, 4, 5, 6, 7, 9, 10, 11, 12, 13, 14, 15, 16, 17, 18, 19, 20, 21, 23, 25, 26, 28, 29]


*** round 9
fd 29 in coalition 2 and fd 11 in coalition 0 swap coalitions
fd 23 in coalition 3 and fd  4 in coalition 1 swap coalitions
fd  4 in coalition 3 and fd 29 in coalition 0 swap coalitions
coalitoin 0: 
    paired fds:  [24, 8, 22, 27, 4, 2]
    nearby fds:  [0, 1, 2, 3, 4, 5, 6, 7, 8, 9, 10, 11, 12, 14, 16, 17, 18, 19, 20, 22, 24, 25, 26, 27, 29]
coalitoin 1: 
    paired fds:  [5, 9, 0, 21, 26, 6, 23, 3, 14, 18, 25]
    nearby fds:  [0, 1, 2, 3, 4, 5, 6, 8, 9, 10, 11, 12, 13, 14, 15, 16, 17, 18, 19, 20, 21, 22, 23, 24, 25, 26, 27, 28, 29]
coalitoin 2: 
    paired fds:  [12, 16, 7, 1, 10, 17, 11, 19]
    nearby fds:  [0, 1, 2, 4, 6, 7, 8, 9, 10, 11, 12, 13, 14, 15, 16, 17, 18, 19, 20, 22, 24, 25, 27, 28, 29]
coalitoin 3: 
    paired fds:  [13, 28, 15, 29, 20]
    nearby fds:  [0, 1, 3, 4, 5, 6, 7, 9, 10, 11, 12, 13, 14, 15, 16, 17, 18, 19, 20, 21, 23, 25, 26, 28, 29]


*** round 10
fd 20 in coalition 3 and fd 11 in coalition 2 swap coalitions
coalitoin 0: 
    paired fds:  [22, 2, 27, 8, 24, 4]
    nearby fds:  [0, 1, 2, 3, 4, 5, 6, 7, 8, 9, 10, 11, 12, 14, 16, 17, 18, 19, 20, 22, 24, 25, 26, 27, 29]
coalitoin 1: 
    paired fds:  [0, 21, 26, 14, 18, 3, 6, 25, 23, 5, 9]
    nearby fds:  [0, 1, 2, 3, 4, 5, 6, 8, 9, 10, 11, 12, 13, 14, 15, 16, 17, 18, 19, 20, 21, 22, 23, 24, 25, 26, 27, 28, 29]
coalitoin 2: 
    paired fds:  [1, 10, 19, 12, 17, 7, 20, 16]
    nearby fds:  [0, 1, 2, 4, 6, 7, 8, 9, 10, 11, 12, 13, 14, 15, 16, 17, 18, 19, 20, 22, 24, 25, 27, 28, 29]
coalitoin 3: 
    paired fds:  [15, 11, 28, 13, 29]
    nearby fds:  [0, 1, 3, 4, 5, 6, 7, 9, 10, 11, 12, 13, 14, 15, 16, 17, 18, 19, 20, 21, 23, 25, 26, 28, 29]


*** round 11
fd 21 in coalition 1 and fd 11 in coalition 3 swap coalitions
coalitoin 0: 
    paired fds:  [2, 24, 27, 22, 4, 8]
    nearby fds:  [0, 1, 2, 3, 4, 5, 6, 7, 8, 9, 10, 11, 12, 14, 16, 17, 18, 19, 20, 22, 24, 25, 26, 27, 29]
coalitoin 1: 
    paired fds:  [0, 26, 14, 23, 25, 18, 5, 3, 9, 11, 6]
    nearby fds:  [0, 1, 2, 3, 4, 5, 6, 8, 9, 10, 11, 12, 13, 14, 15, 16, 17, 18, 19, 20, 21, 22, 23, 24, 25, 26, 27, 28, 29]
coalitoin 2: 
    paired fds:  [7, 20, 1, 19, 16, 10, 17, 12]
    nearby fds:  [0, 1, 2, 4, 6, 7, 8, 9, 10, 11, 12, 13, 14, 15, 16, 17, 18, 19, 20, 22, 24, 25, 27, 28, 29]
coalitoin 3: 
    paired fds:  [15, 29, 13, 21, 28]
    nearby fds:  [0, 1, 3, 4, 5, 6, 7, 9, 10, 11, 12, 13, 14, 15, 16, 17, 18, 19, 20, 21, 23, 25, 26, 28, 29]


*** round 12
fd 21 in coalition 3 and fd  9 in coalition 1 swap coalitions
coalitoin 0: 
    paired fds:  [22, 2, 27, 4, 8, 24]
    nearby fds:  [0, 1, 2, 3, 4, 5, 6, 7, 8, 9, 10, 11, 12, 14, 16, 17, 18, 19, 20, 22, 24, 25, 26, 27, 29]
coalitoin 1: 
    paired fds:  [26, 23, 11, 5, 14, 3, 18, 25, 0, 6, 21]
    nearby fds:  [0, 1, 2, 3, 4, 5, 6, 8, 9, 10, 11, 12, 13, 14, 15, 16, 17, 18, 19, 20, 21, 22, 23, 24, 25, 26, 27, 28, 29]
coalitoin 2: 
    paired fds:  [7, 16, 12, 10, 17, 19, 1, 20]
    nearby fds:  [0, 1, 2, 4, 6, 7, 8, 9, 10, 11, 12, 13, 14, 15, 16, 17, 18, 19, 20, 22, 24, 25, 27, 28, 29]
coalitoin 3: 
    paired fds:  [13, 28, 15, 29, 9]
    nearby fds:  [0, 1, 3, 4, 5, 6, 7, 9, 10, 11, 12, 13, 14, 15, 16, 17, 18, 19, 20, 21, 23, 25, 26, 28, 29]


*** round 13
fd 12 in coalition 2 and fd  9 in coalition 3 swap coalitions
coalitoin 0: 
    paired fds:  [22, 27, 8, 24, 4, 2]
    nearby fds:  [0, 1, 2, 3, 4, 5, 6, 7, 8, 9, 10, 11, 12, 14, 16, 17, 18, 19, 20, 22, 24, 25, 26, 27, 29]
coalitoin 1: 
    paired fds:  [26, 23, 5, 6, 11, 25, 14, 0, 3, 18, 21]
    nearby fds:  [0, 1, 2, 3, 4, 5, 6, 8, 9, 10, 11, 12, 13, 14, 15, 16, 17, 18, 19, 20, 21, 22, 23, 24, 25, 26, 27, 28, 29]
coalitoin 2: 
    paired fds:  [7, 16, 19, 10, 20, 17, 9, 1]
    nearby fds:  [0, 1, 2, 4, 6, 7, 8, 9, 10, 11, 12, 13, 14, 15, 16, 17, 18, 19, 20, 22, 24, 25, 27, 28, 29]
coalitoin 3: 
    paired fds:  [28, 15, 13, 29, 12]
    nearby fds:  [0, 1, 3, 4, 5, 6, 7, 9, 10, 11, 12, 13, 14, 15, 16, 17, 18, 19, 20, 21, 23, 25, 26, 28, 29]


*** round 14
coalitoin 0: 
    paired fds:  [22, 27, 8, 24, 2, 4]
    nearby fds:  [0, 1, 2, 3, 4, 5, 6, 7, 8, 9, 10, 11, 12, 14, 16, 17, 18, 19, 20, 22, 24, 25, 26, 27, 29]
coalitoin 1: 
    paired fds:  [23, 5, 14, 0, 3, 21, 26, 25, 6, 11, 18]
    nearby fds:  [0, 1, 2, 3, 4, 5, 6, 8, 9, 10, 11, 12, 13, 14, 15, 16, 17, 18, 19, 20, 21, 22, 23, 24, 25, 26, 27, 28, 29]
coalitoin 2: 
    paired fds:  [10, 16, 20, 17, 19, 9, 1, 7]
    nearby fds:  [0, 1, 2, 4, 6, 7, 8, 9, 10, 11, 12, 13, 14, 15, 16, 17, 18, 19, 20, 22, 24, 25, 27, 28, 29]
coalitoin 3: 
    paired fds:  [13, 15, 29, 28, 12]
    nearby fds:  [0, 1, 3, 4, 5, 6, 7, 9, 10, 11, 12, 13, 14, 15, 16, 17, 18, 19, 20, 21, 23, 25, 26, 28, 29]


*** round 15
coalitoin 0: 
    paired fds:  [22, 27, 8, 2, 4, 24]
    nearby fds:  [0, 1, 2, 3, 4, 5, 6, 7, 8, 9, 10, 11, 12, 14, 16, 17, 18, 19, 20, 22, 24, 25, 26, 27, 29]
coalitoin 1: 
    paired fds:  [3, 11, 18, 6, 21, 23, 14, 0, 26, 25, 5]
    nearby fds:  [0, 1, 2, 3, 4, 5, 6, 8, 9, 10, 11, 12, 13, 14, 15, 16, 17, 18, 19, 20, 21, 22, 23, 24, 25, 26, 27, 28, 29]
coalitoin 2: 
    paired fds:  [19, 1, 7, 9, 16, 17, 10, 20]
    nearby fds:  [0, 1, 2, 4, 6, 7, 8, 9, 10, 11, 12, 13, 14, 15, 16, 17, 18, 19, 20, 22, 24, 25, 27, 28, 29]
coalitoin 3: 
    paired fds:  [15, 28, 12, 29, 13]
    nearby fds:  [0, 1, 3, 4, 5, 6, 7, 9, 10, 11, 12, 13, 14, 15, 16, 17, 18, 19, 20, 21, 23, 25, 26, 28, 29]


*** round 16
coalitoin 0: 
    paired fds:  [2, 4, 24, 22, 8, 27]
    nearby fds:  [0, 1, 2, 3, 4, 5, 6, 7, 8, 9, 10, 11, 12, 14, 16, 17, 18, 19, 20, 22, 24, 25, 26, 27, 29]
coalitoin 1: 
    paired fds:  [3, 23, 0, 26, 5, 21, 18, 25, 11, 6, 14]
    nearby fds:  [0, 1, 2, 3, 4, 5, 6, 8, 9, 10, 11, 12, 13, 14, 15, 16, 17, 18, 19, 20, 21, 22, 23, 24, 25, 26, 27, 28, 29]
coalitoin 2: 
    paired fds:  [7, 1, 19, 9, 16, 17, 20, 10]
    nearby fds:  [0, 1, 2, 4, 6, 7, 8, 9, 10, 11, 12, 13, 14, 15, 16, 17, 18, 19, 20, 22, 24, 25, 27, 28, 29]
coalitoin 3: 
    paired fds:  [15, 29, 13, 28, 12]
    nearby fds:  [0, 1, 3, 4, 5, 6, 7, 9, 10, 11, 12, 13, 14, 15, 16, 17, 18, 19, 20, 21, 23, 25, 26, 28, 29]


*** round 17
coalitoin 0: 
    paired fds:  [8, 27, 22, 4, 24, 2]
    nearby fds:  [0, 1, 2, 3, 4, 5, 6, 7, 8, 9, 10, 11, 12, 14, 16, 17, 18, 19, 20, 22, 24, 25, 26, 27, 29]
coalitoin 1: 
    paired fds:  [23, 0, 26, 21, 3, 5, 25, 18, 11, 14, 6]
    nearby fds:  [0, 1, 2, 3, 4, 5, 6, 8, 9, 10, 11, 12, 13, 14, 15, 16, 17, 18, 19, 20, 21, 22, 23, 24, 25, 26, 27, 28, 29]
coalitoin 2: 
    paired fds:  [9, 17, 7, 10, 19, 1, 16, 20]
    nearby fds:  [0, 1, 2, 4, 6, 7, 8, 9, 10, 11, 12, 13, 14, 15, 16, 17, 18, 19, 20, 22, 24, 25, 27, 28, 29]
coalitoin 3: 
    paired fds:  [12, 13, 15, 28, 29]
    nearby fds:  [0, 1, 3, 4, 5, 6, 7, 9, 10, 11, 12, 13, 14, 15, 16, 17, 18, 19, 20, 21, 23, 25, 26, 28, 29]


*** round 18
coalitoin 0: 
    paired fds:  [8, 27, 24, 2, 22, 4]
    nearby fds:  [0, 1, 2, 3, 4, 5, 6, 7, 8, 9, 10, 11, 12, 14, 16, 17, 18, 19, 20, 22, 24, 25, 26, 27, 29]
coalitoin 1: 
    paired fds:  [23, 26, 21, 5, 11, 14, 18, 3, 6, 0, 25]
    nearby fds:  [0, 1, 2, 3, 4, 5, 6, 8, 9, 10, 11, 12, 13, 14, 15, 16, 17, 18, 19, 20, 21, 22, 23, 24, 25, 26, 27, 28, 29]
coalitoin 2: 
    paired fds:  [7, 20, 19, 16, 10, 1, 17, 9]
    nearby fds:  [0, 1, 2, 4, 6, 7, 8, 9, 10, 11, 12, 13, 14, 15, 16, 17, 18, 19, 20, 22, 24, 25, 27, 28, 29]
coalitoin 3: 
    paired fds:  [28, 13, 12, 29, 15]
    nearby fds:  [0, 1, 3, 4, 5, 6, 7, 9, 10, 11, 12, 13, 14, 15, 16, 17, 18, 19, 20, 21, 23, 25, 26, 28, 29]


*** round 19
fd 11 in coalition 1 and fd 29 in coalition 3 swap coalitions
coalitoin 0: 
    paired fds:  [8, 27, 22, 2, 4, 24]
    nearby fds:  [0, 1, 2, 3, 4, 5, 6, 7, 8, 9, 10, 11, 12, 14, 16, 17, 18, 19, 20, 22, 24, 25, 26, 27, 29]
coalitoin 1: 
    paired fds:  [23, 26, 18, 3, 25, 6, 0, 5, 29, 14, 21]
    nearby fds:  [0, 1, 2, 3, 4, 5, 6, 8, 9, 10, 11, 12, 13, 14, 15, 16, 17, 18, 19, 20, 21, 22, 23, 24, 25, 26, 27, 28, 29]
coalitoin 2: 
    paired fds:  [20, 1, 17, 19, 16, 7, 10, 9]
    nearby fds:  [0, 1, 2, 4, 6, 7, 8, 9, 10, 11, 12, 13, 14, 15, 16, 17, 18, 19, 20, 22, 24, 25, 27, 28, 29]
coalitoin 3: 
    paired fds:  [15, 13, 12, 11, 28]
    nearby fds:  [0, 1, 3, 4, 5, 6, 7, 9, 10, 11, 12, 13, 14, 15, 16, 17, 18, 19, 20, 21, 23, 25, 26, 28, 29]


*** round 20
coalitoin 0: 
    paired fds:  [22, 2, 27, 24, 8, 4]
    nearby fds:  [0, 1, 2, 3, 4, 5, 6, 7, 8, 9, 10, 11, 12, 14, 16, 17, 18, 19, 20, 22, 24, 25, 26, 27, 29]
coalitoin 1: 
    paired fds:  [23, 26, 18, 5, 21, 14, 6, 3, 29, 25, 0]
    nearby fds:  [0, 1, 2, 3, 4, 5, 6, 8, 9, 10, 11, 12, 13, 14, 15, 16, 17, 18, 19, 20, 21, 22, 23, 24, 25, 26, 27, 28, 29]
coalitoin 2: 
    paired fds:  [16, 7, 20, 9, 1, 10, 19, 17]
    nearby fds:  [0, 1, 2, 4, 6, 7, 8, 9, 10, 11, 12, 13, 14, 15, 16, 17, 18, 19, 20, 22, 24, 25, 27, 28, 29]
coalitoin 3: 
    paired fds:  [13, 15, 28, 11, 12]
    nearby fds:  [0, 1, 3, 4, 5, 6, 7, 9, 10, 11, 12, 13, 14, 15, 16, 17, 18, 19, 20, 21, 23, 25, 26, 28, 29]


*** round 21
coalitoin 0: 
    paired fds:  [27, 24, 8, 2, 22, 4]
    nearby fds:  [0, 1, 2, 3, 4, 5, 6, 7, 8, 9, 10, 11, 12, 14, 16, 17, 18, 19, 20, 22, 24, 25, 26, 27, 29]
coalitoin 1: 
    paired fds:  [23, 6, 3, 29, 25, 5, 0, 21, 26, 14, 18]
    nearby fds:  [0, 1, 2, 3, 4, 5, 6, 8, 9, 10, 11, 12, 13, 14, 15, 16, 17, 18, 19, 20, 21, 22, 23, 24, 25, 26, 27, 28, 29]
coalitoin 2: 
    paired fds:  [7, 17, 10, 16, 1, 9, 19, 20]
    nearby fds:  [0, 1, 2, 4, 6, 7, 8, 9, 10, 11, 12, 13, 14, 15, 16, 17, 18, 19, 20, 22, 24, 25, 27, 28, 29]
coalitoin 3: 
    paired fds:  [13, 28, 15, 11, 12]
    nearby fds:  [0, 1, 3, 4, 5, 6, 7, 9, 10, 11, 12, 13, 14, 15, 16, 17, 18, 19, 20, 21, 23, 25, 26, 28, 29]


*** round 22
coalitoin 0: 
    paired fds:  [24, 8, 2, 27, 22, 4]
    nearby fds:  [0, 1, 2, 3, 4, 5, 6, 7, 8, 9, 10, 11, 12, 14, 16, 17, 18, 19, 20, 22, 24, 25, 26, 27, 29]
coalitoin 1: 
    paired fds:  [29, 5, 21, 26, 18, 25, 6, 0, 3, 14, 23]
    nearby fds:  [0, 1, 2, 3, 4, 5, 6, 8, 9, 10, 11, 12, 13, 14, 15, 16, 17, 18, 19, 20, 21, 22, 23, 24, 25, 26, 27, 28, 29]
coalitoin 2: 
    paired fds:  [7, 16, 17, 9, 19, 10, 1, 20]
    nearby fds:  [0, 1, 2, 4, 6, 7, 8, 9, 10, 11, 12, 13, 14, 15, 16, 17, 18, 19, 20, 22, 24, 25, 27, 28, 29]
coalitoin 3: 
    paired fds:  [13, 12, 28, 15, 11]
    nearby fds:  [0, 1, 3, 4, 5, 6, 7, 9, 10, 11, 12, 13, 14, 15, 16, 17, 18, 19, 20, 21, 23, 25, 26, 28, 29]


*** round 23
coalitoin 0: 
    paired fds:  [24, 27, 22, 8, 2, 4]
    nearby fds:  [0, 1, 2, 3, 4, 5, 6, 7, 8, 9, 10, 11, 12, 14, 16, 17, 18, 19, 20, 22, 24, 25, 26, 27, 29]
coalitoin 1: 
    paired fds:  [26, 0, 23, 3, 14, 21, 29, 5, 18, 25, 6]
    nearby fds:  [0, 1, 2, 3, 4, 5, 6, 8, 9, 10, 11, 12, 13, 14, 15, 16, 17, 18, 19, 20, 21, 22, 23, 24, 25, 26, 27, 28, 29]
coalitoin 2: 
    paired fds:  [16, 19, 9, 7, 20, 1, 10, 17]
    nearby fds:  [0, 1, 2, 4, 6, 7, 8, 9, 10, 11, 12, 13, 14, 15, 16, 17, 18, 19, 20, 22, 24, 25, 27, 28, 29]
coalitoin 3: 
    paired fds:  [15, 13, 11, 28, 12]
    nearby fds:  [0, 1, 3, 4, 5, 6, 7, 9, 10, 11, 12, 13, 14, 15, 16, 17, 18, 19, 20, 21, 23, 25, 26, 28, 29]


*** round 24
coalitoin 0: 
    paired fds:  [8, 27, 24, 2, 22, 4]
    nearby fds:  [0, 1, 2, 3, 4, 5, 6, 7, 8, 9, 10, 11, 12, 14, 16, 17, 18, 19, 20, 22, 24, 25, 26, 27, 29]
coalitoin 1: 
    paired fds:  [0, 23, 21, 29, 5, 18, 14, 3, 6, 25, 26]
    nearby fds:  [0, 1, 2, 3, 4, 5, 6, 8, 9, 10, 11, 12, 13, 14, 15, 16, 17, 18, 19, 20, 21, 22, 23, 24, 25, 26, 27, 28, 29]
coalitoin 2: 
    paired fds:  [16, 20, 1, 7, 17, 9, 10, 19]
    nearby fds:  [0, 1, 2, 4, 6, 7, 8, 9, 10, 11, 12, 13, 14, 15, 16, 17, 18, 19, 20, 22, 24, 25, 27, 28, 29]
coalitoin 3: 
    paired fds:  [28, 12, 15, 13, 11]
    nearby fds:  [0, 1, 3, 4, 5, 6, 7, 9, 10, 11, 12, 13, 14, 15, 16, 17, 18, 19, 20, 21, 23, 25, 26, 28, 29]


*** round 25
coalitoin 0: 
    paired fds:  [8, 24, 2, 27, 22, 4]
    nearby fds:  [0, 1, 2, 3, 4, 5, 6, 7, 8, 9, 10, 11, 12, 14, 16, 17, 18, 19, 20, 22, 24, 25, 26, 27, 29]
coalitoin 1: 
    paired fds:  [23, 21, 29, 6, 0, 14, 5, 18, 3, 25, 26]
    nearby fds:  [0, 1, 2, 3, 4, 5, 6, 8, 9, 10, 11, 12, 13, 14, 15, 16, 17, 18, 19, 20, 21, 22, 23, 24, 25, 26, 27, 28, 29]
coalitoin 2: 
    paired fds:  [16, 1, 7, 10, 9, 20, 19, 17]
    nearby fds:  [0, 1, 2, 4, 6, 7, 8, 9, 10, 11, 12, 13, 14, 15, 16, 17, 18, 19, 20, 22, 24, 25, 27, 28, 29]
coalitoin 3: 
    paired fds:  [15, 13, 28, 12, 11]
    nearby fds:  [0, 1, 3, 4, 5, 6, 7, 9, 10, 11, 12, 13, 14, 15, 16, 17, 18, 19, 20, 21, 23, 25, 26, 28, 29]


*** round 26
fd 10 in coalition 2 and fd 11 in coalition 3 swap coalitions
coalitoin 0: 
    paired fds:  [2, 27, 24, 22, 4, 8]
    nearby fds:  [0, 1, 2, 3, 4, 5, 6, 7, 8, 9, 10, 11, 12, 14, 16, 17, 18, 19, 20, 22, 24, 25, 26, 27, 29]
coalitoin 1: 
    paired fds:  [23, 21, 29, 14, 5, 18, 25, 3, 0, 6, 26]
    nearby fds:  [0, 1, 2, 3, 4, 5, 6, 8, 9, 10, 11, 12, 13, 14, 15, 16, 17, 18, 19, 20, 21, 22, 23, 24, 25, 26, 27, 28, 29]
coalitoin 2: 
    paired fds:  [9, 20, 1, 11, 17, 19, 7, 16]
    nearby fds:  [0, 1, 2, 4, 6, 7, 8, 9, 10, 11, 12, 13, 14, 15, 16, 17, 18, 19, 20, 22, 24, 25, 27, 28, 29]
coalitoin 3: 
    paired fds:  [13, 10, 12, 15, 28]
    nearby fds:  [0, 1, 3, 4, 5, 6, 7, 9, 10, 11, 12, 13, 14, 15, 16, 17, 18, 19, 20, 21, 23, 25, 26, 28, 29]


*** round 27
coalitoin 0: 
    paired fds:  [8, 24, 22, 2, 4, 27]
    nearby fds:  [0, 1, 2, 3, 4, 5, 6, 7, 8, 9, 10, 11, 12, 14, 16, 17, 18, 19, 20, 22, 24, 25, 26, 27, 29]
coalitoin 1: 
    paired fds:  [23, 21, 29, 26, 14, 6, 5, 18, 0, 3, 25]
    nearby fds:  [0, 1, 2, 3, 4, 5, 6, 8, 9, 10, 11, 12, 13, 14, 15, 16, 17, 18, 19, 20, 21, 22, 23, 24, 25, 26, 27, 28, 29]
coalitoin 2: 
    paired fds:  [1, 7, 16, 17, 19, 11, 9, 20]
    nearby fds:  [0, 1, 2, 4, 6, 7, 8, 9, 10, 11, 12, 13, 14, 15, 16, 17, 18, 19, 20, 22, 24, 25, 27, 28, 29]
coalitoin 3: 
    paired fds:  [15, 13, 10, 12, 28]
    nearby fds:  [0, 1, 3, 4, 5, 6, 7, 9, 10, 11, 12, 13, 14, 15, 16, 17, 18, 19, 20, 21, 23, 25, 26, 28, 29]


*** round 28
coalitoin 0: 
    paired fds:  [22, 27, 2, 8, 24, 4]
    nearby fds:  [0, 1, 2, 3, 4, 5, 6, 7, 8, 9, 10, 11, 12, 14, 16, 17, 18, 19, 20, 22, 24, 25, 26, 27, 29]
coalitoin 1: 
    paired fds:  [21, 26, 6, 5, 23, 3, 25, 29, 14, 0, 18]
    nearby fds:  [0, 1, 2, 3, 4, 5, 6, 8, 9, 10, 11, 12, 13, 14, 15, 16, 17, 18, 19, 20, 21, 22, 23, 24, 25, 26, 27, 28, 29]
coalitoin 2: 
    paired fds:  [1, 7, 19, 17, 9, 20, 16, 11]
    nearby fds:  [0, 1, 2, 4, 6, 7, 8, 9, 10, 11, 12, 13, 14, 15, 16, 17, 18, 19, 20, 22, 24, 25, 27, 28, 29]
coalitoin 3: 
    paired fds:  [15, 10, 13, 28, 12]
    nearby fds:  [0, 1, 3, 4, 5, 6, 7, 9, 10, 11, 12, 13, 14, 15, 16, 17, 18, 19, 20, 21, 23, 25, 26, 28, 29]


*** round 29
coalitoin 0: 
    paired fds:  [22, 24, 27, 2, 4, 8]
    nearby fds:  [0, 1, 2, 3, 4, 5, 6, 7, 8, 9, 10, 11, 12, 14, 16, 17, 18, 19, 20, 22, 24, 25, 26, 27, 29]
coalitoin 1: 
    paired fds:  [21, 26, 23, 3, 18, 29, 6, 25, 5, 0, 14]
    nearby fds:  [0, 1, 2, 3, 4, 5, 6, 8, 9, 10, 11, 12, 13, 14, 15, 16, 17, 18, 19, 20, 21, 22, 23, 24, 25, 26, 27, 28, 29]
coalitoin 2: 
    paired fds:  [1, 7, 9, 11, 19, 17, 16, 20]
    nearby fds:  [0, 1, 2, 4, 6, 7, 8, 9, 10, 11, 12, 13, 14, 15, 16, 17, 18, 19, 20, 22, 24, 25, 27, 28, 29]
coalitoin 3: 
    paired fds:  [15, 12, 28, 10, 13]
    nearby fds:  [0, 1, 3, 4, 5, 6, 7, 9, 10, 11, 12, 13, 14, 15, 16, 17, 18, 19, 20, 21, 23, 25, 26, 28, 29]
fd  2 in coalition 0 was selected to forward
fd  5 in coalition 1 was selected to forward
fd 17 in coalition 2 was selected to forward
fd 15 in coalition 3 was selected to forward
fd  2 in coalition 0 was selected to forward
fd  5 in coalition 1 was selected to forward
fd 17 in coalition 2 was selected to forward
fd 15 in coalition 3 was selected to forward
fd  2 in coalition 0 was selected to forward
fd  5 in coalition 1 was selected to forward
fd 17 in coalition 2 was selected to forward
fd 15 in coalition 3 was selected to forward
fd  2 in coalition 0 was selected to forward
fd  5 in coalition 1 was selected to forward
fd 17 in coalition 2 was selected to forward
fd 15 in coalition 3 was selected to forward
fd  2 in coalition 0 was selected to forward
fd  5 in coalition 1 was selected to forward
fd 17 in coalition 2 was selected to forward
fd 15 in coalition 3 was selected to forward
fd  2 in coalition 0 was selected to forward
fd  5 in coalition 1 was selected to forward
fd 17 in coalition 2 was selected to forward
fd 13 in coalition 3 was selected to forward
fd  2 in coalition 0 was selected to forward
fd  5 in coalition 1 was selected to forward
fd 17 in coalition 2 was selected to forward
fd 13 in coalition 3 was selected to forward
fd  2 in coalition 0 was selected to forward
fd  3 in coalition 1 was selected to forward
fd 17 in coalition 2 was selected to forward
fd 13 in coalition 3 was selected to forward
fd 24 in coalition 0 was selected to forward
fd  3 in coalition 1 was selected to forward
fd  7 in coalition 2 was selected to forward
fd 13 in coalition 3 was selected to forward
fd 24 in coalition 0 was selected to forward
fd  3 in coalition 1 was selected to forward
fd  7 in coalition 2 was selected to forward
fd 13 in coalition 3 was selected to forward
fd 24 in coalition 0 was selected to forward
fd  3 in coalition 1 was selected to forward
fd  7 in coalition 2 was selected to forward
fd 13 in coalition 3 was selected to forward
fd 24 in coalition 0 was selected to forward
fd  3 in coalition 1 was selected to forward
fd  7 in coalition 2 was selected to forward
fd 28 in coalition 3 was selected to forward
fd 24 in coalition 0 was selected to forward
fd  3 in coalition 1 was selected to forward
fd  7 in coalition 2 was selected to forward
fd 28 in coalition 3 was selected to forward
fd  8 in coalition 0 was selected to forward
fd  3 in coalition 1 was selected to forward
fd  7 in coalition 2 was selected to forward
fd 28 in coalition 3 was selected to forward
fd  8 in coalition 0 was selected to forward
fd 25 in coalition 1 was selected to forward
fd  7 in coalition 2 was selected to forward
fd 28 in coalition 3 was selected to forward
fd 24 in coalition 0 was selected to forward
fd 25 in coalition 1 was selected to forward
fd  1 in coalition 2 was selected to forward
fd 28 in coalition 3 was selected to forward
fd  8 in coalition 0 was selected to forward
fd  5 in coalition 1 was selected to forward
fd  1 in coalition 2 was selected to forward
fd 13 in coalition 3 was selected to forward
fd  8 in coalition 0 was selected to forward
fd 25 in coalition 1 was selected to forward
fd  1 in coalition 2 was selected to forward
fd 28 in coalition 3 was selected to forward
fd  8 in coalition 0 was selected to forward
fd 25 in coalition 1 was selected to forward
fd  1 in coalition 2 was selected to forward
fd 15 in coalition 3 was selected to forward
fd  8 in coalition 0 was selected to forward
fd 25 in coalition 1 was selected to forward
fd  1 in coalition 2 was selected to forward
fd 12 in coalition 3 was selected to forward
fd  8 in coalition 0 was selected to forward
fd 25 in coalition 1 was selected to forward
fd  1 in coalition 2 was selected to forward
fd 12 in coalition 3 was selected to forward
fd 22 in coalition 0 was selected to forward
fd 25 in coalition 1 was selected to forward
fd 16 in coalition 2 was selected to forward
fd 12 in coalition 3 was selected to forward
fd 22 in coalition 0 was selected to forward
fd 26 in coalition 1 was selected to forward
fd 16 in coalition 2 was selected to forward
fd 12 in coalition 3 was selected to forward
fd 22 in coalition 0 was selected to forward
fd  3 in coalition 1 was selected to forward
fd 16 in coalition 2 was selected to forward
fd 12 in coalition 3 was selected to forward
fd 22 in coalition 0 was selected to forward
fd 26 in coalition 1 was selected to forward
fd 16 in coalition 2 was selected to forward
fd 12 in coalition 3 was selected to forward
fd 22 in coalition 0 was selected to forward
fd 26 in coalition 1 was selected to forward
fd 16 in coalition 2 was selected to forward
fd 12 in coalition 3 was selected to forward
fd 22 in coalition 0 was selected to forward
fd 26 in coalition 1 was selected to forward
fd 16 in coalition 2 was selected to forward
fd 12 in coalition 3 was selected to forward
fd 27 in coalition 0 was selected to forward
fd 26 in coalition 1 was selected to forward
fd 19 in coalition 2 was selected to forward
fd 12 in coalition 3 was selected to forward
fd 27 in coalition 0 was selected to forward
fd 14 in coalition 1 was selected to forward
fd 19 in coalition 2 was selected to forward
fd 12 in coalition 3 was selected to forward
fd 27 in coalition 0 was selected to forward
fd 14 in coalition 1 was selected to forward
fd  7 in coalition 2 was selected to forward
fd 10 in coalition 3 was selected to forward
fd 27 in coalition 0 was selected to forward
fd 14 in coalition 1 was selected to forward
fd 19 in coalition 2 was selected to forward
fd 10 in coalition 3 was selected to forward
fd 27 in coalition 0 was selected to forward
fd 14 in coalition 1 was selected to forward
fd 19 in coalition 2 was selected to forward
fd 10 in coalition 3 was selected to forward


***********************
coalition_history =  [[{'num': 0, 'capacity': 3.485160471505333, 'paired_fds': [1, 3, 0, 2, 4, 17], 'game_sel': 2}, {'num': 1, 'capacity': 3.1720107568508453, 'paired_fds': [6, 14, 23, 26, 18, 29, 5, 22, 11, 24, 10], 'game_sel': 5}, {'num': 2, 'capacity': 3.293806620686935, 'paired_fds': [9, 15, 27, 25, 7, 16, 19, 8], 'game_sel': 7}, {'num': 3, 'capacity': 3.6419305412146903, 'paired_fds': [28, 21, 20, 12, 13], 'game_sel': 13}], [{'num': 0, 'capacity': 3.4271903426736836, 'paired_fds': [1, 4, 25, 17, 27, 2], 'game_sel': 2}, {'num': 1, 'capacity': 3.076863658359632, 'paired_fds': [6, 23, 5, 22, 29, 21, 24, 3, 14, 18, 11], 'game_sel': 5}, {'num': 2, 'capacity': 3.2611870444546605, 'paired_fds': [7, 8, 16, 20, 28, 19, 9, 0], 'game_sel': 7}, {'num': 3, 'capacity': 3.78429221000274, 'paired_fds': [26, 15, 10, 13, 12], 'game_sel': 15}], [{'num': 0, 'capacity': 3.1088147687845913, 'paired_fds': [27, 24, 2, 20, 8, 29], 'game_sel': 2}, {'num': 1, 'capacity': 3.070307183019745, 'paired_fds': [6, 5, 22, 21, 14, 23, 10, 4, 0, 18, 3], 'game_sel': 5}, {'num': 2, 'capacity': 3.1901912583884253, 'paired_fds': [28, 9, 7, 17, 11, 25, 19, 16], 'game_sel': 17}, {'num': 3, 'capacity': 3.660054518201419, 'paired_fds': [1, 15, 26, 12, 13], 'game_sel': 15}], [{'num': 0, 'capacity': 3.1088147687845913, 'paired_fds': [27, 8, 24, 20, 2, 29], 'game_sel': 2}, {'num': 1, 'capacity': 3.0577357316704923, 'paired_fds': [6, 21, 23, 10, 0, 18, 3, 4, 25, 22, 5], 'game_sel': 5}, {'num': 2, 'capacity': 3.192631854046393, 'paired_fds': [9, 17, 16, 28, 7, 19, 14, 11], 'game_sel': 17}, {'num': 3, 'capacity': 3.6600545182014184, 'paired_fds': [13, 1, 26, 15, 12], 'game_sel': 15}], [{'num': 0, 'capacity': 3.1088147687845917, 'paired_fds': [2, 20, 24, 27, 29, 8], 'game_sel': 2}, {'num': 1, 'capacity': 3.0577357316704914, 'paired_fds': [21, 23, 3, 4, 25, 22, 5, 18, 6, 0, 10], 'game_sel': 5}, {'num': 2, 'capacity': 3.1926318540463936, 'paired_fds': [9, 28, 14, 7, 19, 11, 17, 16], 'game_sel': 17}, {'num': 3, 'capacity': 3.660054518201418, 'paired_fds': [15, 1, 13, 26, 12], 'game_sel': 15}], [{'num': 0, 'capacity': 3.077147293719313, 'paired_fds': [8, 2, 27, 29, 24, 11], 'game_sel': 2}, {'num': 1, 'capacity': 3.050455110839892, 'paired_fds': [21, 3, 4, 25, 22, 26, 0, 6, 18, 5, 9], 'game_sel': 5}, {'num': 2, 'capacity': 3.151470000153417, 'paired_fds': [14, 19, 17, 16, 1, 7, 10, 13], 'game_sel': 17}, {'num': 3, 'capacity': 3.6359578153305456, 'paired_fds': [15, 23, 12, 28, 20], 'game_sel': 15}], [{'num': 0, 'capacity': 3.001669517097283, 'paired_fds': [8, 2, 24, 22, 27, 11], 'game_sel': 2}, {'num': 1, 'capacity': 3.06964589743311, 'paired_fds': [26, 6, 5, 9, 4, 25, 18, 3, 21, 29, 0], 'game_sel': 5}, {'num': 2, 'capacity': 3.1514700001534175, 'paired_fds': [1, 10, 19, 14, 16, 13, 17, 7], 'game_sel': 17}, {'num': 3, 'capacity': 3.6359578153305474, 'paired_fds': [23, 20, 28, 15, 12], 'game_sel': 15}], [{'num': 0, 'capacity': 3.0016695170972834, 'paired_fds': [24, 22, 2, 8, 11, 27], 'game_sel': 2}, {'num': 1, 'capacity': 3.0349515236207956, 'paired_fds': [5, 9, 25, 21, 14, 6, 4, 18, 0, 26, 3], 'game_sel': 5}, {'num': 2, 'capacity': 3.185090531463527, 'paired_fds': [1, 19, 17, 7, 29, 12, 16, 10], 'game_sel': 17}, {'num': 3, 'capacity': 3.478687265844213, 'paired_fds': [23, 13, 15, 28, 20], 'game_sel': 15}], [{'num': 0, 'capacity': 3.0016695170972834, 'paired_fds': [24, 8, 2, 11, 22, 27], 'game_sel': 2}, {'num': 1, 'capacity': 3.0349515236207956, 'paired_fds': [5, 9, 25, 0, 21, 14, 6, 26, 3, 4, 18], 'game_sel': 5}, {'num': 2, 'capacity': 3.185090531463527, 'paired_fds': [12, 19, 1, 16, 7, 29, 10, 17], 'game_sel': 17}, {'num': 3, 'capacity': 3.478687265844214, 'paired_fds': [23, 13, 20, 28, 15], 'game_sel': 15}], [{'num': 0, 'capacity': 2.992790895451031, 'paired_fds': [24, 8, 22, 27, 4, 2], 'game_sel': 2}, {'num': 1, 'capacity': 2.9868139032827807, 'paired_fds': [5, 9, 0, 21, 26, 6, 23, 3, 14, 18, 25], 'game_sel': 5}, {'num': 2, 'capacity': 3.1715541935111116, 'paired_fds': [12, 16, 7, 1, 10, 17, 11, 19], 'game_sel': 17}, {'num': 3, 'capacity': 3.5731815342600926, 'paired_fds': [13, 28, 15, 29, 20], 'game_sel': 15}], [{'num': 0, 'capacity': 2.992790895451031, 'paired_fds': [22, 2, 27, 8, 24, 4], 'game_sel': 2}, {'num': 1, 'capacity': 2.986813903282782, 'paired_fds': [0, 21, 26, 14, 18, 3, 6, 25, 23, 5, 9], 'game_sel': 5}, {'num': 2, 'capacity': 3.1559004151706684, 'paired_fds': [1, 10, 19, 12, 17, 7, 20, 16], 'game_sel': 17}, {'num': 3, 'capacity': 3.5750523727802346, 'paired_fds': [15, 11, 28, 13, 29], 'game_sel': 15}], [{'num': 0, 'capacity': 2.9927908954510305, 'paired_fds': [2, 24, 27, 22, 4, 8], 'game_sel': 2}, {'num': 1, 'capacity': 3.0241387893241285, 'paired_fds': [0, 26, 14, 23, 25, 18, 5, 3, 9, 11, 6], 'game_sel': 5}, {'num': 2, 'capacity': 3.155900415170669, 'paired_fds': [7, 20, 1, 19, 16, 10, 17, 12], 'game_sel': 17}, {'num': 3, 'capacity': 3.421436324612157, 'paired_fds': [15, 29, 13, 21, 28], 'game_sel': 15}], [{'num': 0, 'capacity': 2.9927908954510305, 'paired_fds': [22, 2, 27, 4, 8, 24], 'game_sel': 2}, {'num': 1, 'capacity': 2.973386482486584, 'paired_fds': [26, 23, 11, 5, 14, 3, 18, 25, 0, 6, 21], 'game_sel': 5}, {'num': 2, 'capacity': 3.155900415170669, 'paired_fds': [7, 16, 12, 10, 17, 19, 1, 20], 'game_sel': 17}, {'num': 3, 'capacity': 3.54515062299496, 'paired_fds': [13, 28, 15, 29, 9], 'game_sel': 15}], [{'num': 0, 'capacity': 2.992790895451031, 'paired_fds': [22, 27, 8, 24, 4, 2], 'game_sel': 2}, {'num': 1, 'capacity': 2.9733864824865845, 'paired_fds': [26, 23, 5, 6, 11, 25, 14, 0, 3, 18, 21], 'game_sel': 5}, {'num': 2, 'capacity': 3.1219874520076827, 'paired_fds': [7, 16, 19, 10, 20, 17, 9, 1], 'game_sel': 17}, {'num': 3, 'capacity': 3.578304276481573, 'paired_fds': [28, 15, 13, 29, 12], 'game_sel': 15}], [{'num': 0, 'capacity': 2.992790895451031, 'paired_fds': [22, 27, 8, 24, 2, 4], 'game_sel': 2}, {'num': 1, 'capacity': 2.9733864824865837, 'paired_fds': [23, 5, 14, 0, 3, 21, 26, 25, 6, 11, 18], 'game_sel': 5}, {'num': 2, 'capacity': 3.1219874520076827, 'paired_fds': [10, 16, 20, 17, 19, 9, 1, 7], 'game_sel': 17}, {'num': 3, 'capacity': 3.578304276481572, 'paired_fds': [13, 15, 29, 28, 12], 'game_sel': 15}], [{'num': 0, 'capacity': 2.992790895451031, 'paired_fds': [22, 27, 8, 2, 4, 24], 'game_sel': 2}, {'num': 1, 'capacity': 2.973386482486584, 'paired_fds': [3, 11, 18, 6, 21, 23, 14, 0, 26, 25, 5], 'game_sel': 5}, {'num': 2, 'capacity': 3.1219874520076827, 'paired_fds': [19, 1, 7, 9, 16, 17, 10, 20], 'game_sel': 17}, {'num': 3, 'capacity': 3.5783042764815716, 'paired_fds': [15, 28, 12, 29, 13], 'game_sel': 15}], [{'num': 0, 'capacity': 2.9927908954510305, 'paired_fds': [2, 4, 24, 22, 8, 27], 'game_sel': 2}, {'num': 1, 'capacity': 2.9733864824865837, 'paired_fds': [3, 23, 0, 26, 5, 21, 18, 25, 11, 6, 14], 'game_sel': 5}, {'num': 2, 'capacity': 3.1219874520076827, 'paired_fds': [7, 1, 19, 9, 16, 17, 20, 10], 'game_sel': 17}, {'num': 3, 'capacity': 3.578304276481572, 'paired_fds': [15, 29, 13, 28, 12], 'game_sel': 15}], [{'num': 0, 'capacity': 2.992790895451031, 'paired_fds': [8, 27, 22, 4, 24, 2], 'game_sel': 2}, {'num': 1, 'capacity': 2.973386482486584, 'paired_fds': [23, 0, 26, 21, 3, 5, 25, 18, 11, 14, 6], 'game_sel': 5}, {'num': 2, 'capacity': 3.1219874520076827, 'paired_fds': [9, 17, 7, 10, 19, 1, 16, 20], 'game_sel': 17}, {'num': 3, 'capacity': 3.578304276481572, 'paired_fds': [12, 13, 15, 28, 29], 'game_sel': 15}], [{'num': 0, 'capacity': 2.992790895451031, 'paired_fds': [8, 27, 24, 2, 22, 4], 'game_sel': 2}, {'num': 1, 'capacity': 2.9733864824865837, 'paired_fds': [23, 26, 21, 5, 11, 14, 18, 3, 6, 0, 25], 'game_sel': 5}, {'num': 2, 'capacity': 3.121987452007683, 'paired_fds': [7, 20, 19, 16, 10, 1, 17, 9], 'game_sel': 17}, {'num': 3, 'capacity': 3.5783042764815716, 'paired_fds': [28, 13, 12, 29, 15], 'game_sel': 15}], [{'num': 0, 'capacity': 2.992790895451031, 'paired_fds': [8, 27, 22, 2, 4, 24], 'game_sel': 2}, {'num': 1, 'capacity': 2.970226742557929, 'paired_fds': [23, 26, 18, 3, 25, 6, 0, 5, 29, 14, 21], 'game_sel': 5}, {'num': 2, 'capacity': 3.1219874520076827, 'paired_fds': [20, 1, 17, 19, 16, 7, 10, 9], 'game_sel': 17}, {'num': 3, 'capacity': 3.573701801352904, 'paired_fds': [15, 13, 12, 11, 28], 'game_sel': 15}], [{'num': 0, 'capacity': 2.992790895451031, 'paired_fds': [22, 2, 27, 24, 8, 4], 'game_sel': 2}, {'num': 1, 'capacity': 2.9702267425579287, 'paired_fds': [23, 26, 18, 5, 21, 14, 6, 3, 29, 25, 0], 'game_sel': 5}, {'num': 2, 'capacity': 3.1219874520076827, 'paired_fds': [16, 7, 20, 9, 1, 10, 19, 17], 'game_sel': 17}, {'num': 3, 'capacity': 3.573701801352905, 'paired_fds': [13, 15, 28, 11, 12], 'game_sel': 15}], [{'num': 0, 'capacity': 2.992790895451031, 'paired_fds': [27, 24, 8, 2, 22, 4], 'game_sel': 2}, {'num': 1, 'capacity': 2.9702267425579287, 'paired_fds': [23, 6, 3, 29, 25, 5, 0, 21, 26, 14, 18], 'game_sel': 5}, {'num': 2, 'capacity': 3.1219874520076827, 'paired_fds': [7, 17, 10, 16, 1, 9, 19, 20], 'game_sel': 17}, {'num': 3, 'capacity': 3.573701801352905, 'paired_fds': [13, 28, 15, 11, 12], 'game_sel': 15}], [{'num': 0, 'capacity': 2.992790895451031, 'paired_fds': [24, 8, 2, 27, 22, 4], 'game_sel': 2}, {'num': 1, 'capacity': 2.9702267425579287, 'paired_fds': [29, 5, 21, 26, 18, 25, 6, 0, 3, 14, 23], 'game_sel': 5}, {'num': 2, 'capacity': 3.1219874520076827, 'paired_fds': [7, 16, 17, 9, 19, 10, 1, 20], 'game_sel': 17}, {'num': 3, 'capacity': 3.5737018013529047, 'paired_fds': [13, 12, 28, 15, 11], 'game_sel': 15}], [{'num': 0, 'capacity': 2.992790895451031, 'paired_fds': [24, 27, 22, 8, 2, 4], 'game_sel': 2}, {'num': 1, 'capacity': 2.9702267425579283, 'paired_fds': [26, 0, 23, 3, 14, 21, 29, 5, 18, 25, 6], 'game_sel': 5}, {'num': 2, 'capacity': 3.1219874520076822, 'paired_fds': [16, 19, 9, 7, 20, 1, 10, 17], 'game_sel': 17}, {'num': 3, 'capacity': 3.5737018013529047, 'paired_fds': [15, 13, 11, 28, 12], 'game_sel': 15}], [{'num': 0, 'capacity': 2.992790895451031, 'paired_fds': [8, 27, 24, 2, 22, 4], 'game_sel': 2}, {'num': 1, 'capacity': 2.9702267425579287, 'paired_fds': [0, 23, 21, 29, 5, 18, 14, 3, 6, 25, 26], 'game_sel': 5}, {'num': 2, 'capacity': 3.1219874520076822, 'paired_fds': [16, 20, 1, 7, 17, 9, 10, 19], 'game_sel': 17}, {'num': 3, 'capacity': 3.573701801352905, 'paired_fds': [28, 12, 15, 13, 11], 'game_sel': 15}], [{'num': 0, 'capacity': 2.992790895451031, 'paired_fds': [8, 24, 2, 27, 22, 4], 'game_sel': 2}, {'num': 1, 'capacity': 2.9702267425579287, 'paired_fds': [23, 21, 29, 6, 0, 14, 5, 18, 3, 25, 26], 'game_sel': 5}, {'num': 2, 'capacity': 3.1219874520076827, 'paired_fds': [16, 1, 7, 10, 9, 20, 19, 17], 'game_sel': 17}, {'num': 3, 'capacity': 3.5737018013529043, 'paired_fds': [15, 13, 28, 12, 11], 'game_sel': 15}], [{'num': 0, 'capacity': 2.9927908954510305, 'paired_fds': [2, 27, 24, 22, 4, 8], 'game_sel': 2}, {'num': 1, 'capacity': 2.970226742557929, 'paired_fds': [23, 21, 29, 14, 5, 18, 25, 3, 0, 6, 26], 'game_sel': 5}, {'num': 2, 'capacity': 3.099847141783402, 'paired_fds': [9, 20, 1, 11, 17, 19, 7, 16], 'game_sel': 17}, {'num': 3, 'capacity': 3.60653070759177, 'paired_fds': [13, 10, 12, 15, 28], 'game_sel': 15}], [{'num': 0, 'capacity': 2.992790895451031, 'paired_fds': [8, 24, 22, 2, 4, 27], 'game_sel': 2}, {'num': 1, 'capacity': 2.970226742557929, 'paired_fds': [23, 21, 29, 26, 14, 6, 5, 18, 0, 3, 25], 'game_sel': 5}, {'num': 2, 'capacity': 3.0998471417834015, 'paired_fds': [1, 7, 16, 17, 19, 11, 9, 20], 'game_sel': 17}, {'num': 3, 'capacity': 3.606530707591769, 'paired_fds': [15, 13, 10, 12, 28], 'game_sel': 15}], [{'num': 0, 'capacity': 2.992790895451031, 'paired_fds': [22, 27, 2, 8, 24, 4], 'game_sel': 2}, {'num': 1, 'capacity': 2.9702267425579287, 'paired_fds': [21, 26, 6, 5, 23, 3, 25, 29, 14, 0, 18], 'game_sel': 5}, {'num': 2, 'capacity': 3.099847141783402, 'paired_fds': [1, 7, 19, 17, 9, 20, 16, 11], 'game_sel': 17}, {'num': 3, 'capacity': 3.6065307075917685, 'paired_fds': [15, 10, 13, 28, 12], 'game_sel': 15}], [{'num': 0, 'capacity': 2.9927908954510305, 'paired_fds': [22, 24, 27, 2, 4, 8], 'game_sel': 2}, {'num': 1, 'capacity': 2.9702267425579283, 'paired_fds': [21, 26, 23, 3, 18, 29, 6, 25, 5, 0, 14], 'game_sel': 5}, {'num': 2, 'capacity': 3.0998471417834015, 'paired_fds': [1, 7, 9, 11, 19, 17, 16, 20], 'game_sel': 17}, {'num': 3, 'capacity': 3.6065307075917685, 'paired_fds': [15, 12, 28, 10, 13], 'game_sel': 15}]]
***********************
select_history =  [[{'f_bs': 235.5094591540522, 'f_fd': 106.84263340131935, 'num': 2, 'gains': 106.84263340131935, 'power': 0.0042246410626042095}, {'f_bs': 237.44255177674057, 'f_fd': 107.10452516659512, 'num': 5, 'gains': 107.10452516659512, 'power': 0.004099084707907412}, {'f_bs': 235.9042079026987, 'f_fd': 106.8964969977379, 'num': 17, 'gains': 106.8964969977379, 'power': 0.004295138604311546}, {'f_bs': 231.494518614903, 'f_fd': 106.28334368407556, 'num': 15, 'gains': 106.28334368407556, 'power': 0.0028304988044464624}], [{'f_bs': 235.5094591540522, 'f_fd': 106.84263340131935, 'num': 2, 'gains': 213.6852668026387, 'power': 0.0036246410626042096}, {'f_bs': 237.44255177674057, 'f_fd': 107.10452516659512, 'num': 5, 'gains': 214.20905033319025, 'power': 0.003499084707907412}, {'f_bs': 235.9042079026987, 'f_fd': 106.8964969977379, 'num': 17, 'gains': 213.7929939954758, 'power': 0.003695138604311546}, {'f_bs': 231.494518614903, 'f_fd': 106.28334368407556, 'num': 15, 'gains': 212.56668736815112, 'power': 0.0022304988044464626}], [{'f_bs': 235.5094591540522, 'f_fd': 106.84263340131935, 'num': 2, 'gains': 320.52790020395804, 'power': 0.00302464106260421}, {'f_bs': 237.44255177674057, 'f_fd': 107.10452516659512, 'num': 5, 'gains': 321.3135754997854, 'power': 0.002899084707907412}, {'f_bs': 235.9042079026987, 'f_fd': 106.8964969977379, 'num': 17, 'gains': 320.68949099321367, 'power': 0.003095138604311546}, {'f_bs': 231.494518614903, 'f_fd': 106.28334368407556, 'num': 15, 'gains': 318.85003105222665, 'power': 0.0016304988044464625}], [{'f_bs': 235.5094591540522, 'f_fd': 106.84263340131935, 'num': 2, 'gains': 427.3705336052774, 'power': 0.00242464106260421}, {'f_bs': 237.44255177674057, 'f_fd': 107.10452516659512, 'num': 5, 'gains': 428.4181006663805, 'power': 0.0022990847079074122}, {'f_bs': 235.9042079026987, 'f_fd': 106.8964969977379, 'num': 17, 'gains': 427.5859879909516, 'power': 0.002495138604311546}, {'f_bs': 231.494518614903, 'f_fd': 106.28334368407556, 'num': 15, 'gains': 425.13337473630224, 'power': 0.0010304988044464625}], [{'f_bs': 235.5094591540522, 'f_fd': 106.84263340131935, 'num': 2, 'gains': 534.2131670065967, 'power': 0.00182464106260421}, {'f_bs': 237.44255177674057, 'f_fd': 107.10452516659512, 'num': 5, 'gains': 535.5226258329756, 'power': 0.0016990847079074122}, {'f_bs': 235.9042079026987, 'f_fd': 106.8964969977379, 'num': 17, 'gains': 534.4824849886895, 'power': 0.001895138604311546}, {'f_bs': 231.494518614903, 'f_fd': 106.28334368407556, 'num': 15, 'gains': 531.4167184203778, 'power': 0.00043049880444646243}], [{'f_bs': 235.5094591540522, 'f_fd': 106.84263340131935, 'num': 2, 'gains': 641.055800407916, 'power': 0.0012246410626042098}, {'f_bs': 237.44255177674057, 'f_fd': 107.10452516659512, 'num': 5, 'gains': 642.6271509995706, 'power': 0.0010990847079074121}, {'f_bs': 235.9042079026987, 'f_fd': 106.8964969977379, 'num': 17, 'gains': 641.3789819864274, 'power': 0.001295138604311546}, {'f_bs': 227.2500937691937, 'f_fd': 104.66863326199058, 'num': 13, 'gains': 104.66863326199058, 'power': 0.0037534482122146256}], [{'f_bs': 235.5094591540522, 'f_fd': 106.84263340131935, 'num': 2, 'gains': 747.8984338092353, 'power': 0.0006246410626042098}, {'f_bs': 237.44255177674057, 'f_fd': 107.10452516659512, 'num': 5, 'gains': 749.7316761661657, 'power': 0.0004990847079074121}, {'f_bs': 235.9042079026987, 'f_fd': 106.8964969977379, 'num': 17, 'gains': 748.2754789841654, 'power': 0.000695138604311546}, {'f_bs': 227.2500937691937, 'f_fd': 104.66863326199058, 'num': 13, 'gains': 209.33726652398116, 'power': 0.0031134482122146256}], [{'f_bs': 235.5094591540522, 'f_fd': 106.84263340131935, 'num': 2, 'gains': 854.7410672105545, 'power': 2.4641062604209736e-05}, {'f_bs': 235.33406369232233, 'f_fd': 106.81863692008011, 'num': 3, 'gains': 106.81863692008011, 'power': 0.004103062101885984}, {'f_bs': 235.9042079026987, 'f_fd': 106.8964969977379, 'num': 17, 'gains': 855.1719759819033, 'power': 9.513860431154594e-05}, {'f_bs': 227.2500937691937, 'f_fd': 104.66863326199058, 'num': 13, 'gains': 314.00589978597174, 'power': 0.0024734482122146257}], [{'f_bs': 232.2336193675628, 'f_fd': 106.3878902370304, 'num': 24, 'gains': 106.3878902370304, 'power': 0.002986188984016188}, {'f_bs': 235.33406369232233, 'f_fd': 106.81863692008011, 'num': 3, 'gains': 213.63727384016022, 'power': 0.0035030621018859844}, {'f_bs': 231.3207419637574, 'f_fd': 106.25865702762073, 'num': 7, 'gains': 106.25865702762073, 'power': 0.004079150134749918}, {'f_bs': 227.2500937691937, 'f_fd': 104.66863326199058, 'num': 13, 'gains': 418.6745330479623, 'power': 0.0018334482122146258}], [{'f_bs': 232.2336193675628, 'f_fd': 106.3878902370304, 'num': 24, 'gains': 212.7757804740608, 'power': 0.002386188984016188}, {'f_bs': 235.33406369232233, 'f_fd': 106.81863692008011, 'num': 3, 'gains': 320.45591076024033, 'power': 0.0029030621018859845}, {'f_bs': 231.3207419637574, 'f_fd': 106.25865702762073, 'num': 7, 'gains': 212.51731405524146, 'power': 0.003479150134749918}, {'f_bs': 227.2500937691937, 'f_fd': 104.66863326199058, 'num': 13, 'gains': 523.343166309953, 'power': 0.0011934482122146258}], [{'f_bs': 232.2336193675628, 'f_fd': 106.3878902370304, 'num': 24, 'gains': 319.1636707110912, 'power': 0.001786188984016188}, {'f_bs': 235.33406369232233, 'f_fd': 106.81863692008011, 'num': 3, 'gains': 427.27454768032044, 'power': 0.0023030621018859847}, {'f_bs': 231.3207419637574, 'f_fd': 106.25865702762073, 'num': 7, 'gains': 318.77597108286216, 'power': 0.0028791501347499183}, {'f_bs': 227.2500937691937, 'f_fd': 104.66863326199058, 'num': 13, 'gains': 628.0117995719436, 'power': 0.0005534482122146258}], [{'f_bs': 232.2336193675628, 'f_fd': 106.3878902370304, 'num': 24, 'gains': 425.5515609481216, 'power': 0.0011861889840161879}, {'f_bs': 235.33406369232233, 'f_fd': 106.81863692008011, 'num': 3, 'gains': 534.0931846004005, 'power': 0.0017030621018859847}, {'f_bs': 231.3207419637574, 'f_fd': 106.25865702762073, 'num': 7, 'gains': 425.0346281104829, 'power': 0.0022791501347499184}, {'f_bs': 226.27100722889165, 'f_fd': 105.52328639619546, 'num': 28, 'gains': 105.52328639619546, 'power': 0.0031140780959789003}], [{'f_bs': 232.2336193675628, 'f_fd': 106.3878902370304, 'num': 24, 'gains': 531.939451185152, 'power': 0.0005861889840161878}, {'f_bs': 235.33406369232233, 'f_fd': 106.81863692008011, 'num': 3, 'gains': 640.9118215204805, 'power': 0.0011030621018859846}, {'f_bs': 231.3207419637574, 'f_fd': 106.25865702762073, 'num': 7, 'gains': 531.2932851381037, 'power': 0.0016791501347499184}, {'f_bs': 226.27100722889165, 'f_fd': 105.52328639619546, 'num': 28, 'gains': 211.04657279239092, 'power': 0.0025140780959789005}], [{'f_bs': 229.24168354381953, 'f_fd': 105.96014675073121, 'num': 8, 'gains': 105.96014675073121, 'power': 0.0037902257051788506}, {'f_bs': 235.33406369232233, 'f_fd': 106.81863692008011, 'num': 3, 'gains': 747.7304584405606, 'power': 0.0005030621018859845}, {'f_bs': 231.3207419637574, 'f_fd': 106.25865702762073, 'num': 7, 'gains': 637.5519421657244, 'power': 0.0010791501347499183}, {'f_bs': 226.27100722889165, 'f_fd': 105.52328639619546, 'num': 28, 'gains': 316.5698591885864, 'power': 0.0019140780959789004}], [{'f_bs': 229.24168354381953, 'f_fd': 105.96014675073121, 'num': 8, 'gains': 211.92029350146242, 'power': 0.0031902257051788507}, {'f_bs': 230.32328798067354, 'f_fd': 106.11617423004427, 'num': 25, 'gains': 106.11617423004427, 'power': 0.0036831765759056286}, {'f_bs': 231.3207419637574, 'f_fd': 106.25865702762073, 'num': 7, 'gains': 743.8105991933452, 'power': 0.0004791501347499183}, {'f_bs': 226.27100722889165, 'f_fd': 105.52328639619546, 'num': 28, 'gains': 422.09314558478184, 'power': 0.0013140780959789004}], [{'f_bs': 232.2336193675628, 'f_fd': 106.3878902370304, 'num': 24, 'gains': 638.3273414221825, 'power': 1.2348689071369759e-05}, {'f_bs': 230.32328798067354, 'f_fd': 106.11617423004427, 'num': 25, 'gains': 212.23234846008853, 'power': 0.0030831765759056287}, {'f_bs': 230.87795189503504, 'f_fd': 105.1955714086593, 'num': 1, 'gains': 105.1955714086593, 'power': 0.0036891776661903677}, {'f_bs': 226.27100722889165, 'f_fd': 105.52328639619546, 'num': 28, 'gains': 527.6164319809773, 'power': 0.0007140780959789003}], [{'f_bs': 229.24168354381953, 'f_fd': 105.96014675073121, 'num': 8, 'gains': 317.88044025219364, 'power': 0.002595175008320143}, {'f_bs': 237.44255177674057, 'f_fd': 107.10452516659512, 'num': 5, 'gains': 856.8362013327608, 'power': 1.6978872499731927e-06}, {'f_bs': 230.87795189503504, 'f_fd': 105.1955714086593, 'num': 1, 'gains': 210.3911428173186, 'power': 0.0030491776661903678}, {'f_bs': 227.2500937691937, 'f_fd': 104.66863326199058, 'num': 13, 'gains': 732.6804328339342, 'power': 2.1600612967424414e-05}], [{'f_bs': 229.24168354381953, 'f_fd': 105.96014675073121, 'num': 8, 'gains': 423.84058700292485, 'power': 0.0019951750083201433}, {'f_bs': 230.32328798067354, 'f_fd': 106.11617423004427, 'num': 25, 'gains': 318.34852269013277, 'power': 0.0025094362543559264}, {'f_bs': 230.87795189503504, 'f_fd': 105.1955714086593, 'num': 1, 'gains': 315.5867142259779, 'power': 0.002409177666190368}, {'f_bs': 226.27100722889165, 'f_fd': 105.52328639619546, 'num': 28, 'gains': 633.1397183771727, 'power': 0.00012313514676250462}], [{'f_bs': 229.24168354381953, 'f_fd': 105.96014675073121, 'num': 8, 'gains': 529.800733753656, 'power': 0.0013951750083201432}, {'f_bs': 230.32328798067354, 'f_fd': 106.11617423004427, 'num': 25, 'gains': 424.46469692017706, 'power': 0.0019094362543559263}, {'f_bs': 230.87795189503504, 'f_fd': 105.1955714086593, 'num': 1, 'gains': 420.7822856346372, 'power': 0.0017691776661903679}, {'f_bs': 231.494518614903, 'f_fd': 106.28334368407556, 'num': 15, 'gains': 637.7000621044534, 'power': 1.3420318839147782e-05}], [{'f_bs': 229.24168354381953, 'f_fd': 105.96014675073121, 'num': 8, 'gains': 635.7608805043872, 'power': 0.0007951750083201431}, {'f_bs': 230.32328798067354, 'f_fd': 106.11617423004427, 'num': 25, 'gains': 530.5808711502214, 'power': 0.0013094362543559263}, {'f_bs': 230.87795189503504, 'f_fd': 105.1955714086593, 'num': 1, 'gains': 525.9778570432966, 'power': 0.001129177666190368}, {'f_bs': 212.7433160363976, 'f_fd': 101.36812763336647, 'num': 12, 'gains': 101.36812763336647, 'power': 0.006266028216779108}], [{'f_bs': 229.24168354381953, 'f_fd': 105.96014675073121, 'num': 8, 'gains': 741.7210272551183, 'power': 0.0001951750083201431}, {'f_bs': 230.32328798067354, 'f_fd': 106.11617423004427, 'num': 25, 'gains': 636.6970453802656, 'power': 0.0007094362543559262}, {'f_bs': 230.87795189503504, 'f_fd': 105.1955714086593, 'num': 1, 'gains': 631.1734284519559, 'power': 0.0004891776661903679}, {'f_bs': 212.7433160363976, 'f_fd': 101.36812763336647, 'num': 12, 'gains': 202.73625526673294, 'power': 0.005586028216779108}], [{'f_bs': 228.68040685397304, 'f_fd': 105.87854794773418, 'num': 22, 'gains': 105.87854794773418, 'power': 0.0033656167045897157}, {'f_bs': 230.32328798067354, 'f_fd': 106.11617423004427, 'num': 25, 'gains': 742.81321961031, 'power': 0.00010943625435592616}, {'f_bs': 230.7477970409221, 'f_fd': 105.17697772648697, 'num': 16, 'gains': 105.17697772648697, 'power': 0.003596607814975317}, {'f_bs': 212.7433160363976, 'f_fd': 101.36812763336647, 'num': 12, 'gains': 304.1043829000994, 'power': 0.004906028216779108}], [{'f_bs': 228.68040685397304, 'f_fd': 105.87854794773418, 'num': 22, 'gains': 211.75709589546835, 'power': 0.002765616704589716}, {'f_bs': 227.20708725796194, 'f_fd': 104.6622772866414, 'num': 26, 'gains': 104.6622772866414, 'power': 0.0029377727952973358}, {'f_bs': 230.7477970409221, 'f_fd': 105.17697772648697, 'num': 16, 'gains': 210.35395545297393, 'power': 0.0029566078149753173}, {'f_bs': 212.7433160363976, 'f_fd': 101.36812763336647, 'num': 12, 'gains': 405.4725105334659, 'power': 0.004226028216779108}], [{'f_bs': 228.68040685397304, 'f_fd': 105.87854794773418, 'num': 22, 'gains': 317.6356438432025, 'power': 0.002165616704589716}, {'f_bs': 235.33406369232233, 'f_fd': 106.81863692008011, 'num': 3, 'gains': 854.5490953606406, 'power': 2.1671383450398186e-06}, {'f_bs': 230.7477970409221, 'f_fd': 105.17697772648697, 'num': 16, 'gains': 315.53093317946093, 'power': 0.0023166078149753173}, {'f_bs': 212.7433160363976, 'f_fd': 101.36812763336647, 'num': 12, 'gains': 506.8406381668324, 'power': 0.0035460282167791082}], [{'f_bs': 228.68040685397304, 'f_fd': 105.87854794773418, 'num': 22, 'gains': 423.5141917909367, 'power': 0.001565616704589716}, {'f_bs': 227.20708725796194, 'f_fd': 104.6622772866414, 'num': 26, 'gains': 209.3245545732828, 'power': 0.002305427398930267}, {'f_bs': 230.7477970409221, 'f_fd': 105.17697772648697, 'num': 16, 'gains': 420.70791090594787, 'power': 0.0016766078149753174}, {'f_bs': 212.7433160363976, 'f_fd': 101.36812763336647, 'num': 12, 'gains': 608.2087658001989, 'power': 0.002866028216779108}], [{'f_bs': 228.68040685397304, 'f_fd': 105.87854794773418, 'num': 22, 'gains': 529.3927397386709, 'power': 0.0009656167045897159}, {'f_bs': 227.20708725796194, 'f_fd': 104.6622772866414, 'num': 26, 'gains': 313.9868318599242, 'power': 0.001665427398930267}, {'f_bs': 230.7477970409221, 'f_fd': 105.17697772648697, 'num': 16, 'gains': 525.8848886324348, 'power': 0.0010366078149753174}, {'f_bs': 212.7433160363976, 'f_fd': 101.36812763336647, 'num': 12, 'gains': 709.5768934335654, 'power': 0.002186028216779108}], [{'f_bs': 228.68040685397304, 'f_fd': 105.87854794773418, 'num': 22, 'gains': 635.2712876864051, 'power': 0.0003656167045897158}, {'f_bs': 227.20708725796194, 'f_fd': 104.6622772866414, 'num': 26, 'gains': 418.6491091465656, 'power': 0.001025427398930267}, {'f_bs': 230.7477970409221, 'f_fd': 105.17697772648697, 'num': 16, 'gains': 631.0618663589217, 'power': 0.00039660781497531737}, {'f_bs': 212.7433160363976, 'f_fd': 101.36812763336647, 'num': 12, 'gains': 810.9450210669319, 'power': 0.001506028216779108}], [{'f_bs': 224.1660007495825, 'f_fd': 104.20615799682764, 'num': 27, 'gains': 104.20615799682764, 'power': 0.00345943485380174}, {'f_bs': 227.20708725796194, 'f_fd': 104.6622772866414, 'num': 26, 'gains': 523.311386433207, 'power': 0.000385427398930267}, {'f_bs': 222.46286885259997, 'f_fd': 103.94485102987267, 'num': 19, 'gains': 103.94485102987267, 'power': 0.003626329393110886}, {'f_bs': 212.7433160363976, 'f_fd': 101.36812763336647, 'num': 12, 'gains': 912.3131487002984, 'power': 0.000826028216779108}], [{'f_bs': 224.1660007495825, 'f_fd': 104.20615799682764, 'num': 27, 'gains': 208.41231599365528, 'power': 0.0028194348538017402}, {'f_bs': 224.5588842048363, 'f_fd': 105.26583327460915, 'num': 14, 'gains': 105.26583327460915, 'power': 0.003698458097911696}, {'f_bs': 222.46286885259997, 'f_fd': 103.94485102987267, 'num': 19, 'gains': 207.88970205974533, 'power': 0.002986329393110886}, {'f_bs': 212.7433160363976, 'f_fd': 101.36812763336647, 'num': 12, 'gains': 1013.6812763336649, 'power': 0.000146028216779108}], [{'f_bs': 224.1660007495825, 'f_fd': 104.20615799682764, 'num': 27, 'gains': 312.6184739904829, 'power': 0.0021794348538017403}, {'f_bs': 224.5588842048363, 'f_fd': 105.26583327460915, 'num': 14, 'gains': 210.5316665492183, 'power': 0.0030984580979116962}, {'f_bs': 231.3207419637574, 'f_fd': 106.25865702762073, 'num': 7, 'gains': 850.0692562209659, 'power': 8.855243140375559e-06}, {'f_bs': 185.52629708185606, 'f_fd': 92.0347726310032, 'num': 10, 'gains': 92.0347726310032, 'power': 0.00579626729582455}], [{'f_bs': 224.1660007495825, 'f_fd': 104.20615799682764, 'num': 27, 'gains': 416.82463198731057, 'power': 0.0015394348538017404}, {'f_bs': 224.5588842048363, 'f_fd': 105.26583327460915, 'num': 14, 'gains': 315.7974998238275, 'power': 0.0024984580979116964}, {'f_bs': 222.46286885259997, 'f_fd': 103.94485102987267, 'num': 19, 'gains': 311.834553089618, 'power': 0.002358307224362184}, {'f_bs': 185.52629708185606, 'f_fd': 92.0347726310032, 'num': 10, 'gains': 184.0695452620064, 'power': 0.004956267295824549}], [{'f_bs': 224.1660007495825, 'f_fd': 104.20615799682764, 'num': 27, 'gains': 521.0307899841382, 'power': 0.0008994348538017403}, {'f_bs': 224.5588842048363, 'f_fd': 105.26583327460915, 'num': 14, 'gains': 421.0633330984366, 'power': 0.0018984580979116963}, {'f_bs': 222.46286885259997, 'f_fd': 103.94485102987267, 'num': 19, 'gains': 415.77940411949066, 'power': 0.0017183072243621839}, {'f_bs': 185.52629708185606, 'f_fd': 92.0347726310032, 'num': 10, 'gains': 276.1043178930096, 'power': 0.004116267295824549}]]
