fd: 0 joined coalition: 2
fd: 1 joined coalition: 2
fd: 2 joined coalition: 1
fd: 3 joined coalition: 1
fd: 4 joined coalition: 3
fd: 5 joined coalition: 0
fd: 6 joined coalition: 3
fd: 7 joined coalition: 3
fd: 8 joined coalition: 0
fd: 9 joined coalition: 1
fd: 10 joined coalition: 0
fd: 11 joined coalition: 0
fd: 12 joined coalition: 0
fd: 13 joined coalition: 2
fd: 14 joined coalition: 1
fd: 15 joined coalition: 1
fd: 16 joined coalition: 0
fd: 17 joined coalition: 1
fd: 18 joined coalition: 0
fd: 19 joined coalition: 0
fd: 20 joined coalition: 0
fd: 21 joined coalition: 3
fd: 22 joined coalition: 2
fd: 23 joined coalition: 1
fd: 24 joined coalition: 2
fd: 25 joined coalition: 2
fd: 26 joined coalition: 0
fd: 27 joined coalition: 1
fd: 28 joined coalition: 2
fd: 29 joined coalition: 2


initial info:
coalitoin 0: 
    paired fds:  [5, 8, 10, 11, 12, 16, 18, 19, 20, 26]
    nearby fds:  [0, 1, 2, 3, 4, 5, 6, 7, 8, 9, 10, 11, 12, 14, 16, 17, 18, 19, 20, 22, 24, 25, 26, 27, 29]
coalitoin 1: 
    paired fds:  [2, 3, 9, 14, 15, 17, 23, 27]
    nearby fds:  [0, 1, 2, 3, 4, 5, 6, 8, 9, 10, 11, 12, 13, 14, 15, 16, 17, 18, 19, 20, 21, 22, 23, 24, 25, 26, 27, 28, 29]
coalitoin 2: 
    paired fds:  [0, 1, 13, 22, 24, 25, 28, 29]
    nearby fds:  [0, 1, 2, 4, 6, 7, 8, 9, 10, 11, 12, 13, 14, 15, 16, 17, 18, 19, 20, 22, 24, 25, 27, 28, 29]
coalitoin 3: 
    paired fds:  [4, 6, 7, 21]
    nearby fds:  [0, 1, 3, 4, 5, 6, 7, 9, 10, 11, 12, 13, 14, 15, 16, 17, 18, 19, 20, 21, 23, 25, 26, 28, 29]


*** round 0
fd  3 in coalition 1 and fd 10 in coalition 0 swap coalitions
fd 16 in coalition 0 and fd  1 in coalition 2 swap coalitions
fd  9 in coalition 1 and fd 29 in coalition 2 swap coalitions
fd  9 in coalition 2 and fd  6 in coalition 3 swap coalitions
coalitoin 0: 
    paired fds:  [8, 12, 20, 26, 18, 3, 19, 5, 11, 1]
    nearby fds:  [0, 1, 2, 3, 4, 5, 6, 7, 8, 9, 10, 11, 12, 14, 16, 17, 18, 19, 20, 22, 24, 25, 26, 27, 29]
coalitoin 1: 
    paired fds:  [17, 23, 15, 29, 14, 2, 27, 10]
    nearby fds:  [0, 1, 2, 3, 4, 5, 6, 8, 9, 10, 11, 12, 13, 14, 15, 16, 17, 18, 19, 20, 21, 22, 23, 24, 25, 26, 27, 28, 29]
coalitoin 2: 
    paired fds:  [24, 25, 28, 13, 16, 6, 22, 0]
    nearby fds:  [0, 1, 2, 4, 6, 7, 8, 9, 10, 11, 12, 13, 14, 15, 16, 17, 18, 19, 20, 22, 24, 25, 27, 28, 29]
coalitoin 3: 
    paired fds:  [21, 4, 7, 9]
    nearby fds:  [0, 1, 3, 4, 5, 6, 7, 9, 10, 11, 12, 13, 14, 15, 16, 17, 18, 19, 20, 21, 23, 25, 26, 28, 29]


*** round 1
fd 10 in coalition 1 and fd  9 in coalition 3 swap coalitions
coalitoin 0: 
    paired fds:  [8, 12, 26, 5, 3, 1, 20, 11, 19, 18]
    nearby fds:  [0, 1, 2, 3, 4, 5, 6, 7, 8, 9, 10, 11, 12, 14, 16, 17, 18, 19, 20, 22, 24, 25, 26, 27, 29]
coalitoin 1: 
    paired fds:  [2, 27, 17, 14, 23, 15, 29, 9]
    nearby fds:  [0, 1, 2, 3, 4, 5, 6, 8, 9, 10, 11, 12, 13, 14, 15, 16, 17, 18, 19, 20, 21, 22, 23, 24, 25, 26, 27, 28, 29]
coalitoin 2: 
    paired fds:  [24, 22, 0, 13, 28, 16, 25, 6]
    nearby fds:  [0, 1, 2, 4, 6, 7, 8, 9, 10, 11, 12, 13, 14, 15, 16, 17, 18, 19, 20, 22, 24, 25, 27, 28, 29]
coalitoin 3: 
    paired fds:  [7, 10, 21, 4]
    nearby fds:  [0, 1, 3, 4, 5, 6, 7, 9, 10, 11, 12, 13, 14, 15, 16, 17, 18, 19, 20, 21, 23, 25, 26, 28, 29]


*** round 2
coalitoin 0: 
    paired fds:  [3, 1, 20, 19, 5, 11, 18, 8, 26, 12]
    nearby fds:  [0, 1, 2, 3, 4, 5, 6, 7, 8, 9, 10, 11, 12, 14, 16, 17, 18, 19, 20, 22, 24, 25, 26, 27, 29]
coalitoin 1: 
    paired fds:  [2, 9, 29, 14, 15, 23, 27, 17]
    nearby fds:  [0, 1, 2, 3, 4, 5, 6, 8, 9, 10, 11, 12, 13, 14, 15, 16, 17, 18, 19, 20, 21, 22, 23, 24, 25, 26, 27, 28, 29]
coalitoin 2: 
    paired fds:  [22, 13, 6, 28, 16, 0, 24, 25]
    nearby fds:  [0, 1, 2, 4, 6, 7, 8, 9, 10, 11, 12, 13, 14, 15, 16, 17, 18, 19, 20, 22, 24, 25, 27, 28, 29]
coalitoin 3: 
    paired fds:  [21, 7, 10, 4]
    nearby fds:  [0, 1, 3, 4, 5, 6, 7, 9, 10, 11, 12, 13, 14, 15, 16, 17, 18, 19, 20, 21, 23, 25, 26, 28, 29]


*** round 3
fd  7 in coalition 3 and fd 20 in coalition 0 swap coalitions
coalitoin 0: 
    paired fds:  [5, 11, 26, 1, 12, 19, 3, 8, 18, 7]
    nearby fds:  [0, 1, 2, 3, 4, 5, 6, 7, 8, 9, 10, 11, 12, 14, 16, 17, 18, 19, 20, 22, 24, 25, 26, 27, 29]
coalitoin 1: 
    paired fds:  [14, 15, 23, 2, 9, 17, 27, 29]
    nearby fds:  [0, 1, 2, 3, 4, 5, 6, 8, 9, 10, 11, 12, 13, 14, 15, 16, 17, 18, 19, 20, 21, 22, 23, 24, 25, 26, 27, 28, 29]
coalitoin 2: 
    paired fds:  [13, 24, 25, 16, 6, 28, 22, 0]
    nearby fds:  [0, 1, 2, 4, 6, 7, 8, 9, 10, 11, 12, 13, 14, 15, 16, 17, 18, 19, 20, 22, 24, 25, 27, 28, 29]
coalitoin 3: 
    paired fds:  [10, 21, 4, 20]
    nearby fds:  [0, 1, 3, 4, 5, 6, 7, 9, 10, 11, 12, 13, 14, 15, 16, 17, 18, 19, 20, 21, 23, 25, 26, 28, 29]


*** round 4
fd 19 in coalition 0 and fd 20 in coalition 3 swap coalitions
fd 16 in coalition 2 and fd 20 in coalition 0 swap coalitions
coalitoin 0: 
    paired fds:  [5, 12, 8, 7, 11, 18, 1, 3, 26, 16]
    nearby fds:  [0, 1, 2, 3, 4, 5, 6, 7, 8, 9, 10, 11, 12, 14, 16, 17, 18, 19, 20, 22, 24, 25, 26, 27, 29]
coalitoin 1: 
    paired fds:  [15, 27, 23, 29, 2, 14, 9, 17]
    nearby fds:  [0, 1, 2, 3, 4, 5, 6, 8, 9, 10, 11, 12, 13, 14, 15, 16, 17, 18, 19, 20, 21, 22, 23, 24, 25, 26, 27, 28, 29]
coalitoin 2: 
    paired fds:  [24, 6, 28, 0, 25, 22, 20, 13]
    nearby fds:  [0, 1, 2, 4, 6, 7, 8, 9, 10, 11, 12, 13, 14, 15, 16, 17, 18, 19, 20, 22, 24, 25, 27, 28, 29]
coalitoin 3: 
    paired fds:  [21, 4, 10, 19]
    nearby fds:  [0, 1, 3, 4, 5, 6, 7, 9, 10, 11, 12, 13, 14, 15, 16, 17, 18, 19, 20, 21, 23, 25, 26, 28, 29]


*** round 5
coalitoin 0: 
    paired fds:  [7, 18, 26, 11, 3, 1, 12, 8, 5, 16]
    nearby fds:  [0, 1, 2, 3, 4, 5, 6, 7, 8, 9, 10, 11, 12, 14, 16, 17, 18, 19, 20, 22, 24, 25, 26, 27, 29]
coalitoin 1: 
    paired fds:  [29, 2, 15, 9, 14, 23, 17, 27]
    nearby fds:  [0, 1, 2, 3, 4, 5, 6, 8, 9, 10, 11, 12, 13, 14, 15, 16, 17, 18, 19, 20, 21, 22, 23, 24, 25, 26, 27, 28, 29]
coalitoin 2: 
    paired fds:  [28, 22, 25, 20, 24, 6, 13, 0]
    nearby fds:  [0, 1, 2, 4, 6, 7, 8, 9, 10, 11, 12, 13, 14, 15, 16, 17, 18, 19, 20, 22, 24, 25, 27, 28, 29]
coalitoin 3: 
    paired fds:  [21, 19, 10, 4]
    nearby fds:  [0, 1, 3, 4, 5, 6, 7, 9, 10, 11, 12, 13, 14, 15, 16, 17, 18, 19, 20, 21, 23, 25, 26, 28, 29]


*** round 6
fd  8 in coalition 0 and fd  2 in coalition 1 swap coalitions
coalitoin 0: 
    paired fds:  [11, 3, 1, 2, 26, 5, 18, 16, 7, 12]
    nearby fds:  [0, 1, 2, 3, 4, 5, 6, 7, 8, 9, 10, 11, 12, 14, 16, 17, 18, 19, 20, 22, 24, 25, 26, 27, 29]
coalitoin 1: 
    paired fds:  [15, 8, 27, 14, 17, 9, 29, 23]
    nearby fds:  [0, 1, 2, 3, 4, 5, 6, 8, 9, 10, 11, 12, 13, 14, 15, 16, 17, 18, 19, 20, 21, 22, 23, 24, 25, 26, 27, 28, 29]
coalitoin 2: 
    paired fds:  [22, 24, 13, 20, 0, 6, 25, 28]
    nearby fds:  [0, 1, 2, 4, 6, 7, 8, 9, 10, 11, 12, 13, 14, 15, 16, 17, 18, 19, 20, 22, 24, 25, 27, 28, 29]
coalitoin 3: 
    paired fds:  [21, 10, 4, 19]
    nearby fds:  [0, 1, 3, 4, 5, 6, 7, 9, 10, 11, 12, 13, 14, 15, 16, 17, 18, 19, 20, 21, 23, 25, 26, 28, 29]


*** round 7
coalitoin 0: 
    paired fds:  [11, 26, 5, 16, 7, 1, 3, 2, 18, 12]
    nearby fds:  [0, 1, 2, 3, 4, 5, 6, 7, 8, 9, 10, 11, 12, 14, 16, 17, 18, 19, 20, 22, 24, 25, 26, 27, 29]
coalitoin 1: 
    paired fds:  [8, 17, 15, 23, 29, 9, 14, 27]
    nearby fds:  [0, 1, 2, 3, 4, 5, 6, 8, 9, 10, 11, 12, 13, 14, 15, 16, 17, 18, 19, 20, 21, 22, 23, 24, 25, 26, 27, 28, 29]
coalitoin 2: 
    paired fds:  [22, 25, 28, 24, 0, 6, 13, 20]
    nearby fds:  [0, 1, 2, 4, 6, 7, 8, 9, 10, 11, 12, 13, 14, 15, 16, 17, 18, 19, 20, 22, 24, 25, 27, 28, 29]
coalitoin 3: 
    paired fds:  [21, 4, 19, 10]
    nearby fds:  [0, 1, 3, 4, 5, 6, 7, 9, 10, 11, 12, 13, 14, 15, 16, 17, 18, 19, 20, 21, 23, 25, 26, 28, 29]


*** round 8
coalitoin 0: 
    paired fds:  [26, 5, 7, 16, 12, 11, 3, 1, 18, 2]
    nearby fds:  [0, 1, 2, 3, 4, 5, 6, 7, 8, 9, 10, 11, 12, 14, 16, 17, 18, 19, 20, 22, 24, 25, 26, 27, 29]
coalitoin 1: 
    paired fds:  [8, 17, 9, 23, 15, 27, 29, 14]
    nearby fds:  [0, 1, 2, 3, 4, 5, 6, 8, 9, 10, 11, 12, 13, 14, 15, 16, 17, 18, 19, 20, 21, 22, 23, 24, 25, 26, 27, 28, 29]
coalitoin 2: 
    paired fds:  [24, 25, 20, 28, 13, 22, 6, 0]
    nearby fds:  [0, 1, 2, 4, 6, 7, 8, 9, 10, 11, 12, 13, 14, 15, 16, 17, 18, 19, 20, 22, 24, 25, 27, 28, 29]
coalitoin 3: 
    paired fds:  [21, 10, 4, 19]
    nearby fds:  [0, 1, 3, 4, 5, 6, 7, 9, 10, 11, 12, 13, 14, 15, 16, 17, 18, 19, 20, 21, 23, 25, 26, 28, 29]


*** round 9
coalitoin 0: 
    paired fds:  [26, 12, 11, 2, 16, 5, 18, 1, 3, 7]
    nearby fds:  [0, 1, 2, 3, 4, 5, 6, 7, 8, 9, 10, 11, 12, 14, 16, 17, 18, 19, 20, 22, 24, 25, 26, 27, 29]
coalitoin 1: 
    paired fds:  [15, 29, 23, 27, 8, 17, 9, 14]
    nearby fds:  [0, 1, 2, 3, 4, 5, 6, 8, 9, 10, 11, 12, 13, 14, 15, 16, 17, 18, 19, 20, 21, 22, 23, 24, 25, 26, 27, 28, 29]
coalitoin 2: 
    paired fds:  [28, 22, 20, 6, 24, 0, 25, 13]
    nearby fds:  [0, 1, 2, 4, 6, 7, 8, 9, 10, 11, 12, 13, 14, 15, 16, 17, 18, 19, 20, 22, 24, 25, 27, 28, 29]
coalitoin 3: 
    paired fds:  [21, 19, 10, 4]
    nearby fds:  [0, 1, 3, 4, 5, 6, 7, 9, 10, 11, 12, 13, 14, 15, 16, 17, 18, 19, 20, 21, 23, 25, 26, 28, 29]


*** round 10
fd 14 in coalition 1 and fd 21 in coalition 3 swap coalitions
coalitoin 0: 
    paired fds:  [26, 5, 18, 1, 3, 7, 11, 12, 2, 16]
    nearby fds:  [0, 1, 2, 3, 4, 5, 6, 7, 8, 9, 10, 11, 12, 14, 16, 17, 18, 19, 20, 22, 24, 25, 26, 27, 29]
coalitoin 1: 
    paired fds:  [23, 8, 15, 21, 27, 29, 17, 9]
    nearby fds:  [0, 1, 2, 3, 4, 5, 6, 8, 9, 10, 11, 12, 13, 14, 15, 16, 17, 18, 19, 20, 21, 22, 23, 24, 25, 26, 27, 28, 29]
coalitoin 2: 
    paired fds:  [20, 6, 24, 0, 22, 13, 25, 28]
    nearby fds:  [0, 1, 2, 4, 6, 7, 8, 9, 10, 11, 12, 13, 14, 15, 16, 17, 18, 19, 20, 22, 24, 25, 27, 28, 29]
coalitoin 3: 
    paired fds:  [4, 14, 10, 19]
    nearby fds:  [0, 1, 3, 4, 5, 6, 7, 9, 10, 11, 12, 13, 14, 15, 16, 17, 18, 19, 20, 21, 23, 25, 26, 28, 29]


*** round 11
coalitoin 0: 
    paired fds:  [26, 3, 11, 2, 5, 7, 16, 12, 18, 1]
    nearby fds:  [0, 1, 2, 3, 4, 5, 6, 7, 8, 9, 10, 11, 12, 14, 16, 17, 18, 19, 20, 22, 24, 25, 26, 27, 29]
coalitoin 1: 
    paired fds:  [23, 8, 15, 29, 17, 9, 21, 27]
    nearby fds:  [0, 1, 2, 3, 4, 5, 6, 8, 9, 10, 11, 12, 13, 14, 15, 16, 17, 18, 19, 20, 21, 22, 23, 24, 25, 26, 27, 28, 29]
coalitoin 2: 
    paired fds:  [20, 0, 28, 24, 6, 25, 22, 13]
    nearby fds:  [0, 1, 2, 4, 6, 7, 8, 9, 10, 11, 12, 13, 14, 15, 16, 17, 18, 19, 20, 22, 24, 25, 27, 28, 29]
coalitoin 3: 
    paired fds:  [14, 10, 19, 4]
    nearby fds:  [0, 1, 3, 4, 5, 6, 7, 9, 10, 11, 12, 13, 14, 15, 16, 17, 18, 19, 20, 21, 23, 25, 26, 28, 29]


*** round 12
fd 26 in coalition 0 and fd 14 in coalition 3 swap coalitions
fd 22 in coalition 2 and fd  2 in coalition 0 swap coalitions
coalitoin 0: 
    paired fds:  [3, 7, 12, 14, 5, 18, 22, 1, 16, 11]
    nearby fds:  [0, 1, 2, 3, 4, 5, 6, 7, 8, 9, 10, 11, 12, 14, 16, 17, 18, 19, 20, 22, 24, 25, 26, 27, 29]
coalitoin 1: 
    paired fds:  [23, 8, 15, 29, 21, 27, 17, 9]
    nearby fds:  [0, 1, 2, 3, 4, 5, 6, 8, 9, 10, 11, 12, 13, 14, 15, 16, 17, 18, 19, 20, 21, 22, 23, 24, 25, 26, 27, 28, 29]
coalitoin 2: 
    paired fds:  [20, 6, 2, 28, 24, 13, 25, 0]
    nearby fds:  [0, 1, 2, 4, 6, 7, 8, 9, 10, 11, 12, 13, 14, 15, 16, 17, 18, 19, 20, 22, 24, 25, 27, 28, 29]
coalitoin 3: 
    paired fds:  [26, 10, 19, 4]
    nearby fds:  [0, 1, 3, 4, 5, 6, 7, 9, 10, 11, 12, 13, 14, 15, 16, 17, 18, 19, 20, 21, 23, 25, 26, 28, 29]


*** round 13
fd 15 in coalition 1 and fd 13 in coalition 2 swap coalitions
coalitoin 0: 
    paired fds:  [3, 12, 14, 22, 1, 5, 16, 7, 18, 11]
    nearby fds:  [0, 1, 2, 3, 4, 5, 6, 7, 8, 9, 10, 11, 12, 14, 16, 17, 18, 19, 20, 22, 24, 25, 26, 27, 29]
coalitoin 1: 
    paired fds:  [23, 21, 9, 29, 17, 8, 27, 13]
    nearby fds:  [0, 1, 2, 3, 4, 5, 6, 8, 9, 10, 11, 12, 13, 14, 15, 16, 17, 18, 19, 20, 21, 22, 23, 24, 25, 26, 27, 28, 29]
coalitoin 2: 
    paired fds:  [20, 6, 28, 25, 15, 24, 2, 0]
    nearby fds:  [0, 1, 2, 4, 6, 7, 8, 9, 10, 11, 12, 13, 14, 15, 16, 17, 18, 19, 20, 22, 24, 25, 27, 28, 29]
coalitoin 3: 
    paired fds:  [10, 19, 26, 4]
    nearby fds:  [0, 1, 3, 4, 5, 6, 7, 9, 10, 11, 12, 13, 14, 15, 16, 17, 18, 19, 20, 21, 23, 25, 26, 28, 29]


*** round 14
coalitoin 0: 
    paired fds:  [16, 7, 22, 1, 18, 3, 14, 5, 11, 12]
    nearby fds:  [0, 1, 2, 3, 4, 5, 6, 7, 8, 9, 10, 11, 12, 14, 16, 17, 18, 19, 20, 22, 24, 25, 26, 27, 29]
coalitoin 1: 
    paired fds:  [23, 21, 9, 8, 13, 29, 17, 27]
    nearby fds:  [0, 1, 2, 3, 4, 5, 6, 8, 9, 10, 11, 12, 13, 14, 15, 16, 17, 18, 19, 20, 21, 22, 23, 24, 25, 26, 27, 28, 29]
coalitoin 2: 
    paired fds:  [28, 25, 2, 24, 20, 0, 15, 6]
    nearby fds:  [0, 1, 2, 4, 6, 7, 8, 9, 10, 11, 12, 13, 14, 15, 16, 17, 18, 19, 20, 22, 24, 25, 27, 28, 29]
coalitoin 3: 
    paired fds:  [19, 4, 26, 10]
    nearby fds:  [0, 1, 3, 4, 5, 6, 7, 9, 10, 11, 12, 13, 14, 15, 16, 17, 18, 19, 20, 21, 23, 25, 26, 28, 29]


*** round 15
fd  9 in coalition 1 and fd 10 in coalition 3 swap coalitions
coalitoin 0: 
    paired fds:  [7, 14, 11, 5, 3, 12, 22, 18, 16, 1]
    nearby fds:  [0, 1, 2, 3, 4, 5, 6, 7, 8, 9, 10, 11, 12, 14, 16, 17, 18, 19, 20, 22, 24, 25, 26, 27, 29]
coalitoin 1: 
    paired fds:  [23, 13, 27, 21, 17, 8, 29, 10]
    nearby fds:  [0, 1, 2, 3, 4, 5, 6, 8, 9, 10, 11, 12, 13, 14, 15, 16, 17, 18, 19, 20, 21, 22, 23, 24, 25, 26, 27, 28, 29]
coalitoin 2: 
    paired fds:  [24, 15, 25, 2, 6, 0, 20, 28]
    nearby fds:  [0, 1, 2, 4, 6, 7, 8, 9, 10, 11, 12, 13, 14, 15, 16, 17, 18, 19, 20, 22, 24, 25, 27, 28, 29]
coalitoin 3: 
    paired fds:  [4, 26, 9, 19]
    nearby fds:  [0, 1, 3, 4, 5, 6, 7, 9, 10, 11, 12, 13, 14, 15, 16, 17, 18, 19, 20, 21, 23, 25, 26, 28, 29]


*** round 16
coalitoin 0: 
    paired fds:  [7, 14, 3, 1, 5, 11, 22, 12, 18, 16]
    nearby fds:  [0, 1, 2, 3, 4, 5, 6, 7, 8, 9, 10, 11, 12, 14, 16, 17, 18, 19, 20, 22, 24, 25, 26, 27, 29]
coalitoin 1: 
    paired fds:  [21, 8, 23, 29, 13, 27, 17, 10]
    nearby fds:  [0, 1, 2, 3, 4, 5, 6, 8, 9, 10, 11, 12, 13, 14, 15, 16, 17, 18, 19, 20, 21, 22, 23, 24, 25, 26, 27, 28, 29]
coalitoin 2: 
    paired fds:  [25, 6, 2, 0, 28, 20, 15, 24]
    nearby fds:  [0, 1, 2, 4, 6, 7, 8, 9, 10, 11, 12, 13, 14, 15, 16, 17, 18, 19, 20, 22, 24, 25, 27, 28, 29]
coalitoin 3: 
    paired fds:  [26, 19, 4, 9]
    nearby fds:  [0, 1, 3, 4, 5, 6, 7, 9, 10, 11, 12, 13, 14, 15, 16, 17, 18, 19, 20, 21, 23, 25, 26, 28, 29]


*** round 17
coalitoin 0: 
    paired fds:  [7, 14, 22, 12, 3, 16, 5, 18, 1, 11]
    nearby fds:  [0, 1, 2, 3, 4, 5, 6, 7, 8, 9, 10, 11, 12, 14, 16, 17, 18, 19, 20, 22, 24, 25, 26, 27, 29]
coalitoin 1: 
    paired fds:  [13, 21, 23, 29, 17, 27, 8, 10]
    nearby fds:  [0, 1, 2, 3, 4, 5, 6, 8, 9, 10, 11, 12, 13, 14, 15, 16, 17, 18, 19, 20, 21, 22, 23, 24, 25, 26, 27, 28, 29]
coalitoin 2: 
    paired fds:  [2, 28, 24, 0, 6, 15, 25, 20]
    nearby fds:  [0, 1, 2, 4, 6, 7, 8, 9, 10, 11, 12, 13, 14, 15, 16, 17, 18, 19, 20, 22, 24, 25, 27, 28, 29]
coalitoin 3: 
    paired fds:  [4, 9, 26, 19]
    nearby fds:  [0, 1, 3, 4, 5, 6, 7, 9, 10, 11, 12, 13, 14, 15, 16, 17, 18, 19, 20, 21, 23, 25, 26, 28, 29]


*** round 18
coalitoin 0: 
    paired fds:  [22, 5, 1, 11, 16, 7, 12, 18, 14, 3]
    nearby fds:  [0, 1, 2, 3, 4, 5, 6, 7, 8, 9, 10, 11, 12, 14, 16, 17, 18, 19, 20, 22, 24, 25, 26, 27, 29]
coalitoin 1: 
    paired fds:  [23, 17, 27, 29, 21, 10, 13, 8]
    nearby fds:  [0, 1, 2, 3, 4, 5, 6, 8, 9, 10, 11, 12, 13, 14, 15, 16, 17, 18, 19, 20, 21, 22, 23, 24, 25, 26, 27, 28, 29]
coalitoin 2: 
    paired fds:  [24, 6, 0, 20, 28, 15, 25, 2]
    nearby fds:  [0, 1, 2, 4, 6, 7, 8, 9, 10, 11, 12, 13, 14, 15, 16, 17, 18, 19, 20, 22, 24, 25, 27, 28, 29]
coalitoin 3: 
    paired fds:  [4, 9, 19, 26]
    nearby fds:  [0, 1, 3, 4, 5, 6, 7, 9, 10, 11, 12, 13, 14, 15, 16, 17, 18, 19, 20, 21, 23, 25, 26, 28, 29]


*** round 19
fd 29 in coalition 1 and fd  4 in coalition 3 swap coalitions
coalitoin 0: 
    paired fds:  [5, 1, 12, 14, 3, 11, 16, 18, 7, 22]
    nearby fds:  [0, 1, 2, 3, 4, 5, 6, 7, 8, 9, 10, 11, 12, 14, 16, 17, 18, 19, 20, 22, 24, 25, 26, 27, 29]
coalitoin 1: 
    paired fds:  [23, 8, 21, 27, 17, 4, 10, 13]
    nearby fds:  [0, 1, 2, 3, 4, 5, 6, 8, 9, 10, 11, 12, 13, 14, 15, 16, 17, 18, 19, 20, 21, 22, 23, 24, 25, 26, 27, 28, 29]
coalitoin 2: 
    paired fds:  [24, 28, 25, 20, 0, 6, 2, 15]
    nearby fds:  [0, 1, 2, 4, 6, 7, 8, 9, 10, 11, 12, 13, 14, 15, 16, 17, 18, 19, 20, 22, 24, 25, 27, 28, 29]
coalitoin 3: 
    paired fds:  [9, 19, 26, 29]
    nearby fds:  [0, 1, 3, 4, 5, 6, 7, 9, 10, 11, 12, 13, 14, 15, 16, 17, 18, 19, 20, 21, 23, 25, 26, 28, 29]


*** round 20
fd  9 in coalition 3 and fd  6 in coalition 2 swap coalitions
coalitoin 0: 
    paired fds:  [1, 12, 3, 22, 18, 16, 11, 5, 7, 14]
    nearby fds:  [0, 1, 2, 3, 4, 5, 6, 7, 8, 9, 10, 11, 12, 14, 16, 17, 18, 19, 20, 22, 24, 25, 26, 27, 29]
coalitoin 1: 
    paired fds:  [23, 13, 21, 27, 4, 10, 8, 17]
    nearby fds:  [0, 1, 2, 3, 4, 5, 6, 8, 9, 10, 11, 12, 13, 14, 15, 16, 17, 18, 19, 20, 21, 22, 23, 24, 25, 26, 27, 28, 29]
coalitoin 2: 
    paired fds:  [28, 25, 15, 2, 0, 20, 9, 24]
    nearby fds:  [0, 1, 2, 4, 6, 7, 8, 9, 10, 11, 12, 13, 14, 15, 16, 17, 18, 19, 20, 22, 24, 25, 27, 28, 29]
coalitoin 3: 
    paired fds:  [26, 19, 6, 29]
    nearby fds:  [0, 1, 3, 4, 5, 6, 7, 9, 10, 11, 12, 13, 14, 15, 16, 17, 18, 19, 20, 21, 23, 25, 26, 28, 29]


*** round 21
coalitoin 0: 
    paired fds:  [18, 16, 5, 7, 11, 1, 12, 14, 3, 22]
    nearby fds:  [0, 1, 2, 3, 4, 5, 6, 7, 8, 9, 10, 11, 12, 14, 16, 17, 18, 19, 20, 22, 24, 25, 26, 27, 29]
coalitoin 1: 
    paired fds:  [13, 4, 27, 17, 8, 21, 23, 10]
    nearby fds:  [0, 1, 2, 3, 4, 5, 6, 8, 9, 10, 11, 12, 13, 14, 15, 16, 17, 18, 19, 20, 21, 22, 23, 24, 25, 26, 27, 28, 29]
coalitoin 2: 
    paired fds:  [25, 15, 2, 0, 24, 28, 9, 20]
    nearby fds:  [0, 1, 2, 4, 6, 7, 8, 9, 10, 11, 12, 13, 14, 15, 16, 17, 18, 19, 20, 22, 24, 25, 27, 28, 29]
coalitoin 3: 
    paired fds:  [26, 6, 19, 29]
    nearby fds:  [0, 1, 3, 4, 5, 6, 7, 9, 10, 11, 12, 13, 14, 15, 16, 17, 18, 19, 20, 21, 23, 25, 26, 28, 29]


*** round 22
coalitoin 0: 
    paired fds:  [18, 5, 7, 14, 22, 11, 3, 12, 16, 1]
    nearby fds:  [0, 1, 2, 3, 4, 5, 6, 7, 8, 9, 10, 11, 12, 14, 16, 17, 18, 19, 20, 22, 24, 25, 26, 27, 29]
coalitoin 1: 
    paired fds:  [13, 8, 23, 27, 4, 17, 10, 21]
    nearby fds:  [0, 1, 2, 3, 4, 5, 6, 8, 9, 10, 11, 12, 13, 14, 15, 16, 17, 18, 19, 20, 21, 22, 23, 24, 25, 26, 27, 28, 29]
coalitoin 2: 
    paired fds:  [2, 24, 28, 9, 25, 20, 15, 0]
    nearby fds:  [0, 1, 2, 4, 6, 7, 8, 9, 10, 11, 12, 13, 14, 15, 16, 17, 18, 19, 20, 22, 24, 25, 27, 28, 29]
coalitoin 3: 
    paired fds:  [19, 6, 29, 26]
    nearby fds:  [0, 1, 3, 4, 5, 6, 7, 9, 10, 11, 12, 13, 14, 15, 16, 17, 18, 19, 20, 21, 23, 25, 26, 28, 29]


*** round 23
fd  5 in coalition 0 and fd 26 in coalition 3 swap coalitions
fd  2 in coalition 2 and fd  8 in coalition 1 swap coalitions
coalitoin 0: 
    paired fds:  [14, 1, 22, 11, 26, 7, 12, 3, 18, 16]
    nearby fds:  [0, 1, 2, 3, 4, 5, 6, 7, 8, 9, 10, 11, 12, 14, 16, 17, 18, 19, 20, 22, 24, 25, 26, 27, 29]
coalitoin 1: 
    paired fds:  [27, 21, 23, 4, 13, 10, 17, 2]
    nearby fds:  [0, 1, 2, 3, 4, 5, 6, 8, 9, 10, 11, 12, 13, 14, 15, 16, 17, 18, 19, 20, 21, 22, 23, 24, 25, 26, 27, 28, 29]
coalitoin 2: 
    paired fds:  [24, 9, 15, 28, 20, 0, 8, 25]
    nearby fds:  [0, 1, 2, 4, 6, 7, 8, 9, 10, 11, 12, 13, 14, 15, 16, 17, 18, 19, 20, 22, 24, 25, 27, 28, 29]
coalitoin 3: 
    paired fds:  [19, 5, 6, 29]
    nearby fds:  [0, 1, 3, 4, 5, 6, 7, 9, 10, 11, 12, 13, 14, 15, 16, 17, 18, 19, 20, 21, 23, 25, 26, 28, 29]


*** round 24
coalitoin 0: 
    paired fds:  [22, 26, 16, 1, 18, 12, 3, 7, 11, 14]
    nearby fds:  [0, 1, 2, 3, 4, 5, 6, 7, 8, 9, 10, 11, 12, 14, 16, 17, 18, 19, 20, 22, 24, 25, 26, 27, 29]
coalitoin 1: 
    paired fds:  [27, 21, 23, 13, 10, 4, 2, 17]
    nearby fds:  [0, 1, 2, 3, 4, 5, 6, 8, 9, 10, 11, 12, 13, 14, 15, 16, 17, 18, 19, 20, 21, 22, 23, 24, 25, 26, 27, 28, 29]
coalitoin 2: 
    paired fds:  [9, 8, 15, 24, 25, 28, 0, 20]
    nearby fds:  [0, 1, 2, 4, 6, 7, 8, 9, 10, 11, 12, 13, 14, 15, 16, 17, 18, 19, 20, 22, 24, 25, 27, 28, 29]
coalitoin 3: 
    paired fds:  [6, 5, 29, 19]
    nearby fds:  [0, 1, 3, 4, 5, 6, 7, 9, 10, 11, 12, 13, 14, 15, 16, 17, 18, 19, 20, 21, 23, 25, 26, 28, 29]


*** round 25
coalitoin 0: 
    paired fds:  [1, 18, 3, 11, 14, 16, 7, 22, 26, 12]
    nearby fds:  [0, 1, 2, 3, 4, 5, 6, 7, 8, 9, 10, 11, 12, 14, 16, 17, 18, 19, 20, 22, 24, 25, 26, 27, 29]
coalitoin 1: 
    paired fds:  [21, 27, 2, 4, 13, 17, 10, 23]
    nearby fds:  [0, 1, 2, 3, 4, 5, 6, 8, 9, 10, 11, 12, 13, 14, 15, 16, 17, 18, 19, 20, 21, 22, 23, 24, 25, 26, 27, 28, 29]
coalitoin 2: 
    paired fds:  [9, 8, 0, 24, 20, 28, 25, 15]
    nearby fds:  [0, 1, 2, 4, 6, 7, 8, 9, 10, 11, 12, 13, 14, 15, 16, 17, 18, 19, 20, 22, 24, 25, 27, 28, 29]
coalitoin 3: 
    paired fds:  [6, 19, 5, 29]
    nearby fds:  [0, 1, 3, 4, 5, 6, 7, 9, 10, 11, 12, 13, 14, 15, 16, 17, 18, 19, 20, 21, 23, 25, 26, 28, 29]


*** round 26
coalitoin 0: 
    paired fds:  [18, 3, 11, 12, 16, 26, 1, 14, 22, 7]
    nearby fds:  [0, 1, 2, 3, 4, 5, 6, 7, 8, 9, 10, 11, 12, 14, 16, 17, 18, 19, 20, 22, 24, 25, 26, 27, 29]
coalitoin 1: 
    paired fds:  [21, 27, 4, 2, 13, 17, 10, 23]
    nearby fds:  [0, 1, 2, 3, 4, 5, 6, 8, 9, 10, 11, 12, 13, 14, 15, 16, 17, 18, 19, 20, 21, 22, 23, 24, 25, 26, 27, 28, 29]
coalitoin 2: 
    paired fds:  [8, 0, 15, 20, 28, 24, 9, 25]
    nearby fds:  [0, 1, 2, 4, 6, 7, 8, 9, 10, 11, 12, 13, 14, 15, 16, 17, 18, 19, 20, 22, 24, 25, 27, 28, 29]
coalitoin 3: 
    paired fds:  [6, 29, 5, 19]
    nearby fds:  [0, 1, 3, 4, 5, 6, 7, 9, 10, 11, 12, 13, 14, 15, 16, 17, 18, 19, 20, 21, 23, 25, 26, 28, 29]


*** round 27
coalitoin 0: 
    paired fds:  [18, 3, 11, 14, 22, 16, 1, 7, 12, 26]
    nearby fds:  [0, 1, 2, 3, 4, 5, 6, 7, 8, 9, 10, 11, 12, 14, 16, 17, 18, 19, 20, 22, 24, 25, 26, 27, 29]
coalitoin 1: 
    paired fds:  [4, 23, 13, 2, 21, 27, 17, 10]
    nearby fds:  [0, 1, 2, 3, 4, 5, 6, 8, 9, 10, 11, 12, 13, 14, 15, 16, 17, 18, 19, 20, 21, 22, 23, 24, 25, 26, 27, 28, 29]
coalitoin 2: 
    paired fds:  [8, 24, 0, 15, 25, 28, 20, 9]
    nearby fds:  [0, 1, 2, 4, 6, 7, 8, 9, 10, 11, 12, 13, 14, 15, 16, 17, 18, 19, 20, 22, 24, 25, 27, 28, 29]
coalitoin 3: 
    paired fds:  [29, 5, 6, 19]
    nearby fds:  [0, 1, 3, 4, 5, 6, 7, 9, 10, 11, 12, 13, 14, 15, 16, 17, 18, 19, 20, 21, 23, 25, 26, 28, 29]


*** round 28
coalitoin 0: 
    paired fds:  [18, 11, 22, 1, 26, 14, 7, 12, 16, 3]
    nearby fds:  [0, 1, 2, 3, 4, 5, 6, 7, 8, 9, 10, 11, 12, 14, 16, 17, 18, 19, 20, 22, 24, 25, 26, 27, 29]
coalitoin 1: 
    paired fds:  [2, 17, 27, 4, 21, 13, 10, 23]
    nearby fds:  [0, 1, 2, 3, 4, 5, 6, 8, 9, 10, 11, 12, 13, 14, 15, 16, 17, 18, 19, 20, 21, 22, 23, 24, 25, 26, 27, 28, 29]
coalitoin 2: 
    paired fds:  [8, 0, 25, 24, 28, 9, 20, 15]
    nearby fds:  [0, 1, 2, 4, 6, 7, 8, 9, 10, 11, 12, 13, 14, 15, 16, 17, 18, 19, 20, 22, 24, 25, 27, 28, 29]
coalitoin 3: 
    paired fds:  [29, 5, 19, 6]
    nearby fds:  [0, 1, 3, 4, 5, 6, 7, 9, 10, 11, 12, 13, 14, 15, 16, 17, 18, 19, 20, 21, 23, 25, 26, 28, 29]


*** round 29
coalitoin 0: 
    paired fds:  [22, 26, 14, 7, 3, 12, 18, 1, 16, 11]
    nearby fds:  [0, 1, 2, 3, 4, 5, 6, 7, 8, 9, 10, 11, 12, 14, 16, 17, 18, 19, 20, 22, 24, 25, 26, 27, 29]
coalitoin 1: 
    paired fds:  [2, 10, 23, 4, 21, 17, 13, 27]
    nearby fds:  [0, 1, 2, 3, 4, 5, 6, 8, 9, 10, 11, 12, 13, 14, 15, 16, 17, 18, 19, 20, 21, 22, 23, 24, 25, 26, 27, 28, 29]
coalitoin 2: 
    paired fds:  [0, 24, 25, 20, 8, 9, 15, 28]
    nearby fds:  [0, 1, 2, 4, 6, 7, 8, 9, 10, 11, 12, 13, 14, 15, 16, 17, 18, 19, 20, 22, 24, 25, 27, 28, 29]
coalitoin 3: 
    paired fds:  [29, 5, 6, 19]
    nearby fds:  [0, 1, 3, 4, 5, 6, 7, 9, 10, 11, 12, 13, 14, 15, 16, 17, 18, 19, 20, 21, 23, 25, 26, 28, 29]
fd 22 in coalition 0 was selected to forward
fd 23 in coalition 1 was selected to forward
fd 20 in coalition 2 was selected to forward
fd  6 in coalition 3 was selected to forward
fd 22 in coalition 0 was selected to forward
fd 23 in coalition 1 was selected to forward
fd 20 in coalition 2 was selected to forward
fd  6 in coalition 3 was selected to forward
fd 22 in coalition 0 was selected to forward
fd 23 in coalition 1 was selected to forward
fd 20 in coalition 2 was selected to forward
fd  6 in coalition 3 was selected to forward
fd 22 in coalition 0 was selected to forward
fd 23 in coalition 1 was selected to forward
fd 20 in coalition 2 was selected to forward
fd  6 in coalition 3 was selected to forward
fd 22 in coalition 0 was selected to forward
fd 23 in coalition 1 was selected to forward
fd 20 in coalition 2 was selected to forward
fd  6 in coalition 3 was selected to forward
fd 11 in coalition 0 was selected to forward
fd 23 in coalition 1 was selected to forward
fd 20 in coalition 2 was selected to forward
fd  5 in coalition 3 was selected to forward
fd 11 in coalition 0 was selected to forward
fd 23 in coalition 1 was selected to forward
fd  9 in coalition 2 was selected to forward
fd  5 in coalition 3 was selected to forward
fd 11 in coalition 0 was selected to forward
fd 21 in coalition 1 was selected to forward
fd  9 in coalition 2 was selected to forward
fd  5 in coalition 3 was selected to forward
fd 11 in coalition 0 was selected to forward
fd 21 in coalition 1 was selected to forward
fd  9 in coalition 2 was selected to forward
fd  6 in coalition 3 was selected to forward
fd 11 in coalition 0 was selected to forward
fd 21 in coalition 1 was selected to forward
fd  9 in coalition 2 was selected to forward
fd  5 in coalition 3 was selected to forward
fd 11 in coalition 0 was selected to forward
fd 21 in coalition 1 was selected to forward
fd 20 in coalition 2 was selected to forward
fd 29 in coalition 3 was selected to forward
fd 11 in coalition 0 was selected to forward
fd  4 in coalition 1 was selected to forward
fd  9 in coalition 2 was selected to forward
fd 29 in coalition 3 was selected to forward
fd 16 in coalition 0 was selected to forward
fd  4 in coalition 1 was selected to forward
fd  9 in coalition 2 was selected to forward
fd 29 in coalition 3 was selected to forward
fd 16 in coalition 0 was selected to forward
fd  4 in coalition 1 was selected to forward
fd  9 in coalition 2 was selected to forward
fd 19 in coalition 3 was selected to forward
fd 16 in coalition 0 was selected to forward
fd  4 in coalition 1 was selected to forward
fd 28 in coalition 2 was selected to forward
fd 19 in coalition 3 was selected to forward
fd 16 in coalition 0 was selected to forward
fd  4 in coalition 1 was selected to forward
fd 28 in coalition 2 was selected to forward
fd 19 in coalition 3 was selected to forward
fd 16 in coalition 0 was selected to forward
fd 10 in coalition 1 was selected to forward
fd 28 in coalition 2 was selected to forward
fd  6 in coalition 3 was selected to forward
fd 14 in coalition 0 was selected to forward
fd 10 in coalition 1 was selected to forward
fd 28 in coalition 2 was selected to forward
None is selected in coalition 3
fd 14 in coalition 0 was selected to forward
fd 10 in coalition 1 was selected to forward
fd 28 in coalition 2 was selected to forward
None is selected in coalition 3
fd 14 in coalition 0 was selected to forward
fd 10 in coalition 1 was selected to forward
fd 24 in coalition 2 was selected to forward
None is selected in coalition 3
fd 14 in coalition 0 was selected to forward
fd 10 in coalition 1 was selected to forward
fd 24 in coalition 2 was selected to forward
None is selected in coalition 3
fd 26 in coalition 0 was selected to forward
fd 10 in coalition 1 was selected to forward
fd  9 in coalition 2 was selected to forward
fd 29 in coalition 3 was selected to forward
fd 26 in coalition 0 was selected to forward
fd 13 in coalition 1 was selected to forward
fd 24 in coalition 2 was selected to forward
None is selected in coalition 3
fd 14 in coalition 0 was selected to forward
fd 13 in coalition 1 was selected to forward
fd 15 in coalition 2 was selected to forward
None is selected in coalition 3
fd 26 in coalition 0 was selected to forward
fd  4 in coalition 1 was selected to forward
fd 15 in coalition 2 was selected to forward
fd  6 in coalition 3 was selected to forward
fd 26 in coalition 0 was selected to forward
fd 13 in coalition 1 was selected to forward
fd 15 in coalition 2 was selected to forward
None is selected in coalition 3
fd  7 in coalition 0 was selected to forward
fd 13 in coalition 1 was selected to forward
fd 15 in coalition 2 was selected to forward
None is selected in coalition 3
fd  7 in coalition 0 was selected to forward
fd  2 in coalition 1 was selected to forward
fd 25 in coalition 2 was selected to forward
None is selected in coalition 3
fd  7 in coalition 0 was selected to forward
fd 10 in coalition 1 was selected to forward
fd 25 in coalition 2 was selected to forward
None is selected in coalition 3
fd  7 in coalition 0 was selected to forward
fd  2 in coalition 1 was selected to forward
fd 25 in coalition 2 was selected to forward
fd  5 in coalition 3 was selected to forward
fd 12 in coalition 0 was selected to forward
fd  2 in coalition 1 was selected to forward
fd  0 in coalition 2 was selected to forward
None is selected in coalition 3
fd 11 in coalition 0 was selected to forward
fd 27 in coalition 1 was selected to forward
fd  0 in coalition 2 was selected to forward
None is selected in coalition 3


***********************
coalition_history =  [[{'num': 0, 'capacity': 21.646897013461622, 'paired_fds': [8, 12, 20, 26, 18, 3, 19, 5, 11, 1]}, {'num': 1, 'capacity': 17.645972880789017, 'paired_fds': [17, 23, 15, 29, 14, 2, 27, 10]}, {'num': 2, 'capacity': 17.489735426150183, 'paired_fds': [24, 25, 28, 13, 16, 6, 22, 0]}, {'num': 3, 'capacity': 9.468276286931166, 'paired_fds': [21, 4, 7, 9]}], [{'num': 0, 'capacity': 21.646897013461626, 'paired_fds': [8, 12, 26, 5, 3, 1, 20, 11, 19, 18]}, {'num': 1, 'capacity': 17.742071710219715, 'paired_fds': [2, 27, 17, 14, 23, 15, 29, 9]}, {'num': 2, 'capacity': 17.489735426150183, 'paired_fds': [24, 22, 0, 13, 28, 16, 25, 6]}, {'num': 3, 'capacity': 9.478353656518625, 'paired_fds': [7, 10, 21, 4]}], [{'num': 0, 'capacity': 21.646897013461626, 'paired_fds': [3, 1, 20, 19, 5, 11, 18, 8, 26, 12]}, {'num': 1, 'capacity': 17.74207171021971, 'paired_fds': [2, 9, 29, 14, 15, 23, 27, 17]}, {'num': 2, 'capacity': 17.489735426150183, 'paired_fds': [22, 13, 6, 28, 16, 0, 24, 25]}, {'num': 3, 'capacity': 9.478353656518625, 'paired_fds': [21, 7, 10, 4]}], [{'num': 0, 'capacity': 21.92624534437193, 'paired_fds': [5, 11, 26, 1, 12, 19, 3, 8, 18, 7]}, {'num': 1, 'capacity': 17.742071710219715, 'paired_fds': [14, 15, 23, 2, 9, 17, 27, 29]}, {'num': 2, 'capacity': 17.489735426150183, 'paired_fds': [13, 24, 25, 16, 6, 28, 22, 0]}, {'num': 3, 'capacity': 9.203739618193717, 'paired_fds': [10, 21, 4, 20]}], [{'num': 0, 'capacity': 21.860007319901104, 'paired_fds': [5, 12, 8, 7, 11, 18, 1, 3, 26, 16]}, {'num': 1, 'capacity': 17.74207171021971, 'paired_fds': [15, 27, 23, 29, 2, 14, 9, 17]}, {'num': 2, 'capacity': 17.41988346793986, 'paired_fds': [24, 6, 28, 0, 25, 22, 20, 13]}, {'num': 3, 'capacity': 9.419410660217462, 'paired_fds': [21, 4, 10, 19]}], [{'num': 0, 'capacity': 21.8600073199011, 'paired_fds': [7, 18, 26, 11, 3, 1, 12, 8, 5, 16]}, {'num': 1, 'capacity': 17.74207171021971, 'paired_fds': [29, 2, 15, 9, 14, 23, 17, 27]}, {'num': 2, 'capacity': 17.41988346793986, 'paired_fds': [28, 22, 25, 20, 24, 6, 13, 0]}, {'num': 3, 'capacity': 9.419410660217462, 'paired_fds': [21, 19, 10, 4]}], [{'num': 0, 'capacity': 21.62994360923286, 'paired_fds': [11, 3, 1, 2, 26, 5, 18, 16, 7, 12]}, {'num': 1, 'capacity': 17.97312397138213, 'paired_fds': [15, 8, 27, 14, 17, 9, 29, 23]}, {'num': 2, 'capacity': 17.41988346793986, 'paired_fds': [22, 24, 13, 20, 0, 6, 25, 28]}, {'num': 3, 'capacity': 9.419410660217462, 'paired_fds': [21, 10, 4, 19]}], [{'num': 0, 'capacity': 21.629943609232857, 'paired_fds': [11, 26, 5, 16, 7, 1, 3, 2, 18, 12]}, {'num': 1, 'capacity': 17.973123971382126, 'paired_fds': [8, 17, 15, 23, 29, 9, 14, 27]}, {'num': 2, 'capacity': 17.41988346793986, 'paired_fds': [22, 25, 28, 24, 0, 6, 13, 20]}, {'num': 3, 'capacity': 9.419410660217462, 'paired_fds': [21, 4, 19, 10]}], [{'num': 0, 'capacity': 21.629943609232857, 'paired_fds': [26, 5, 7, 16, 12, 11, 3, 1, 18, 2]}, {'num': 1, 'capacity': 17.973123971382126, 'paired_fds': [8, 17, 9, 23, 15, 27, 29, 14]}, {'num': 2, 'capacity': 17.41988346793986, 'paired_fds': [24, 25, 20, 28, 13, 22, 6, 0]}, {'num': 3, 'capacity': 9.419410660217462, 'paired_fds': [21, 10, 4, 19]}], [{'num': 0, 'capacity': 21.629943609232857, 'paired_fds': [26, 12, 11, 2, 16, 5, 18, 1, 3, 7]}, {'num': 1, 'capacity': 17.97312397138213, 'paired_fds': [15, 29, 23, 27, 8, 17, 9, 14]}, {'num': 2, 'capacity': 17.419883467939858, 'paired_fds': [28, 22, 20, 6, 24, 0, 25, 13]}, {'num': 3, 'capacity': 9.419410660217462, 'paired_fds': [21, 19, 10, 4]}], [{'num': 0, 'capacity': 21.629943609232853, 'paired_fds': [26, 5, 18, 1, 3, 7, 11, 12, 2, 16]}, {'num': 1, 'capacity': 18.212198673692768, 'paired_fds': [23, 8, 15, 21, 27, 29, 17, 9]}, {'num': 2, 'capacity': 17.41988346793986, 'paired_fds': [20, 6, 24, 0, 22, 13, 25, 28]}, {'num': 3, 'capacity': 9.258275732731299, 'paired_fds': [4, 14, 10, 19]}], [{'num': 0, 'capacity': 21.629943609232857, 'paired_fds': [26, 3, 11, 2, 5, 7, 16, 12, 18, 1]}, {'num': 1, 'capacity': 18.212198673692768, 'paired_fds': [23, 8, 15, 29, 17, 9, 21, 27]}, {'num': 2, 'capacity': 17.41988346793986, 'paired_fds': [20, 0, 28, 24, 6, 25, 22, 13]}, {'num': 3, 'capacity': 9.258275732731299, 'paired_fds': [14, 10, 19, 4]}], [{'num': 0, 'capacity': 21.41223074515691, 'paired_fds': [3, 7, 12, 14, 5, 18, 22, 1, 16, 11]}, {'num': 1, 'capacity': 18.212198673692768, 'paired_fds': [23, 8, 15, 29, 21, 27, 17, 9]}, {'num': 2, 'capacity': 17.418400154496524, 'paired_fds': [20, 6, 2, 28, 24, 13, 25, 0]}, {'num': 3, 'capacity': 9.533998717123673, 'paired_fds': [26, 10, 19, 4]}], [{'num': 0, 'capacity': 21.412230745156908, 'paired_fds': [3, 12, 14, 22, 1, 5, 16, 7, 18, 11]}, {'num': 1, 'capacity': 18.209076838320847, 'paired_fds': [23, 21, 9, 29, 17, 8, 27, 13]}, {'num': 2, 'capacity': 17.53200322809004, 'paired_fds': [20, 6, 28, 25, 15, 24, 2, 0]}, {'num': 3, 'capacity': 9.533998717123673, 'paired_fds': [10, 19, 26, 4]}], [{'num': 0, 'capacity': 21.412230745156908, 'paired_fds': [16, 7, 22, 1, 18, 3, 14, 5, 11, 12]}, {'num': 1, 'capacity': 18.209076838320843, 'paired_fds': [23, 21, 9, 8, 13, 29, 17, 27]}, {'num': 2, 'capacity': 17.53200322809004, 'paired_fds': [28, 25, 2, 24, 20, 0, 15, 6]}, {'num': 3, 'capacity': 9.533998717123673, 'paired_fds': [19, 4, 26, 10]}], [{'num': 0, 'capacity': 21.41223074515691, 'paired_fds': [7, 14, 11, 5, 3, 12, 22, 18, 16, 1]}, {'num': 1, 'capacity': 18.17998731807772, 'paired_fds': [23, 13, 27, 21, 17, 8, 29, 10]}, {'num': 2, 'capacity': 17.53200322809004, 'paired_fds': [24, 15, 25, 2, 6, 0, 20, 28]}, {'num': 3, 'capacity': 9.569918892616677, 'paired_fds': [4, 26, 9, 19]}], [{'num': 0, 'capacity': 21.412230745156915, 'paired_fds': [7, 14, 3, 1, 5, 11, 22, 12, 18, 16]}, {'num': 1, 'capacity': 18.17998731807772, 'paired_fds': [21, 8, 23, 29, 13, 27, 17, 10]}, {'num': 2, 'capacity': 17.532003228090044, 'paired_fds': [25, 6, 2, 0, 28, 20, 15, 24]}, {'num': 3, 'capacity': 9.569918892616679, 'paired_fds': [26, 19, 4, 9]}], [{'num': 0, 'capacity': 21.412230745156908, 'paired_fds': [7, 14, 22, 12, 3, 16, 5, 18, 1, 11]}, {'num': 1, 'capacity': 18.17998731807772, 'paired_fds': [13, 21, 23, 29, 17, 27, 8, 10]}, {'num': 2, 'capacity': 17.532003228090048, 'paired_fds': [2, 28, 24, 0, 6, 15, 25, 20]}, {'num': 3, 'capacity': 9.569918892616677, 'paired_fds': [4, 9, 26, 19]}], [{'num': 0, 'capacity': 21.41223074515691, 'paired_fds': [22, 5, 1, 11, 16, 7, 12, 18, 14, 3]}, {'num': 1, 'capacity': 18.17998731807772, 'paired_fds': [23, 17, 27, 29, 21, 10, 13, 8]}, {'num': 2, 'capacity': 17.532003228090044, 'paired_fds': [24, 6, 0, 20, 28, 15, 25, 2]}, {'num': 3, 'capacity': 9.569918892616677, 'paired_fds': [4, 9, 19, 26]}], [{'num': 0, 'capacity': 21.41223074515691, 'paired_fds': [5, 1, 12, 14, 3, 11, 16, 18, 7, 22]}, {'num': 1, 'capacity': 18.226955825827797, 'paired_fds': [23, 8, 21, 27, 17, 4, 10, 13]}, {'num': 2, 'capacity': 17.532003228090044, 'paired_fds': [24, 28, 25, 20, 0, 6, 2, 15]}, {'num': 3, 'capacity': 9.542756438824618, 'paired_fds': [9, 19, 26, 29]}], [{'num': 0, 'capacity': 21.412230745156915, 'paired_fds': [1, 12, 3, 22, 18, 16, 11, 5, 7, 14]}, {'num': 1, 'capacity': 18.226955825827797, 'paired_fds': [23, 13, 21, 27, 4, 10, 8, 17]}, {'num': 2, 'capacity': 17.61918071288413, 'paired_fds': [28, 25, 15, 2, 0, 20, 9, 24]}, {'num': 3, 'capacity': 9.494665561724345, 'paired_fds': [26, 19, 6, 29]}], [{'num': 0, 'capacity': 21.412230745156908, 'paired_fds': [18, 16, 5, 7, 11, 1, 12, 14, 3, 22]}, {'num': 1, 'capacity': 18.226955825827797, 'paired_fds': [13, 4, 27, 17, 8, 21, 23, 10]}, {'num': 2, 'capacity': 17.61918071288413, 'paired_fds': [25, 15, 2, 0, 24, 28, 9, 20]}, {'num': 3, 'capacity': 9.494665561724345, 'paired_fds': [26, 6, 19, 29]}], [{'num': 0, 'capacity': 21.41223074515691, 'paired_fds': [18, 5, 7, 14, 22, 11, 3, 12, 16, 1]}, {'num': 1, 'capacity': 18.226955825827794, 'paired_fds': [13, 8, 23, 27, 4, 17, 10, 21]}, {'num': 2, 'capacity': 17.61918071288413, 'paired_fds': [2, 24, 28, 9, 25, 20, 15, 0]}, {'num': 3, 'capacity': 9.494665561724345, 'paired_fds': [19, 6, 29, 26]}], [{'num': 0, 'capacity': 21.587631576980225, 'paired_fds': [14, 1, 22, 11, 26, 7, 12, 3, 18, 16]}, {'num': 1, 'capacity': 17.99994414217107, 'paired_fds': [27, 21, 23, 4, 13, 10, 17, 2]}, {'num': 2, 'capacity': 17.863706593557108, 'paired_fds': [24, 9, 15, 28, 20, 0, 8, 25]}, {'num': 3, 'capacity': 9.381903499370281, 'paired_fds': [19, 5, 6, 29]}], [{'num': 0, 'capacity': 21.587631576980222, 'paired_fds': [22, 26, 16, 1, 18, 12, 3, 7, 11, 14]}, {'num': 1, 'capacity': 17.99994414217107, 'paired_fds': [27, 21, 23, 13, 10, 4, 2, 17]}, {'num': 2, 'capacity': 17.863706593557108, 'paired_fds': [9, 8, 15, 24, 25, 28, 0, 20]}, {'num': 3, 'capacity': 9.381903499370281, 'paired_fds': [6, 5, 29, 19]}], [{'num': 0, 'capacity': 21.587631576980222, 'paired_fds': [1, 18, 3, 11, 14, 16, 7, 22, 26, 12]}, {'num': 1, 'capacity': 17.99994414217107, 'paired_fds': [21, 27, 2, 4, 13, 17, 10, 23]}, {'num': 2, 'capacity': 17.86370659355711, 'paired_fds': [9, 8, 0, 24, 20, 28, 25, 15]}, {'num': 3, 'capacity': 9.38190349937028, 'paired_fds': [6, 19, 5, 29]}], [{'num': 0, 'capacity': 21.587631576980222, 'paired_fds': [18, 3, 11, 12, 16, 26, 1, 14, 22, 7]}, {'num': 1, 'capacity': 17.99994414217107, 'paired_fds': [21, 27, 4, 2, 13, 17, 10, 23]}, {'num': 2, 'capacity': 17.86370659355711, 'paired_fds': [8, 0, 15, 20, 28, 24, 9, 25]}, {'num': 3, 'capacity': 9.381903499370281, 'paired_fds': [6, 29, 5, 19]}], [{'num': 0, 'capacity': 21.587631576980222, 'paired_fds': [18, 3, 11, 14, 22, 16, 1, 7, 12, 26]}, {'num': 1, 'capacity': 17.999944142171074, 'paired_fds': [4, 23, 13, 2, 21, 27, 17, 10]}, {'num': 2, 'capacity': 17.86370659355711, 'paired_fds': [8, 24, 0, 15, 25, 28, 20, 9]}, {'num': 3, 'capacity': 9.381903499370281, 'paired_fds': [29, 5, 6, 19]}], [{'num': 0, 'capacity': 21.58763157698023, 'paired_fds': [18, 11, 22, 1, 26, 14, 7, 12, 16, 3]}, {'num': 1, 'capacity': 17.99994414217107, 'paired_fds': [2, 17, 27, 4, 21, 13, 10, 23]}, {'num': 2, 'capacity': 17.863706593557108, 'paired_fds': [8, 0, 25, 24, 28, 9, 20, 15]}, {'num': 3, 'capacity': 9.38190349937028, 'paired_fds': [29, 5, 19, 6]}], [{'num': 0, 'capacity': 21.587631576980222, 'paired_fds': [22, 26, 14, 7, 3, 12, 18, 1, 16, 11]}, {'num': 1, 'capacity': 17.99994414217107, 'paired_fds': [2, 10, 23, 4, 21, 17, 13, 27]}, {'num': 2, 'capacity': 17.863706593557108, 'paired_fds': [0, 24, 25, 20, 8, 9, 15, 28]}, {'num': 3, 'capacity': 9.381903499370281, 'paired_fds': [29, 5, 6, 19]}]]
***********************
select_history =  [{'f_bs': 197.1242359782729, 'f_fd': 95.4921385119257, 'num': 6, 'gains': 95.4921385119257, 'power': 0.003740278618519066}, {'f_bs': 197.1242359782729, 'f_fd': 95.4921385119257, 'num': 6, 'gains': 190.9842770238514, 'power': 0.002940278618519066}, {'f_bs': 197.1242359782729, 'f_fd': 95.4921385119257, 'num': 6, 'gains': 286.4764155357771, 'power': 0.002140278618519066}, {'f_bs': 197.1242359782729, 'f_fd': 95.4921385119257, 'num': 6, 'gains': 381.9685540477028, 'power': 0.0013402786185190661}, {'f_bs': 197.1242359782729, 'f_fd': 95.4921385119257, 'num': 6, 'gains': 477.4606925596285, 'power': 0.0005402786185190661}, {'f_bs': 159.13561175623767, 'f_fd': 81.1099796613077, 'num': 5, 'gains': 81.1099796613077, 'power': 0.003772176719855736}, {'f_bs': 159.13561175623767, 'f_fd': 81.1099796613077, 'num': 5, 'gains': 162.2199593226154, 'power': 0.002772176719855736}, {'f_bs': 159.13561175623767, 'f_fd': 81.1099796613077, 'num': 5, 'gains': 243.3299389839231, 'power': 0.001772176719855736}, {'f_bs': 197.1242359782729, 'f_fd': 95.4921385119257, 'num': 6, 'gains': 572.9528310715542, 'power': 8.194460056575275e-05}, {'f_bs': 159.13561175623767, 'f_fd': 81.1099796613077, 'num': 5, 'gains': 324.4399186452308, 'power': 0.0007835781842271319}, {'f_bs': 131.42801956406242, 'f_fd': 66.91462180085371, 'num': 29, 'gains': 66.91462180085371, 'power': 0.003267462294516674}, {'f_bs': 131.42801956406242, 'f_fd': 66.91462180085371, 'num': 29, 'gains': 133.82924360170742, 'power': 0.002107462294516674}, {'f_bs': 131.42801956406242, 'f_fd': 66.91462180085371, 'num': 29, 'gains': 200.74386540256114, 'power': 0.0009474622945166741}, {'f_bs': 113.392668079977, 'f_fd': 54.6280968559866, 'num': 19, 'gains': 54.6280968559866, 'power': 0.0027816012303545808}, {'f_bs': 113.392668079977, 'f_fd': 54.6280968559866, 'num': 19, 'gains': 109.2561937119732, 'power': 0.0015016012303545807}, {'f_bs': 113.392668079977, 'f_fd': 54.6280968559866, 'num': 19, 'gains': 163.8842905679598, 'power': 0.00022160123035458055}, {'f_bs': 197.1242359782729, 'f_fd': 95.4921385119257, 'num': 6, 'gains': 668.4449695834799, 'power': 7.916522534135502e-05}, {'f_bs': 161.4177133678705, 'f_fd': 82.79691776974514, 'num': 28, 'gains': 331.18767107898054, 'power': 0.001095201445564759}, {'f_bs': 161.4177133678705, 'f_fd': 82.79691776974514, 'num': 28, 'gains': 413.9845888487257, 'power': 0.00013520144556475886}, {'f_bs': 159.93532970455965, 'f_fd': 81.35288866548126, 'num': 24, 'gains': 81.35288866548126, 'power': 0.0028422752756720494}, {'f_bs': 159.93532970455965, 'f_fd': 81.35288866548126, 'num': 24, 'gains': 162.70577733096252, 'power': 0.0018422752756720494}, {'f_bs': 131.42801956406242, 'f_fd': 66.91462180085371, 'num': 29, 'gains': 267.65848720341484, 'power': 2.8207959725239963e-05}, {'f_bs': 159.93532970455965, 'f_fd': 81.35288866548126, 'num': 24, 'gains': 244.05866599644378, 'power': 0.0008553551281996405}, {'f_bs': 131.5365999883315, 'f_fd': 66.96278988971027, 'num': 15, 'gains': 66.96278988971027, 'power': 0.003821273762505814}, {'f_bs': 197.1242359782729, 'f_fd': 95.4921385119257, 'num': 6, 'gains': 763.9371080954056, 'power': 7.638585011695729e-05}, {'f_bs': 131.5365999883315, 'f_fd': 66.96278988971027, 'num': 15, 'gains': 200.88836966913078, 'power': 0.0015012737625058141}, {'f_bs': 131.5365999883315, 'f_fd': 66.96278988971027, 'num': 15, 'gains': 267.85115955884106, 'power': 0.00034127376250581414}, {'f_bs': 126.21013240803647, 'f_fd': 62.50295018003466, 'num': 25, 'gains': 62.50295018003466, 'power': 0.0027642436073698077}, {'f_bs': 126.21013240803647, 'f_fd': 62.50295018003466, 'num': 25, 'gains': 125.00590036006932, 'power': 0.0015242436073698077}, {'f_bs': 159.13561175623767, 'f_fd': 81.1099796613077, 'num': 5, 'gains': 405.5498983065385, 'power': 2.0600728365023635e-07}, {'f_bs': 119.41750057817302, 'f_fd': 59.047125707417024, 'num': 0, 'gains': 59.047125707417024, 'power': 0.0029012331447639097}, {'f_bs': 119.41750057817302, 'f_fd': 59.047125707417024, 'num': 0, 'gains': 118.09425141483405, 'power': 0.0016612331447639097}]
