fd: 0 joined coalition: 2
fd: 1 joined coalition: 1
fd: 2 joined coalition: 1
fd: 3 joined coalition: 3
fd: 4 joined coalition: 1
fd: 5 joined coalition: 3
fd: 6 joined coalition: 1
fd: 7 joined coalition: 2
fd: 8 joined coalition: 0
fd: 9 joined coalition: 0
fd: 10 joined coalition: 1
fd: 11 joined coalition: 2
fd: 12 joined coalition: 2
fd: 13 joined coalition: 2
fd: 14 joined coalition: 3
fd: 15 joined coalition: 2
fd: 16 joined coalition: 1
fd: 17 joined coalition: 2
fd: 18 joined coalition: 0
fd: 19 joined coalition: 3
fd: 20 joined coalition: 1
fd: 21 joined coalition: 1
fd: 22 joined coalition: 1
fd: 23 joined coalition: 1
fd: 24 joined coalition: 0
fd: 25 joined coalition: 1
fd: 26 joined coalition: 0
fd: 27 joined coalition: 2
fd: 28 joined coalition: 1
fd: 29 joined coalition: 1


initial info:
coalitoin 0: 
    paired fds:  [8, 9, 18, 24, 26]
    nearby fds:  [0, 1, 2, 3, 4, 5, 6, 7, 8, 9, 10, 11, 12, 14, 16, 17, 18, 19, 20, 22, 24, 25, 26, 27, 29]
coalitoin 1: 
    paired fds:  [1, 2, 4, 6, 10, 16, 20, 21, 22, 23, 25, 28, 29]
    nearby fds:  [0, 1, 2, 3, 4, 5, 6, 8, 9, 10, 11, 12, 13, 14, 15, 16, 17, 18, 19, 20, 21, 22, 23, 24, 25, 26, 27, 28, 29]
coalitoin 2: 
    paired fds:  [0, 7, 11, 12, 13, 15, 17, 27]
    nearby fds:  [0, 1, 2, 4, 6, 7, 8, 9, 10, 11, 12, 13, 14, 15, 16, 17, 18, 19, 20, 22, 24, 25, 27, 28, 29]
coalitoin 3: 
    paired fds:  [3, 5, 14, 19]
    nearby fds:  [0, 1, 3, 4, 5, 6, 7, 9, 10, 11, 12, 13, 14, 15, 16, 17, 18, 19, 20, 21, 23, 25, 26, 28, 29]


*** round 0
fd 11 in coalition 2 and fd 18 in coalition 0 swap coalitions
fd 11 in coalition 0 and fd 27 in coalition 2 swap coalitions
fd  1 in coalition 1 and fd 14 in coalition 3 swap coalitions
fd 11 in coalition 2 and fd 16 in coalition 1 swap coalitions
fd  5 in coalition 3 and fd 29 in coalition 1 swap coalitions
fd 16 in coalition 2 and fd  1 in coalition 3 swap coalitions
fd 29 in coalition 3 and fd 15 in coalition 2 swap coalitions
fd  9 in coalition 0 and fd  3 in coalition 3 swap coalitions
fd 28 in coalition 1 and fd 16 in coalition 3 swap coalitions
coalitoin 0: 
    paired fds:  [8, 26, 27, 3, 24]
    nearby fds:  [0, 1, 2, 3, 4, 5, 6, 7, 8, 9, 10, 11, 12, 14, 16, 17, 18, 19, 20, 22, 24, 25, 26, 27, 29]
coalitoin 1: 
    paired fds:  [20, 21, 22, 23, 10, 6, 14, 11, 5, 25, 2, 16, 4]
    nearby fds:  [0, 1, 2, 3, 4, 5, 6, 8, 9, 10, 11, 12, 13, 14, 15, 16, 17, 18, 19, 20, 21, 22, 23, 24, 25, 26, 27, 28, 29]
coalitoin 2: 
    paired fds:  [12, 0, 17, 18, 13, 1, 29, 7]
    nearby fds:  [0, 1, 2, 4, 6, 7, 8, 9, 10, 11, 12, 13, 14, 15, 16, 17, 18, 19, 20, 22, 24, 25, 27, 28, 29]
coalitoin 3: 
    paired fds:  [15, 9, 28, 19]
    nearby fds:  [0, 1, 3, 4, 5, 6, 7, 9, 10, 11, 12, 13, 14, 15, 16, 17, 18, 19, 20, 21, 23, 25, 26, 28, 29]


*** round 1
fd  3 in coalition 0 and fd 19 in coalition 3 swap coalitions
fd 19 in coalition 0 and fd  0 in coalition 2 swap coalitions
fd  3 in coalition 3 and fd  0 in coalition 0 swap coalitions
coalitoin 0: 
    paired fds:  [24, 8, 27, 26, 3]
    nearby fds:  [0, 1, 2, 3, 4, 5, 6, 7, 8, 9, 10, 11, 12, 14, 16, 17, 18, 19, 20, 22, 24, 25, 26, 27, 29]
coalitoin 1: 
    paired fds:  [23, 10, 14, 25, 16, 4, 6, 5, 2, 22, 20, 21, 11]
    nearby fds:  [0, 1, 2, 3, 4, 5, 6, 8, 9, 10, 11, 12, 13, 14, 15, 16, 17, 18, 19, 20, 21, 22, 23, 24, 25, 26, 27, 28, 29]
coalitoin 2: 
    paired fds:  [17, 13, 29, 1, 19, 18, 12, 7]
    nearby fds:  [0, 1, 2, 4, 6, 7, 8, 9, 10, 11, 12, 13, 14, 15, 16, 17, 18, 19, 20, 22, 24, 25, 27, 28, 29]
coalitoin 3: 
    paired fds:  [28, 9, 15, 0]
    nearby fds:  [0, 1, 3, 4, 5, 6, 7, 9, 10, 11, 12, 13, 14, 15, 16, 17, 18, 19, 20, 21, 23, 25, 26, 28, 29]


*** round 2
fd  3 in coalition 0 and fd  0 in coalition 3 swap coalitions
fd 20 in coalition 1 and fd  0 in coalition 0 swap coalitions
fd  3 in coalition 3 and fd 20 in coalition 0 swap coalitions
fd 26 in coalition 0 and fd 20 in coalition 3 swap coalitions
fd 12 in coalition 2 and fd  9 in coalition 3 swap coalitions
coalitoin 0: 
    paired fds:  [24, 8, 27, 3, 20]
    nearby fds:  [0, 1, 2, 3, 4, 5, 6, 7, 8, 9, 10, 11, 12, 14, 16, 17, 18, 19, 20, 22, 24, 25, 26, 27, 29]
coalitoin 1: 
    paired fds:  [23, 10, 4, 6, 2, 22, 21, 11, 16, 14, 25, 0, 5]
    nearby fds:  [0, 1, 2, 3, 4, 5, 6, 8, 9, 10, 11, 12, 13, 14, 15, 16, 17, 18, 19, 20, 21, 22, 23, 24, 25, 26, 27, 28, 29]
coalitoin 2: 
    paired fds:  [29, 1, 18, 19, 13, 17, 9, 7]
    nearby fds:  [0, 1, 2, 4, 6, 7, 8, 9, 10, 11, 12, 13, 14, 15, 16, 17, 18, 19, 20, 22, 24, 25, 27, 28, 29]
coalitoin 3: 
    paired fds:  [28, 26, 15, 12]
    nearby fds:  [0, 1, 3, 4, 5, 6, 7, 9, 10, 11, 12, 13, 14, 15, 16, 17, 18, 19, 20, 21, 23, 25, 26, 28, 29]


*** round 3
fd 11 in coalition 1 and fd 20 in coalition 0 swap coalitions
coalitoin 0: 
    paired fds:  [3, 24, 8, 27, 11]
    nearby fds:  [0, 1, 2, 3, 4, 5, 6, 7, 8, 9, 10, 11, 12, 14, 16, 17, 18, 19, 20, 22, 24, 25, 26, 27, 29]
coalitoin 1: 
    paired fds:  [23, 4, 6, 22, 21, 16, 14, 5, 2, 25, 10, 0, 20]
    nearby fds:  [0, 1, 2, 3, 4, 5, 6, 8, 9, 10, 11, 12, 13, 14, 15, 16, 17, 18, 19, 20, 21, 22, 23, 24, 25, 26, 27, 28, 29]
coalitoin 2: 
    paired fds:  [29, 13, 1, 7, 18, 9, 17, 19]
    nearby fds:  [0, 1, 2, 4, 6, 7, 8, 9, 10, 11, 12, 13, 14, 15, 16, 17, 18, 19, 20, 22, 24, 25, 27, 28, 29]
coalitoin 3: 
    paired fds:  [15, 26, 12, 28]
    nearby fds:  [0, 1, 3, 4, 5, 6, 7, 9, 10, 11, 12, 13, 14, 15, 16, 17, 18, 19, 20, 21, 23, 25, 26, 28, 29]


*** round 4
fd 18 in coalition 2 and fd 12 in coalition 3 swap coalitions
fd 18 in coalition 3 and fd 21 in coalition 1 swap coalitions
fd  3 in coalition 0 and fd 26 in coalition 3 swap coalitions
fd 18 in coalition 1 and fd 26 in coalition 0 swap coalitions
fd 12 in coalition 2 and fd 20 in coalition 1 swap coalitions
fd 21 in coalition 3 and fd 10 in coalition 1 swap coalitions
coalitoin 0: 
    paired fds:  [24, 11, 27, 18, 8]
    nearby fds:  [0, 1, 2, 3, 4, 5, 6, 7, 8, 9, 10, 11, 12, 14, 16, 17, 18, 19, 20, 22, 24, 25, 26, 27, 29]
coalitoin 1: 
    paired fds:  [23, 4, 2, 0, 25, 6, 16, 14, 22, 26, 5, 12, 21]
    nearby fds:  [0, 1, 2, 3, 4, 5, 6, 8, 9, 10, 11, 12, 13, 14, 15, 16, 17, 18, 19, 20, 21, 22, 23, 24, 25, 26, 27, 28, 29]
coalitoin 2: 
    paired fds:  [13, 29, 1, 9, 17, 19, 7, 20]
    nearby fds:  [0, 1, 2, 4, 6, 7, 8, 9, 10, 11, 12, 13, 14, 15, 16, 17, 18, 19, 20, 22, 24, 25, 27, 28, 29]
coalitoin 3: 
    paired fds:  [15, 3, 28, 10]
    nearby fds:  [0, 1, 3, 4, 5, 6, 7, 9, 10, 11, 12, 13, 14, 15, 16, 17, 18, 19, 20, 21, 23, 25, 26, 28, 29]


*** round 5
fd 25 in coalition 1 and fd  3 in coalition 3 swap coalitions
fd 18 in coalition 0 and fd  3 in coalition 1 swap coalitions
fd 21 in coalition 1 and fd 25 in coalition 3 swap coalitions
coalitoin 0: 
    paired fds:  [24, 27, 3, 8, 11]
    nearby fds:  [0, 1, 2, 3, 4, 5, 6, 7, 8, 9, 10, 11, 12, 14, 16, 17, 18, 19, 20, 22, 24, 25, 26, 27, 29]
coalitoin 1: 
    paired fds:  [2, 0, 6, 16, 26, 5, 22, 14, 23, 18, 12, 4, 25]
    nearby fds:  [0, 1, 2, 3, 4, 5, 6, 8, 9, 10, 11, 12, 13, 14, 15, 16, 17, 18, 19, 20, 21, 22, 23, 24, 25, 26, 27, 28, 29]
coalitoin 2: 
    paired fds:  [9, 7, 29, 13, 17, 20, 1, 19]
    nearby fds:  [0, 1, 2, 4, 6, 7, 8, 9, 10, 11, 12, 13, 14, 15, 16, 17, 18, 19, 20, 22, 24, 25, 27, 28, 29]
coalitoin 3: 
    paired fds:  [28, 10, 21, 15]
    nearby fds:  [0, 1, 3, 4, 5, 6, 7, 9, 10, 11, 12, 13, 14, 15, 16, 17, 18, 19, 20, 21, 23, 25, 26, 28, 29]


*** round 6
fd 10 in coalition 3 and fd  3 in coalition 0 swap coalitions
fd  0 in coalition 1 and fd  3 in coalition 3 swap coalitions
coalitoin 0: 
    paired fds:  [8, 27, 10, 11, 24]
    nearby fds:  [0, 1, 2, 3, 4, 5, 6, 7, 8, 9, 10, 11, 12, 14, 16, 17, 18, 19, 20, 22, 24, 25, 26, 27, 29]
coalitoin 1: 
    paired fds:  [2, 16, 26, 14, 23, 4, 22, 6, 5, 3, 25, 18, 12]
    nearby fds:  [0, 1, 2, 3, 4, 5, 6, 8, 9, 10, 11, 12, 13, 14, 15, 16, 17, 18, 19, 20, 21, 22, 23, 24, 25, 26, 27, 28, 29]
coalitoin 2: 
    paired fds:  [1, 17, 9, 13, 20, 7, 29, 19]
    nearby fds:  [0, 1, 2, 4, 6, 7, 8, 9, 10, 11, 12, 13, 14, 15, 16, 17, 18, 19, 20, 22, 24, 25, 27, 28, 29]
coalitoin 3: 
    paired fds:  [21, 15, 28, 0]
    nearby fds:  [0, 1, 3, 4, 5, 6, 7, 9, 10, 11, 12, 13, 14, 15, 16, 17, 18, 19, 20, 21, 23, 25, 26, 28, 29]


*** round 7
fd 13 in coalition 2 and fd  0 in coalition 3 swap coalitions
fd 10 in coalition 0 and fd  2 in coalition 1 swap coalitions
coalitoin 0: 
    paired fds:  [27, 8, 24, 11, 2]
    nearby fds:  [0, 1, 2, 3, 4, 5, 6, 7, 8, 9, 10, 11, 12, 14, 16, 17, 18, 19, 20, 22, 24, 25, 26, 27, 29]
coalitoin 1: 
    paired fds:  [16, 26, 23, 4, 5, 12, 18, 3, 22, 6, 10, 14, 25]
    nearby fds:  [0, 1, 2, 3, 4, 5, 6, 8, 9, 10, 11, 12, 13, 14, 15, 16, 17, 18, 19, 20, 21, 22, 23, 24, 25, 26, 27, 28, 29]
coalitoin 2: 
    paired fds:  [1, 20, 7, 0, 17, 19, 29, 9]
    nearby fds:  [0, 1, 2, 4, 6, 7, 8, 9, 10, 11, 12, 13, 14, 15, 16, 17, 18, 19, 20, 22, 24, 25, 27, 28, 29]
coalitoin 3: 
    paired fds:  [21, 28, 13, 15]
    nearby fds:  [0, 1, 3, 4, 5, 6, 7, 9, 10, 11, 12, 13, 14, 15, 16, 17, 18, 19, 20, 21, 23, 25, 26, 28, 29]


*** round 8
fd 12 in coalition 1 and fd 21 in coalition 3 swap coalitions
fd 12 in coalition 3 and fd 10 in coalition 1 swap coalitions
coalitoin 0: 
    paired fds:  [8, 2, 27, 11, 24]
    nearby fds:  [0, 1, 2, 3, 4, 5, 6, 7, 8, 9, 10, 11, 12, 14, 16, 17, 18, 19, 20, 22, 24, 25, 26, 27, 29]
coalitoin 1: 
    paired fds:  [23, 18, 22, 6, 25, 14, 5, 26, 4, 21, 3, 16, 12]
    nearby fds:  [0, 1, 2, 3, 4, 5, 6, 8, 9, 10, 11, 12, 13, 14, 15, 16, 17, 18, 19, 20, 21, 22, 23, 24, 25, 26, 27, 28, 29]
coalitoin 2: 
    paired fds:  [7, 9, 20, 19, 1, 0, 17, 29]
    nearby fds:  [0, 1, 2, 4, 6, 7, 8, 9, 10, 11, 12, 13, 14, 15, 16, 17, 18, 19, 20, 22, 24, 25, 27, 28, 29]
coalitoin 3: 
    paired fds:  [13, 28, 15, 10]
    nearby fds:  [0, 1, 3, 4, 5, 6, 7, 9, 10, 11, 12, 13, 14, 15, 16, 17, 18, 19, 20, 21, 23, 25, 26, 28, 29]


*** round 9
fd 12 in coalition 1 and fd 29 in coalition 2 swap coalitions
coalitoin 0: 
    paired fds:  [27, 24, 8, 11, 2]
    nearby fds:  [0, 1, 2, 3, 4, 5, 6, 7, 8, 9, 10, 11, 12, 14, 16, 17, 18, 19, 20, 22, 24, 25, 26, 27, 29]
coalitoin 1: 
    paired fds:  [23, 18, 22, 5, 26, 16, 21, 25, 29, 4, 6, 3, 14]
    nearby fds:  [0, 1, 2, 3, 4, 5, 6, 8, 9, 10, 11, 12, 13, 14, 15, 16, 17, 18, 19, 20, 21, 22, 23, 24, 25, 26, 27, 28, 29]
coalitoin 2: 
    paired fds:  [0, 12, 9, 1, 20, 7, 19, 17]
    nearby fds:  [0, 1, 2, 4, 6, 7, 8, 9, 10, 11, 12, 13, 14, 15, 16, 17, 18, 19, 20, 22, 24, 25, 27, 28, 29]
coalitoin 3: 
    paired fds:  [15, 10, 13, 28]
    nearby fds:  [0, 1, 3, 4, 5, 6, 7, 9, 10, 11, 12, 13, 14, 15, 16, 17, 18, 19, 20, 21, 23, 25, 26, 28, 29]


*** round 10
fd 10 in coalition 3 and fd  9 in coalition 2 swap coalitions
fd  9 in coalition 3 and fd  0 in coalition 2 swap coalitions
fd 16 in coalition 1 and fd 12 in coalition 2 swap coalitions
fd  0 in coalition 3 and fd 16 in coalition 2 swap coalitions
coalitoin 0: 
    paired fds:  [27, 2, 8, 11, 24]
    nearby fds:  [0, 1, 2, 3, 4, 5, 6, 7, 8, 9, 10, 11, 12, 14, 16, 17, 18, 19, 20, 22, 24, 25, 26, 27, 29]
coalitoin 1: 
    paired fds:  [23, 18, 4, 3, 14, 5, 21, 29, 25, 22, 12, 6, 26]
    nearby fds:  [0, 1, 2, 3, 4, 5, 6, 8, 9, 10, 11, 12, 13, 14, 15, 16, 17, 18, 19, 20, 21, 22, 23, 24, 25, 26, 27, 28, 29]
coalitoin 2: 
    paired fds:  [19, 1, 20, 17, 7, 10, 9, 0]
    nearby fds:  [0, 1, 2, 4, 6, 7, 8, 9, 10, 11, 12, 13, 14, 15, 16, 17, 18, 19, 20, 22, 24, 25, 27, 28, 29]
coalitoin 3: 
    paired fds:  [13, 15, 28, 16]
    nearby fds:  [0, 1, 3, 4, 5, 6, 7, 9, 10, 11, 12, 13, 14, 15, 16, 17, 18, 19, 20, 21, 23, 25, 26, 28, 29]


*** round 11
coalitoin 0: 
    paired fds:  [27, 24, 2, 8, 11]
    nearby fds:  [0, 1, 2, 3, 4, 5, 6, 7, 8, 9, 10, 11, 12, 14, 16, 17, 18, 19, 20, 22, 24, 25, 26, 27, 29]
coalitoin 1: 
    paired fds:  [23, 4, 14, 22, 6, 26, 3, 29, 25, 12, 21, 5, 18]
    nearby fds:  [0, 1, 2, 3, 4, 5, 6, 8, 9, 10, 11, 12, 13, 14, 15, 16, 17, 18, 19, 20, 21, 22, 23, 24, 25, 26, 27, 28, 29]
coalitoin 2: 
    paired fds:  [20, 7, 10, 1, 17, 19, 0, 9]
    nearby fds:  [0, 1, 2, 4, 6, 7, 8, 9, 10, 11, 12, 13, 14, 15, 16, 17, 18, 19, 20, 22, 24, 25, 27, 28, 29]
coalitoin 3: 
    paired fds:  [15, 16, 13, 28]
    nearby fds:  [0, 1, 3, 4, 5, 6, 7, 9, 10, 11, 12, 13, 14, 15, 16, 17, 18, 19, 20, 21, 23, 25, 26, 28, 29]


*** round 12
fd  0 in coalition 2 and fd 11 in coalition 0 swap coalitions
fd 16 in coalition 3 and fd  0 in coalition 0 swap coalitions
fd 16 in coalition 0 and fd  9 in coalition 2 swap coalitions
fd  0 in coalition 3 and fd  9 in coalition 0 swap coalitions
coalitoin 0: 
    paired fds:  [2, 8, 27, 24, 0]
    nearby fds:  [0, 1, 2, 3, 4, 5, 6, 7, 8, 9, 10, 11, 12, 14, 16, 17, 18, 19, 20, 22, 24, 25, 26, 27, 29]
coalitoin 1: 
    paired fds:  [23, 4, 6, 26, 29, 21, 18, 5, 25, 12, 22, 3, 14]
    nearby fds:  [0, 1, 2, 3, 4, 5, 6, 8, 9, 10, 11, 12, 13, 14, 15, 16, 17, 18, 19, 20, 21, 22, 23, 24, 25, 26, 27, 28, 29]
coalitoin 2: 
    paired fds:  [7, 19, 11, 16, 1, 17, 10, 20]
    nearby fds:  [0, 1, 2, 4, 6, 7, 8, 9, 10, 11, 12, 13, 14, 15, 16, 17, 18, 19, 20, 22, 24, 25, 27, 28, 29]
coalitoin 3: 
    paired fds:  [15, 28, 13, 9]
    nearby fds:  [0, 1, 3, 4, 5, 6, 7, 9, 10, 11, 12, 13, 14, 15, 16, 17, 18, 19, 20, 21, 23, 25, 26, 28, 29]


*** round 13
coalitoin 0: 
    paired fds:  [24, 0, 2, 27, 8]
    nearby fds:  [0, 1, 2, 3, 4, 5, 6, 7, 8, 9, 10, 11, 12, 14, 16, 17, 18, 19, 20, 22, 24, 25, 26, 27, 29]
coalitoin 1: 
    paired fds:  [23, 21, 5, 22, 14, 26, 4, 12, 3, 25, 29, 18, 6]
    nearby fds:  [0, 1, 2, 3, 4, 5, 6, 8, 9, 10, 11, 12, 13, 14, 15, 16, 17, 18, 19, 20, 21, 22, 23, 24, 25, 26, 27, 28, 29]
coalitoin 2: 
    paired fds:  [1, 17, 11, 19, 20, 16, 10, 7]
    nearby fds:  [0, 1, 2, 4, 6, 7, 8, 9, 10, 11, 12, 13, 14, 15, 16, 17, 18, 19, 20, 22, 24, 25, 27, 28, 29]
coalitoin 3: 
    paired fds:  [13, 9, 15, 28]
    nearby fds:  [0, 1, 3, 4, 5, 6, 7, 9, 10, 11, 12, 13, 14, 15, 16, 17, 18, 19, 20, 21, 23, 25, 26, 28, 29]


*** round 14
coalitoin 0: 
    paired fds:  [2, 24, 27, 8, 0]
    nearby fds:  [0, 1, 2, 3, 4, 5, 6, 7, 8, 9, 10, 11, 12, 14, 16, 17, 18, 19, 20, 22, 24, 25, 26, 27, 29]
coalitoin 1: 
    paired fds:  [21, 5, 26, 12, 29, 18, 3, 25, 14, 23, 6, 22, 4]
    nearby fds:  [0, 1, 2, 3, 4, 5, 6, 8, 9, 10, 11, 12, 13, 14, 15, 16, 17, 18, 19, 20, 21, 22, 23, 24, 25, 26, 27, 28, 29]
coalitoin 2: 
    paired fds:  [11, 16, 7, 10, 1, 19, 20, 17]
    nearby fds:  [0, 1, 2, 4, 6, 7, 8, 9, 10, 11, 12, 13, 14, 15, 16, 17, 18, 19, 20, 22, 24, 25, 27, 28, 29]
coalitoin 3: 
    paired fds:  [13, 15, 28, 9]
    nearby fds:  [0, 1, 3, 4, 5, 6, 7, 9, 10, 11, 12, 13, 14, 15, 16, 17, 18, 19, 20, 21, 23, 25, 26, 28, 29]


*** round 15
coalitoin 0: 
    paired fds:  [27, 24, 8, 2, 0]
    nearby fds:  [0, 1, 2, 3, 4, 5, 6, 7, 8, 9, 10, 11, 12, 14, 16, 17, 18, 19, 20, 22, 24, 25, 26, 27, 29]
coalitoin 1: 
    paired fds:  [21, 14, 23, 22, 5, 25, 6, 4, 18, 12, 29, 26, 3]
    nearby fds:  [0, 1, 2, 3, 4, 5, 6, 8, 9, 10, 11, 12, 13, 14, 15, 16, 17, 18, 19, 20, 21, 22, 23, 24, 25, 26, 27, 28, 29]
coalitoin 2: 
    paired fds:  [19, 20, 11, 7, 16, 1, 17, 10]
    nearby fds:  [0, 1, 2, 4, 6, 7, 8, 9, 10, 11, 12, 13, 14, 15, 16, 17, 18, 19, 20, 22, 24, 25, 27, 28, 29]
coalitoin 3: 
    paired fds:  [13, 28, 15, 9]
    nearby fds:  [0, 1, 3, 4, 5, 6, 7, 9, 10, 11, 12, 13, 14, 15, 16, 17, 18, 19, 20, 21, 23, 25, 26, 28, 29]


*** round 16
fd  4 in coalition 1 and fd  0 in coalition 0 swap coalitions
coalitoin 0: 
    paired fds:  [27, 24, 2, 4, 8]
    nearby fds:  [0, 1, 2, 3, 4, 5, 6, 7, 8, 9, 10, 11, 12, 14, 16, 17, 18, 19, 20, 22, 24, 25, 26, 27, 29]
coalitoin 1: 
    paired fds:  [21, 14, 23, 5, 6, 18, 12, 29, 3, 25, 22, 26, 0]
    nearby fds:  [0, 1, 2, 3, 4, 5, 6, 8, 9, 10, 11, 12, 13, 14, 15, 16, 17, 18, 19, 20, 21, 22, 23, 24, 25, 26, 27, 28, 29]
coalitoin 2: 
    paired fds:  [20, 7, 16, 19, 10, 11, 17, 1]
    nearby fds:  [0, 1, 2, 4, 6, 7, 8, 9, 10, 11, 12, 13, 14, 15, 16, 17, 18, 19, 20, 22, 24, 25, 27, 28, 29]
coalitoin 3: 
    paired fds:  [9, 28, 13, 15]
    nearby fds:  [0, 1, 3, 4, 5, 6, 7, 9, 10, 11, 12, 13, 14, 15, 16, 17, 18, 19, 20, 21, 23, 25, 26, 28, 29]


*** round 17
coalitoin 0: 
    paired fds:  [2, 24, 27, 8, 4]
    nearby fds:  [0, 1, 2, 3, 4, 5, 6, 7, 8, 9, 10, 11, 12, 14, 16, 17, 18, 19, 20, 22, 24, 25, 26, 27, 29]
coalitoin 1: 
    paired fds:  [14, 23, 5, 29, 3, 25, 26, 0, 12, 21, 18, 6, 22]
    nearby fds:  [0, 1, 2, 3, 4, 5, 6, 8, 9, 10, 11, 12, 13, 14, 15, 16, 17, 18, 19, 20, 21, 22, 23, 24, 25, 26, 27, 28, 29]
coalitoin 2: 
    paired fds:  [20, 7, 16, 19, 11, 10, 17, 1]
    nearby fds:  [0, 1, 2, 4, 6, 7, 8, 9, 10, 11, 12, 13, 14, 15, 16, 17, 18, 19, 20, 22, 24, 25, 27, 28, 29]
coalitoin 3: 
    paired fds:  [28, 15, 13, 9]
    nearby fds:  [0, 1, 3, 4, 5, 6, 7, 9, 10, 11, 12, 13, 14, 15, 16, 17, 18, 19, 20, 21, 23, 25, 26, 28, 29]


*** round 18
coalitoin 0: 
    paired fds:  [2, 24, 27, 4, 8]
    nearby fds:  [0, 1, 2, 3, 4, 5, 6, 7, 8, 9, 10, 11, 12, 14, 16, 17, 18, 19, 20, 22, 24, 25, 26, 27, 29]
coalitoin 1: 
    paired fds:  [14, 23, 5, 3, 26, 0, 21, 18, 29, 12, 25, 6, 22]
    nearby fds:  [0, 1, 2, 3, 4, 5, 6, 8, 9, 10, 11, 12, 13, 14, 15, 16, 17, 18, 19, 20, 21, 22, 23, 24, 25, 26, 27, 28, 29]
coalitoin 2: 
    paired fds:  [10, 1, 20, 7, 17, 11, 16, 19]
    nearby fds:  [0, 1, 2, 4, 6, 7, 8, 9, 10, 11, 12, 13, 14, 15, 16, 17, 18, 19, 20, 22, 24, 25, 27, 28, 29]
coalitoin 3: 
    paired fds:  [15, 13, 9, 28]
    nearby fds:  [0, 1, 3, 4, 5, 6, 7, 9, 10, 11, 12, 13, 14, 15, 16, 17, 18, 19, 20, 21, 23, 25, 26, 28, 29]


*** round 19
coalitoin 0: 
    paired fds:  [24, 8, 2, 27, 4]
    nearby fds:  [0, 1, 2, 3, 4, 5, 6, 7, 8, 9, 10, 11, 12, 14, 16, 17, 18, 19, 20, 22, 24, 25, 26, 27, 29]
coalitoin 1: 
    paired fds:  [14, 23, 5, 12, 22, 18, 25, 0, 29, 6, 26, 21, 3]
    nearby fds:  [0, 1, 2, 3, 4, 5, 6, 8, 9, 10, 11, 12, 13, 14, 15, 16, 17, 18, 19, 20, 21, 22, 23, 24, 25, 26, 27, 28, 29]
coalitoin 2: 
    paired fds:  [10, 20, 11, 1, 19, 16, 17, 7]
    nearby fds:  [0, 1, 2, 4, 6, 7, 8, 9, 10, 11, 12, 13, 14, 15, 16, 17, 18, 19, 20, 22, 24, 25, 27, 28, 29]
coalitoin 3: 
    paired fds:  [13, 28, 15, 9]
    nearby fds:  [0, 1, 3, 4, 5, 6, 7, 9, 10, 11, 12, 13, 14, 15, 16, 17, 18, 19, 20, 21, 23, 25, 26, 28, 29]


*** round 20
coalitoin 0: 
    paired fds:  [2, 27, 8, 4, 24]
    nearby fds:  [0, 1, 2, 3, 4, 5, 6, 7, 8, 9, 10, 11, 12, 14, 16, 17, 18, 19, 20, 22, 24, 25, 26, 27, 29]
coalitoin 1: 
    paired fds:  [14, 23, 18, 25, 26, 3, 22, 5, 21, 0, 6, 12, 29]
    nearby fds:  [0, 1, 2, 3, 4, 5, 6, 8, 9, 10, 11, 12, 13, 14, 15, 16, 17, 18, 19, 20, 21, 22, 23, 24, 25, 26, 27, 28, 29]
coalitoin 2: 
    paired fds:  [1, 16, 11, 10, 20, 7, 17, 19]
    nearby fds:  [0, 1, 2, 4, 6, 7, 8, 9, 10, 11, 12, 13, 14, 15, 16, 17, 18, 19, 20, 22, 24, 25, 27, 28, 29]
coalitoin 3: 
    paired fds:  [13, 9, 15, 28]
    nearby fds:  [0, 1, 3, 4, 5, 6, 7, 9, 10, 11, 12, 13, 14, 15, 16, 17, 18, 19, 20, 21, 23, 25, 26, 28, 29]


*** round 21
fd  4 in coalition 0 and fd 29 in coalition 1 swap coalitions
coalitoin 0: 
    paired fds:  [24, 8, 2, 27, 29]
    nearby fds:  [0, 1, 2, 3, 4, 5, 6, 7, 8, 9, 10, 11, 12, 14, 16, 17, 18, 19, 20, 22, 24, 25, 26, 27, 29]
coalitoin 1: 
    paired fds:  [14, 23, 26, 3, 22, 0, 12, 21, 6, 5, 25, 4, 18]
    nearby fds:  [0, 1, 2, 3, 4, 5, 6, 8, 9, 10, 11, 12, 13, 14, 15, 16, 17, 18, 19, 20, 21, 22, 23, 24, 25, 26, 27, 28, 29]
coalitoin 2: 
    paired fds:  [16, 11, 20, 7, 1, 10, 19, 17]
    nearby fds:  [0, 1, 2, 4, 6, 7, 8, 9, 10, 11, 12, 13, 14, 15, 16, 17, 18, 19, 20, 22, 24, 25, 27, 28, 29]
coalitoin 3: 
    paired fds:  [28, 15, 13, 9]
    nearby fds:  [0, 1, 3, 4, 5, 6, 7, 9, 10, 11, 12, 13, 14, 15, 16, 17, 18, 19, 20, 21, 23, 25, 26, 28, 29]


*** round 22
coalitoin 0: 
    paired fds:  [2, 27, 29, 24, 8]
    nearby fds:  [0, 1, 2, 3, 4, 5, 6, 7, 8, 9, 10, 11, 12, 14, 16, 17, 18, 19, 20, 22, 24, 25, 26, 27, 29]
coalitoin 1: 
    paired fds:  [23, 3, 22, 21, 5, 18, 14, 26, 6, 4, 0, 25, 12]
    nearby fds:  [0, 1, 2, 3, 4, 5, 6, 8, 9, 10, 11, 12, 13, 14, 15, 16, 17, 18, 19, 20, 21, 22, 23, 24, 25, 26, 27, 28, 29]
coalitoin 2: 
    paired fds:  [7, 10, 20, 17, 16, 1, 11, 19]
    nearby fds:  [0, 1, 2, 4, 6, 7, 8, 9, 10, 11, 12, 13, 14, 15, 16, 17, 18, 19, 20, 22, 24, 25, 27, 28, 29]
coalitoin 3: 
    paired fds:  [15, 28, 13, 9]
    nearby fds:  [0, 1, 3, 4, 5, 6, 7, 9, 10, 11, 12, 13, 14, 15, 16, 17, 18, 19, 20, 21, 23, 25, 26, 28, 29]


*** round 23
coalitoin 0: 
    paired fds:  [29, 8, 2, 27, 24]
    nearby fds:  [0, 1, 2, 3, 4, 5, 6, 7, 8, 9, 10, 11, 12, 14, 16, 17, 18, 19, 20, 22, 24, 25, 26, 27, 29]
coalitoin 1: 
    paired fds:  [23, 3, 22, 21, 18, 0, 12, 5, 26, 6, 14, 4, 25]
    nearby fds:  [0, 1, 2, 3, 4, 5, 6, 8, 9, 10, 11, 12, 13, 14, 15, 16, 17, 18, 19, 20, 21, 22, 23, 24, 25, 26, 27, 28, 29]
coalitoin 2: 
    paired fds:  [7, 19, 1, 20, 17, 16, 11, 10]
    nearby fds:  [0, 1, 2, 4, 6, 7, 8, 9, 10, 11, 12, 13, 14, 15, 16, 17, 18, 19, 20, 22, 24, 25, 27, 28, 29]
coalitoin 3: 
    paired fds:  [13, 15, 28, 9]
    nearby fds:  [0, 1, 3, 4, 5, 6, 7, 9, 10, 11, 12, 13, 14, 15, 16, 17, 18, 19, 20, 21, 23, 25, 26, 28, 29]


*** round 24
coalitoin 0: 
    paired fds:  [8, 2, 24, 27, 29]
    nearby fds:  [0, 1, 2, 3, 4, 5, 6, 7, 8, 9, 10, 11, 12, 14, 16, 17, 18, 19, 20, 22, 24, 25, 26, 27, 29]
coalitoin 1: 
    paired fds:  [23, 3, 21, 12, 5, 26, 14, 25, 6, 22, 18, 4, 0]
    nearby fds:  [0, 1, 2, 3, 4, 5, 6, 8, 9, 10, 11, 12, 13, 14, 15, 16, 17, 18, 19, 20, 21, 22, 23, 24, 25, 26, 27, 28, 29]
coalitoin 2: 
    paired fds:  [7, 19, 11, 1, 20, 16, 10, 17]
    nearby fds:  [0, 1, 2, 4, 6, 7, 8, 9, 10, 11, 12, 13, 14, 15, 16, 17, 18, 19, 20, 22, 24, 25, 27, 28, 29]
coalitoin 3: 
    paired fds:  [13, 15, 9, 28]
    nearby fds:  [0, 1, 3, 4, 5, 6, 7, 9, 10, 11, 12, 13, 14, 15, 16, 17, 18, 19, 20, 21, 23, 25, 26, 28, 29]


*** round 25
coalitoin 0: 
    paired fds:  [2, 24, 8, 27, 29]
    nearby fds:  [0, 1, 2, 3, 4, 5, 6, 7, 8, 9, 10, 11, 12, 14, 16, 17, 18, 19, 20, 22, 24, 25, 26, 27, 29]
coalitoin 1: 
    paired fds:  [23, 12, 26, 14, 6, 4, 22, 3, 21, 0, 18, 25, 5]
    nearby fds:  [0, 1, 2, 3, 4, 5, 6, 8, 9, 10, 11, 12, 13, 14, 15, 16, 17, 18, 19, 20, 21, 22, 23, 24, 25, 26, 27, 28, 29]
coalitoin 2: 
    paired fds:  [20, 16, 7, 1, 10, 17, 11, 19]
    nearby fds:  [0, 1, 2, 4, 6, 7, 8, 9, 10, 11, 12, 13, 14, 15, 16, 17, 18, 19, 20, 22, 24, 25, 27, 28, 29]
coalitoin 3: 
    paired fds:  [13, 28, 15, 9]
    nearby fds:  [0, 1, 3, 4, 5, 6, 7, 9, 10, 11, 12, 13, 14, 15, 16, 17, 18, 19, 20, 21, 23, 25, 26, 28, 29]


*** round 26
coalitoin 0: 
    paired fds:  [27, 2, 8, 29, 24]
    nearby fds:  [0, 1, 2, 3, 4, 5, 6, 7, 8, 9, 10, 11, 12, 14, 16, 17, 18, 19, 20, 22, 24, 25, 26, 27, 29]
coalitoin 1: 
    paired fds:  [14, 22, 3, 21, 18, 5, 12, 23, 26, 4, 25, 6, 0]
    nearby fds:  [0, 1, 2, 3, 4, 5, 6, 8, 9, 10, 11, 12, 13, 14, 15, 16, 17, 18, 19, 20, 21, 22, 23, 24, 25, 26, 27, 28, 29]
coalitoin 2: 
    paired fds:  [1, 11, 7, 16, 19, 20, 17, 10]
    nearby fds:  [0, 1, 2, 4, 6, 7, 8, 9, 10, 11, 12, 13, 14, 15, 16, 17, 18, 19, 20, 22, 24, 25, 27, 28, 29]
coalitoin 3: 
    paired fds:  [28, 9, 13, 15]
    nearby fds:  [0, 1, 3, 4, 5, 6, 7, 9, 10, 11, 12, 13, 14, 15, 16, 17, 18, 19, 20, 21, 23, 25, 26, 28, 29]


*** round 27
coalitoin 0: 
    paired fds:  [27, 2, 24, 8, 29]
    nearby fds:  [0, 1, 2, 3, 4, 5, 6, 7, 8, 9, 10, 11, 12, 14, 16, 17, 18, 19, 20, 22, 24, 25, 26, 27, 29]
coalitoin 1: 
    paired fds:  [22, 3, 21, 18, 5, 23, 4, 12, 25, 0, 6, 26, 14]
    nearby fds:  [0, 1, 2, 3, 4, 5, 6, 8, 9, 10, 11, 12, 13, 14, 15, 16, 17, 18, 19, 20, 21, 22, 23, 24, 25, 26, 27, 28, 29]
coalitoin 2: 
    paired fds:  [1, 17, 19, 16, 10, 20, 7, 11]
    nearby fds:  [0, 1, 2, 4, 6, 7, 8, 9, 10, 11, 12, 13, 14, 15, 16, 17, 18, 19, 20, 22, 24, 25, 27, 28, 29]
coalitoin 3: 
    paired fds:  [28, 9, 13, 15]
    nearby fds:  [0, 1, 3, 4, 5, 6, 7, 9, 10, 11, 12, 13, 14, 15, 16, 17, 18, 19, 20, 21, 23, 25, 26, 28, 29]


*** round 28
coalitoin 0: 
    paired fds:  [24, 2, 8, 27, 29]
    nearby fds:  [0, 1, 2, 3, 4, 5, 6, 7, 8, 9, 10, 11, 12, 14, 16, 17, 18, 19, 20, 22, 24, 25, 26, 27, 29]
coalitoin 1: 
    paired fds:  [3, 21, 23, 25, 0, 6, 26, 5, 4, 14, 12, 22, 18]
    nearby fds:  [0, 1, 2, 3, 4, 5, 6, 8, 9, 10, 11, 12, 13, 14, 15, 16, 17, 18, 19, 20, 21, 22, 23, 24, 25, 26, 27, 28, 29]
coalitoin 2: 
    paired fds:  [19, 16, 20, 7, 10, 11, 1, 17]
    nearby fds:  [0, 1, 2, 4, 6, 7, 8, 9, 10, 11, 12, 13, 14, 15, 16, 17, 18, 19, 20, 22, 24, 25, 27, 28, 29]
coalitoin 3: 
    paired fds:  [28, 13, 15, 9]
    nearby fds:  [0, 1, 3, 4, 5, 6, 7, 9, 10, 11, 12, 13, 14, 15, 16, 17, 18, 19, 20, 21, 23, 25, 26, 28, 29]


*** round 29
coalitoin 0: 
    paired fds:  [8, 24, 2, 27, 29]
    nearby fds:  [0, 1, 2, 3, 4, 5, 6, 7, 8, 9, 10, 11, 12, 14, 16, 17, 18, 19, 20, 22, 24, 25, 26, 27, 29]
coalitoin 1: 
    paired fds:  [21, 23, 26, 5, 14, 22, 6, 0, 25, 4, 3, 18, 12]
    nearby fds:  [0, 1, 2, 3, 4, 5, 6, 8, 9, 10, 11, 12, 13, 14, 15, 16, 17, 18, 19, 20, 21, 22, 23, 24, 25, 26, 27, 28, 29]
coalitoin 2: 
    paired fds:  [7, 11, 1, 16, 20, 19, 17, 10]
    nearby fds:  [0, 1, 2, 4, 6, 7, 8, 9, 10, 11, 12, 13, 14, 15, 16, 17, 18, 19, 20, 22, 24, 25, 27, 28, 29]
coalitoin 3: 
    paired fds:  [13, 28, 15, 9]
    nearby fds:  [0, 1, 3, 4, 5, 6, 7, 9, 10, 11, 12, 13, 14, 15, 16, 17, 18, 19, 20, 21, 23, 25, 26, 28, 29]
fd  2 in coalition 0 was selected to forward
fd  5 in coalition 1 was selected to forward
fd 17 in coalition 2 was selected to forward
fd 15 in coalition 3 was selected to forward
fd  2 in coalition 0 was selected to forward
fd  5 in coalition 1 was selected to forward
fd 17 in coalition 2 was selected to forward
fd 15 in coalition 3 was selected to forward
fd  2 in coalition 0 was selected to forward
fd  5 in coalition 1 was selected to forward
fd 17 in coalition 2 was selected to forward
fd 15 in coalition 3 was selected to forward
fd  2 in coalition 0 was selected to forward
fd  5 in coalition 1 was selected to forward
fd 17 in coalition 2 was selected to forward
fd 15 in coalition 3 was selected to forward
fd  2 in coalition 0 was selected to forward
fd  5 in coalition 1 was selected to forward
fd 17 in coalition 2 was selected to forward
fd 15 in coalition 3 was selected to forward
fd  2 in coalition 0 was selected to forward
fd  5 in coalition 1 was selected to forward
fd 17 in coalition 2 was selected to forward
fd 15 in coalition 3 was selected to forward
fd  2 in coalition 0 was selected to forward
fd  5 in coalition 1 was selected to forward
fd 17 in coalition 2 was selected to forward
fd 15 in coalition 3 was selected to forward
fd  2 in coalition 0 was selected to forward
fd  5 in coalition 1 was selected to forward
fd  7 in coalition 2 was selected to forward
fd 13 in coalition 3 was selected to forward
fd 24 in coalition 0 was selected to forward
fd  3 in coalition 1 was selected to forward
fd  7 in coalition 2 was selected to forward
fd 13 in coalition 3 was selected to forward
fd 24 in coalition 0 was selected to forward
fd  3 in coalition 1 was selected to forward
fd  7 in coalition 2 was selected to forward
fd 13 in coalition 3 was selected to forward
fd 24 in coalition 0 was selected to forward
fd  3 in coalition 1 was selected to forward
fd  7 in coalition 2 was selected to forward
fd 13 in coalition 3 was selected to forward
fd 24 in coalition 0 was selected to forward
fd  3 in coalition 1 was selected to forward
fd  7 in coalition 2 was selected to forward
fd 13 in coalition 3 was selected to forward
fd 24 in coalition 0 was selected to forward
fd  3 in coalition 1 was selected to forward
fd  7 in coalition 2 was selected to forward
fd 13 in coalition 3 was selected to forward
fd  8 in coalition 0 was selected to forward
fd  3 in coalition 1 was selected to forward
fd  7 in coalition 2 was selected to forward
fd 13 in coalition 3 was selected to forward
fd  8 in coalition 0 was selected to forward
fd  3 in coalition 1 was selected to forward
fd  1 in coalition 2 was selected to forward
fd 28 in coalition 3 was selected to forward
fd  8 in coalition 0 was selected to forward
fd 25 in coalition 1 was selected to forward
fd  1 in coalition 2 was selected to forward
fd 28 in coalition 3 was selected to forward
fd  8 in coalition 0 was selected to forward
fd 25 in coalition 1 was selected to forward
fd  1 in coalition 2 was selected to forward
fd 28 in coalition 3 was selected to forward
fd  8 in coalition 0 was selected to forward
fd 25 in coalition 1 was selected to forward
fd  1 in coalition 2 was selected to forward
fd 28 in coalition 3 was selected to forward
fd  8 in coalition 0 was selected to forward
fd 25 in coalition 1 was selected to forward
fd  1 in coalition 2 was selected to forward
fd 15 in coalition 3 was selected to forward
fd 27 in coalition 0 was selected to forward
fd 25 in coalition 1 was selected to forward
fd  1 in coalition 2 was selected to forward
fd 28 in coalition 3 was selected to forward
fd 27 in coalition 0 was selected to forward
fd 25 in coalition 1 was selected to forward
fd  1 in coalition 2 was selected to forward
fd 28 in coalition 3 was selected to forward
fd 27 in coalition 0 was selected to forward
fd 25 in coalition 1 was selected to forward
fd 16 in coalition 2 was selected to forward
fd 28 in coalition 3 was selected to forward
fd 27 in coalition 0 was selected to forward
fd 26 in coalition 1 was selected to forward
fd 16 in coalition 2 was selected to forward
fd  9 in coalition 3 was selected to forward
fd 27 in coalition 0 was selected to forward
fd 26 in coalition 1 was selected to forward
fd 16 in coalition 2 was selected to forward
fd  9 in coalition 3 was selected to forward
fd 27 in coalition 0 was selected to forward
fd  3 in coalition 1 was selected to forward
fd 16 in coalition 2 was selected to forward
fd  9 in coalition 3 was selected to forward
fd 27 in coalition 0 was selected to forward
fd 26 in coalition 1 was selected to forward
fd 16 in coalition 2 was selected to forward
fd  9 in coalition 3 was selected to forward
fd 29 in coalition 0 was selected to forward
fd 26 in coalition 1 was selected to forward
fd 19 in coalition 2 was selected to forward
fd  9 in coalition 3 was selected to forward
fd 29 in coalition 0 was selected to forward
fd 26 in coalition 1 was selected to forward
fd 19 in coalition 2 was selected to forward
fd  9 in coalition 3 was selected to forward
fd 29 in coalition 0 was selected to forward
fd 14 in coalition 1 was selected to forward
fd 19 in coalition 2 was selected to forward
fd  9 in coalition 3 was selected to forward
fd 29 in coalition 0 was selected to forward
fd 14 in coalition 1 was selected to forward
fd 19 in coalition 2 was selected to forward
fd  9 in coalition 3 was selected to forward
fd 29 in coalition 0 was selected to forward
fd 14 in coalition 1 was selected to forward
fd 19 in coalition 2 was selected to forward
None is selected in coalition 3
fd 29 in coalition 0 was selected to forward
fd 25 in coalition 1 was selected to forward
fd 19 in coalition 2 was selected to forward
None is selected in coalition 3


***********************
coalition_history =  [[{'num': 0, 'capacity': 3.341898255651854, 'paired_fds': [8, 26, 27, 3, 24], 'game_sel': 24}, {'num': 1, 'capacity': 3.144578101465925, 'paired_fds': [20, 21, 22, 23, 10, 6, 14, 11, 5, 25, 2, 16, 4], 'game_sel': 5}, {'num': 2, 'capacity': 3.327111712805136, 'paired_fds': [12, 0, 17, 18, 13, 1, 29, 7], 'game_sel': 17}, {'num': 3, 'capacity': 3.812004861471059, 'paired_fds': [15, 9, 28, 19], 'game_sel': 15}], [{'num': 0, 'capacity': 3.3418982556518535, 'paired_fds': [24, 8, 27, 26, 3], 'game_sel': 24}, {'num': 1, 'capacity': 3.1445781014659255, 'paired_fds': [23, 10, 14, 25, 16, 4, 6, 5, 2, 22, 20, 21, 11], 'game_sel': 5}, {'num': 2, 'capacity': 3.247469423362003, 'paired_fds': [17, 13, 29, 1, 19, 18, 12, 7], 'game_sel': 17}, {'num': 3, 'capacity': 3.8218704388149964, 'paired_fds': [28, 9, 15, 0], 'game_sel': 15}], [{'num': 0, 'capacity': 3.3841247285522096, 'paired_fds': [24, 8, 27, 3, 20], 'game_sel': 24}, {'num': 1, 'capacity': 3.1073044650182946, 'paired_fds': [23, 10, 4, 6, 2, 22, 21, 11, 16, 14, 25, 0, 5], 'game_sel': 5}, {'num': 2, 'capacity': 3.2103283557302635, 'paired_fds': [29, 1, 18, 19, 13, 17, 9, 7], 'game_sel': 17}, {'num': 3, 'capacity': 3.8289248974380503, 'paired_fds': [28, 26, 15, 12], 'game_sel': 15}], [{'num': 0, 'capacity': 3.3361053353193744, 'paired_fds': [3, 24, 8, 27, 11], 'game_sel': 24}, {'num': 1, 'capacity': 3.1131213988072632, 'paired_fds': [23, 4, 6, 22, 21, 16, 14, 5, 2, 25, 10, 0, 20], 'game_sel': 5}, {'num': 2, 'capacity': 3.210328355730263, 'paired_fds': [29, 13, 1, 7, 18, 9, 17, 19], 'game_sel': 17}, {'num': 3, 'capacity': 3.8289248974380503, 'paired_fds': [15, 26, 12, 28], 'game_sel': 15}], [{'num': 0, 'capacity': 3.410804776596649, 'paired_fds': [24, 11, 27, 18, 8], 'game_sel': 24}, {'num': 1, 'capacity': 3.050528871344833, 'paired_fds': [23, 4, 2, 0, 25, 6, 16, 14, 22, 26, 5, 12, 21], 'game_sel': 5}, {'num': 2, 'capacity': 3.15962716784839, 'paired_fds': [13, 29, 1, 9, 17, 19, 7, 20], 'game_sel': 17}, {'num': 3, 'capacity': 3.829660863474004, 'paired_fds': [15, 3, 28, 10], 'game_sel': 15}], [{'num': 0, 'capacity': 3.3361053353193744, 'paired_fds': [24, 27, 3, 8, 11], 'game_sel': 24}, {'num': 1, 'capacity': 3.0799073982618435, 'paired_fds': [2, 0, 6, 16, 26, 5, 22, 14, 23, 18, 12, 4, 25], 'game_sel': 5}, {'num': 2, 'capacity': 3.159627167848389, 'paired_fds': [9, 7, 29, 13, 17, 20, 1, 19], 'game_sel': 17}, {'num': 3, 'capacity': 3.7267765669545536, 'paired_fds': [28, 10, 21, 15], 'game_sel': 15}], [{'num': 0, 'capacity': 3.424139459448749, 'paired_fds': [8, 27, 10, 11, 24], 'game_sel': 24}, {'num': 1, 'capacity': 3.0349774088008807, 'paired_fds': [2, 16, 26, 14, 23, 4, 22, 6, 5, 3, 25, 18, 12], 'game_sel': 5}, {'num': 2, 'capacity': 3.15962716784839, 'paired_fds': [1, 17, 9, 13, 20, 7, 29, 19], 'game_sel': 17}, {'num': 3, 'capacity': 3.636860246225094, 'paired_fds': [21, 15, 28, 0], 'game_sel': 15}], [{'num': 0, 'capacity': 3.1321488160313384, 'paired_fds': [27, 8, 24, 11, 2], 'game_sel': 2}, {'num': 1, 'capacity': 3.0679365825679756, 'paired_fds': [16, 26, 23, 4, 5, 12, 18, 3, 22, 6, 10, 14, 25], 'game_sel': 5}, {'num': 2, 'capacity': 3.1830857866194924, 'paired_fds': [1, 20, 7, 0, 17, 19, 29, 9], 'game_sel': 17}, {'num': 3, 'capacity': 3.489588728954546, 'paired_fds': [21, 28, 13, 15], 'game_sel': 15}], [{'num': 0, 'capacity': 3.132148816031339, 'paired_fds': [8, 2, 27, 11, 24], 'game_sel': 2}, {'num': 1, 'capacity': 3.0147349489358457, 'paired_fds': [23, 18, 22, 6, 25, 14, 5, 26, 4, 21, 3, 16, 12], 'game_sel': 5}, {'num': 2, 'capacity': 3.1830857866194915, 'paired_fds': [7, 9, 20, 19, 1, 0, 17, 29], 'game_sel': 17}, {'num': 3, 'capacity': 3.7401675803190466, 'paired_fds': [13, 28, 15, 10], 'game_sel': 15}], [{'num': 0, 'capacity': 3.1321488160313384, 'paired_fds': [27, 24, 8, 11, 2], 'game_sel': 2}, {'num': 1, 'capacity': 2.994299694719731, 'paired_fds': [23, 18, 22, 5, 26, 16, 21, 25, 29, 4, 6, 3, 14], 'game_sel': 5}, {'num': 2, 'capacity': 3.216247279179824, 'paired_fds': [0, 12, 9, 1, 20, 7, 19, 17], 'game_sel': 17}, {'num': 3, 'capacity': 3.7401675803190466, 'paired_fds': [15, 10, 13, 28], 'game_sel': 15}], [{'num': 0, 'capacity': 3.132148816031339, 'paired_fds': [27, 2, 8, 11, 24], 'game_sel': 2}, {'num': 1, 'capacity': 3.0107861621551826, 'paired_fds': [23, 18, 4, 3, 14, 5, 21, 29, 25, 22, 12, 6, 26], 'game_sel': 5}, {'num': 2, 'capacity': 3.1920221499511405, 'paired_fds': [19, 1, 20, 17, 7, 10, 9, 0], 'game_sel': 17}, {'num': 3, 'capacity': 3.654688089147373, 'paired_fds': [13, 15, 28, 16], 'game_sel': 15}], [{'num': 0, 'capacity': 3.1321488160313393, 'paired_fds': [27, 24, 2, 8, 11], 'game_sel': 2}, {'num': 1, 'capacity': 3.0107861621551826, 'paired_fds': [23, 4, 14, 22, 6, 26, 3, 29, 25, 12, 21, 5, 18], 'game_sel': 5}, {'num': 2, 'capacity': 3.1920221499511414, 'paired_fds': [20, 7, 10, 1, 17, 19, 0, 9], 'game_sel': 17}, {'num': 3, 'capacity': 3.6546880891473745, 'paired_fds': [15, 16, 13, 28], 'game_sel': 15}], [{'num': 0, 'capacity': 3.136855243454105, 'paired_fds': [2, 8, 27, 24, 0], 'game_sel': 2}, {'num': 1, 'capacity': 3.0107861621551826, 'paired_fds': [23, 4, 6, 26, 29, 21, 18, 5, 25, 12, 22, 3, 14], 'game_sel': 5}, {'num': 2, 'capacity': 3.111409803586065, 'paired_fds': [7, 19, 11, 16, 1, 17, 10, 20], 'game_sel': 17}, {'num': 3, 'capacity': 3.6522166678669166, 'paired_fds': [15, 28, 13, 9], 'game_sel': 15}], [{'num': 0, 'capacity': 3.1368552434541046, 'paired_fds': [24, 0, 2, 27, 8], 'game_sel': 2}, {'num': 1, 'capacity': 3.0107861621551826, 'paired_fds': [23, 21, 5, 22, 14, 26, 4, 12, 3, 25, 29, 18, 6], 'game_sel': 5}, {'num': 2, 'capacity': 3.1114098035860644, 'paired_fds': [1, 17, 11, 19, 20, 16, 10, 7], 'game_sel': 17}, {'num': 3, 'capacity': 3.6522166678669166, 'paired_fds': [13, 9, 15, 28], 'game_sel': 15}], [{'num': 0, 'capacity': 3.136855243454105, 'paired_fds': [2, 24, 27, 8, 0], 'game_sel': 2}, {'num': 1, 'capacity': 3.010786162155183, 'paired_fds': [21, 5, 26, 12, 29, 18, 3, 25, 14, 23, 6, 22, 4], 'game_sel': 5}, {'num': 2, 'capacity': 3.111409803586065, 'paired_fds': [11, 16, 7, 10, 1, 19, 20, 17], 'game_sel': 17}, {'num': 3, 'capacity': 3.6522166678669166, 'paired_fds': [13, 15, 28, 9], 'game_sel': 15}], [{'num': 0, 'capacity': 3.136855243454105, 'paired_fds': [27, 24, 8, 2, 0], 'game_sel': 2}, {'num': 1, 'capacity': 3.0107861621551812, 'paired_fds': [21, 14, 23, 22, 5, 25, 6, 4, 18, 12, 29, 26, 3], 'game_sel': 5}, {'num': 2, 'capacity': 3.1114098035860653, 'paired_fds': [19, 20, 11, 7, 16, 1, 17, 10], 'game_sel': 17}, {'num': 3, 'capacity': 3.6522166678669166, 'paired_fds': [13, 28, 15, 9], 'game_sel': 15}], [{'num': 0, 'capacity': 3.120481098644813, 'paired_fds': [27, 24, 2, 4, 8], 'game_sel': 2}, {'num': 1, 'capacity': 2.9940065197829746, 'paired_fds': [21, 14, 23, 5, 6, 18, 12, 29, 3, 25, 22, 26, 0], 'game_sel': 5}, {'num': 2, 'capacity': 3.1114098035860653, 'paired_fds': [20, 7, 16, 19, 10, 11, 17, 1], 'game_sel': 17}, {'num': 3, 'capacity': 3.6522166678669166, 'paired_fds': [9, 28, 13, 15], 'game_sel': 15}], [{'num': 0, 'capacity': 3.120481098644813, 'paired_fds': [2, 24, 27, 8, 4], 'game_sel': 2}, {'num': 1, 'capacity': 2.9940065197829746, 'paired_fds': [14, 23, 5, 29, 3, 25, 26, 0, 12, 21, 18, 6, 22], 'game_sel': 5}, {'num': 2, 'capacity': 3.1114098035860653, 'paired_fds': [20, 7, 16, 19, 11, 10, 17, 1], 'game_sel': 17}, {'num': 3, 'capacity': 3.6522166678669166, 'paired_fds': [28, 15, 13, 9], 'game_sel': 15}], [{'num': 0, 'capacity': 3.120481098644813, 'paired_fds': [2, 24, 27, 4, 8], 'game_sel': 2}, {'num': 1, 'capacity': 2.9940065197829746, 'paired_fds': [14, 23, 5, 3, 26, 0, 21, 18, 29, 12, 25, 6, 22], 'game_sel': 5}, {'num': 2, 'capacity': 3.1114098035860644, 'paired_fds': [10, 1, 20, 7, 17, 11, 16, 19], 'game_sel': 17}, {'num': 3, 'capacity': 3.6522166678669166, 'paired_fds': [15, 13, 9, 28], 'game_sel': 15}], [{'num': 0, 'capacity': 3.120481098644814, 'paired_fds': [24, 8, 2, 27, 4], 'game_sel': 2}, {'num': 1, 'capacity': 2.9940065197829755, 'paired_fds': [14, 23, 5, 12, 22, 18, 25, 0, 29, 6, 26, 21, 3], 'game_sel': 5}, {'num': 2, 'capacity': 3.1114098035860644, 'paired_fds': [10, 20, 11, 1, 19, 16, 17, 7], 'game_sel': 17}, {'num': 3, 'capacity': 3.6522166678669166, 'paired_fds': [13, 28, 15, 9], 'game_sel': 15}], [{'num': 0, 'capacity': 3.1204810986448135, 'paired_fds': [2, 27, 8, 4, 24], 'game_sel': 2}, {'num': 1, 'capacity': 2.9940065197829746, 'paired_fds': [14, 23, 18, 25, 26, 3, 22, 5, 21, 0, 6, 12, 29], 'game_sel': 5}, {'num': 2, 'capacity': 3.1114098035860644, 'paired_fds': [1, 16, 11, 10, 20, 7, 17, 19], 'game_sel': 17}, {'num': 3, 'capacity': 3.6522166678669166, 'paired_fds': [13, 9, 15, 28], 'game_sel': 15}], [{'num': 0, 'capacity': 3.1294552683107018, 'paired_fds': [24, 8, 2, 27, 29], 'game_sel': 2}, {'num': 1, 'capacity': 2.9865022394632756, 'paired_fds': [14, 23, 26, 3, 22, 0, 12, 21, 6, 5, 25, 4, 18], 'game_sel': 5}, {'num': 2, 'capacity': 3.111409803586065, 'paired_fds': [16, 11, 20, 7, 1, 10, 19, 17], 'game_sel': 17}, {'num': 3, 'capacity': 3.6522166678669166, 'paired_fds': [28, 15, 13, 9], 'game_sel': 15}], [{'num': 0, 'capacity': 3.129455268310701, 'paired_fds': [2, 27, 29, 24, 8], 'game_sel': 2}, {'num': 1, 'capacity': 2.986502239463275, 'paired_fds': [23, 3, 22, 21, 5, 18, 14, 26, 6, 4, 0, 25, 12], 'game_sel': 5}, {'num': 2, 'capacity': 3.1114098035860644, 'paired_fds': [7, 10, 20, 17, 16, 1, 11, 19], 'game_sel': 17}, {'num': 3, 'capacity': 3.6522166678669166, 'paired_fds': [15, 28, 13, 9], 'game_sel': 15}], [{'num': 0, 'capacity': 3.1294552683107, 'paired_fds': [29, 8, 2, 27, 24], 'game_sel': 2}, {'num': 1, 'capacity': 2.9865022394632756, 'paired_fds': [23, 3, 22, 21, 18, 0, 12, 5, 26, 6, 14, 4, 25], 'game_sel': 5}, {'num': 2, 'capacity': 3.111409803586064, 'paired_fds': [7, 19, 1, 20, 17, 16, 11, 10], 'game_sel': 17}, {'num': 3, 'capacity': 3.6522166678669166, 'paired_fds': [13, 15, 28, 9], 'game_sel': 15}], [{'num': 0, 'capacity': 3.1294552683107018, 'paired_fds': [8, 2, 24, 27, 29], 'game_sel': 2}, {'num': 1, 'capacity': 2.9865022394632756, 'paired_fds': [23, 3, 21, 12, 5, 26, 14, 25, 6, 22, 18, 4, 0], 'game_sel': 5}, {'num': 2, 'capacity': 3.111409803586064, 'paired_fds': [7, 19, 11, 1, 20, 16, 10, 17], 'game_sel': 17}, {'num': 3, 'capacity': 3.6522166678669166, 'paired_fds': [13, 15, 9, 28], 'game_sel': 15}], [{'num': 0, 'capacity': 3.1294552683107018, 'paired_fds': [2, 24, 8, 27, 29], 'game_sel': 2}, {'num': 1, 'capacity': 2.9865022394632756, 'paired_fds': [23, 12, 26, 14, 6, 4, 22, 3, 21, 0, 18, 25, 5], 'game_sel': 5}, {'num': 2, 'capacity': 3.1114098035860644, 'paired_fds': [20, 16, 7, 1, 10, 17, 11, 19], 'game_sel': 17}, {'num': 3, 'capacity': 3.6522166678669166, 'paired_fds': [13, 28, 15, 9], 'game_sel': 15}], [{'num': 0, 'capacity': 3.129455268310701, 'paired_fds': [27, 2, 8, 29, 24], 'game_sel': 2}, {'num': 1, 'capacity': 2.986502239463276, 'paired_fds': [14, 22, 3, 21, 18, 5, 12, 23, 26, 4, 25, 6, 0], 'game_sel': 5}, {'num': 2, 'capacity': 3.1114098035860644, 'paired_fds': [1, 11, 7, 16, 19, 20, 17, 10], 'game_sel': 17}, {'num': 3, 'capacity': 3.6522166678669166, 'paired_fds': [28, 9, 13, 15], 'game_sel': 15}], [{'num': 0, 'capacity': 3.1294552683107018, 'paired_fds': [27, 2, 24, 8, 29], 'game_sel': 2}, {'num': 1, 'capacity': 2.9865022394632756, 'paired_fds': [22, 3, 21, 18, 5, 23, 4, 12, 25, 0, 6, 26, 14], 'game_sel': 5}, {'num': 2, 'capacity': 3.111409803586064, 'paired_fds': [1, 17, 19, 16, 10, 20, 7, 11], 'game_sel': 17}, {'num': 3, 'capacity': 3.6522166678669166, 'paired_fds': [28, 9, 13, 15], 'game_sel': 15}], [{'num': 0, 'capacity': 3.1294552683107018, 'paired_fds': [24, 2, 8, 27, 29], 'game_sel': 2}, {'num': 1, 'capacity': 2.9865022394632756, 'paired_fds': [3, 21, 23, 25, 0, 6, 26, 5, 4, 14, 12, 22, 18], 'game_sel': 5}, {'num': 2, 'capacity': 3.1114098035860653, 'paired_fds': [19, 16, 20, 7, 10, 11, 1, 17], 'game_sel': 17}, {'num': 3, 'capacity': 3.6522166678669166, 'paired_fds': [28, 13, 15, 9], 'game_sel': 15}], [{'num': 0, 'capacity': 3.1294552683107018, 'paired_fds': [8, 24, 2, 27, 29], 'game_sel': 2}, {'num': 1, 'capacity': 2.9865022394632756, 'paired_fds': [21, 23, 26, 5, 14, 22, 6, 0, 25, 4, 3, 18, 12], 'game_sel': 5}, {'num': 2, 'capacity': 3.1114098035860644, 'paired_fds': [7, 11, 1, 16, 20, 19, 17, 10], 'game_sel': 17}, {'num': 3, 'capacity': 3.6522166678669166, 'paired_fds': [13, 28, 15, 9], 'game_sel': 15}]]
***********************
select_history =  [[{'f_bs': 235.5094591540522, 'f_fd': 106.84263340131935, 'num': 2, 'gains': 106.84263340131935, 'power': 0.004329333646652783}, {'f_bs': 237.44255177674057, 'f_fd': 107.10452516659512, 'num': 5, 'gains': 107.10452516659512, 'power': 0.004377033977252957}, {'f_bs': 235.9042079026987, 'f_fd': 106.8964969977379, 'num': 17, 'gains': 106.8964969977379, 'power': 0.0036513498333698453}, {'f_bs': 231.494518614903, 'f_fd': 106.28334368407556, 'num': 15, 'gains': 106.28334368407556, 'power': 0.0040491879150167465}], [{'f_bs': 235.5094591540522, 'f_fd': 106.84263340131935, 'num': 2, 'gains': 213.6852668026387, 'power': 0.003729333646652783}, {'f_bs': 237.44255177674057, 'f_fd': 107.10452516659512, 'num': 5, 'gains': 214.20905033319025, 'power': 0.0037770339772529573}, {'f_bs': 235.9042079026987, 'f_fd': 106.8964969977379, 'num': 17, 'gains': 213.7929939954758, 'power': 0.0030513498333698454}, {'f_bs': 231.494518614903, 'f_fd': 106.28334368407556, 'num': 15, 'gains': 212.56668736815112, 'power': 0.0034491879150167467}], [{'f_bs': 235.5094591540522, 'f_fd': 106.84263340131935, 'num': 2, 'gains': 320.52790020395804, 'power': 0.003129333646652783}, {'f_bs': 237.44255177674057, 'f_fd': 107.10452516659512, 'num': 5, 'gains': 321.3135754997854, 'power': 0.0031770339772529575}, {'f_bs': 235.9042079026987, 'f_fd': 106.8964969977379, 'num': 17, 'gains': 320.68949099321367, 'power': 0.0024513498333698456}, {'f_bs': 231.494518614903, 'f_fd': 106.28334368407556, 'num': 15, 'gains': 318.85003105222665, 'power': 0.002849187915016747}], [{'f_bs': 235.5094591540522, 'f_fd': 106.84263340131935, 'num': 2, 'gains': 427.3705336052774, 'power': 0.0025293336466527833}, {'f_bs': 237.44255177674057, 'f_fd': 107.10452516659512, 'num': 5, 'gains': 428.4181006663805, 'power': 0.0025770339772529577}, {'f_bs': 235.9042079026987, 'f_fd': 106.8964969977379, 'num': 17, 'gains': 427.5859879909516, 'power': 0.0018513498333698455}, {'f_bs': 231.494518614903, 'f_fd': 106.28334368407556, 'num': 15, 'gains': 425.13337473630224, 'power': 0.002249187915016747}], [{'f_bs': 235.5094591540522, 'f_fd': 106.84263340131935, 'num': 2, 'gains': 534.2131670065967, 'power': 0.0019293336466527833}, {'f_bs': 237.44255177674057, 'f_fd': 107.10452516659512, 'num': 5, 'gains': 535.5226258329756, 'power': 0.001977033977252958}, {'f_bs': 235.9042079026987, 'f_fd': 106.8964969977379, 'num': 17, 'gains': 534.4824849886895, 'power': 0.0012513498333698455}, {'f_bs': 231.494518614903, 'f_fd': 106.28334368407556, 'num': 15, 'gains': 531.4167184203778, 'power': 0.001649187915016747}], [{'f_bs': 235.5094591540522, 'f_fd': 106.84263340131935, 'num': 2, 'gains': 641.055800407916, 'power': 0.0013293336466527832}, {'f_bs': 237.44255177674057, 'f_fd': 107.10452516659512, 'num': 5, 'gains': 642.6271509995706, 'power': 0.0013770339772529578}, {'f_bs': 235.9042079026987, 'f_fd': 106.8964969977379, 'num': 17, 'gains': 641.3789819864274, 'power': 0.0006513498333698454}, {'f_bs': 231.494518614903, 'f_fd': 106.28334368407556, 'num': 15, 'gains': 637.7000621044534, 'power': 0.0010491879150167469}], [{'f_bs': 235.5094591540522, 'f_fd': 106.84263340131935, 'num': 2, 'gains': 747.8984338092353, 'power': 0.0007293336466527832}, {'f_bs': 237.44255177674057, 'f_fd': 107.10452516659512, 'num': 5, 'gains': 749.7316761661657, 'power': 0.0007770339772529577}, {'f_bs': 235.9042079026987, 'f_fd': 106.8964969977379, 'num': 17, 'gains': 748.2754789841654, 'power': 5.134983336984537e-05}, {'f_bs': 231.494518614903, 'f_fd': 106.28334368407556, 'num': 15, 'gains': 743.983405788529, 'power': 0.0004491879150167468}], [{'f_bs': 235.5094591540522, 'f_fd': 106.84263340131935, 'num': 2, 'gains': 854.7410672105545, 'power': 0.0001293336466527831}, {'f_bs': 237.44255177674057, 'f_fd': 107.10452516659512, 'num': 5, 'gains': 856.8362013327608, 'power': 0.00017703397725295764}, {'f_bs': 231.3207419637574, 'f_fd': 106.25865702762073, 'num': 7, 'gains': 106.25865702762073, 'power': 0.003706248930964354}, {'f_bs': 227.2500937691937, 'f_fd': 104.66863326199058, 'num': 13, 'gains': 104.66863326199058, 'power': 0.003857791748025814}], [{'f_bs': 232.2336193675628, 'f_fd': 106.3878902370304, 'num': 24, 'gains': 106.3878902370304, 'power': 0.0025396804528909278}, {'f_bs': 235.33406369232233, 'f_fd': 106.81863692008011, 'num': 3, 'gains': 106.81863692008011, 'power': 0.004101450722471667}, {'f_bs': 231.3207419637574, 'f_fd': 106.25865702762073, 'num': 7, 'gains': 212.51731405524146, 'power': 0.003106248930964354}, {'f_bs': 227.2500937691937, 'f_fd': 104.66863326199058, 'num': 13, 'gains': 209.33726652398116, 'power': 0.0032177917480258143}], [{'f_bs': 232.2336193675628, 'f_fd': 106.3878902370304, 'num': 24, 'gains': 212.7757804740608, 'power': 0.0019396804528909277}, {'f_bs': 235.33406369232233, 'f_fd': 106.81863692008011, 'num': 3, 'gains': 213.63727384016022, 'power': 0.0035014507224716673}, {'f_bs': 231.3207419637574, 'f_fd': 106.25865702762073, 'num': 7, 'gains': 318.77597108286216, 'power': 0.002506248930964354}, {'f_bs': 227.2500937691937, 'f_fd': 104.66863326199058, 'num': 13, 'gains': 314.00589978597174, 'power': 0.0025777917480258143}], [{'f_bs': 232.2336193675628, 'f_fd': 106.3878902370304, 'num': 24, 'gains': 319.1636707110912, 'power': 0.0013396804528909277}, {'f_bs': 235.33406369232233, 'f_fd': 106.81863692008011, 'num': 3, 'gains': 320.45591076024033, 'power': 0.0029014507224716674}, {'f_bs': 231.3207419637574, 'f_fd': 106.25865702762073, 'num': 7, 'gains': 425.0346281104829, 'power': 0.0019062489309643541}, {'f_bs': 227.2500937691937, 'f_fd': 104.66863326199058, 'num': 13, 'gains': 418.6745330479623, 'power': 0.0019377917480258144}], [{'f_bs': 232.2336193675628, 'f_fd': 106.3878902370304, 'num': 24, 'gains': 425.5515609481216, 'power': 0.0007396804528909276}, {'f_bs': 235.33406369232233, 'f_fd': 106.81863692008011, 'num': 3, 'gains': 427.27454768032044, 'power': 0.0023014507224716676}, {'f_bs': 231.3207419637574, 'f_fd': 106.25865702762073, 'num': 7, 'gains': 531.2932851381037, 'power': 0.001306248930964354}, {'f_bs': 227.2500937691937, 'f_fd': 104.66863326199058, 'num': 13, 'gains': 523.343166309953, 'power': 0.0012977917480258144}], [{'f_bs': 232.2336193675628, 'f_fd': 106.3878902370304, 'num': 24, 'gains': 531.939451185152, 'power': 0.00013968045289092755}, {'f_bs': 235.33406369232233, 'f_fd': 106.81863692008011, 'num': 3, 'gains': 534.0931846004005, 'power': 0.0017014507224716675}, {'f_bs': 231.3207419637574, 'f_fd': 106.25865702762073, 'num': 7, 'gains': 637.5519421657244, 'power': 0.000706248930964354}, {'f_bs': 227.2500937691937, 'f_fd': 104.66863326199058, 'num': 13, 'gains': 628.0117995719436, 'power': 0.0006577917480258144}], [{'f_bs': 229.24168354381953, 'f_fd': 105.96014675073121, 'num': 8, 'gains': 105.96014675073121, 'power': 0.0031498532240538182}, {'f_bs': 235.33406369232233, 'f_fd': 106.81863692008011, 'num': 3, 'gains': 640.9118215204805, 'power': 0.0011014507224716675}, {'f_bs': 231.3207419637574, 'f_fd': 106.25865702762073, 'num': 7, 'gains': 743.8105991933452, 'power': 0.00010624893096435398}, {'f_bs': 227.2500937691937, 'f_fd': 104.66863326199058, 'num': 13, 'gains': 732.6804328339342, 'power': 1.7791748025814324e-05}], [{'f_bs': 229.24168354381953, 'f_fd': 105.96014675073121, 'num': 8, 'gains': 211.92029350146242, 'power': 0.0025498532240538184}, {'f_bs': 235.33406369232233, 'f_fd': 106.81863692008011, 'num': 3, 'gains': 747.7304584405606, 'power': 0.0005014507224716674}, {'f_bs': 230.87795189503504, 'f_fd': 105.1955714086593, 'num': 1, 'gains': 105.1955714086593, 'power': 0.004228424176872164}, {'f_bs': 226.27100722889165, 'f_fd': 105.52328639619546, 'num': 28, 'gains': 105.52328639619546, 'power': 0.0039828839377156}], [{'f_bs': 229.24168354381953, 'f_fd': 105.96014675073121, 'num': 8, 'gains': 317.88044025219364, 'power': 0.0019498532240538183}, {'f_bs': 230.32328798067354, 'f_fd': 106.11617423004427, 'num': 25, 'gains': 106.11617423004427, 'power': 0.003978877172923114}, {'f_bs': 230.87795189503504, 'f_fd': 105.1955714086593, 'num': 1, 'gains': 210.3911428173186, 'power': 0.0035884241768721643}, {'f_bs': 226.27100722889165, 'f_fd': 105.52328639619546, 'num': 28, 'gains': 211.04657279239092, 'power': 0.0033828839377156}], [{'f_bs': 229.24168354381953, 'f_fd': 105.96014675073121, 'num': 8, 'gains': 423.84058700292485, 'power': 0.0013498532240538183}, {'f_bs': 230.32328798067354, 'f_fd': 106.11617423004427, 'num': 25, 'gains': 212.23234846008853, 'power': 0.003378877172923114}, {'f_bs': 230.87795189503504, 'f_fd': 105.1955714086593, 'num': 1, 'gains': 315.5867142259779, 'power': 0.0029484241768721643}, {'f_bs': 226.27100722889165, 'f_fd': 105.52328639619546, 'num': 28, 'gains': 316.5698591885864, 'power': 0.0027828839377156004}], [{'f_bs': 229.24168354381953, 'f_fd': 105.96014675073121, 'num': 8, 'gains': 529.800733753656, 'power': 0.0007498532240538182}, {'f_bs': 230.32328798067354, 'f_fd': 106.11617423004427, 'num': 25, 'gains': 318.34852269013277, 'power': 0.002778877172923114}, {'f_bs': 230.87795189503504, 'f_fd': 105.1955714086593, 'num': 1, 'gains': 420.7822856346372, 'power': 0.0023084241768721644}, {'f_bs': 226.27100722889165, 'f_fd': 105.52328639619546, 'num': 28, 'gains': 422.09314558478184, 'power': 0.0021828839377156005}], [{'f_bs': 229.24168354381953, 'f_fd': 105.96014675073121, 'num': 8, 'gains': 635.7608805043872, 'power': 0.00014985322405381817}, {'f_bs': 230.32328798067354, 'f_fd': 106.11617423004427, 'num': 25, 'gains': 424.46469692017706, 'power': 0.0021788771729231143}, {'f_bs': 230.87795189503504, 'f_fd': 105.1955714086593, 'num': 1, 'gains': 525.9778570432966, 'power': 0.0016684241768721644}, {'f_bs': 231.494518614903, 'f_fd': 106.28334368407556, 'num': 15, 'gains': 850.2667494726046, 'power': 3.967657964403567e-06}], [{'f_bs': 224.1660007495825, 'f_fd': 104.20615799682764, 'num': 27, 'gains': 104.20615799682764, 'power': 0.0041819082818785385}, {'f_bs': 230.32328798067354, 'f_fd': 106.11617423004427, 'num': 25, 'gains': 530.5808711502214, 'power': 0.0015788771729231142}, {'f_bs': 230.87795189503504, 'f_fd': 105.1955714086593, 'num': 1, 'gains': 631.1734284519559, 'power': 0.0010284241768721645}, {'f_bs': 226.27100722889165, 'f_fd': 105.52328639619546, 'num': 28, 'gains': 527.6164319809773, 'power': 0.0015919409884992046}], [{'f_bs': 224.1660007495825, 'f_fd': 104.20615799682764, 'num': 27, 'gains': 208.41231599365528, 'power': 0.0035419082818785386}, {'f_bs': 230.32328798067354, 'f_fd': 106.11617423004427, 'num': 25, 'gains': 636.6970453802656, 'power': 0.0009788771729231142}, {'f_bs': 230.87795189503504, 'f_fd': 105.1955714086593, 'num': 1, 'gains': 736.3689998606153, 'power': 0.00038842417687216444}, {'f_bs': 226.27100722889165, 'f_fd': 105.52328639619546, 'num': 28, 'gains': 633.1397183771727, 'power': 0.0009919409884992045}], [{'f_bs': 224.1660007495825, 'f_fd': 104.20615799682764, 'num': 27, 'gains': 312.6184739904829, 'power': 0.0029019082818785387}, {'f_bs': 230.32328798067354, 'f_fd': 106.11617423004427, 'num': 25, 'gains': 742.81321961031, 'power': 0.0003788771729231141}, {'f_bs': 230.7477970409221, 'f_fd': 105.17697772648697, 'num': 16, 'gains': 105.17697772648697, 'power': 0.0029690273367916358}, {'f_bs': 226.27100722889165, 'f_fd': 105.52328639619546, 'num': 28, 'gains': 738.6630047733681, 'power': 0.0003919409884992045}], [{'f_bs': 224.1660007495825, 'f_fd': 104.20615799682764, 'num': 27, 'gains': 416.82463198731057, 'power': 0.0022619082818785387}, {'f_bs': 227.20708725796194, 'f_fd': 104.6622772866414, 'num': 26, 'gains': 104.6622772866414, 'power': 0.0025537041790210475}, {'f_bs': 230.7477970409221, 'f_fd': 105.17697772648697, 'num': 16, 'gains': 210.35395545297393, 'power': 0.002329027336791636}, {'f_bs': 208.74294378172956, 'f_fd': 99.67410910527425, 'num': 9, 'gains': 99.67410910527425, 'power': 0.005344915201761183}], [{'f_bs': 224.1660007495825, 'f_fd': 104.20615799682764, 'num': 27, 'gains': 521.0307899841382, 'power': 0.0016219082818785388}, {'f_bs': 227.20708725796194, 'f_fd': 104.6622772866414, 'num': 26, 'gains': 209.3245545732828, 'power': 0.0019137041790210476}, {'f_bs': 230.7477970409221, 'f_fd': 105.17697772648697, 'num': 16, 'gains': 315.53093317946093, 'power': 0.0016890273367916359}, {'f_bs': 208.74294378172956, 'f_fd': 99.67410910527425, 'num': 9, 'gains': 199.3482182105485, 'power': 0.004624915201761183}], [{'f_bs': 224.1660007495825, 'f_fd': 104.20615799682764, 'num': 27, 'gains': 625.2369479809659, 'power': 0.0009819082818785388}, {'f_bs': 235.33406369232233, 'f_fd': 106.81863692008011, 'num': 3, 'gains': 854.5490953606406, 'power': 5.557589307226933e-07}, {'f_bs': 230.7477970409221, 'f_fd': 105.17697772648697, 'num': 16, 'gains': 420.70791090594787, 'power': 0.001049027336791636}, {'f_bs': 208.74294378172956, 'f_fd': 99.67410910527425, 'num': 9, 'gains': 299.02232731582274, 'power': 0.0039049152017611825}], [{'f_bs': 224.1660007495825, 'f_fd': 104.20615799682764, 'num': 27, 'gains': 729.4431059777935, 'power': 0.0003419082818785388}, {'f_bs': 227.20708725796194, 'f_fd': 104.6622772866414, 'num': 26, 'gains': 313.9868318599242, 'power': 0.0012813587826539788}, {'f_bs': 230.7477970409221, 'f_fd': 105.17697772648697, 'num': 16, 'gains': 525.8848886324348, 'power': 0.0004090273367916359}, {'f_bs': 208.74294378172956, 'f_fd': 99.67410910527425, 'num': 9, 'gains': 398.696436421097, 'power': 0.0031849152017611824}], [{'f_bs': 218.57400845171497, 'f_fd': 103.33185466571985, 'num': 29, 'gains': 103.33185466571985, 'power': 0.0034849841520645667}, {'f_bs': 227.20708725796194, 'f_fd': 104.6622772866414, 'num': 26, 'gains': 418.6491091465656, 'power': 0.0006413587826539787}, {'f_bs': 222.46286885259997, 'f_fd': 103.94485102987267, 'num': 19, 'gains': 103.94485102987267, 'power': 0.004511180788715844}, {'f_bs': 208.74294378172956, 'f_fd': 99.67410910527425, 'num': 9, 'gains': 498.3705455263713, 'power': 0.0024649152017611822}], [{'f_bs': 218.57400845171497, 'f_fd': 103.33185466571985, 'num': 29, 'gains': 206.6637093314397, 'power': 0.0028449841520645667}, {'f_bs': 227.20708725796194, 'f_fd': 104.6622772866414, 'num': 26, 'gains': 523.311386433207, 'power': 1.35878265397865e-06}, {'f_bs': 222.46286885259997, 'f_fd': 103.94485102987267, 'num': 19, 'gains': 207.88970205974533, 'power': 0.0038711807887158445}, {'f_bs': 208.74294378172956, 'f_fd': 99.67410910527425, 'num': 9, 'gains': 598.0446546316456, 'power': 0.001744915201761182}], [{'f_bs': 218.57400845171497, 'f_fd': 103.33185466571985, 'num': 29, 'gains': 309.99556399715954, 'power': 0.0022049841520645668}, {'f_bs': 224.5588842048363, 'f_fd': 105.26583327460915, 'num': 14, 'gains': 105.26583327460915, 'power': 0.004941669713097605}, {'f_bs': 222.46286885259997, 'f_fd': 103.94485102987267, 'num': 19, 'gains': 311.834553089618, 'power': 0.0032311807887158445}, {'f_bs': 208.74294378172956, 'f_fd': 99.67410910527425, 'num': 9, 'gains': 697.7187637369199, 'power': 0.001024915201761182}], [{'f_bs': 218.57400845171497, 'f_fd': 103.33185466571985, 'num': 29, 'gains': 413.3274186628794, 'power': 0.0015649841520645668}, {'f_bs': 224.5588842048363, 'f_fd': 105.26583327460915, 'num': 14, 'gains': 210.5316665492183, 'power': 0.0043416697130976055}, {'f_bs': 222.46286885259997, 'f_fd': 103.94485102987267, 'num': 19, 'gains': 415.77940411949066, 'power': 0.0025911807887158446}, {'f_bs': 208.74294378172956, 'f_fd': 99.67410910527425, 'num': 9, 'gains': 797.3928728421942, 'power': 0.0003049152017611819}], [{'f_bs': 218.57400845171497, 'f_fd': 103.33185466571985, 'num': 29, 'gains': 516.6592733285993, 'power': 0.0009249841520645668}, {'f_bs': 224.5588842048363, 'f_fd': 105.26583327460915, 'num': 14, 'gains': 315.7974998238275, 'power': 0.0037416697130976057}, {'f_bs': 222.46286885259997, 'f_fd': 103.94485102987267, 'num': 19, 'gains': 519.7242551493633, 'power': 0.0019511807887158446}, {}], [{'f_bs': 218.57400845171497, 'f_fd': 103.33185466571985, 'num': 29, 'gains': 619.9911279943192, 'power': 0.00028498415206456673}, {'f_bs': 230.32328798067354, 'f_fd': 106.11617423004427, 'num': 25, 'gains': 848.9293938403542, 'power': 1.5214278975790433e-05}, {'f_bs': 222.46286885259997, 'f_fd': 103.94485102987267, 'num': 19, 'gains': 623.669106179236, 'power': 0.0013111807887158447}, {}]]
