fd: 0 joined coalition: 1
fd: 1 joined coalition: 0
fd: 2 joined coalition: 0
fd: 3 joined coalition: 1
fd: 4 joined coalition: 3
fd: 5 joined coalition: 3
fd: 6 joined coalition: 3
fd: 7 joined coalition: 0
fd: 8 joined coalition: 2
fd: 9 joined coalition: 0
fd: 10 joined coalition: 1
fd: 11 joined coalition: 3
fd: 12 joined coalition: 0
fd: 13 joined coalition: 2
fd: 14 joined coalition: 1
fd: 15 joined coalition: 2
fd: 16 joined coalition: 3
fd: 17 joined coalition: 3
fd: 18 joined coalition: 3
fd: 19 joined coalition: 1
fd: 20 joined coalition: 1
fd: 21 joined coalition: 3
fd: 22 joined coalition: 0
fd: 23 joined coalition: 3
fd: 24 joined coalition: 1
fd: 25 joined coalition: 0
fd: 26 joined coalition: 1
fd: 27 joined coalition: 2
fd: 28 joined coalition: 2
fd: 29 joined coalition: 1


initial info:
coalitoin 0: 
    paired fds:  [1, 2, 7, 9, 12, 22, 25]
    nearby fds:  [0, 1, 2, 3, 4, 5, 6, 7, 8, 9, 10, 11, 12, 14, 16, 17, 18, 19, 20, 22, 24, 25, 26, 27, 29]
coalitoin 1: 
    paired fds:  [0, 3, 10, 14, 19, 20, 24, 26, 29]
    nearby fds:  [0, 1, 2, 3, 4, 5, 6, 8, 9, 10, 11, 12, 13, 14, 15, 16, 17, 18, 19, 20, 21, 22, 23, 24, 25, 26, 27, 28, 29]
coalitoin 2: 
    paired fds:  [8, 13, 15, 27, 28]
    nearby fds:  [0, 1, 2, 4, 6, 7, 8, 9, 10, 11, 12, 13, 14, 15, 16, 17, 18, 19, 20, 22, 24, 25, 27, 28, 29]
coalitoin 3: 
    paired fds:  [4, 5, 6, 11, 16, 17, 18, 21, 23]
    nearby fds:  [0, 1, 3, 4, 5, 6, 7, 9, 10, 11, 12, 13, 14, 15, 16, 17, 18, 19, 20, 21, 23, 25, 26, 28, 29]


*** round 0
fd 29 in coalition 1 and fd  4 in coalition 3 swap coalitions
fd 16 in coalition 3 and fd 25 in coalition 0 swap coalitions
fd  8 in coalition 2 and fd  9 in coalition 0 swap coalitions
fd 11 in coalition 3 and fd 29 in coalition 2 swap coalitions
fd 12 in coalition 0 and fd  4 in coalition 1 swap coalitions
fd 16 in coalition 0 and fd  9 in coalition 2 swap coalitions
fd 27 in coalition 2 and fd 19 in coalition 0 swap coalitions
fd 24 in coalition 2 and fd 22 in coalition 0 swap coalitions
fd 17 in coalition 3 and fd 20 in coalition 1 swap coalitions
coalitoin 0: 
    paired fds:  [2, 7, 8, 9, 4, 27, 1, 24]
    nearby fds:  [0, 1, 2, 3, 4, 5, 6, 7, 8, 9, 10, 11, 12, 14, 16, 17, 18, 19, 20, 22, 24, 25, 26, 27, 29]
coalitoin 1: 
    paired fds:  [10, 14, 12, 26, 0, 3, 17]
    nearby fds:  [0, 1, 2, 3, 4, 5, 6, 8, 9, 10, 11, 12, 13, 14, 15, 16, 17, 18, 19, 20, 21, 22, 23, 24, 25, 26, 27, 28, 29]
coalitoin 2: 
    paired fds:  [13, 15, 11, 28, 16, 19, 22]
    nearby fds:  [0, 1, 2, 4, 6, 7, 8, 9, 10, 11, 12, 13, 14, 15, 16, 17, 18, 19, 20, 22, 24, 25, 27, 28, 29]
coalitoin 3: 
    paired fds:  [5, 23, 25, 29, 6, 18, 21, 20]
    nearby fds:  [0, 1, 3, 4, 5, 6, 7, 9, 10, 11, 12, 13, 14, 15, 16, 17, 18, 19, 20, 21, 23, 25, 26, 28, 29]


*** round 1
fd  7 in coalition 0 and fd 11 in coalition 2 swap coalitions
fd 10 in coalition 1 and fd 13 in coalition 2 swap coalitions
fd  5 in coalition 3 and fd  0 in coalition 1 swap coalitions
fd  9 in coalition 0 and fd 25 in coalition 3 swap coalitions
fd 29 in coalition 3 and fd 12 in coalition 1 swap coalitions
coalitoin 0: 
    paired fds:  [2, 1, 24, 25, 27, 8, 11, 4]
    nearby fds:  [0, 1, 2, 3, 4, 5, 6, 7, 8, 9, 10, 11, 12, 14, 16, 17, 18, 19, 20, 22, 24, 25, 26, 27, 29]
coalitoin 1: 
    paired fds:  [17, 13, 5, 14, 26, 3, 29]
    nearby fds:  [0, 1, 2, 3, 4, 5, 6, 8, 9, 10, 11, 12, 13, 14, 15, 16, 17, 18, 19, 20, 21, 22, 23, 24, 25, 26, 27, 28, 29]
coalitoin 2: 
    paired fds:  [22, 16, 7, 15, 19, 10, 28]
    nearby fds:  [0, 1, 2, 4, 6, 7, 8, 9, 10, 11, 12, 13, 14, 15, 16, 17, 18, 19, 20, 22, 24, 25, 27, 28, 29]
coalitoin 3: 
    paired fds:  [23, 21, 18, 0, 12, 6, 9, 20]
    nearby fds:  [0, 1, 3, 4, 5, 6, 7, 9, 10, 11, 12, 13, 14, 15, 16, 17, 18, 19, 20, 21, 23, 25, 26, 28, 29]


*** round 2
fd 26 in coalition 1 and fd 25 in coalition 0 swap coalitions
fd 22 in coalition 2 and fd  8 in coalition 0 swap coalitions
fd 20 in coalition 3 and fd 13 in coalition 1 swap coalitions
fd 15 in coalition 2 and fd  9 in coalition 3 swap coalitions
fd 29 in coalition 1 and fd  1 in coalition 0 swap coalitions
coalitoin 0: 
    paired fds:  [4, 26, 2, 22, 11, 27, 24, 29]
    nearby fds:  [0, 1, 2, 3, 4, 5, 6, 7, 8, 9, 10, 11, 12, 14, 16, 17, 18, 19, 20, 22, 24, 25, 26, 27, 29]
coalitoin 1: 
    paired fds:  [3, 14, 5, 25, 17, 1, 20]
    nearby fds:  [0, 1, 2, 3, 4, 5, 6, 8, 9, 10, 11, 12, 13, 14, 15, 16, 17, 18, 19, 20, 21, 22, 23, 24, 25, 26, 27, 28, 29]
coalitoin 2: 
    paired fds:  [7, 10, 28, 8, 9, 19, 16]
    nearby fds:  [0, 1, 2, 4, 6, 7, 8, 9, 10, 11, 12, 13, 14, 15, 16, 17, 18, 19, 20, 22, 24, 25, 27, 28, 29]
coalitoin 3: 
    paired fds:  [21, 0, 12, 23, 15, 18, 13, 6]
    nearby fds:  [0, 1, 3, 4, 5, 6, 7, 9, 10, 11, 12, 13, 14, 15, 16, 17, 18, 19, 20, 21, 23, 25, 26, 28, 29]


*** round 3
fd 26 in coalition 0 and fd  0 in coalition 3 swap coalitions
fd 10 in coalition 2 and fd  1 in coalition 1 swap coalitions
fd 18 in coalition 3 and fd 10 in coalition 1 swap coalitions
coalitoin 0: 
    paired fds:  [4, 2, 22, 24, 29, 0, 27, 11]
    nearby fds:  [0, 1, 2, 3, 4, 5, 6, 7, 8, 9, 10, 11, 12, 14, 16, 17, 18, 19, 20, 22, 24, 25, 26, 27, 29]
coalitoin 1: 
    paired fds:  [5, 17, 14, 18, 3, 20, 25]
    nearby fds:  [0, 1, 2, 3, 4, 5, 6, 8, 9, 10, 11, 12, 13, 14, 15, 16, 17, 18, 19, 20, 21, 22, 23, 24, 25, 26, 27, 28, 29]
coalitoin 2: 
    paired fds:  [7, 8, 9, 1, 28, 16, 19]
    nearby fds:  [0, 1, 2, 4, 6, 7, 8, 9, 10, 11, 12, 13, 14, 15, 16, 17, 18, 19, 20, 22, 24, 25, 27, 28, 29]
coalitoin 3: 
    paired fds:  [12, 23, 15, 26, 6, 21, 13, 10]
    nearby fds:  [0, 1, 3, 4, 5, 6, 7, 9, 10, 11, 12, 13, 14, 15, 16, 17, 18, 19, 20, 21, 23, 25, 26, 28, 29]


*** round 4
fd  9 in coalition 2 and fd 10 in coalition 3 swap coalitions
fd 23 in coalition 3 and fd 17 in coalition 1 swap coalitions
fd 27 in coalition 0 and fd 20 in coalition 1 swap coalitions
fd  8 in coalition 2 and fd  4 in coalition 0 swap coalitions
coalitoin 0: 
    paired fds:  [24, 11, 22, 2, 29, 0, 20, 8]
    nearby fds:  [0, 1, 2, 3, 4, 5, 6, 7, 8, 9, 10, 11, 12, 14, 16, 17, 18, 19, 20, 22, 24, 25, 26, 27, 29]
coalitoin 1: 
    paired fds:  [3, 25, 23, 18, 14, 5, 27]
    nearby fds:  [0, 1, 2, 3, 4, 5, 6, 8, 9, 10, 11, 12, 13, 14, 15, 16, 17, 18, 19, 20, 21, 22, 23, 24, 25, 26, 27, 28, 29]
coalitoin 2: 
    paired fds:  [1, 19, 7, 16, 10, 4, 28]
    nearby fds:  [0, 1, 2, 4, 6, 7, 8, 9, 10, 11, 12, 13, 14, 15, 16, 17, 18, 19, 20, 22, 24, 25, 27, 28, 29]
coalitoin 3: 
    paired fds:  [26, 21, 6, 17, 13, 15, 12, 9]
    nearby fds:  [0, 1, 3, 4, 5, 6, 7, 9, 10, 11, 12, 13, 14, 15, 16, 17, 18, 19, 20, 21, 23, 25, 26, 28, 29]


*** round 5
fd 26 in coalition 3 and fd 18 in coalition 1 swap coalitions
fd 27 in coalition 1 and fd  4 in coalition 2 swap coalitions
coalitoin 0: 
    paired fds:  [24, 29, 8, 22, 20, 0, 11, 2]
    nearby fds:  [0, 1, 2, 3, 4, 5, 6, 7, 8, 9, 10, 11, 12, 14, 16, 17, 18, 19, 20, 22, 24, 25, 26, 27, 29]
coalitoin 1: 
    paired fds:  [23, 5, 3, 25, 26, 14, 4]
    nearby fds:  [0, 1, 2, 3, 4, 5, 6, 8, 9, 10, 11, 12, 13, 14, 15, 16, 17, 18, 19, 20, 21, 22, 23, 24, 25, 26, 27, 28, 29]
coalitoin 2: 
    paired fds:  [7, 27, 28, 1, 19, 10, 16]
    nearby fds:  [0, 1, 2, 4, 6, 7, 8, 9, 10, 11, 12, 13, 14, 15, 16, 17, 18, 19, 20, 22, 24, 25, 27, 28, 29]
coalitoin 3: 
    paired fds:  [21, 17, 18, 13, 9, 12, 15, 6]
    nearby fds:  [0, 1, 3, 4, 5, 6, 7, 9, 10, 11, 12, 13, 14, 15, 16, 17, 18, 19, 20, 21, 23, 25, 26, 28, 29]


*** round 6
fd 11 in coalition 0 and fd 27 in coalition 2 swap coalitions
coalitoin 0: 
    paired fds:  [29, 24, 22, 8, 0, 2, 27, 20]
    nearby fds:  [0, 1, 2, 3, 4, 5, 6, 7, 8, 9, 10, 11, 12, 14, 16, 17, 18, 19, 20, 22, 24, 25, 26, 27, 29]
coalitoin 1: 
    paired fds:  [25, 4, 23, 3, 26, 5, 14]
    nearby fds:  [0, 1, 2, 3, 4, 5, 6, 8, 9, 10, 11, 12, 13, 14, 15, 16, 17, 18, 19, 20, 21, 22, 23, 24, 25, 26, 27, 28, 29]
coalitoin 2: 
    paired fds:  [19, 10, 16, 7, 11, 28, 1]
    nearby fds:  [0, 1, 2, 4, 6, 7, 8, 9, 10, 11, 12, 13, 14, 15, 16, 17, 18, 19, 20, 22, 24, 25, 27, 28, 29]
coalitoin 3: 
    paired fds:  [15, 13, 21, 17, 12, 9, 18, 6]
    nearby fds:  [0, 1, 3, 4, 5, 6, 7, 9, 10, 11, 12, 13, 14, 15, 16, 17, 18, 19, 20, 21, 23, 25, 26, 28, 29]


*** round 7
coalitoin 0: 
    paired fds:  [24, 22, 27, 20, 2, 0, 29, 8]
    nearby fds:  [0, 1, 2, 3, 4, 5, 6, 7, 8, 9, 10, 11, 12, 14, 16, 17, 18, 19, 20, 22, 24, 25, 26, 27, 29]
coalitoin 1: 
    paired fds:  [4, 5, 23, 26, 3, 25, 14]
    nearby fds:  [0, 1, 2, 3, 4, 5, 6, 8, 9, 10, 11, 12, 13, 14, 15, 16, 17, 18, 19, 20, 21, 22, 23, 24, 25, 26, 27, 28, 29]
coalitoin 2: 
    paired fds:  [28, 19, 7, 1, 10, 11, 16]
    nearby fds:  [0, 1, 2, 4, 6, 7, 8, 9, 10, 11, 12, 13, 14, 15, 16, 17, 18, 19, 20, 22, 24, 25, 27, 28, 29]
coalitoin 3: 
    paired fds:  [21, 12, 6, 17, 9, 13, 18, 15]
    nearby fds:  [0, 1, 3, 4, 5, 6, 7, 9, 10, 11, 12, 13, 14, 15, 16, 17, 18, 19, 20, 21, 23, 25, 26, 28, 29]


*** round 8
fd 11 in coalition 2 and fd 17 in coalition 3 swap coalitions
coalitoin 0: 
    paired fds:  [22, 8, 24, 27, 2, 29, 20, 0]
    nearby fds:  [0, 1, 2, 3, 4, 5, 6, 7, 8, 9, 10, 11, 12, 14, 16, 17, 18, 19, 20, 22, 24, 25, 26, 27, 29]
coalitoin 1: 
    paired fds:  [5, 23, 26, 3, 4, 14, 25]
    nearby fds:  [0, 1, 2, 3, 4, 5, 6, 8, 9, 10, 11, 12, 13, 14, 15, 16, 17, 18, 19, 20, 21, 22, 23, 24, 25, 26, 27, 28, 29]
coalitoin 2: 
    paired fds:  [28, 7, 1, 10, 17, 16, 19]
    nearby fds:  [0, 1, 2, 4, 6, 7, 8, 9, 10, 11, 12, 13, 14, 15, 16, 17, 18, 19, 20, 22, 24, 25, 27, 28, 29]
coalitoin 3: 
    paired fds:  [12, 15, 9, 6, 13, 11, 21, 18]
    nearby fds:  [0, 1, 3, 4, 5, 6, 7, 9, 10, 11, 12, 13, 14, 15, 16, 17, 18, 19, 20, 21, 23, 25, 26, 28, 29]


*** round 9
coalitoin 0: 
    paired fds:  [8, 24, 22, 29, 27, 0, 20, 2]
    nearby fds:  [0, 1, 2, 3, 4, 5, 6, 7, 8, 9, 10, 11, 12, 14, 16, 17, 18, 19, 20, 22, 24, 25, 26, 27, 29]
coalitoin 1: 
    paired fds:  [23, 26, 3, 4, 5, 25, 14]
    nearby fds:  [0, 1, 2, 3, 4, 5, 6, 8, 9, 10, 11, 12, 13, 14, 15, 16, 17, 18, 19, 20, 21, 22, 23, 24, 25, 26, 27, 28, 29]
coalitoin 2: 
    paired fds:  [1, 19, 17, 16, 28, 7, 10]
    nearby fds:  [0, 1, 2, 4, 6, 7, 8, 9, 10, 11, 12, 13, 14, 15, 16, 17, 18, 19, 20, 22, 24, 25, 27, 28, 29]
coalitoin 3: 
    paired fds:  [11, 21, 13, 12, 6, 18, 9, 15]
    nearby fds:  [0, 1, 3, 4, 5, 6, 7, 9, 10, 11, 12, 13, 14, 15, 16, 17, 18, 19, 20, 21, 23, 25, 26, 28, 29]


*** round 10
fd  0 in coalition 0 and fd 11 in coalition 3 swap coalitions
coalitoin 0: 
    paired fds:  [8, 27, 2, 11, 29, 20, 22, 24]
    nearby fds:  [0, 1, 2, 3, 4, 5, 6, 7, 8, 9, 10, 11, 12, 14, 16, 17, 18, 19, 20, 22, 24, 25, 26, 27, 29]
coalitoin 1: 
    paired fds:  [23, 26, 5, 14, 3, 25, 4]
    nearby fds:  [0, 1, 2, 3, 4, 5, 6, 8, 9, 10, 11, 12, 13, 14, 15, 16, 17, 18, 19, 20, 21, 22, 23, 24, 25, 26, 27, 28, 29]
coalitoin 2: 
    paired fds:  [10, 16, 17, 1, 7, 19, 28]
    nearby fds:  [0, 1, 2, 4, 6, 7, 8, 9, 10, 11, 12, 13, 14, 15, 16, 17, 18, 19, 20, 22, 24, 25, 27, 28, 29]
coalitoin 3: 
    paired fds:  [18, 21, 6, 0, 12, 9, 15, 13]
    nearby fds:  [0, 1, 3, 4, 5, 6, 7, 9, 10, 11, 12, 13, 14, 15, 16, 17, 18, 19, 20, 21, 23, 25, 26, 28, 29]


*** round 11
coalitoin 0: 
    paired fds:  [2, 22, 24, 29, 20, 8, 11, 27]
    nearby fds:  [0, 1, 2, 3, 4, 5, 6, 7, 8, 9, 10, 11, 12, 14, 16, 17, 18, 19, 20, 22, 24, 25, 26, 27, 29]
coalitoin 1: 
    paired fds:  [14, 25, 4, 23, 26, 5, 3]
    nearby fds:  [0, 1, 2, 3, 4, 5, 6, 8, 9, 10, 11, 12, 13, 14, 15, 16, 17, 18, 19, 20, 21, 22, 23, 24, 25, 26, 27, 28, 29]
coalitoin 2: 
    paired fds:  [10, 28, 19, 17, 7, 1, 16]
    nearby fds:  [0, 1, 2, 4, 6, 7, 8, 9, 10, 11, 12, 13, 14, 15, 16, 17, 18, 19, 20, 22, 24, 25, 27, 28, 29]
coalitoin 3: 
    paired fds:  [9, 15, 13, 21, 6, 0, 18, 12]
    nearby fds:  [0, 1, 3, 4, 5, 6, 7, 9, 10, 11, 12, 13, 14, 15, 16, 17, 18, 19, 20, 21, 23, 25, 26, 28, 29]


*** round 12
fd  4 in coalition 1 and fd 21 in coalition 3 swap coalitions
coalitoin 0: 
    paired fds:  [20, 8, 11, 27, 22, 24, 2, 29]
    nearby fds:  [0, 1, 2, 3, 4, 5, 6, 7, 8, 9, 10, 11, 12, 14, 16, 17, 18, 19, 20, 22, 24, 25, 26, 27, 29]
coalitoin 1: 
    paired fds:  [23, 5, 3, 21, 26, 14, 25]
    nearby fds:  [0, 1, 2, 3, 4, 5, 6, 8, 9, 10, 11, 12, 13, 14, 15, 16, 17, 18, 19, 20, 21, 22, 23, 24, 25, 26, 27, 28, 29]
coalitoin 2: 
    paired fds:  [17, 28, 16, 10, 19, 7, 1]
    nearby fds:  [0, 1, 2, 4, 6, 7, 8, 9, 10, 11, 12, 13, 14, 15, 16, 17, 18, 19, 20, 22, 24, 25, 27, 28, 29]
coalitoin 3: 
    paired fds:  [13, 6, 4, 9, 15, 12, 18, 0]
    nearby fds:  [0, 1, 3, 4, 5, 6, 7, 9, 10, 11, 12, 13, 14, 15, 16, 17, 18, 19, 20, 21, 23, 25, 26, 28, 29]


*** round 13
coalitoin 0: 
    paired fds:  [8, 11, 24, 27, 22, 20, 29, 2]
    nearby fds:  [0, 1, 2, 3, 4, 5, 6, 7, 8, 9, 10, 11, 12, 14, 16, 17, 18, 19, 20, 22, 24, 25, 26, 27, 29]
coalitoin 1: 
    paired fds:  [23, 21, 26, 14, 25, 5, 3]
    nearby fds:  [0, 1, 2, 3, 4, 5, 6, 8, 9, 10, 11, 12, 13, 14, 15, 16, 17, 18, 19, 20, 21, 22, 23, 24, 25, 26, 27, 28, 29]
coalitoin 2: 
    paired fds:  [28, 7, 19, 16, 1, 10, 17]
    nearby fds:  [0, 1, 2, 4, 6, 7, 8, 9, 10, 11, 12, 13, 14, 15, 16, 17, 18, 19, 20, 22, 24, 25, 27, 28, 29]
coalitoin 3: 
    paired fds:  [4, 12, 0, 9, 13, 6, 15, 18]
    nearby fds:  [0, 1, 3, 4, 5, 6, 7, 9, 10, 11, 12, 13, 14, 15, 16, 17, 18, 19, 20, 21, 23, 25, 26, 28, 29]


*** round 14
coalitoin 0: 
    paired fds:  [22, 2, 24, 11, 27, 20, 8, 29]
    nearby fds:  [0, 1, 2, 3, 4, 5, 6, 7, 8, 9, 10, 11, 12, 14, 16, 17, 18, 19, 20, 22, 24, 25, 26, 27, 29]
coalitoin 1: 
    paired fds:  [23, 3, 5, 25, 21, 14, 26]
    nearby fds:  [0, 1, 2, 3, 4, 5, 6, 8, 9, 10, 11, 12, 13, 14, 15, 16, 17, 18, 19, 20, 21, 22, 23, 24, 25, 26, 27, 28, 29]
coalitoin 2: 
    paired fds:  [28, 16, 17, 1, 10, 19, 7]
    nearby fds:  [0, 1, 2, 4, 6, 7, 8, 9, 10, 11, 12, 13, 14, 15, 16, 17, 18, 19, 20, 22, 24, 25, 27, 28, 29]
coalitoin 3: 
    paired fds:  [4, 6, 15, 18, 12, 0, 13, 9]
    nearby fds:  [0, 1, 3, 4, 5, 6, 7, 9, 10, 11, 12, 13, 14, 15, 16, 17, 18, 19, 20, 21, 23, 25, 26, 28, 29]


*** round 15
fd 20 in coalition 0 and fd  4 in coalition 3 swap coalitions
fd 21 in coalition 1 and fd  0 in coalition 3 swap coalitions
fd 20 in coalition 3 and fd 28 in coalition 2 swap coalitions
coalitoin 0: 
    paired fds:  [2, 24, 27, 22, 8, 4, 11, 29]
    nearby fds:  [0, 1, 2, 3, 4, 5, 6, 7, 8, 9, 10, 11, 12, 14, 16, 17, 18, 19, 20, 22, 24, 25, 26, 27, 29]
coalitoin 1: 
    paired fds:  [23, 5, 14, 26, 0, 3, 25]
    nearby fds:  [0, 1, 2, 3, 4, 5, 6, 8, 9, 10, 11, 12, 13, 14, 15, 16, 17, 18, 19, 20, 21, 22, 23, 24, 25, 26, 27, 28, 29]
coalitoin 2: 
    paired fds:  [10, 19, 17, 7, 20, 1, 16]
    nearby fds:  [0, 1, 2, 4, 6, 7, 8, 9, 10, 11, 12, 13, 14, 15, 16, 17, 18, 19, 20, 22, 24, 25, 27, 28, 29]
coalitoin 3: 
    paired fds:  [6, 15, 18, 9, 13, 28, 21, 12]
    nearby fds:  [0, 1, 3, 4, 5, 6, 7, 9, 10, 11, 12, 13, 14, 15, 16, 17, 18, 19, 20, 21, 23, 25, 26, 28, 29]


*** round 16
fd 28 in coalition 3 and fd 10 in coalition 2 swap coalitions
coalitoin 0: 
    paired fds:  [2, 22, 8, 4, 11, 27, 29, 24]
    nearby fds:  [0, 1, 2, 3, 4, 5, 6, 7, 8, 9, 10, 11, 12, 14, 16, 17, 18, 19, 20, 22, 24, 25, 26, 27, 29]
coalitoin 1: 
    paired fds:  [14, 26, 0, 5, 23, 25, 3]
    nearby fds:  [0, 1, 2, 3, 4, 5, 6, 8, 9, 10, 11, 12, 13, 14, 15, 16, 17, 18, 19, 20, 21, 22, 23, 24, 25, 26, 27, 28, 29]
coalitoin 2: 
    paired fds:  [20, 7, 16, 17, 1, 19, 28]
    nearby fds:  [0, 1, 2, 4, 6, 7, 8, 9, 10, 11, 12, 13, 14, 15, 16, 17, 18, 19, 20, 22, 24, 25, 27, 28, 29]
coalitoin 3: 
    paired fds:  [13, 21, 6, 9, 15, 18, 12, 10]
    nearby fds:  [0, 1, 3, 4, 5, 6, 7, 9, 10, 11, 12, 13, 14, 15, 16, 17, 18, 19, 20, 21, 23, 25, 26, 28, 29]


*** round 17
coalitoin 0: 
    paired fds:  [22, 24, 4, 27, 29, 8, 2, 11]
    nearby fds:  [0, 1, 2, 3, 4, 5, 6, 7, 8, 9, 10, 11, 12, 14, 16, 17, 18, 19, 20, 22, 24, 25, 26, 27, 29]
coalitoin 1: 
    paired fds:  [3, 14, 5, 0, 25, 23, 26]
    nearby fds:  [0, 1, 2, 3, 4, 5, 6, 8, 9, 10, 11, 12, 13, 14, 15, 16, 17, 18, 19, 20, 21, 22, 23, 24, 25, 26, 27, 28, 29]
coalitoin 2: 
    paired fds:  [20, 16, 1, 19, 17, 7, 28]
    nearby fds:  [0, 1, 2, 4, 6, 7, 8, 9, 10, 11, 12, 13, 14, 15, 16, 17, 18, 19, 20, 22, 24, 25, 27, 28, 29]
coalitoin 3: 
    paired fds:  [9, 21, 6, 15, 10, 12, 18, 13]
    nearby fds:  [0, 1, 3, 4, 5, 6, 7, 9, 10, 11, 12, 13, 14, 15, 16, 17, 18, 19, 20, 21, 23, 25, 26, 28, 29]


*** round 18
coalitoin 0: 
    paired fds:  [22, 24, 27, 4, 29, 2, 11, 8]
    nearby fds:  [0, 1, 2, 3, 4, 5, 6, 7, 8, 9, 10, 11, 12, 14, 16, 17, 18, 19, 20, 22, 24, 25, 26, 27, 29]
coalitoin 1: 
    paired fds:  [23, 5, 14, 25, 26, 0, 3]
    nearby fds:  [0, 1, 2, 3, 4, 5, 6, 8, 9, 10, 11, 12, 13, 14, 15, 16, 17, 18, 19, 20, 21, 22, 23, 24, 25, 26, 27, 28, 29]
coalitoin 2: 
    paired fds:  [19, 7, 28, 20, 1, 16, 17]
    nearby fds:  [0, 1, 2, 4, 6, 7, 8, 9, 10, 11, 12, 13, 14, 15, 16, 17, 18, 19, 20, 22, 24, 25, 27, 28, 29]
coalitoin 3: 
    paired fds:  [21, 15, 12, 10, 13, 9, 18, 6]
    nearby fds:  [0, 1, 3, 4, 5, 6, 7, 9, 10, 11, 12, 13, 14, 15, 16, 17, 18, 19, 20, 21, 23, 25, 26, 28, 29]


*** round 19
coalitoin 0: 
    paired fds:  [27, 2, 22, 11, 29, 8, 24, 4]
    nearby fds:  [0, 1, 2, 3, 4, 5, 6, 7, 8, 9, 10, 11, 12, 14, 16, 17, 18, 19, 20, 22, 24, 25, 26, 27, 29]
coalitoin 1: 
    paired fds:  [23, 26, 0, 3, 5, 14, 25]
    nearby fds:  [0, 1, 2, 3, 4, 5, 6, 8, 9, 10, 11, 12, 13, 14, 15, 16, 17, 18, 19, 20, 21, 22, 23, 24, 25, 26, 27, 28, 29]
coalitoin 2: 
    paired fds:  [19, 28, 1, 7, 16, 20, 17]
    nearby fds:  [0, 1, 2, 4, 6, 7, 8, 9, 10, 11, 12, 13, 14, 15, 16, 17, 18, 19, 20, 22, 24, 25, 27, 28, 29]
coalitoin 3: 
    paired fds:  [21, 15, 9, 6, 13, 18, 12, 10]
    nearby fds:  [0, 1, 3, 4, 5, 6, 7, 9, 10, 11, 12, 13, 14, 15, 16, 17, 18, 19, 20, 21, 23, 25, 26, 28, 29]


*** round 20
coalitoin 0: 
    paired fds:  [27, 2, 22, 11, 24, 4, 8, 29]
    nearby fds:  [0, 1, 2, 3, 4, 5, 6, 7, 8, 9, 10, 11, 12, 14, 16, 17, 18, 19, 20, 22, 24, 25, 26, 27, 29]
coalitoin 1: 
    paired fds:  [23, 3, 0, 25, 5, 26, 14]
    nearby fds:  [0, 1, 2, 3, 4, 5, 6, 8, 9, 10, 11, 12, 13, 14, 15, 16, 17, 18, 19, 20, 21, 22, 23, 24, 25, 26, 27, 28, 29]
coalitoin 2: 
    paired fds:  [19, 28, 7, 17, 1, 20, 16]
    nearby fds:  [0, 1, 2, 4, 6, 7, 8, 9, 10, 11, 12, 13, 14, 15, 16, 17, 18, 19, 20, 22, 24, 25, 27, 28, 29]
coalitoin 3: 
    paired fds:  [10, 12, 18, 13, 21, 15, 9, 6]
    nearby fds:  [0, 1, 3, 4, 5, 6, 7, 9, 10, 11, 12, 13, 14, 15, 16, 17, 18, 19, 20, 21, 23, 25, 26, 28, 29]


*** round 21
coalitoin 0: 
    paired fds:  [2, 24, 4, 8, 22, 27, 11, 29]
    nearby fds:  [0, 1, 2, 3, 4, 5, 6, 7, 8, 9, 10, 11, 12, 14, 16, 17, 18, 19, 20, 22, 24, 25, 26, 27, 29]
coalitoin 1: 
    paired fds:  [25, 26, 14, 3, 23, 0, 5]
    nearby fds:  [0, 1, 2, 3, 4, 5, 6, 8, 9, 10, 11, 12, 13, 14, 15, 16, 17, 18, 19, 20, 21, 22, 23, 24, 25, 26, 27, 28, 29]
coalitoin 2: 
    paired fds:  [7, 20, 17, 28, 1, 19, 16]
    nearby fds:  [0, 1, 2, 4, 6, 7, 8, 9, 10, 11, 12, 13, 14, 15, 16, 17, 18, 19, 20, 22, 24, 25, 27, 28, 29]
coalitoin 3: 
    paired fds:  [15, 6, 13, 18, 10, 12, 9, 21]
    nearby fds:  [0, 1, 3, 4, 5, 6, 7, 9, 10, 11, 12, 13, 14, 15, 16, 17, 18, 19, 20, 21, 23, 25, 26, 28, 29]


*** round 22
coalitoin 0: 
    paired fds:  [8, 2, 24, 22, 29, 11, 27, 4]
    nearby fds:  [0, 1, 2, 3, 4, 5, 6, 7, 8, 9, 10, 11, 12, 14, 16, 17, 18, 19, 20, 22, 24, 25, 26, 27, 29]
coalitoin 1: 
    paired fds:  [3, 23, 26, 0, 14, 5, 25]
    nearby fds:  [0, 1, 2, 3, 4, 5, 6, 8, 9, 10, 11, 12, 13, 14, 15, 16, 17, 18, 19, 20, 21, 22, 23, 24, 25, 26, 27, 28, 29]
coalitoin 2: 
    paired fds:  [28, 16, 7, 19, 20, 17, 1]
    nearby fds:  [0, 1, 2, 4, 6, 7, 8, 9, 10, 11, 12, 13, 14, 15, 16, 17, 18, 19, 20, 22, 24, 25, 27, 28, 29]
coalitoin 3: 
    paired fds:  [15, 13, 21, 12, 18, 10, 6, 9]
    nearby fds:  [0, 1, 3, 4, 5, 6, 7, 9, 10, 11, 12, 13, 14, 15, 16, 17, 18, 19, 20, 21, 23, 25, 26, 28, 29]


*** round 23
coalitoin 0: 
    paired fds:  [24, 22, 4, 27, 11, 29, 2, 8]
    nearby fds:  [0, 1, 2, 3, 4, 5, 6, 7, 8, 9, 10, 11, 12, 14, 16, 17, 18, 19, 20, 22, 24, 25, 26, 27, 29]
coalitoin 1: 
    paired fds:  [0, 5, 25, 26, 23, 3, 14]
    nearby fds:  [0, 1, 2, 3, 4, 5, 6, 8, 9, 10, 11, 12, 13, 14, 15, 16, 17, 18, 19, 20, 21, 22, 23, 24, 25, 26, 27, 28, 29]
coalitoin 2: 
    paired fds:  [17, 20, 7, 19, 16, 1, 28]
    nearby fds:  [0, 1, 2, 4, 6, 7, 8, 9, 10, 11, 12, 13, 14, 15, 16, 17, 18, 19, 20, 22, 24, 25, 27, 28, 29]
coalitoin 3: 
    paired fds:  [15, 21, 6, 18, 13, 9, 10, 12]
    nearby fds:  [0, 1, 3, 4, 5, 6, 7, 9, 10, 11, 12, 13, 14, 15, 16, 17, 18, 19, 20, 21, 23, 25, 26, 28, 29]


*** round 24
coalitoin 0: 
    paired fds:  [22, 27, 2, 8, 24, 11, 29, 4]
    nearby fds:  [0, 1, 2, 3, 4, 5, 6, 7, 8, 9, 10, 11, 12, 14, 16, 17, 18, 19, 20, 22, 24, 25, 26, 27, 29]
coalitoin 1: 
    paired fds:  [23, 3, 5, 0, 25, 14, 26]
    nearby fds:  [0, 1, 2, 3, 4, 5, 6, 8, 9, 10, 11, 12, 13, 14, 15, 16, 17, 18, 19, 20, 21, 22, 23, 24, 25, 26, 27, 28, 29]
coalitoin 2: 
    paired fds:  [19, 17, 16, 28, 1, 20, 7]
    nearby fds:  [0, 1, 2, 4, 6, 7, 8, 9, 10, 11, 12, 13, 14, 15, 16, 17, 18, 19, 20, 22, 24, 25, 27, 28, 29]
coalitoin 3: 
    paired fds:  [6, 9, 18, 13, 15, 12, 21, 10]
    nearby fds:  [0, 1, 3, 4, 5, 6, 7, 9, 10, 11, 12, 13, 14, 15, 16, 17, 18, 19, 20, 21, 23, 25, 26, 28, 29]


*** round 25
coalitoin 0: 
    paired fds:  [27, 2, 8, 24, 4, 11, 22, 29]
    nearby fds:  [0, 1, 2, 3, 4, 5, 6, 7, 8, 9, 10, 11, 12, 14, 16, 17, 18, 19, 20, 22, 24, 25, 26, 27, 29]
coalitoin 1: 
    paired fds:  [23, 3, 5, 26, 14, 0, 25]
    nearby fds:  [0, 1, 2, 3, 4, 5, 6, 8, 9, 10, 11, 12, 13, 14, 15, 16, 17, 18, 19, 20, 21, 22, 23, 24, 25, 26, 27, 28, 29]
coalitoin 2: 
    paired fds:  [28, 1, 7, 16, 19, 20, 17]
    nearby fds:  [0, 1, 2, 4, 6, 7, 8, 9, 10, 11, 12, 13, 14, 15, 16, 17, 18, 19, 20, 22, 24, 25, 27, 28, 29]
coalitoin 3: 
    paired fds:  [12, 21, 15, 6, 9, 18, 13, 10]
    nearby fds:  [0, 1, 3, 4, 5, 6, 7, 9, 10, 11, 12, 13, 14, 15, 16, 17, 18, 19, 20, 21, 23, 25, 26, 28, 29]


*** round 26
coalitoin 0: 
    paired fds:  [2, 22, 29, 24, 11, 8, 27, 4]
    nearby fds:  [0, 1, 2, 3, 4, 5, 6, 7, 8, 9, 10, 11, 12, 14, 16, 17, 18, 19, 20, 22, 24, 25, 26, 27, 29]
coalitoin 1: 
    paired fds:  [23, 0, 5, 14, 3, 26, 25]
    nearby fds:  [0, 1, 2, 3, 4, 5, 6, 8, 9, 10, 11, 12, 13, 14, 15, 16, 17, 18, 19, 20, 21, 22, 23, 24, 25, 26, 27, 28, 29]
coalitoin 2: 
    paired fds:  [1, 7, 28, 17, 19, 16, 20]
    nearby fds:  [0, 1, 2, 4, 6, 7, 8, 9, 10, 11, 12, 13, 14, 15, 16, 17, 18, 19, 20, 22, 24, 25, 27, 28, 29]
coalitoin 3: 
    paired fds:  [21, 15, 18, 13, 10, 6, 9, 12]
    nearby fds:  [0, 1, 3, 4, 5, 6, 7, 9, 10, 11, 12, 13, 14, 15, 16, 17, 18, 19, 20, 21, 23, 25, 26, 28, 29]


*** round 27
coalitoin 0: 
    paired fds:  [22, 27, 11, 2, 8, 4, 24, 29]
    nearby fds:  [0, 1, 2, 3, 4, 5, 6, 7, 8, 9, 10, 11, 12, 14, 16, 17, 18, 19, 20, 22, 24, 25, 26, 27, 29]
coalitoin 1: 
    paired fds:  [5, 0, 3, 26, 23, 14, 25]
    nearby fds:  [0, 1, 2, 3, 4, 5, 6, 8, 9, 10, 11, 12, 13, 14, 15, 16, 17, 18, 19, 20, 21, 22, 23, 24, 25, 26, 27, 28, 29]
coalitoin 2: 
    paired fds:  [1, 17, 28, 7, 20, 19, 16]
    nearby fds:  [0, 1, 2, 4, 6, 7, 8, 9, 10, 11, 12, 13, 14, 15, 16, 17, 18, 19, 20, 22, 24, 25, 27, 28, 29]
coalitoin 3: 
    paired fds:  [13, 9, 15, 21, 6, 10, 12, 18]
    nearby fds:  [0, 1, 3, 4, 5, 6, 7, 9, 10, 11, 12, 13, 14, 15, 16, 17, 18, 19, 20, 21, 23, 25, 26, 28, 29]


*** round 28
coalitoin 0: 
    paired fds:  [27, 11, 8, 2, 24, 4, 22, 29]
    nearby fds:  [0, 1, 2, 3, 4, 5, 6, 7, 8, 9, 10, 11, 12, 14, 16, 17, 18, 19, 20, 22, 24, 25, 26, 27, 29]
coalitoin 1: 
    paired fds:  [5, 3, 26, 25, 14, 23, 0]
    nearby fds:  [0, 1, 2, 3, 4, 5, 6, 8, 9, 10, 11, 12, 13, 14, 15, 16, 17, 18, 19, 20, 21, 22, 23, 24, 25, 26, 27, 28, 29]
coalitoin 2: 
    paired fds:  [28, 7, 20, 19, 16, 17, 1]
    nearby fds:  [0, 1, 2, 4, 6, 7, 8, 9, 10, 11, 12, 13, 14, 15, 16, 17, 18, 19, 20, 22, 24, 25, 27, 28, 29]
coalitoin 3: 
    paired fds:  [13, 21, 18, 10, 15, 9, 12, 6]
    nearby fds:  [0, 1, 3, 4, 5, 6, 7, 9, 10, 11, 12, 13, 14, 15, 16, 17, 18, 19, 20, 21, 23, 25, 26, 28, 29]


*** round 29
coalitoin 0: 
    paired fds:  [27, 2, 22, 11, 8, 4, 29, 24]
    nearby fds:  [0, 1, 2, 3, 4, 5, 6, 7, 8, 9, 10, 11, 12, 14, 16, 17, 18, 19, 20, 22, 24, 25, 26, 27, 29]
coalitoin 1: 
    paired fds:  [23, 3, 26, 5, 25, 14, 0]
    nearby fds:  [0, 1, 2, 3, 4, 5, 6, 8, 9, 10, 11, 12, 13, 14, 15, 16, 17, 18, 19, 20, 21, 22, 23, 24, 25, 26, 27, 28, 29]
coalitoin 2: 
    paired fds:  [7, 17, 28, 1, 19, 16, 20]
    nearby fds:  [0, 1, 2, 4, 6, 7, 8, 9, 10, 11, 12, 13, 14, 15, 16, 17, 18, 19, 20, 22, 24, 25, 27, 28, 29]
coalitoin 3: 
    paired fds:  [21, 15, 9, 12, 13, 10, 6, 18]
    nearby fds:  [0, 1, 3, 4, 5, 6, 7, 9, 10, 11, 12, 13, 14, 15, 16, 17, 18, 19, 20, 21, 23, 25, 26, 28, 29]
fd  2 in coalition 0 was selected to forward
fd  5 in coalition 1 was selected to forward
fd 17 in coalition 2 was selected to forward
fd 15 in coalition 3 was selected to forward
fd  2 in coalition 0 was selected to forward
fd  5 in coalition 1 was selected to forward
fd 17 in coalition 2 was selected to forward
fd 15 in coalition 3 was selected to forward
fd  2 in coalition 0 was selected to forward
fd  5 in coalition 1 was selected to forward
fd 17 in coalition 2 was selected to forward
fd 15 in coalition 3 was selected to forward
fd  2 in coalition 0 was selected to forward
fd  5 in coalition 1 was selected to forward
fd 17 in coalition 2 was selected to forward
fd 15 in coalition 3 was selected to forward
fd  2 in coalition 0 was selected to forward
fd  5 in coalition 1 was selected to forward
fd 17 in coalition 2 was selected to forward
fd 15 in coalition 3 was selected to forward
fd 24 in coalition 0 was selected to forward
fd  5 in coalition 1 was selected to forward
fd  7 in coalition 2 was selected to forward
fd 15 in coalition 3 was selected to forward
fd 24 in coalition 0 was selected to forward
fd  5 in coalition 1 was selected to forward
fd  7 in coalition 2 was selected to forward
fd 13 in coalition 3 was selected to forward
fd 24 in coalition 0 was selected to forward
fd  3 in coalition 1 was selected to forward
fd  7 in coalition 2 was selected to forward
fd 13 in coalition 3 was selected to forward
fd 24 in coalition 0 was selected to forward
fd  3 in coalition 1 was selected to forward
fd  7 in coalition 2 was selected to forward
fd 13 in coalition 3 was selected to forward
fd 24 in coalition 0 was selected to forward
fd  3 in coalition 1 was selected to forward
fd  7 in coalition 2 was selected to forward
fd 13 in coalition 3 was selected to forward
fd  8 in coalition 0 was selected to forward
fd  3 in coalition 1 was selected to forward
fd  7 in coalition 2 was selected to forward
fd 13 in coalition 3 was selected to forward
fd  8 in coalition 0 was selected to forward
fd  3 in coalition 1 was selected to forward
fd  7 in coalition 2 was selected to forward
fd 18 in coalition 3 was selected to forward
fd  8 in coalition 0 was selected to forward
fd  3 in coalition 1 was selected to forward
fd  1 in coalition 2 was selected to forward
fd 18 in coalition 3 was selected to forward
fd  8 in coalition 0 was selected to forward
fd  3 in coalition 1 was selected to forward
fd  1 in coalition 2 was selected to forward
fd 18 in coalition 3 was selected to forward
fd  8 in coalition 0 was selected to forward
fd 25 in coalition 1 was selected to forward
fd  1 in coalition 2 was selected to forward
fd 13 in coalition 3 was selected to forward
fd  8 in coalition 0 was selected to forward
fd 25 in coalition 1 was selected to forward
fd  1 in coalition 2 was selected to forward
fd 18 in coalition 3 was selected to forward
fd  8 in coalition 0 was selected to forward
fd 25 in coalition 1 was selected to forward
fd  1 in coalition 2 was selected to forward
fd 18 in coalition 3 was selected to forward
fd 22 in coalition 0 was selected to forward
fd 25 in coalition 1 was selected to forward
fd 16 in coalition 2 was selected to forward
fd 18 in coalition 3 was selected to forward
fd 24 in coalition 0 was selected to forward
fd 25 in coalition 1 was selected to forward
fd 16 in coalition 2 was selected to forward
fd 18 in coalition 3 was selected to forward
fd 22 in coalition 0 was selected to forward
fd 25 in coalition 1 was selected to forward
fd 16 in coalition 2 was selected to forward
fd 18 in coalition 3 was selected to forward
fd 22 in coalition 0 was selected to forward
fd 26 in coalition 1 was selected to forward
fd 16 in coalition 2 was selected to forward
fd 21 in coalition 3 was selected to forward
fd 22 in coalition 0 was selected to forward
fd 26 in coalition 1 was selected to forward
fd 16 in coalition 2 was selected to forward
fd 21 in coalition 3 was selected to forward
fd 22 in coalition 0 was selected to forward
fd 26 in coalition 1 was selected to forward
fd 16 in coalition 2 was selected to forward
fd 21 in coalition 3 was selected to forward
fd 22 in coalition 0 was selected to forward
fd  3 in coalition 1 was selected to forward
fd 16 in coalition 2 was selected to forward
fd 21 in coalition 3 was selected to forward
fd 27 in coalition 0 was selected to forward
fd 26 in coalition 1 was selected to forward
fd 19 in coalition 2 was selected to forward
fd 21 in coalition 3 was selected to forward
fd 27 in coalition 0 was selected to forward
fd 26 in coalition 1 was selected to forward
fd 19 in coalition 2 was selected to forward
fd 12 in coalition 3 was selected to forward
fd 27 in coalition 0 was selected to forward
fd 14 in coalition 1 was selected to forward
fd 19 in coalition 2 was selected to forward
fd 12 in coalition 3 was selected to forward
fd 22 in coalition 0 was selected to forward
fd 14 in coalition 1 was selected to forward
fd 19 in coalition 2 was selected to forward
fd 18 in coalition 3 was selected to forward
fd 27 in coalition 0 was selected to forward
fd 14 in coalition 1 was selected to forward
fd 19 in coalition 2 was selected to forward
fd 12 in coalition 3 was selected to forward
fd 27 in coalition 0 was selected to forward
fd 14 in coalition 1 was selected to forward
fd 19 in coalition 2 was selected to forward
fd 12 in coalition 3 was selected to forward
fd 27 in coalition 0 was selected to forward
fd 14 in coalition 1 was selected to forward
fd 19 in coalition 2 was selected to forward
fd 12 in coalition 3 was selected to forward
fd 27 in coalition 0 was selected to forward
fd 25 in coalition 1 was selected to forward
fd 20 in coalition 2 was selected to forward
fd 12 in coalition 3 was selected to forward


***********************
coalition_history =  [[{'num': 0, 'capacity': 1.8753821756768922, 'paired_fds': [2, 7, 8, 9, 4, 27, 1, 24], 'game_sel': 2}, {'num': 1, 'capacity': 1.8081272160053048, 'paired_fds': [10, 14, 12, 26, 0, 3, 17], 'game_sel': 3}, {'num': 2, 'capacity': 1.8673273813651998, 'paired_fds': [13, 15, 11, 28, 16, 19, 22], 'game_sel': 16}, {'num': 3, 'capacity': 1.7899217980526025, 'paired_fds': [5, 23, 25, 29, 6, 18, 21, 20], 'game_sel': 18}], [{'num': 0, 'capacity': 1.8775675532299592, 'paired_fds': [2, 1, 24, 25, 27, 8, 11, 4], 'game_sel': 2}, {'num': 1, 'capacity': 1.8821425437503636, 'paired_fds': [17, 13, 5, 14, 26, 3, 29], 'game_sel': 5}, {'num': 2, 'capacity': 1.867518706775651, 'paired_fds': [22, 16, 7, 15, 19, 10, 28], 'game_sel': 7}, {'num': 3, 'capacity': 1.7547964347271867, 'paired_fds': [23, 21, 18, 0, 12, 6, 9, 20], 'game_sel': 18}], [{'num': 0, 'capacity': 1.8827361782665204, 'paired_fds': [4, 26, 2, 22, 11, 27, 24, 29], 'game_sel': 2}, {'num': 1, 'capacity': 1.8674480173708667, 'paired_fds': [3, 14, 5, 25, 17, 1, 20], 'game_sel': 5}, {'num': 2, 'capacity': 1.8562295455839302, 'paired_fds': [7, 10, 28, 8, 9, 19, 16], 'game_sel': 7}, {'num': 3, 'capacity': 1.7897379876468813, 'paired_fds': [21, 0, 12, 23, 15, 18, 13, 6], 'game_sel': 15}], [{'num': 0, 'capacity': 1.8719974515043678, 'paired_fds': [4, 2, 22, 24, 29, 0, 27, 11], 'game_sel': 2}, {'num': 1, 'capacity': 1.8473431689561628, 'paired_fds': [5, 17, 14, 18, 3, 20, 25], 'game_sel': 5}, {'num': 2, 'capacity': 1.8950667096038984, 'paired_fds': [7, 8, 9, 1, 28, 16, 19], 'game_sel': 7}, {'num': 3, 'capacity': 1.788141149339909, 'paired_fds': [12, 23, 15, 26, 6, 21, 13, 10], 'game_sel': 15}], [{'num': 0, 'capacity': 1.8765484759131001, 'paired_fds': [24, 11, 22, 2, 29, 0, 20, 8], 'game_sel': 2}, {'num': 1, 'capacity': 1.8981895921402256, 'paired_fds': [3, 25, 23, 18, 14, 5, 27], 'game_sel': 5}, {'num': 2, 'capacity': 1.859184734600042, 'paired_fds': [1, 19, 7, 16, 10, 4, 28], 'game_sel': 7}, {'num': 3, 'capacity': 1.7816976648254077, 'paired_fds': [26, 21, 6, 17, 13, 15, 12, 9], 'game_sel': 15}], [{'num': 0, 'capacity': 1.8765484759131, 'paired_fds': [24, 29, 8, 22, 20, 0, 11, 2], 'game_sel': 2}, {'num': 1, 'capacity': 1.9232045019012118, 'paired_fds': [23, 5, 3, 25, 26, 14, 4], 'game_sel': 5}, {'num': 2, 'capacity': 1.8776031702473115, 'paired_fds': [7, 27, 28, 1, 19, 10, 16], 'game_sel': 7}, {'num': 3, 'capacity': 1.7576321288205299, 'paired_fds': [21, 17, 18, 13, 9, 12, 15, 6], 'game_sel': 15}], [{'num': 0, 'capacity': 1.8946939210463334, 'paired_fds': [29, 24, 22, 8, 0, 2, 27, 20], 'game_sel': 2}, {'num': 1, 'capacity': 1.9232045019012118, 'paired_fds': [25, 4, 23, 3, 26, 5, 14], 'game_sel': 5}, {'num': 2, 'capacity': 1.8597884083095841, 'paired_fds': [19, 10, 16, 7, 11, 28, 1], 'game_sel': 7}, {'num': 3, 'capacity': 1.7576321288205299, 'paired_fds': [15, 13, 21, 17, 12, 9, 18, 6], 'game_sel': 15}], [{'num': 0, 'capacity': 1.8946939210463334, 'paired_fds': [24, 22, 27, 20, 2, 0, 29, 8], 'game_sel': 2}, {'num': 1, 'capacity': 1.9232045019012118, 'paired_fds': [4, 5, 23, 26, 3, 25, 14], 'game_sel': 5}, {'num': 2, 'capacity': 1.8597884083095844, 'paired_fds': [28, 19, 7, 1, 10, 11, 16], 'game_sel': 7}, {'num': 3, 'capacity': 1.7576321288205299, 'paired_fds': [21, 12, 6, 17, 9, 13, 18, 15], 'game_sel': 15}], [{'num': 0, 'capacity': 1.8946939210463336, 'paired_fds': [22, 8, 24, 27, 2, 29, 20, 0], 'game_sel': 2}, {'num': 1, 'capacity': 1.9232045019012116, 'paired_fds': [5, 23, 26, 3, 4, 14, 25], 'game_sel': 5}, {'num': 2, 'capacity': 1.879895032069719, 'paired_fds': [28, 7, 1, 10, 17, 16, 19], 'game_sel': 17}, {'num': 3, 'capacity': 1.750118888086687, 'paired_fds': [12, 15, 9, 6, 13, 11, 21, 18], 'game_sel': 15}], [{'num': 0, 'capacity': 1.8946939210463334, 'paired_fds': [8, 24, 22, 29, 27, 0, 20, 2], 'game_sel': 2}, {'num': 1, 'capacity': 1.9232045019012118, 'paired_fds': [23, 26, 3, 4, 5, 25, 14], 'game_sel': 5}, {'num': 2, 'capacity': 1.8798950320697192, 'paired_fds': [1, 19, 17, 16, 28, 7, 10], 'game_sel': 17}, {'num': 3, 'capacity': 1.750118888086687, 'paired_fds': [11, 21, 13, 12, 6, 18, 9, 15], 'game_sel': 15}], [{'num': 0, 'capacity': 1.890396216480132, 'paired_fds': [8, 27, 2, 11, 29, 20, 22, 24], 'game_sel': 2}, {'num': 1, 'capacity': 1.9232045019012118, 'paired_fds': [23, 26, 5, 14, 3, 25, 4], 'game_sel': 5}, {'num': 2, 'capacity': 1.8798950320697188, 'paired_fds': [10, 16, 17, 1, 7, 19, 28], 'game_sel': 17}, {'num': 3, 'capacity': 1.7561049948324112, 'paired_fds': [18, 21, 6, 0, 12, 9, 15, 13], 'game_sel': 15}], [{'num': 0, 'capacity': 1.890396216480132, 'paired_fds': [2, 22, 24, 29, 20, 8, 11, 27], 'game_sel': 2}, {'num': 1, 'capacity': 1.923204501901212, 'paired_fds': [14, 25, 4, 23, 26, 5, 3], 'game_sel': 5}, {'num': 2, 'capacity': 1.879895032069719, 'paired_fds': [10, 28, 19, 17, 7, 1, 16], 'game_sel': 17}, {'num': 3, 'capacity': 1.756104994832411, 'paired_fds': [9, 15, 13, 21, 6, 0, 18, 12], 'game_sel': 15}], [{'num': 0, 'capacity': 1.8903962164801318, 'paired_fds': [20, 8, 11, 27, 22, 24, 2, 29], 'game_sel': 2}, {'num': 1, 'capacity': 1.9448629761382858, 'paired_fds': [23, 5, 3, 21, 26, 14, 25], 'game_sel': 5}, {'num': 2, 'capacity': 1.8798950320697192, 'paired_fds': [17, 28, 16, 10, 19, 7, 1], 'game_sel': 17}, {'num': 3, 'capacity': 1.7384096441059027, 'paired_fds': [13, 6, 4, 9, 15, 12, 18, 0], 'game_sel': 15}], [{'num': 0, 'capacity': 1.890396216480132, 'paired_fds': [8, 11, 24, 27, 22, 20, 29, 2], 'game_sel': 2}, {'num': 1, 'capacity': 1.9448629761382858, 'paired_fds': [23, 21, 26, 14, 25, 5, 3], 'game_sel': 5}, {'num': 2, 'capacity': 1.8798950320697192, 'paired_fds': [28, 7, 19, 16, 1, 10, 17], 'game_sel': 17}, {'num': 3, 'capacity': 1.7384096441059027, 'paired_fds': [4, 12, 0, 9, 13, 6, 15, 18], 'game_sel': 15}], [{'num': 0, 'capacity': 1.890396216480132, 'paired_fds': [22, 2, 24, 11, 27, 20, 8, 29], 'game_sel': 2}, {'num': 1, 'capacity': 1.944862976138286, 'paired_fds': [23, 3, 5, 25, 21, 14, 26], 'game_sel': 5}, {'num': 2, 'capacity': 1.8798950320697188, 'paired_fds': [28, 16, 17, 1, 10, 19, 7], 'game_sel': 17}, {'num': 3, 'capacity': 1.738409644105903, 'paired_fds': [4, 6, 15, 18, 12, 0, 13, 9], 'game_sel': 15}], [{'num': 0, 'capacity': 1.8979612609533627, 'paired_fds': [2, 24, 27, 22, 8, 4, 11, 29], 'game_sel': 2}, {'num': 1, 'capacity': 1.9324642295016787, 'paired_fds': [23, 5, 14, 26, 0, 3, 25], 'game_sel': 5}, {'num': 2, 'capacity': 1.8607608903714814, 'paired_fds': [10, 19, 17, 7, 20, 1, 16], 'game_sel': 17}, {'num': 3, 'capacity': 1.7708838140642884, 'paired_fds': [6, 15, 18, 9, 13, 28, 21, 12], 'game_sel': 15}], [{'num': 0, 'capacity': 1.897961260953363, 'paired_fds': [2, 22, 8, 4, 11, 27, 29, 24], 'game_sel': 2}, {'num': 1, 'capacity': 1.9324642295016785, 'paired_fds': [14, 26, 0, 5, 23, 25, 3], 'game_sel': 5}, {'num': 2, 'capacity': 1.9029275763037306, 'paired_fds': [20, 7, 16, 17, 1, 19, 28], 'game_sel': 17}, {'num': 3, 'capacity': 1.7302245872420037, 'paired_fds': [13, 21, 6, 9, 15, 18, 12, 10], 'game_sel': 15}], [{'num': 0, 'capacity': 1.897961260953363, 'paired_fds': [22, 24, 4, 27, 29, 8, 2, 11], 'game_sel': 2}, {'num': 1, 'capacity': 1.9324642295016785, 'paired_fds': [3, 14, 5, 0, 25, 23, 26], 'game_sel': 5}, {'num': 2, 'capacity': 1.9029275763037306, 'paired_fds': [20, 16, 1, 19, 17, 7, 28], 'game_sel': 17}, {'num': 3, 'capacity': 1.7302245872420037, 'paired_fds': [9, 21, 6, 15, 10, 12, 18, 13], 'game_sel': 15}], [{'num': 0, 'capacity': 1.897961260953362, 'paired_fds': [22, 24, 27, 4, 29, 2, 11, 8], 'game_sel': 2}, {'num': 1, 'capacity': 1.932464229501679, 'paired_fds': [23, 5, 14, 25, 26, 0, 3], 'game_sel': 5}, {'num': 2, 'capacity': 1.9029275763037306, 'paired_fds': [19, 7, 28, 20, 1, 16, 17], 'game_sel': 17}, {'num': 3, 'capacity': 1.7302245872420037, 'paired_fds': [21, 15, 12, 10, 13, 9, 18, 6], 'game_sel': 15}], [{'num': 0, 'capacity': 1.8979612609533627, 'paired_fds': [27, 2, 22, 11, 29, 8, 24, 4], 'game_sel': 2}, {'num': 1, 'capacity': 1.9324642295016787, 'paired_fds': [23, 26, 0, 3, 5, 14, 25], 'game_sel': 5}, {'num': 2, 'capacity': 1.9029275763037303, 'paired_fds': [19, 28, 1, 7, 16, 20, 17], 'game_sel': 17}, {'num': 3, 'capacity': 1.7302245872420037, 'paired_fds': [21, 15, 9, 6, 13, 18, 12, 10], 'game_sel': 15}], [{'num': 0, 'capacity': 1.8979612609533627, 'paired_fds': [27, 2, 22, 11, 24, 4, 8, 29], 'game_sel': 2}, {'num': 1, 'capacity': 1.9324642295016787, 'paired_fds': [23, 3, 0, 25, 5, 26, 14], 'game_sel': 5}, {'num': 2, 'capacity': 1.9029275763037306, 'paired_fds': [19, 28, 7, 17, 1, 20, 16], 'game_sel': 17}, {'num': 3, 'capacity': 1.7302245872420037, 'paired_fds': [10, 12, 18, 13, 21, 15, 9, 6], 'game_sel': 15}], [{'num': 0, 'capacity': 1.8979612609533623, 'paired_fds': [2, 24, 4, 8, 22, 27, 11, 29], 'game_sel': 2}, {'num': 1, 'capacity': 1.9324642295016783, 'paired_fds': [25, 26, 14, 3, 23, 0, 5], 'game_sel': 5}, {'num': 2, 'capacity': 1.9029275763037306, 'paired_fds': [7, 20, 17, 28, 1, 19, 16], 'game_sel': 17}, {'num': 3, 'capacity': 1.7302245872420037, 'paired_fds': [15, 6, 13, 18, 10, 12, 9, 21], 'game_sel': 15}], [{'num': 0, 'capacity': 1.897961260953363, 'paired_fds': [8, 2, 24, 22, 29, 11, 27, 4], 'game_sel': 2}, {'num': 1, 'capacity': 1.9324642295016787, 'paired_fds': [3, 23, 26, 0, 14, 5, 25], 'game_sel': 5}, {'num': 2, 'capacity': 1.9029275763037306, 'paired_fds': [28, 16, 7, 19, 20, 17, 1], 'game_sel': 17}, {'num': 3, 'capacity': 1.7302245872420035, 'paired_fds': [15, 13, 21, 12, 18, 10, 6, 9], 'game_sel': 15}], [{'num': 0, 'capacity': 1.8979612609533627, 'paired_fds': [24, 22, 4, 27, 11, 29, 2, 8], 'game_sel': 2}, {'num': 1, 'capacity': 1.9324642295016787, 'paired_fds': [0, 5, 25, 26, 23, 3, 14], 'game_sel': 5}, {'num': 2, 'capacity': 1.9029275763037308, 'paired_fds': [17, 20, 7, 19, 16, 1, 28], 'game_sel': 17}, {'num': 3, 'capacity': 1.7302245872420032, 'paired_fds': [15, 21, 6, 18, 13, 9, 10, 12], 'game_sel': 15}], [{'num': 0, 'capacity': 1.897961260953363, 'paired_fds': [22, 27, 2, 8, 24, 11, 29, 4], 'game_sel': 2}, {'num': 1, 'capacity': 1.9324642295016787, 'paired_fds': [23, 3, 5, 0, 25, 14, 26], 'game_sel': 5}, {'num': 2, 'capacity': 1.9029275763037306, 'paired_fds': [19, 17, 16, 28, 1, 20, 7], 'game_sel': 17}, {'num': 3, 'capacity': 1.730224587242004, 'paired_fds': [6, 9, 18, 13, 15, 12, 21, 10], 'game_sel': 15}], [{'num': 0, 'capacity': 1.8979612609533627, 'paired_fds': [27, 2, 8, 24, 4, 11, 22, 29], 'game_sel': 2}, {'num': 1, 'capacity': 1.9324642295016785, 'paired_fds': [23, 3, 5, 26, 14, 0, 25], 'game_sel': 5}, {'num': 2, 'capacity': 1.9029275763037303, 'paired_fds': [28, 1, 7, 16, 19, 20, 17], 'game_sel': 17}, {'num': 3, 'capacity': 1.7302245872420037, 'paired_fds': [12, 21, 15, 6, 9, 18, 13, 10], 'game_sel': 15}], [{'num': 0, 'capacity': 1.897961260953362, 'paired_fds': [2, 22, 29, 24, 11, 8, 27, 4], 'game_sel': 2}, {'num': 1, 'capacity': 1.9324642295016783, 'paired_fds': [23, 0, 5, 14, 3, 26, 25], 'game_sel': 5}, {'num': 2, 'capacity': 1.9029275763037306, 'paired_fds': [1, 7, 28, 17, 19, 16, 20], 'game_sel': 17}, {'num': 3, 'capacity': 1.7302245872420032, 'paired_fds': [21, 15, 18, 13, 10, 6, 9, 12], 'game_sel': 15}], [{'num': 0, 'capacity': 1.897961260953363, 'paired_fds': [22, 27, 11, 2, 8, 4, 24, 29], 'game_sel': 2}, {'num': 1, 'capacity': 1.9324642295016783, 'paired_fds': [5, 0, 3, 26, 23, 14, 25], 'game_sel': 5}, {'num': 2, 'capacity': 1.9029275763037306, 'paired_fds': [1, 17, 28, 7, 20, 19, 16], 'game_sel': 17}, {'num': 3, 'capacity': 1.730224587242004, 'paired_fds': [13, 9, 15, 21, 6, 10, 12, 18], 'game_sel': 15}], [{'num': 0, 'capacity': 1.8979612609533627, 'paired_fds': [27, 11, 8, 2, 24, 4, 22, 29], 'game_sel': 2}, {'num': 1, 'capacity': 1.9324642295016787, 'paired_fds': [5, 3, 26, 25, 14, 23, 0], 'game_sel': 5}, {'num': 2, 'capacity': 1.9029275763037306, 'paired_fds': [28, 7, 20, 19, 16, 17, 1], 'game_sel': 17}, {'num': 3, 'capacity': 1.7302245872420037, 'paired_fds': [13, 21, 18, 10, 15, 9, 12, 6], 'game_sel': 15}], [{'num': 0, 'capacity': 1.897961260953363, 'paired_fds': [27, 2, 22, 11, 8, 4, 29, 24], 'game_sel': 2}, {'num': 1, 'capacity': 1.9324642295016787, 'paired_fds': [23, 3, 26, 5, 25, 14, 0], 'game_sel': 5}, {'num': 2, 'capacity': 1.9029275763037306, 'paired_fds': [7, 17, 28, 1, 19, 16, 20], 'game_sel': 17}, {'num': 3, 'capacity': 1.7302245872420037, 'paired_fds': [21, 15, 9, 12, 13, 10, 6, 18], 'game_sel': 15}]]
***********************
select_history =  [[{'f_bs': 235.5094591540522, 'f_fd': 106.84263340131935, 'num': 2, 'gains': 106.84263340131935, 'power': 0.002500626245043185}, {'f_bs': 237.44255177674057, 'f_fd': 107.10452516659512, 'num': 5, 'gains': 107.10452516659512, 'power': 0.0038526012745281977}, {'f_bs': 235.9042079026987, 'f_fd': 106.8964969977379, 'num': 17, 'gains': 106.8964969977379, 'power': 0.0025221616476411}, {'f_bs': 231.494518614903, 'f_fd': 106.28334368407556, 'num': 15, 'gains': 106.28334368407556, 'power': 0.003041525927293341}], [{'f_bs': 235.5094591540522, 'f_fd': 106.84263340131935, 'num': 2, 'gains': 213.6852668026387, 'power': 0.001900626245043185}, {'f_bs': 237.44255177674057, 'f_fd': 107.10452516659512, 'num': 5, 'gains': 214.20905033319025, 'power': 0.003252601274528198}, {'f_bs': 235.9042079026987, 'f_fd': 106.8964969977379, 'num': 17, 'gains': 213.7929939954758, 'power': 0.0019221616476410997}, {'f_bs': 231.494518614903, 'f_fd': 106.28334368407556, 'num': 15, 'gains': 212.56668736815112, 'power': 0.002441525927293341}], [{'f_bs': 235.5094591540522, 'f_fd': 106.84263340131935, 'num': 2, 'gains': 320.52790020395804, 'power': 0.001300626245043185}, {'f_bs': 237.44255177674057, 'f_fd': 107.10452516659512, 'num': 5, 'gains': 321.3135754997854, 'power': 0.002652601274528198}, {'f_bs': 235.9042079026987, 'f_fd': 106.8964969977379, 'num': 17, 'gains': 320.68949099321367, 'power': 0.0013221616476410997}, {'f_bs': 231.494518614903, 'f_fd': 106.28334368407556, 'num': 15, 'gains': 318.85003105222665, 'power': 0.001841525927293341}], [{'f_bs': 235.5094591540522, 'f_fd': 106.84263340131935, 'num': 2, 'gains': 427.3705336052774, 'power': 0.0007006262450431849}, {'f_bs': 237.44255177674057, 'f_fd': 107.10452516659512, 'num': 5, 'gains': 428.4181006663805, 'power': 0.002052601274528198}, {'f_bs': 235.9042079026987, 'f_fd': 106.8964969977379, 'num': 17, 'gains': 427.5859879909516, 'power': 0.0007221616476410996}, {'f_bs': 231.494518614903, 'f_fd': 106.28334368407556, 'num': 15, 'gains': 425.13337473630224, 'power': 0.001241525927293341}], [{'f_bs': 235.5094591540522, 'f_fd': 106.84263340131935, 'num': 2, 'gains': 534.2131670065967, 'power': 0.00010062624504318489}, {'f_bs': 237.44255177674057, 'f_fd': 107.10452516659512, 'num': 5, 'gains': 535.5226258329756, 'power': 0.0014526012745281981}, {'f_bs': 235.9042079026987, 'f_fd': 106.8964969977379, 'num': 17, 'gains': 534.4824849886895, 'power': 0.00012216164764109957}, {'f_bs': 231.494518614903, 'f_fd': 106.28334368407556, 'num': 15, 'gains': 531.4167184203778, 'power': 0.0006415259272933408}], [{'f_bs': 232.2336193675628, 'f_fd': 106.3878902370304, 'num': 24, 'gains': 106.3878902370304, 'power': 0.002899765124393338}, {'f_bs': 237.44255177674057, 'f_fd': 107.10452516659512, 'num': 5, 'gains': 642.6271509995706, 'power': 0.0008526012745281981}, {'f_bs': 231.3207419637574, 'f_fd': 106.25865702762073, 'num': 7, 'gains': 106.25865702762073, 'power': 0.003708817186082242}, {'f_bs': 231.494518614903, 'f_fd': 106.28334368407556, 'num': 15, 'gains': 637.7000621044534, 'power': 4.152592729334079e-05}], [{'f_bs': 232.2336193675628, 'f_fd': 106.3878902370304, 'num': 24, 'gains': 212.7757804740608, 'power': 0.002299765124393338}, {'f_bs': 237.44255177674057, 'f_fd': 107.10452516659512, 'num': 5, 'gains': 749.7316761661657, 'power': 0.000252601274528198}, {'f_bs': 231.3207419637574, 'f_fd': 106.25865702762073, 'num': 7, 'gains': 212.51731405524146, 'power': 0.0031088171860822423}, {'f_bs': 227.2500937691937, 'f_fd': 104.66863326199058, 'num': 13, 'gains': 104.66863326199058, 'power': 0.00314314994454314}], [{'f_bs': 232.2336193675628, 'f_fd': 106.3878902370304, 'num': 24, 'gains': 319.1636707110912, 'power': 0.001699765124393338}, {'f_bs': 235.33406369232233, 'f_fd': 106.81863692008011, 'num': 3, 'gains': 106.81863692008011, 'power': 0.004101136432193174}, {'f_bs': 231.3207419637574, 'f_fd': 106.25865702762073, 'num': 7, 'gains': 318.77597108286216, 'power': 0.0025088171860822425}, {'f_bs': 227.2500937691937, 'f_fd': 104.66863326199058, 'num': 13, 'gains': 209.33726652398116, 'power': 0.00250314994454314}], [{'f_bs': 232.2336193675628, 'f_fd': 106.3878902370304, 'num': 24, 'gains': 425.5515609481216, 'power': 0.001099765124393338}, {'f_bs': 235.33406369232233, 'f_fd': 106.81863692008011, 'num': 3, 'gains': 213.63727384016022, 'power': 0.003501136432193174}, {'f_bs': 231.3207419637574, 'f_fd': 106.25865702762073, 'num': 7, 'gains': 425.0346281104829, 'power': 0.0019088171860822424}, {'f_bs': 227.2500937691937, 'f_fd': 104.66863326199058, 'num': 13, 'gains': 314.00589978597174, 'power': 0.00186314994454314}], [{'f_bs': 232.2336193675628, 'f_fd': 106.3878902370304, 'num': 24, 'gains': 531.939451185152, 'power': 0.000499765124393338}, {'f_bs': 235.33406369232233, 'f_fd': 106.81863692008011, 'num': 3, 'gains': 320.45591076024033, 'power': 0.002901136432193174}, {'f_bs': 231.3207419637574, 'f_fd': 106.25865702762073, 'num': 7, 'gains': 531.2932851381037, 'power': 0.0013088171860822424}, {'f_bs': 227.2500937691937, 'f_fd': 104.66863326199058, 'num': 13, 'gains': 418.6745330479623, 'power': 0.00122314994454314}], [{'f_bs': 229.24168354381953, 'f_fd': 105.96014675073121, 'num': 8, 'gains': 105.96014675073121, 'power': 0.004071467723704153}, {'f_bs': 235.33406369232233, 'f_fd': 106.81863692008011, 'num': 3, 'gains': 427.27454768032044, 'power': 0.002301136432193174}, {'f_bs': 231.3207419637574, 'f_fd': 106.25865702762073, 'num': 7, 'gains': 637.5519421657244, 'power': 0.0007088171860822423}, {'f_bs': 227.2500937691937, 'f_fd': 104.66863326199058, 'num': 13, 'gains': 523.343166309953, 'power': 0.00058314994454314}], [{'f_bs': 229.24168354381953, 'f_fd': 105.96014675073121, 'num': 8, 'gains': 211.92029350146242, 'power': 0.003471467723704153}, {'f_bs': 235.33406369232233, 'f_fd': 106.81863692008011, 'num': 3, 'gains': 534.0931846004005, 'power': 0.001701136432193174}, {'f_bs': 231.3207419637574, 'f_fd': 106.25865702762073, 'num': 7, 'gains': 743.8105991933452, 'power': 0.00010881718608224226}, {'f_bs': 219.2895881898997, 'f_fd': 103.44639102817331, 'num': 18, 'gains': 103.44639102817331, 'power': 0.004739812210410017}], [{'f_bs': 229.24168354381953, 'f_fd': 105.96014675073121, 'num': 8, 'gains': 317.88044025219364, 'power': 0.002871467723704153}, {'f_bs': 235.33406369232233, 'f_fd': 106.81863692008011, 'num': 3, 'gains': 640.9118215204805, 'power': 0.001101136432193174}, {'f_bs': 230.87795189503504, 'f_fd': 105.1955714086593, 'num': 1, 'gains': 105.1955714086593, 'power': 0.0026518726383792358}, {'f_bs': 219.2895881898997, 'f_fd': 103.44639102817331, 'num': 18, 'gains': 206.89278205634662, 'power': 0.004099812210410017}], [{'f_bs': 229.24168354381953, 'f_fd': 105.96014675073121, 'num': 8, 'gains': 423.84058700292485, 'power': 0.002271467723704153}, {'f_bs': 235.33406369232233, 'f_fd': 106.81863692008011, 'num': 3, 'gains': 747.7304584405606, 'power': 0.0005011364321931739}, {'f_bs': 230.87795189503504, 'f_fd': 105.1955714086593, 'num': 1, 'gains': 210.3911428173186, 'power': 0.002011872638379236}, {'f_bs': 219.2895881898997, 'f_fd': 103.44639102817331, 'num': 18, 'gains': 310.3391730845199, 'power': 0.003459812210410017}], [{'f_bs': 229.24168354381953, 'f_fd': 105.96014675073121, 'num': 8, 'gains': 529.800733753656, 'power': 0.001671467723704153}, {'f_bs': 230.32328798067354, 'f_fd': 106.11617423004427, 'num': 25, 'gains': 106.11617423004427, 'power': 0.0033140270745734036}, {'f_bs': 230.87795189503504, 'f_fd': 105.1955714086593, 'num': 1, 'gains': 315.5867142259779, 'power': 0.0013718726383792359}, {'f_bs': 227.2500937691937, 'f_fd': 104.66863326199058, 'num': 13, 'gains': 628.0117995719436, 'power': 8.0413849948192e-06}], [{'f_bs': 229.24168354381953, 'f_fd': 105.96014675073121, 'num': 8, 'gains': 635.7608805043872, 'power': 0.001071467723704153}, {'f_bs': 230.32328798067354, 'f_fd': 106.11617423004427, 'num': 25, 'gains': 212.23234846008853, 'power': 0.002714027074573404}, {'f_bs': 230.87795189503504, 'f_fd': 105.1955714086593, 'num': 1, 'gains': 420.7822856346372, 'power': 0.0007318726383792358}, {'f_bs': 219.2895881898997, 'f_fd': 103.44639102817331, 'num': 18, 'gains': 413.78556411269324, 'power': 0.0028732159606262957}], [{'f_bs': 229.24168354381953, 'f_fd': 105.96014675073121, 'num': 8, 'gains': 741.7210272551183, 'power': 0.00047146772370415297}, {'f_bs': 230.32328798067354, 'f_fd': 106.11617423004427, 'num': 25, 'gains': 318.34852269013277, 'power': 0.002114027074573404}, {'f_bs': 230.87795189503504, 'f_fd': 105.1955714086593, 'num': 1, 'gains': 525.9778570432966, 'power': 9.187263837923576e-05}, {'f_bs': 219.2895881898997, 'f_fd': 103.44639102817331, 'num': 18, 'gains': 517.2319551408666, 'power': 0.0022332159606262957}], [{'f_bs': 228.68040685397304, 'f_fd': 105.87854794773418, 'num': 22, 'gains': 105.87854794773418, 'power': 0.0035713548116144524}, {'f_bs': 230.32328798067354, 'f_fd': 106.11617423004427, 'num': 25, 'gains': 424.46469692017706, 'power': 0.001514027074573404}, {'f_bs': 230.7477970409221, 'f_fd': 105.17697772648697, 'num': 16, 'gains': 105.17697772648697, 'power': 0.004257630201934952}, {'f_bs': 219.2895881898997, 'f_fd': 103.44639102817331, 'num': 18, 'gains': 620.67834616904, 'power': 0.0015932159606262958}], [{'f_bs': 232.2336193675628, 'f_fd': 106.3878902370304, 'num': 24, 'gains': 638.3273414221825, 'power': 4.403944614065833e-06}, {'f_bs': 230.32328798067354, 'f_fd': 106.11617423004427, 'num': 25, 'gains': 530.5808711502214, 'power': 0.0009140270745734039}, {'f_bs': 230.7477970409221, 'f_fd': 105.17697772648697, 'num': 16, 'gains': 210.35395545297393, 'power': 0.0036176302019349524}, {'f_bs': 219.2895881898997, 'f_fd': 103.44639102817331, 'num': 18, 'gains': 724.1247371972133, 'power': 0.0009532159606262957}], [{'f_bs': 228.68040685397304, 'f_fd': 105.87854794773418, 'num': 22, 'gains': 211.75709589546835, 'power': 0.0029800233766201223}, {'f_bs': 230.32328798067354, 'f_fd': 106.11617423004427, 'num': 25, 'gains': 636.6970453802656, 'power': 0.0003140270745734038}, {'f_bs': 230.7477970409221, 'f_fd': 105.17697772648697, 'num': 16, 'gains': 315.53093317946093, 'power': 0.0029776302019349525}, {'f_bs': 219.2895881898997, 'f_fd': 103.44639102817331, 'num': 18, 'gains': 827.5711282253867, 'power': 0.0003132159606262957}], [{'f_bs': 228.68040685397304, 'f_fd': 105.87854794773418, 'num': 22, 'gains': 317.6356438432025, 'power': 0.0023800233766201224}, {'f_bs': 227.20708725796194, 'f_fd': 104.6622772866414, 'num': 26, 'gains': 104.6622772866414, 'power': 0.0027280501216665337}, {'f_bs': 230.7477970409221, 'f_fd': 105.17697772648697, 'num': 16, 'gains': 420.70791090594787, 'power': 0.0023376302019349525}, {'f_bs': 213.5716916957937, 'f_fd': 101.50843281201023, 'num': 21, 'gains': 101.50843281201023, 'power': 0.0031155683849627726}], [{'f_bs': 228.68040685397304, 'f_fd': 105.87854794773418, 'num': 22, 'gains': 423.5141917909367, 'power': 0.0017800233766201224}, {'f_bs': 227.20708725796194, 'f_fd': 104.6622772866414, 'num': 26, 'gains': 209.3245545732828, 'power': 0.0020880501216665338}, {'f_bs': 230.7477970409221, 'f_fd': 105.17697772648697, 'num': 16, 'gains': 525.8848886324348, 'power': 0.0016976302019349526}, {'f_bs': 213.5716916957937, 'f_fd': 101.50843281201023, 'num': 21, 'gains': 203.01686562402045, 'power': 0.0024355683849627725}], [{'f_bs': 228.68040685397304, 'f_fd': 105.87854794773418, 'num': 22, 'gains': 529.3927397386709, 'power': 0.0011800233766201223}, {'f_bs': 227.20708725796194, 'f_fd': 104.6622772866414, 'num': 26, 'gains': 313.9868318599242, 'power': 0.0014480501216665338}, {'f_bs': 230.7477970409221, 'f_fd': 105.17697772648697, 'num': 16, 'gains': 631.0618663589217, 'power': 0.0010576302019349526}, {'f_bs': 213.5716916957937, 'f_fd': 101.50843281201023, 'num': 21, 'gains': 304.52529843603065, 'power': 0.0017555683849627725}], [{'f_bs': 228.68040685397304, 'f_fd': 105.87854794773418, 'num': 22, 'gains': 635.2712876864051, 'power': 0.0005800233766201223}, {'f_bs': 235.33406369232233, 'f_fd': 106.81863692008011, 'num': 3, 'gains': 854.5490953606406, 'power': 2.414686522292202e-07}, {'f_bs': 230.7477970409221, 'f_fd': 105.17697772648697, 'num': 16, 'gains': 736.2388440854087, 'power': 0.0004176302019349526}, {'f_bs': 213.5716916957937, 'f_fd': 101.50843281201023, 'num': 21, 'gains': 406.0337312480409, 'power': 0.0010755683849627724}], [{'f_bs': 224.1660007495825, 'f_fd': 104.20615799682764, 'num': 27, 'gains': 104.20615799682764, 'power': 0.004007091794298182}, {'f_bs': 227.20708725796194, 'f_fd': 104.6622772866414, 'num': 26, 'gains': 418.6491091465656, 'power': 0.0008157047252994649}, {'f_bs': 222.46286885259997, 'f_fd': 103.94485102987267, 'num': 19, 'gains': 103.94485102987267, 'power': 0.004343379973777956}, {'f_bs': 213.5716916957937, 'f_fd': 101.50843281201023, 'num': 21, 'gains': 507.54216406005116, 'power': 0.0003955683849627724}], [{'f_bs': 224.1660007495825, 'f_fd': 104.20615799682764, 'num': 27, 'gains': 208.41231599365528, 'power': 0.003367091794298182}, {'f_bs': 227.20708725796194, 'f_fd': 104.6622772866414, 'num': 26, 'gains': 523.311386433207, 'power': 0.00017570472529946485}, {'f_bs': 222.46286885259997, 'f_fd': 103.94485102987267, 'num': 19, 'gains': 207.88970205974533, 'power': 0.0037033799737779564}, {'f_bs': 212.7433160363976, 'f_fd': 101.36812763336647, 'num': 12, 'gains': 101.36812763336647, 'power': 0.007656414744444933}], [{'f_bs': 224.1660007495825, 'f_fd': 104.20615799682764, 'num': 27, 'gains': 312.6184739904829, 'power': 0.002727091794298182}, {'f_bs': 224.5588842048363, 'f_fd': 105.26583327460915, 'num': 14, 'gains': 105.26583327460915, 'power': 0.003382781477976435}, {'f_bs': 222.46286885259997, 'f_fd': 103.94485102987267, 'num': 19, 'gains': 311.834553089618, 'power': 0.0030633799737779565}, {'f_bs': 212.7433160363976, 'f_fd': 101.36812763336647, 'num': 12, 'gains': 202.73625526673294, 'power': 0.006976414744444933}], [{'f_bs': 228.68040685397304, 'f_fd': 105.87854794773418, 'num': 22, 'gains': 741.1498356341393, 'power': 6.029071637132376e-06}, {'f_bs': 224.5588842048363, 'f_fd': 105.26583327460915, 'num': 14, 'gains': 210.5316665492183, 'power': 0.002782781477976435}, {'f_bs': 222.46286885259997, 'f_fd': 103.94485102987267, 'num': 19, 'gains': 415.77940411949066, 'power': 0.0024233799737779565}, {'f_bs': 219.2895881898997, 'f_fd': 103.44639102817331, 'num': 18, 'gains': 931.0175192535601, 'power': 4.7042212140244134e-05}], [{'f_bs': 224.1660007495825, 'f_fd': 104.20615799682764, 'num': 27, 'gains': 416.82463198731057, 'power': 0.0020961289918358774}, {'f_bs': 224.5588842048363, 'f_fd': 105.26583327460915, 'num': 14, 'gains': 315.7974998238275, 'power': 0.0021827814779764353}, {'f_bs': 222.46286885259997, 'f_fd': 103.94485102987267, 'num': 19, 'gains': 519.7242551493633, 'power': 0.0017833799737779566}, {'f_bs': 212.7433160363976, 'f_fd': 101.36812763336647, 'num': 12, 'gains': 304.1043829000994, 'power': 0.006434762714803882}], [{'f_bs': 224.1660007495825, 'f_fd': 104.20615799682764, 'num': 27, 'gains': 521.0307899841382, 'power': 0.0014561289918358774}, {'f_bs': 224.5588842048363, 'f_fd': 105.26583327460915, 'num': 14, 'gains': 421.0633330984366, 'power': 0.0015827814779764352}, {'f_bs': 222.46286885259997, 'f_fd': 103.94485102987267, 'num': 19, 'gains': 623.669106179236, 'power': 0.0011433799737779566}, {'f_bs': 212.7433160363976, 'f_fd': 101.36812763336647, 'num': 12, 'gains': 405.4725105334659, 'power': 0.005754762714803882}], [{'f_bs': 224.1660007495825, 'f_fd': 104.20615799682764, 'num': 27, 'gains': 625.2369479809659, 'power': 0.0008161289918358774}, {'f_bs': 224.5588842048363, 'f_fd': 105.26583327460915, 'num': 14, 'gains': 526.3291663730457, 'power': 0.0009827814779764352}, {'f_bs': 222.46286885259997, 'f_fd': 103.94485102987267, 'num': 19, 'gains': 727.6139572091087, 'power': 0.0005033799737779566}, {'f_bs': 212.7433160363976, 'f_fd': 101.36812763336647, 'num': 12, 'gains': 506.8406381668324, 'power': 0.005074762714803882}], [{'f_bs': 224.1660007495825, 'f_fd': 104.20615799682764, 'num': 27, 'gains': 729.4431059777935, 'power': 0.00017612899183587732}, {'f_bs': 230.32328798067354, 'f_fd': 106.11617423004427, 'num': 25, 'gains': 742.81321961031, 'power': 2.883537526674829e-06}, {'f_bs': 219.256959835776, 'f_fd': 102.44118580831821, 'num': 20, 'gains': 102.44118580831821, 'power': 0.004265353616654533}, {'f_bs': 212.7433160363976, 'f_fd': 101.36812763336647, 'num': 12, 'gains': 608.2087658001989, 'power': 0.004394762714803882}]]
