fd 0 joined coalition 2
fd 1 joined coalition 1
fd 2 joined coalition 2
fd 3 joined coalition 0
fd 4 joined coalition 3
fd 5 joined coalition 0
fd 6 joined coalition 0
fd 7 joined coalition 2
fd 8 joined coalition 1
fd 9 joined coalition 2
fd 10 joined coalition 0
fd 11 joined coalition 3
fd 12 joined coalition 2
fd 13 joined coalition 2
fd 14 joined coalition 3
fd 15 joined coalition 2
fd 16 joined coalition 0
fd 17 joined coalition 3
fd 18 joined coalition 2
fd 19 joined coalition 3
fd 20 joined coalition 3
fd 21 joined coalition 3
fd 22 joined coalition 2
fd 23 joined coalition 3
fd 24 joined coalition 1
fd 25 joined coalition 1
fd 26 joined coalition 0
fd 27 joined coalition 0
fd 28 joined coalition 2
fd 29 joined coalition 1


initial info:
coalitoin 0: 
    paired fds:  [3, 5, 6, 10, 16, 26, 27]
    nearby fds:  [0, 1, 2, 3, 4, 5, 6, 7, 8, 9, 10, 11, 12, 14, 16, 17, 18, 19, 20, 22, 24, 25, 26, 27, 29]
coalitoin 1: 
    paired fds:  [1, 8, 24, 25, 29]
    nearby fds:  [0, 1, 2, 3, 4, 5, 6, 8, 9, 10, 11, 12, 13, 14, 15, 16, 17, 18, 19, 20, 21, 22, 23, 24, 25, 26, 27, 28, 29]
coalitoin 2: 
    paired fds:  [0, 2, 7, 9, 12, 13, 15, 18, 22, 28]
    nearby fds:  [0, 1, 2, 4, 6, 7, 8, 9, 10, 11, 12, 13, 14, 15, 16, 17, 18, 19, 20, 22, 24, 25, 27, 28, 29]
coalitoin 3: 
    paired fds:  [4, 11, 14, 17, 19, 20, 21, 23]
    nearby fds:  [0, 1, 3, 4, 5, 6, 7, 9, 10, 11, 12, 13, 14, 15, 16, 17, 18, 19, 20, 21, 23, 25, 26, 28, 29]


*** round 0
fd 22 joined coalition 0
fd 2 joined coalition 1
fd 7 in coalition 2 swap fd 14 in coalition 3
fd 27 in coalition 0 swap fd 14 in coalition 2
fd 1 in coalition 1 swap fd 21 in coalition 3
fd 18 in coalition 2 swap fd 10 in coalition 0
fd 25 in coalition 1 swap fd 19 in coalition 3
coalitoin 0: 
    paired fds:  [3, 6, 16, 18, 5, 22, 14, 26]
    nearby fds:  [0, 1, 2, 3, 4, 5, 6, 7, 8, 9, 10, 11, 12, 14, 16, 17, 18, 19, 20, 22, 24, 25, 26, 27, 29]
coalitoin 1: 
    paired fds:  [29, 19, 24, 2, 8, 21]
    nearby fds:  [0, 1, 2, 3, 4, 5, 6, 8, 9, 10, 11, 12, 13, 14, 15, 16, 17, 18, 19, 20, 21, 22, 23, 24, 25, 26, 27, 28, 29]
coalitoin 2: 
    paired fds:  [0, 15, 28, 27, 13, 9, 10, 12]
    nearby fds:  [0, 1, 2, 4, 6, 7, 8, 9, 10, 11, 12, 13, 14, 15, 16, 17, 18, 19, 20, 22, 24, 25, 27, 28, 29]
coalitoin 3: 
    paired fds:  [23, 1, 20, 11, 17, 4, 7, 25]
    nearby fds:  [0, 1, 3, 4, 5, 6, 7, 9, 10, 11, 12, 13, 14, 15, 16, 17, 18, 19, 20, 21, 23, 25, 26, 28, 29]


*** round 1
fd 16 in coalition 0 swap fd 12 in coalition 2
fd 21 in coalition 1 swap fd 23 in coalition 3
fd 20 in coalition 3 swap fd 0 in coalition 2
fd 10 in coalition 2 swap fd 24 in coalition 1
fd 11 in coalition 3 swap fd 19 in coalition 1
fd 1 in coalition 3 swap fd 16 in coalition 2
coalitoin 0: 
    paired fds:  [3, 5, 22, 14, 6, 18, 26, 12]
    nearby fds:  [0, 1, 2, 3, 4, 5, 6, 7, 8, 9, 10, 11, 12, 14, 16, 17, 18, 19, 20, 22, 24, 25, 26, 27, 29]
coalitoin 1: 
    paired fds:  [23, 10, 2, 29, 11, 8]
    nearby fds:  [0, 1, 2, 3, 4, 5, 6, 8, 9, 10, 11, 12, 13, 14, 15, 16, 17, 18, 19, 20, 21, 22, 23, 24, 25, 26, 27, 28, 29]
coalitoin 2: 
    paired fds:  [15, 27, 13, 24, 9, 28, 1, 20]
    nearby fds:  [0, 1, 2, 4, 6, 7, 8, 9, 10, 11, 12, 13, 14, 15, 16, 17, 18, 19, 20, 22, 24, 25, 27, 28, 29]
coalitoin 3: 
    paired fds:  [17, 25, 21, 0, 4, 16, 19, 7]
    nearby fds:  [0, 1, 3, 4, 5, 6, 7, 9, 10, 11, 12, 13, 14, 15, 16, 17, 18, 19, 20, 21, 23, 25, 26, 28, 29]


*** round 2
fd 27 in coalition 2 swap fd 22 in coalition 0
fd 27 in coalition 0 swap fd 9 in coalition 2
fd 1 in coalition 2 swap fd 10 in coalition 1
fd 11 in coalition 1 swap fd 21 in coalition 3
fd 2 in coalition 1 swap fd 22 in coalition 2
fd 11 in coalition 3 swap fd 1 in coalition 1
coalitoin 0: 
    paired fds:  [26, 14, 3, 12, 6, 18, 5, 9]
    nearby fds:  [0, 1, 2, 3, 4, 5, 6, 7, 8, 9, 10, 11, 12, 14, 16, 17, 18, 19, 20, 22, 24, 25, 26, 27, 29]
coalitoin 1: 
    paired fds:  [23, 29, 8, 21, 22, 11]
    nearby fds:  [0, 1, 2, 3, 4, 5, 6, 8, 9, 10, 11, 12, 13, 14, 15, 16, 17, 18, 19, 20, 21, 22, 23, 24, 25, 26, 27, 28, 29]
coalitoin 2: 
    paired fds:  [13, 27, 28, 24, 20, 10, 15, 2]
    nearby fds:  [0, 1, 2, 4, 6, 7, 8, 9, 10, 11, 12, 13, 14, 15, 16, 17, 18, 19, 20, 22, 24, 25, 27, 28, 29]
coalitoin 3: 
    paired fds:  [17, 25, 4, 16, 0, 19, 7, 1]
    nearby fds:  [0, 1, 3, 4, 5, 6, 7, 9, 10, 11, 12, 13, 14, 15, 16, 17, 18, 19, 20, 21, 23, 25, 26, 28, 29]


*** round 3
fd 8 in coalition 1 swap fd 10 in coalition 2
fd 29 in coalition 1 swap fd 0 in coalition 3
fd 22 in coalition 1 swap fd 14 in coalition 0
fd 13 in coalition 2 swap fd 25 in coalition 3
fd 16 in coalition 3 swap fd 23 in coalition 1
fd 22 in coalition 0 swap fd 20 in coalition 2
fd 25 in coalition 2 swap fd 10 in coalition 1
coalitoin 0: 
    paired fds:  [26, 3, 5, 6, 20, 18, 12, 9]
    nearby fds:  [0, 1, 2, 3, 4, 5, 6, 7, 8, 9, 10, 11, 12, 14, 16, 17, 18, 19, 20, 22, 24, 25, 26, 27, 29]
coalitoin 1: 
    paired fds:  [11, 0, 16, 21, 14, 25]
    nearby fds:  [0, 1, 2, 3, 4, 5, 6, 8, 9, 10, 11, 12, 13, 14, 15, 16, 17, 18, 19, 20, 21, 22, 23, 24, 25, 26, 27, 28, 29]
coalitoin 2: 
    paired fds:  [28, 15, 27, 2, 22, 8, 24, 10]
    nearby fds:  [0, 1, 2, 4, 6, 7, 8, 9, 10, 11, 12, 13, 14, 15, 16, 17, 18, 19, 20, 22, 24, 25, 27, 28, 29]
coalitoin 3: 
    paired fds:  [4, 19, 7, 29, 13, 23, 1, 17]
    nearby fds:  [0, 1, 3, 4, 5, 6, 7, 9, 10, 11, 12, 13, 14, 15, 16, 17, 18, 19, 20, 21, 23, 25, 26, 28, 29]


*** round 4
fd 20 in coalition 0 swap fd 0 in coalition 1
fd 13 in coalition 3 swap fd 21 in coalition 1
fd 14 in coalition 1 swap fd 3 in coalition 0
fd 10 in coalition 2 swap fd 7 in coalition 3
fd 29 in coalition 3 swap fd 15 in coalition 2
fd 16 in coalition 1 swap fd 5 in coalition 0
coalitoin 0: 
    paired fds:  [18, 9, 12, 26, 14, 6, 16, 0]
    nearby fds:  [0, 1, 2, 3, 4, 5, 6, 7, 8, 9, 10, 11, 12, 14, 16, 17, 18, 19, 20, 22, 24, 25, 26, 27, 29]
coalitoin 1: 
    paired fds:  [25, 20, 13, 3, 11, 5]
    nearby fds:  [0, 1, 2, 3, 4, 5, 6, 8, 9, 10, 11, 12, 13, 14, 15, 16, 17, 18, 19, 20, 21, 22, 23, 24, 25, 26, 27, 28, 29]
coalitoin 2: 
    paired fds:  [28, 27, 22, 8, 2, 7, 24, 29]
    nearby fds:  [0, 1, 2, 4, 6, 7, 8, 9, 10, 11, 12, 13, 14, 15, 16, 17, 18, 19, 20, 22, 24, 25, 27, 28, 29]
coalitoin 3: 
    paired fds:  [23, 19, 17, 21, 4, 10, 15, 1]
    nearby fds:  [0, 1, 3, 4, 5, 6, 7, 9, 10, 11, 12, 13, 14, 15, 16, 17, 18, 19, 20, 21, 23, 25, 26, 28, 29]


*** round 5
fd 5 in coalition 1 swap fd 9 in coalition 0
fd 29 in coalition 2 swap fd 15 in coalition 3
fd 6 in coalition 0 swap fd 3 in coalition 1
fd 9 in coalition 1 swap fd 4 in coalition 3
fd 18 in coalition 0 swap fd 7 in coalition 2
fd 3 in coalition 0 swap fd 11 in coalition 1
fd 4 in coalition 1 swap fd 18 in coalition 2
fd 15 in coalition 2 swap fd 13 in coalition 1
fd 19 in coalition 3 swap fd 13 in coalition 2
coalitoin 0: 
    paired fds:  [12, 26, 0, 16, 5, 14, 7, 11]
    nearby fds:  [0, 1, 2, 3, 4, 5, 6, 7, 8, 9, 10, 11, 12, 14, 16, 17, 18, 19, 20, 22, 24, 25, 26, 27, 29]
coalitoin 1: 
    paired fds:  [25, 20, 6, 3, 18, 15]
    nearby fds:  [0, 1, 2, 3, 4, 5, 6, 8, 9, 10, 11, 12, 13, 14, 15, 16, 17, 18, 19, 20, 21, 22, 23, 24, 25, 26, 27, 28, 29]
coalitoin 2: 
    paired fds:  [28, 27, 8, 22, 24, 2, 4, 19]
    nearby fds:  [0, 1, 2, 4, 6, 7, 8, 9, 10, 11, 12, 13, 14, 15, 16, 17, 18, 19, 20, 22, 24, 25, 27, 28, 29]
coalitoin 3: 
    paired fds:  [23, 21, 1, 10, 29, 17, 9, 13]
    nearby fds:  [0, 1, 3, 4, 5, 6, 7, 9, 10, 11, 12, 13, 14, 15, 16, 17, 18, 19, 20, 21, 23, 25, 26, 28, 29]


*** round 6
fd 14 in coalition 0 swap fd 3 in coalition 1
fd 22 in coalition 2 swap fd 11 in coalition 0
fd 1 in coalition 3 swap fd 28 in coalition 2
fd 14 in coalition 1 swap fd 19 in coalition 2
fd 23 in coalition 3 swap fd 20 in coalition 1
fd 12 in coalition 0 swap fd 20 in coalition 3
fd 5 in coalition 0 swap fd 29 in coalition 3
fd 15 in coalition 1 swap fd 5 in coalition 3
fd 1 in coalition 2 swap fd 0 in coalition 0
fd 26 in coalition 0 swap fd 17 in coalition 3
coalitoin 0: 
    paired fds:  [3, 22, 7, 20, 16, 29, 1, 17]
    nearby fds:  [0, 1, 2, 3, 4, 5, 6, 7, 8, 9, 10, 11, 12, 14, 16, 17, 18, 19, 20, 22, 24, 25, 26, 27, 29]
coalitoin 1: 
    paired fds:  [25, 23, 5, 18, 6, 19]
    nearby fds:  [0, 1, 2, 3, 4, 5, 6, 8, 9, 10, 11, 12, 13, 14, 15, 16, 17, 18, 19, 20, 21, 22, 23, 24, 25, 26, 27, 28, 29]
coalitoin 2: 
    paired fds:  [27, 24, 2, 4, 11, 8, 14, 0]
    nearby fds:  [0, 1, 2, 4, 6, 7, 8, 9, 10, 11, 12, 13, 14, 15, 16, 17, 18, 19, 20, 22, 24, 25, 27, 28, 29]
coalitoin 3: 
    paired fds:  [21, 10, 9, 13, 28, 12, 15, 26]
    nearby fds:  [0, 1, 3, 4, 5, 6, 7, 9, 10, 11, 12, 13, 14, 15, 16, 17, 18, 19, 20, 21, 23, 25, 26, 28, 29]


*** round 7
fd 22 in coalition 0 swap fd 5 in coalition 1
fd 18 in coalition 1 swap fd 14 in coalition 2
fd 11 in coalition 2 swap fd 9 in coalition 3
fd 22 in coalition 1 swap fd 18 in coalition 2
fd 22 in coalition 2 swap fd 19 in coalition 1
fd 11 in coalition 3 swap fd 1 in coalition 0
fd 14 in coalition 1 swap fd 3 in coalition 0
coalitoin 0: 
    paired fds:  [7, 5, 20, 17, 29, 11, 16, 14]
    nearby fds:  [0, 1, 2, 3, 4, 5, 6, 7, 8, 9, 10, 11, 12, 14, 16, 17, 18, 19, 20, 22, 24, 25, 26, 27, 29]
coalitoin 1: 
    paired fds:  [25, 6, 23, 22, 18, 3]
    nearby fds:  [0, 1, 2, 3, 4, 5, 6, 8, 9, 10, 11, 12, 13, 14, 15, 16, 17, 18, 19, 20, 21, 22, 23, 24, 25, 26, 27, 28, 29]
coalitoin 2: 
    paired fds:  [27, 24, 4, 8, 9, 0, 2, 19]
    nearby fds:  [0, 1, 2, 4, 6, 7, 8, 9, 10, 11, 12, 13, 14, 15, 16, 17, 18, 19, 20, 22, 24, 25, 27, 28, 29]
coalitoin 3: 
    paired fds:  [15, 26, 21, 10, 12, 1, 13, 28]
    nearby fds:  [0, 1, 3, 4, 5, 6, 7, 9, 10, 11, 12, 13, 14, 15, 16, 17, 18, 19, 20, 21, 23, 25, 26, 28, 29]


*** round 8
fd 22 in coalition 1 swap fd 5 in coalition 0
fd 26 in coalition 3 swap fd 14 in coalition 0
fd 3 in coalition 1 swap fd 17 in coalition 0
fd 22 in coalition 0 swap fd 17 in coalition 1
fd 10 in coalition 3 swap fd 29 in coalition 0
fd 3 in coalition 0 swap fd 1 in coalition 3
fd 22 in coalition 1 swap fd 4 in coalition 2
fd 14 in coalition 3 swap fd 9 in coalition 2
coalitoin 0: 
    paired fds:  [7, 20, 26, 17, 11, 10, 1, 16]
    nearby fds:  [0, 1, 2, 3, 4, 5, 6, 7, 8, 9, 10, 11, 12, 14, 16, 17, 18, 19, 20, 22, 24, 25, 26, 27, 29]
coalitoin 1: 
    paired fds:  [23, 5, 25, 6, 18, 4]
    nearby fds:  [0, 1, 2, 3, 4, 5, 6, 8, 9, 10, 11, 12, 13, 14, 15, 16, 17, 18, 19, 20, 21, 22, 23, 24, 25, 26, 27, 28, 29]
coalitoin 2: 
    paired fds:  [8, 19, 27, 0, 24, 22, 2, 14]
    nearby fds:  [0, 1, 2, 4, 6, 7, 8, 9, 10, 11, 12, 13, 14, 15, 16, 17, 18, 19, 20, 22, 24, 25, 27, 28, 29]
coalitoin 3: 
    paired fds:  [15, 21, 12, 13, 28, 29, 3, 9]
    nearby fds:  [0, 1, 3, 4, 5, 6, 7, 9, 10, 11, 12, 13, 14, 15, 16, 17, 18, 19, 20, 21, 23, 25, 26, 28, 29]


*** round 9
fd 16 in coalition 0 swap fd 5 in coalition 1
fd 3 in coalition 3 swap fd 10 in coalition 0
fd 17 in coalition 0 swap fd 14 in coalition 2
fd 11 in coalition 0 swap fd 9 in coalition 3
fd 18 in coalition 1 swap fd 19 in coalition 2
coalitoin 0: 
    paired fds:  [7, 26, 5, 3, 1, 20, 14, 9]
    nearby fds:  [0, 1, 2, 3, 4, 5, 6, 7, 8, 9, 10, 11, 12, 14, 16, 17, 18, 19, 20, 22, 24, 25, 26, 27, 29]
coalitoin 1: 
    paired fds:  [23, 25, 6, 16, 19, 4]
    nearby fds:  [0, 1, 2, 3, 4, 5, 6, 8, 9, 10, 11, 12, 13, 14, 15, 16, 17, 18, 19, 20, 21, 22, 23, 24, 25, 26, 27, 28, 29]
coalitoin 2: 
    paired fds:  [8, 22, 0, 24, 17, 2, 18, 27]
    nearby fds:  [0, 1, 2, 4, 6, 7, 8, 9, 10, 11, 12, 13, 14, 15, 16, 17, 18, 19, 20, 22, 24, 25, 27, 28, 29]
coalitoin 3: 
    paired fds:  [15, 21, 12, 13, 29, 10, 11, 28]
    nearby fds:  [0, 1, 3, 4, 5, 6, 7, 9, 10, 11, 12, 13, 14, 15, 16, 17, 18, 19, 20, 21, 23, 25, 26, 28, 29]


*** round 10
fd 7 in coalition 0 swap fd 22 in coalition 2
fd 20 in coalition 0 swap fd 29 in coalition 3
fd 25 in coalition 1 swap fd 12 in coalition 3
fd 17 in coalition 2 swap fd 11 in coalition 3
fd 18 in coalition 2 swap fd 25 in coalition 3
fd 6 in coalition 1 swap fd 20 in coalition 3
fd 6 in coalition 3 swap fd 25 in coalition 2
coalitoin 0: 
    paired fds:  [26, 3, 9, 5, 29, 1, 14, 22]
    nearby fds:  [0, 1, 2, 3, 4, 5, 6, 7, 8, 9, 10, 11, 12, 14, 16, 17, 18, 19, 20, 22, 24, 25, 26, 27, 29]
coalitoin 1: 
    paired fds:  [23, 12, 19, 20, 4, 16]
    nearby fds:  [0, 1, 2, 3, 4, 5, 6, 8, 9, 10, 11, 12, 13, 14, 15, 16, 17, 18, 19, 20, 21, 22, 23, 24, 25, 26, 27, 28, 29]
coalitoin 2: 
    paired fds:  [8, 0, 24, 2, 27, 7, 11, 6]
    nearby fds:  [0, 1, 2, 4, 6, 7, 8, 9, 10, 11, 12, 13, 14, 15, 16, 17, 18, 19, 20, 22, 24, 25, 27, 28, 29]
coalitoin 3: 
    paired fds:  [15, 28, 21, 17, 13, 10, 18, 25]
    nearby fds:  [0, 1, 3, 4, 5, 6, 7, 9, 10, 11, 12, 13, 14, 15, 16, 17, 18, 19, 20, 21, 23, 25, 26, 28, 29]


*** round 11
fd 29 in coalition 0 swap fd 7 in coalition 2
fd 4 in coalition 1 swap fd 3 in coalition 0
fd 22 in coalition 0 swap fd 12 in coalition 1
fd 17 in coalition 3 swap fd 14 in coalition 0
fd 6 in coalition 2 swap fd 22 in coalition 1
coalitoin 0: 
    paired fds:  [26, 5, 4, 1, 9, 17, 12, 7]
    nearby fds:  [0, 1, 2, 3, 4, 5, 6, 7, 8, 9, 10, 11, 12, 14, 16, 17, 18, 19, 20, 22, 24, 25, 26, 27, 29]
coalitoin 1: 
    paired fds:  [23, 3, 6, 19, 20, 16]
    nearby fds:  [0, 1, 2, 3, 4, 5, 6, 8, 9, 10, 11, 12, 13, 14, 15, 16, 17, 18, 19, 20, 21, 22, 23, 24, 25, 26, 27, 28, 29]
coalitoin 2: 
    paired fds:  [27, 11, 2, 0, 22, 24, 8, 29]
    nearby fds:  [0, 1, 2, 4, 6, 7, 8, 9, 10, 11, 12, 13, 14, 15, 16, 17, 18, 19, 20, 22, 24, 25, 27, 28, 29]
coalitoin 3: 
    paired fds:  [15, 21, 13, 10, 25, 28, 18, 14]
    nearby fds:  [0, 1, 3, 4, 5, 6, 7, 9, 10, 11, 12, 13, 14, 15, 16, 17, 18, 19, 20, 21, 23, 25, 26, 28, 29]


*** round 12
fd 26 in coalition 0 swap fd 20 in coalition 1
fd 26 in coalition 1 swap fd 5 in coalition 0
fd 10 in coalition 3 swap fd 11 in coalition 2
fd 4 in coalition 0 swap fd 8 in coalition 2
fd 16 in coalition 1 swap fd 26 in coalition 0
fd 3 in coalition 1 swap fd 13 in coalition 3
coalitoin 0: 
    paired fds:  [1, 7, 17, 9, 16, 8, 12, 20]
    nearby fds:  [0, 1, 2, 3, 4, 5, 6, 7, 8, 9, 10, 11, 12, 14, 16, 17, 18, 19, 20, 22, 24, 25, 26, 27, 29]
coalitoin 1: 
    paired fds:  [23, 26, 13, 19, 6, 5]
    nearby fds:  [0, 1, 2, 3, 4, 5, 6, 8, 9, 10, 11, 12, 13, 14, 15, 16, 17, 18, 19, 20, 21, 22, 23, 24, 25, 26, 27, 28, 29]
coalitoin 2: 
    paired fds:  [0, 10, 4, 22, 29, 24, 2, 27]
    nearby fds:  [0, 1, 2, 4, 6, 7, 8, 9, 10, 11, 12, 13, 14, 15, 16, 17, 18, 19, 20, 22, 24, 25, 27, 28, 29]
coalitoin 3: 
    paired fds:  [15, 25, 28, 18, 11, 14, 3, 21]
    nearby fds:  [0, 1, 3, 4, 5, 6, 7, 9, 10, 11, 12, 13, 14, 15, 16, 17, 18, 19, 20, 21, 23, 25, 26, 28, 29]


*** round 13
fd 9 in coalition 0 swap fd 11 in coalition 3
fd 9 in coalition 3 swap fd 19 in coalition 1
fd 10 in coalition 2 swap fd 9 in coalition 1
fd 25 in coalition 3 swap fd 13 in coalition 1
fd 0 in coalition 2 swap fd 19 in coalition 3
fd 9 in coalition 2 swap fd 20 in coalition 0
coalitoin 0: 
    paired fds:  [17, 8, 1, 16, 12, 11, 9, 7]
    nearby fds:  [0, 1, 2, 3, 4, 5, 6, 7, 8, 9, 10, 11, 12, 14, 16, 17, 18, 19, 20, 22, 24, 25, 26, 27, 29]
coalitoin 1: 
    paired fds:  [23, 5, 6, 26, 10, 25]
    nearby fds:  [0, 1, 2, 3, 4, 5, 6, 8, 9, 10, 11, 12, 13, 14, 15, 16, 17, 18, 19, 20, 21, 22, 23, 24, 25, 26, 27, 28, 29]
coalitoin 2: 
    paired fds:  [2, 27, 29, 22, 24, 19, 4, 20]
    nearby fds:  [0, 1, 2, 4, 6, 7, 8, 9, 10, 11, 12, 13, 14, 15, 16, 17, 18, 19, 20, 22, 24, 25, 27, 28, 29]
coalitoin 3: 
    paired fds:  [15, 28, 21, 13, 18, 0, 3, 14]
    nearby fds:  [0, 1, 3, 4, 5, 6, 7, 9, 10, 11, 12, 13, 14, 15, 16, 17, 18, 19, 20, 21, 23, 25, 26, 28, 29]


*** round 14
fd 8 in coalition 0 swap fd 6 in coalition 1
fd 8 in coalition 1 swap fd 22 in coalition 2
fd 13 in coalition 3 swap fd 19 in coalition 2
fd 5 in coalition 1 swap fd 1 in coalition 0
fd 13 in coalition 2 swap fd 22 in coalition 1
fd 11 in coalition 0 swap fd 10 in coalition 1
coalitoin 0: 
    paired fds:  [17, 16, 6, 5, 7, 9, 12, 10]
    nearby fds:  [0, 1, 2, 3, 4, 5, 6, 7, 8, 9, 10, 11, 12, 14, 16, 17, 18, 19, 20, 22, 24, 25, 26, 27, 29]
coalitoin 1: 
    paired fds:  [26, 25, 23, 13, 11, 1]
    nearby fds:  [0, 1, 2, 3, 4, 5, 6, 8, 9, 10, 11, 12, 13, 14, 15, 16, 17, 18, 19, 20, 21, 22, 23, 24, 25, 26, 27, 28, 29]
coalitoin 2: 
    paired fds:  [27, 24, 8, 22, 2, 4, 20, 29]
    nearby fds:  [0, 1, 2, 4, 6, 7, 8, 9, 10, 11, 12, 13, 14, 15, 16, 17, 18, 19, 20, 22, 24, 25, 27, 28, 29]
coalitoin 3: 
    paired fds:  [15, 21, 0, 14, 3, 18, 28, 19]
    nearby fds:  [0, 1, 3, 4, 5, 6, 7, 9, 10, 11, 12, 13, 14, 15, 16, 17, 18, 19, 20, 21, 23, 25, 26, 28, 29]


*** round 15
fd 11 in coalition 1 swap fd 9 in coalition 0
fd 14 in coalition 3 swap fd 16 in coalition 0
fd 1 in coalition 1 swap fd 0 in coalition 3
fd 20 in coalition 2 swap fd 6 in coalition 0
fd 25 in coalition 1 swap fd 4 in coalition 2
fd 16 in coalition 3 swap fd 6 in coalition 2
fd 29 in coalition 2 swap fd 15 in coalition 3
fd 29 in coalition 3 swap fd 23 in coalition 1
coalitoin 0: 
    paired fds:  [17, 5, 12, 10, 11, 20, 14, 7]
    nearby fds:  [0, 1, 2, 3, 4, 5, 6, 7, 8, 9, 10, 11, 12, 14, 16, 17, 18, 19, 20, 22, 24, 25, 26, 27, 29]
coalitoin 1: 
    paired fds:  [26, 9, 4, 13, 29, 0]
    nearby fds:  [0, 1, 2, 3, 4, 5, 6, 8, 9, 10, 11, 12, 13, 14, 15, 16, 17, 18, 19, 20, 21, 22, 23, 24, 25, 26, 27, 28, 29]
coalitoin 2: 
    paired fds:  [27, 22, 24, 16, 25, 2, 8, 15]
    nearby fds:  [0, 1, 2, 4, 6, 7, 8, 9, 10, 11, 12, 13, 14, 15, 16, 17, 18, 19, 20, 22, 24, 25, 27, 28, 29]
coalitoin 3: 
    paired fds:  [3, 28, 19, 1, 6, 23, 21, 18]
    nearby fds:  [0, 1, 3, 4, 5, 6, 7, 9, 10, 11, 12, 13, 14, 15, 16, 17, 18, 19, 20, 21, 23, 25, 26, 28, 29]


*** round 16
fd 14 in coalition 0 swap fd 29 in coalition 1
fd 13 in coalition 1 swap fd 16 in coalition 2
fd 0 in coalition 1 swap fd 11 in coalition 0
fd 13 in coalition 2 swap fd 18 in coalition 3
fd 17 in coalition 0 swap fd 16 in coalition 1
fd 14 in coalition 1 swap fd 28 in coalition 3
fd 15 in coalition 2 swap fd 1 in coalition 3
fd 19 in coalition 3 swap fd 1 in coalition 2
fd 1 in coalition 3 swap fd 0 in coalition 0
fd 14 in coalition 3 swap fd 25 in coalition 2
coalitoin 0: 
    paired fds:  [5, 10, 7, 12, 20, 16, 1, 29]
    nearby fds:  [0, 1, 2, 3, 4, 5, 6, 7, 8, 9, 10, 11, 12, 14, 16, 17, 18, 19, 20, 22, 24, 25, 26, 27, 29]
coalitoin 1: 
    paired fds:  [26, 9, 11, 28, 17, 4]
    nearby fds:  [0, 1, 2, 3, 4, 5, 6, 8, 9, 10, 11, 12, 13, 14, 15, 16, 17, 18, 19, 20, 21, 22, 23, 24, 25, 26, 27, 28, 29]
coalitoin 2: 
    paired fds:  [2, 24, 18, 19, 8, 22, 27, 14]
    nearby fds:  [0, 1, 2, 4, 6, 7, 8, 9, 10, 11, 12, 13, 14, 15, 16, 17, 18, 19, 20, 22, 24, 25, 27, 28, 29]
coalitoin 3: 
    paired fds:  [6, 23, 21, 13, 15, 0, 3, 25]
    nearby fds:  [0, 1, 3, 4, 5, 6, 7, 9, 10, 11, 12, 13, 14, 15, 16, 17, 18, 19, 20, 21, 23, 25, 26, 28, 29]


*** round 17
fd 9 in coalition 1 swap fd 5 in coalition 0
fd 19 in coalition 2 swap fd 17 in coalition 1
fd 7 in coalition 0 swap fd 18 in coalition 2
fd 11 in coalition 1 swap fd 15 in coalition 3
fd 14 in coalition 2 swap fd 0 in coalition 3
fd 16 in coalition 0 swap fd 26 in coalition 1
fd 5 in coalition 1 swap fd 20 in coalition 0
fd 11 in coalition 3 swap fd 0 in coalition 2
coalitoin 0: 
    paired fds:  [12, 29, 10, 18, 1, 26, 9, 5]
    nearby fds:  [0, 1, 2, 3, 4, 5, 6, 7, 8, 9, 10, 11, 12, 14, 16, 17, 18, 19, 20, 22, 24, 25, 26, 27, 29]
coalitoin 1: 
    paired fds:  [28, 19, 16, 4, 15, 20]
    nearby fds:  [0, 1, 2, 3, 4, 5, 6, 8, 9, 10, 11, 12, 13, 14, 15, 16, 17, 18, 19, 20, 21, 22, 23, 24, 25, 26, 27, 28, 29]
coalitoin 2: 
    paired fds:  [2, 24, 22, 27, 8, 17, 7, 11]
    nearby fds:  [0, 1, 2, 4, 6, 7, 8, 9, 10, 11, 12, 13, 14, 15, 16, 17, 18, 19, 20, 22, 24, 25, 27, 28, 29]
coalitoin 3: 
    paired fds:  [21, 25, 3, 23, 13, 14, 6, 0]
    nearby fds:  [0, 1, 3, 4, 5, 6, 7, 9, 10, 11, 12, 13, 14, 15, 16, 17, 18, 19, 20, 21, 23, 25, 26, 28, 29]


*** round 18
fd 28 in coalition 1 swap fd 0 in coalition 3
fd 18 in coalition 0 swap fd 14 in coalition 3
fd 4 in coalition 1 swap fd 13 in coalition 3
fd 4 in coalition 3 swap fd 15 in coalition 1
fd 17 in coalition 2 swap fd 15 in coalition 3
coalitoin 0: 
    paired fds:  [29, 10, 26, 5, 1, 9, 12, 14]
    nearby fds:  [0, 1, 2, 3, 4, 5, 6, 7, 8, 9, 10, 11, 12, 14, 16, 17, 18, 19, 20, 22, 24, 25, 26, 27, 29]
coalitoin 1: 
    paired fds:  [19, 13, 0, 20, 4, 16]
    nearby fds:  [0, 1, 2, 3, 4, 5, 6, 8, 9, 10, 11, 12, 13, 14, 15, 16, 17, 18, 19, 20, 21, 22, 23, 24, 25, 26, 27, 28, 29]
coalitoin 2: 
    paired fds:  [27, 11, 7, 24, 2, 15, 8, 22]
    nearby fds:  [0, 1, 2, 4, 6, 7, 8, 9, 10, 11, 12, 13, 14, 15, 16, 17, 18, 19, 20, 22, 24, 25, 27, 28, 29]
coalitoin 3: 
    paired fds:  [25, 23, 28, 3, 18, 6, 21, 17]
    nearby fds:  [0, 1, 3, 4, 5, 6, 7, 9, 10, 11, 12, 13, 14, 15, 16, 17, 18, 19, 20, 21, 23, 25, 26, 28, 29]


*** round 19
fd 28 in coalition 3 swap fd 7 in coalition 2
fd 29 in coalition 0 swap fd 3 in coalition 3
fd 4 in coalition 1 swap fd 3 in coalition 0
fd 18 in coalition 3 swap fd 15 in coalition 2
coalitoin 0: 
    paired fds:  [10, 26, 5, 14, 12, 1, 4, 9]
    nearby fds:  [0, 1, 2, 3, 4, 5, 6, 7, 8, 9, 10, 11, 12, 14, 16, 17, 18, 19, 20, 22, 24, 25, 26, 27, 29]
coalitoin 1: 
    paired fds:  [0, 13, 16, 20, 19, 3]
    nearby fds:  [0, 1, 2, 3, 4, 5, 6, 8, 9, 10, 11, 12, 13, 14, 15, 16, 17, 18, 19, 20, 21, 22, 23, 24, 25, 26, 27, 28, 29]
coalitoin 2: 
    paired fds:  [24, 8, 22, 28, 2, 11, 27, 18]
    nearby fds:  [0, 1, 2, 4, 6, 7, 8, 9, 10, 11, 12, 13, 14, 15, 16, 17, 18, 19, 20, 22, 24, 25, 27, 28, 29]
coalitoin 3: 
    paired fds:  [23, 21, 7, 29, 25, 17, 6, 15]
    nearby fds:  [0, 1, 3, 4, 5, 6, 7, 9, 10, 11, 12, 13, 14, 15, 16, 17, 18, 19, 20, 21, 23, 25, 26, 28, 29]


*** round 20
fd 5 in coalition 0 swap fd 20 in coalition 1
fd 28 in coalition 2 swap fd 7 in coalition 3
fd 15 in coalition 3 swap fd 3 in coalition 1
fd 1 in coalition 0 swap fd 18 in coalition 2
fd 24 in coalition 2 swap fd 4 in coalition 0
fd 26 in coalition 0 swap fd 16 in coalition 1
fd 11 in coalition 2 swap fd 28 in coalition 3
coalitoin 0: 
    paired fds:  [14, 20, 9, 18, 24, 16, 12, 10]
    nearby fds:  [0, 1, 2, 3, 4, 5, 6, 7, 8, 9, 10, 11, 12, 14, 16, 17, 18, 19, 20, 22, 24, 25, 26, 27, 29]
coalitoin 1: 
    paired fds:  [5, 19, 13, 26, 15, 0]
    nearby fds:  [0, 1, 2, 3, 4, 5, 6, 8, 9, 10, 11, 12, 13, 14, 15, 16, 17, 18, 19, 20, 21, 22, 23, 24, 25, 26, 27, 28, 29]
coalitoin 2: 
    paired fds:  [8, 22, 2, 27, 7, 28, 4, 1]
    nearby fds:  [0, 1, 2, 4, 6, 7, 8, 9, 10, 11, 12, 13, 14, 15, 16, 17, 18, 19, 20, 22, 24, 25, 27, 28, 29]
coalitoin 3: 
    paired fds:  [23, 21, 29, 17, 3, 6, 25, 11]
    nearby fds:  [0, 1, 3, 4, 5, 6, 7, 9, 10, 11, 12, 13, 14, 15, 16, 17, 18, 19, 20, 21, 23, 25, 26, 28, 29]


*** round 21
fd 23 in coalition 3 swap fd 13 in coalition 1
fd 5 in coalition 1 swap fd 24 in coalition 0
fd 6 in coalition 3 swap fd 14 in coalition 0
fd 15 in coalition 1 swap fd 17 in coalition 3
fd 17 in coalition 1 swap fd 4 in coalition 2
fd 29 in coalition 3 swap fd 0 in coalition 1
fd 9 in coalition 0 swap fd 11 in coalition 3
fd 14 in coalition 3 swap fd 7 in coalition 2
coalitoin 0: 
    paired fds:  [20, 10, 18, 5, 6, 12, 11, 16]
    nearby fds:  [0, 1, 2, 3, 4, 5, 6, 7, 8, 9, 10, 11, 12, 14, 16, 17, 18, 19, 20, 22, 24, 25, 26, 27, 29]
coalitoin 1: 
    paired fds:  [19, 26, 23, 24, 29, 4]
    nearby fds:  [0, 1, 2, 3, 4, 5, 6, 8, 9, 10, 11, 12, 13, 14, 15, 16, 17, 18, 19, 20, 21, 22, 23, 24, 25, 26, 27, 28, 29]
coalitoin 2: 
    paired fds:  [28, 2, 22, 8, 27, 1, 17, 14]
    nearby fds:  [0, 1, 2, 4, 6, 7, 8, 9, 10, 11, 12, 13, 14, 15, 16, 17, 18, 19, 20, 22, 24, 25, 27, 28, 29]
coalitoin 3: 
    paired fds:  [21, 13, 15, 25, 3, 0, 9, 7]
    nearby fds:  [0, 1, 3, 4, 5, 6, 7, 9, 10, 11, 12, 13, 14, 15, 16, 17, 18, 19, 20, 21, 23, 25, 26, 28, 29]


*** round 22
fd 6 in coalition 0 swap fd 17 in coalition 2
fd 26 in coalition 1 swap fd 25 in coalition 3
fd 7 in coalition 3 swap fd 1 in coalition 2
fd 28 in coalition 2 swap fd 9 in coalition 3
fd 11 in coalition 0 swap fd 9 in coalition 2
fd 15 in coalition 3 swap fd 14 in coalition 2
coalitoin 0: 
    paired fds:  [5, 16, 18, 17, 10, 20, 9, 12]
    nearby fds:  [0, 1, 2, 3, 4, 5, 6, 7, 8, 9, 10, 11, 12, 14, 16, 17, 18, 19, 20, 22, 24, 25, 26, 27, 29]
coalitoin 1: 
    paired fds:  [19, 24, 4, 25, 29, 23]
    nearby fds:  [0, 1, 2, 3, 4, 5, 6, 8, 9, 10, 11, 12, 13, 14, 15, 16, 17, 18, 19, 20, 21, 22, 23, 24, 25, 26, 27, 28, 29]
coalitoin 2: 
    paired fds:  [8, 22, 2, 27, 6, 7, 11, 15]
    nearby fds:  [0, 1, 2, 4, 6, 7, 8, 9, 10, 11, 12, 13, 14, 15, 16, 17, 18, 19, 20, 22, 24, 25, 27, 28, 29]
coalitoin 3: 
    paired fds:  [0, 21, 3, 13, 1, 28, 26, 14]
    nearby fds:  [0, 1, 3, 4, 5, 6, 7, 9, 10, 11, 12, 13, 14, 15, 16, 17, 18, 19, 20, 21, 23, 25, 26, 28, 29]


*** round 23
fd 25 in coalition 1 swap fd 15 in coalition 2
fd 13 in coalition 3 swap fd 6 in coalition 2
fd 23 in coalition 1 swap fd 28 in coalition 3
fd 20 in coalition 0 swap fd 2 in coalition 2
fd 25 in coalition 2 swap fd 0 in coalition 3
coalitoin 0: 
    paired fds:  [5, 18, 10, 12, 2, 16, 17, 9]
    nearby fds:  [0, 1, 2, 3, 4, 5, 6, 7, 8, 9, 10, 11, 12, 14, 16, 17, 18, 19, 20, 22, 24, 25, 26, 27, 29]
coalitoin 1: 
    paired fds:  [4, 15, 28, 24, 29, 19]
    nearby fds:  [0, 1, 2, 3, 4, 5, 6, 8, 9, 10, 11, 12, 13, 14, 15, 16, 17, 18, 19, 20, 21, 22, 23, 24, 25, 26, 27, 28, 29]
coalitoin 2: 
    paired fds:  [27, 7, 11, 8, 13, 22, 0, 20]
    nearby fds:  [0, 1, 2, 4, 6, 7, 8, 9, 10, 11, 12, 13, 14, 15, 16, 17, 18, 19, 20, 22, 24, 25, 27, 28, 29]
coalitoin 3: 
    paired fds:  [21, 26, 1, 6, 23, 3, 25, 14]
    nearby fds:  [0, 1, 3, 4, 5, 6, 7, 9, 10, 11, 12, 13, 14, 15, 16, 17, 18, 19, 20, 21, 23, 25, 26, 28, 29]


*** round 24
fd 17 in coalition 0 swap fd 22 in coalition 2
fd 19 in coalition 1 swap fd 18 in coalition 0
fd 1 in coalition 3 swap fd 9 in coalition 0
fd 15 in coalition 1 swap fd 8 in coalition 2
fd 11 in coalition 2 swap fd 18 in coalition 1
fd 5 in coalition 0 swap fd 11 in coalition 1
fd 25 in coalition 3 swap fd 7 in coalition 2
fd 8 in coalition 1 swap fd 27 in coalition 2
fd 9 in coalition 3 swap fd 20 in coalition 2
fd 2 in coalition 0 swap fd 18 in coalition 2
fd 27 in coalition 1 swap fd 25 in coalition 2
coalitoin 0: 
    paired fds:  [12, 22, 19, 1, 10, 11, 18, 16]
    nearby fds:  [0, 1, 2, 3, 4, 5, 6, 7, 8, 9, 10, 11, 12, 14, 16, 17, 18, 19, 20, 22, 24, 25, 26, 27, 29]
coalitoin 1: 
    paired fds:  [24, 29, 4, 28, 5, 25]
    nearby fds:  [0, 1, 2, 3, 4, 5, 6, 8, 9, 10, 11, 12, 13, 14, 15, 16, 17, 18, 19, 20, 21, 22, 23, 24, 25, 26, 27, 28, 29]
coalitoin 2: 
    paired fds:  [13, 0, 15, 8, 9, 2, 27, 17]
    nearby fds:  [0, 1, 2, 4, 6, 7, 8, 9, 10, 11, 12, 13, 14, 15, 16, 17, 18, 19, 20, 22, 24, 25, 27, 28, 29]
coalitoin 3: 
    paired fds:  [21, 6, 23, 14, 26, 3, 7, 20]
    nearby fds:  [0, 1, 3, 4, 5, 6, 7, 9, 10, 11, 12, 13, 14, 15, 16, 17, 18, 19, 20, 21, 23, 25, 26, 28, 29]


*** round 25
fd 12 in coalition 0 swap fd 9 in coalition 2
fd 9 in coalition 0 swap fd 5 in coalition 1
fd 9 in coalition 1 swap fd 20 in coalition 3
fd 15 in coalition 2 swap fd 20 in coalition 1
fd 3 in coalition 3 swap fd 28 in coalition 1
fd 3 in coalition 1 swap fd 22 in coalition 0
fd 16 in coalition 0 swap fd 12 in coalition 2
fd 13 in coalition 2 swap fd 9 in coalition 3
fd 7 in coalition 3 swap fd 0 in coalition 2
coalitoin 0: 
    paired fds:  [1, 10, 19, 11, 5, 18, 3, 12]
    nearby fds:  [0, 1, 2, 3, 4, 5, 6, 7, 8, 9, 10, 11, 12, 14, 16, 17, 18, 19, 20, 22, 24, 25, 26, 27, 29]
coalitoin 1: 
    paired fds:  [24, 25, 15, 22, 4, 29]
    nearby fds:  [0, 1, 2, 3, 4, 5, 6, 8, 9, 10, 11, 12, 13, 14, 15, 16, 17, 18, 19, 20, 21, 22, 23, 24, 25, 26, 27, 28, 29]
coalitoin 2: 
    paired fds:  [2, 27, 17, 20, 8, 16, 9, 7]
    nearby fds:  [0, 1, 2, 4, 6, 7, 8, 9, 10, 11, 12, 13, 14, 15, 16, 17, 18, 19, 20, 22, 24, 25, 27, 28, 29]
coalitoin 3: 
    paired fds:  [21, 23, 6, 14, 28, 26, 13, 0]
    nearby fds:  [0, 1, 3, 4, 5, 6, 7, 9, 10, 11, 12, 13, 14, 15, 16, 17, 18, 19, 20, 21, 23, 25, 26, 28, 29]


*** round 26
fd 11 in coalition 0 swap fd 4 in coalition 1
fd 15 in coalition 1 swap fd 2 in coalition 2
fd 13 in coalition 3 swap fd 25 in coalition 1
fd 15 in coalition 2 swap fd 0 in coalition 3
coalitoin 0: 
    paired fds:  [1, 5, 3, 12, 18, 4, 19, 10]
    nearby fds:  [0, 1, 2, 3, 4, 5, 6, 7, 8, 9, 10, 11, 12, 14, 16, 17, 18, 19, 20, 22, 24, 25, 26, 27, 29]
coalitoin 1: 
    paired fds:  [22, 24, 13, 29, 11, 2]
    nearby fds:  [0, 1, 2, 3, 4, 5, 6, 8, 9, 10, 11, 12, 13, 14, 15, 16, 17, 18, 19, 20, 21, 22, 23, 24, 25, 26, 27, 28, 29]
coalitoin 2: 
    paired fds:  [27, 17, 8, 9, 7, 16, 0, 20]
    nearby fds:  [0, 1, 2, 4, 6, 7, 8, 9, 10, 11, 12, 13, 14, 15, 16, 17, 18, 19, 20, 22, 24, 25, 27, 28, 29]
coalitoin 3: 
    paired fds:  [21, 28, 14, 23, 26, 25, 15, 6]
    nearby fds:  [0, 1, 3, 4, 5, 6, 7, 9, 10, 11, 12, 13, 14, 15, 16, 17, 18, 19, 20, 21, 23, 25, 26, 28, 29]


*** round 27
fd 11 in coalition 1 swap fd 3 in coalition 0
fd 17 in coalition 2 swap fd 11 in coalition 0
fd 21 in coalition 3 swap fd 29 in coalition 1
fd 13 in coalition 1 swap fd 15 in coalition 3
fd 24 in coalition 1 swap fd 0 in coalition 2
fd 5 in coalition 0 swap fd 29 in coalition 3
fd 16 in coalition 2 swap fd 4 in coalition 0
coalitoin 0: 
    paired fds:  [19, 10, 12, 1, 18, 29, 17, 16]
    nearby fds:  [0, 1, 2, 3, 4, 5, 6, 7, 8, 9, 10, 11, 12, 14, 16, 17, 18, 19, 20, 22, 24, 25, 26, 27, 29]
coalitoin 1: 
    paired fds:  [2, 21, 0, 15, 3, 22]
    nearby fds:  [0, 1, 2, 3, 4, 5, 6, 8, 9, 10, 11, 12, 13, 14, 15, 16, 17, 18, 19, 20, 21, 22, 23, 24, 25, 26, 27, 28, 29]
coalitoin 2: 
    paired fds:  [27, 8, 7, 24, 11, 9, 4, 20]
    nearby fds:  [0, 1, 2, 4, 6, 7, 8, 9, 10, 11, 12, 13, 14, 15, 16, 17, 18, 19, 20, 22, 24, 25, 27, 28, 29]
coalitoin 3: 
    paired fds:  [28, 23, 26, 6, 5, 14, 25, 13]
    nearby fds:  [0, 1, 3, 4, 5, 6, 7, 9, 10, 11, 12, 13, 14, 15, 16, 17, 18, 19, 20, 21, 23, 25, 26, 28, 29]


*** round 28
fd 2 in coalition 1 swap fd 11 in coalition 2
fd 13 in coalition 3 swap fd 15 in coalition 1
fd 21 in coalition 1 swap fd 23 in coalition 3
fd 20 in coalition 2 swap fd 19 in coalition 0
fd 23 in coalition 1 swap fd 26 in coalition 3
fd 18 in coalition 0 swap fd 6 in coalition 3
fd 3 in coalition 1 swap fd 21 in coalition 3
coalitoin 0: 
    paired fds:  [12, 1, 29, 16, 20, 10, 17, 6]
    nearby fds:  [0, 1, 2, 3, 4, 5, 6, 7, 8, 9, 10, 11, 12, 14, 16, 17, 18, 19, 20, 22, 24, 25, 26, 27, 29]
coalitoin 1: 
    paired fds:  [22, 13, 26, 21, 0, 11]
    nearby fds:  [0, 1, 2, 3, 4, 5, 6, 8, 9, 10, 11, 12, 13, 14, 15, 16, 17, 18, 19, 20, 21, 22, 23, 24, 25, 26, 27, 28, 29]
coalitoin 2: 
    paired fds:  [8, 7, 27, 4, 9, 19, 2, 24]
    nearby fds:  [0, 1, 2, 4, 6, 7, 8, 9, 10, 11, 12, 13, 14, 15, 16, 17, 18, 19, 20, 22, 24, 25, 27, 28, 29]
coalitoin 3: 
    paired fds:  [5, 15, 28, 23, 25, 18, 3, 14]
    nearby fds:  [0, 1, 3, 4, 5, 6, 7, 9, 10, 11, 12, 13, 14, 15, 16, 17, 18, 19, 20, 21, 23, 25, 26, 28, 29]


*** round 29
fd 29 in coalition 0 swap fd 2 in coalition 2
fd 11 in coalition 1 swap fd 8 in coalition 2
fd 14 in coalition 3 swap fd 13 in coalition 1
fd 26 in coalition 1 swap fd 23 in coalition 3
fd 15 in coalition 3 swap fd 14 in coalition 1
fd 9 in coalition 2 swap fd 1 in coalition 0
coalitoin 0: 
    paired fds:  [16, 10, 6, 2, 20, 17, 12, 9]
    nearby fds:  [0, 1, 2, 3, 4, 5, 6, 7, 8, 9, 10, 11, 12, 14, 16, 17, 18, 19, 20, 22, 24, 25, 26, 27, 29]
coalitoin 1: 
    paired fds:  [21, 23, 15, 0, 8, 22]
    nearby fds:  [0, 1, 2, 3, 4, 5, 6, 8, 9, 10, 11, 12, 13, 14, 15, 16, 17, 18, 19, 20, 21, 22, 23, 24, 25, 26, 27, 28, 29]
coalitoin 2: 
    paired fds:  [7, 27, 24, 11, 29, 19, 4, 1]
    nearby fds:  [0, 1, 2, 4, 6, 7, 8, 9, 10, 11, 12, 13, 14, 15, 16, 17, 18, 19, 20, 22, 24, 25, 27, 28, 29]
coalitoin 3: 
    paired fds:  [3, 13, 26, 25, 28, 18, 14, 5]
    nearby fds:  [0, 1, 3, 4, 5, 6, 7, 9, 10, 11, 12, 13, 14, 15, 16, 17, 18, 19, 20, 21, 23, 25, 26, 28, 29]
fd  2 in coalition 0 was selected to forward
fd 23 in coalition 1 was selected to forward
fd  7 in coalition 2 was selected to forward
fd 13 in coalition 3 was selected to forward
fd  2 in coalition 0 was selected to forward
fd 23 in coalition 1 was selected to forward
fd  7 in coalition 2 was selected to forward
fd 13 in coalition 3 was selected to forward
fd  2 in coalition 0 was selected to forward
fd 23 in coalition 1 was selected to forward
fd  7 in coalition 2 was selected to forward
fd 13 in coalition 3 was selected to forward
fd  2 in coalition 0 was selected to forward
fd 23 in coalition 1 was selected to forward
fd  7 in coalition 2 was selected to forward
fd 13 in coalition 3 was selected to forward
fd  2 in coalition 0 was selected to forward
fd 23 in coalition 1 was selected to forward
fd  7 in coalition 2 was selected to forward
fd 13 in coalition 3 was selected to forward
fd  2 in coalition 0 was selected to forward
fd  0 in coalition 1 was selected to forward
fd  7 in coalition 2 was selected to forward
fd 13 in coalition 3 was selected to forward
fd 20 in coalition 0 was selected to forward
fd  0 in coalition 1 was selected to forward
fd  7 in coalition 2 was selected to forward
fd 13 in coalition 3 was selected to forward
fd 20 in coalition 0 was selected to forward
fd  0 in coalition 1 was selected to forward
fd  7 in coalition 2 was selected to forward
fd 28 in coalition 3 was selected to forward
fd 20 in coalition 0 was selected to forward
fd  0 in coalition 1 was selected to forward
fd  1 in coalition 2 was selected to forward
fd 28 in coalition 3 was selected to forward
fd 20 in coalition 0 was selected to forward
fd 21 in coalition 1 was selected to forward
fd  1 in coalition 2 was selected to forward
fd 28 in coalition 3 was selected to forward
fd 16 in coalition 0 was selected to forward
fd 21 in coalition 1 was selected to forward
fd  1 in coalition 2 was selected to forward
fd 28 in coalition 3 was selected to forward
fd 16 in coalition 0 was selected to forward
fd 21 in coalition 1 was selected to forward
fd  1 in coalition 2 was selected to forward
fd 28 in coalition 3 was selected to forward
fd 16 in coalition 0 was selected to forward
fd 21 in coalition 1 was selected to forward
fd  1 in coalition 2 was selected to forward
fd 18 in coalition 3 was selected to forward
fd 16 in coalition 0 was selected to forward
fd 15 in coalition 1 was selected to forward
fd  1 in coalition 2 was selected to forward
fd 18 in coalition 3 was selected to forward
fd 20 in coalition 0 was selected to forward
fd 15 in coalition 1 was selected to forward
fd 19 in coalition 2 was selected to forward
fd 18 in coalition 3 was selected to forward
fd 10 in coalition 0 was selected to forward
fd 15 in coalition 1 was selected to forward
fd 19 in coalition 2 was selected to forward
fd 18 in coalition 3 was selected to forward
fd 10 in coalition 0 was selected to forward
fd 15 in coalition 1 was selected to forward
fd 19 in coalition 2 was selected to forward
fd 18 in coalition 3 was selected to forward
fd 10 in coalition 0 was selected to forward
fd 15 in coalition 1 was selected to forward
fd 19 in coalition 2 was selected to forward
fd 18 in coalition 3 was selected to forward
fd 10 in coalition 0 was selected to forward
fd 22 in coalition 1 was selected to forward
fd 19 in coalition 2 was selected to forward
fd 18 in coalition 3 was selected to forward
fd 10 in coalition 0 was selected to forward
fd 23 in coalition 1 was selected to forward
fd 19 in coalition 2 was selected to forward
fd 25 in coalition 3 was selected to forward
fd 10 in coalition 0 was selected to forward
fd 22 in coalition 1 was selected to forward
fd 19 in coalition 2 was selected to forward
fd 25 in coalition 3 was selected to forward
fd  6 in coalition 0 was selected to forward
fd 22 in coalition 1 was selected to forward
fd 11 in coalition 2 was selected to forward
fd 25 in coalition 3 was selected to forward
fd 16 in coalition 0 was selected to forward
fd 22 in coalition 1 was selected to forward
fd 11 in coalition 2 was selected to forward
fd 25 in coalition 3 was selected to forward
fd 10 in coalition 0 was selected to forward
fd 22 in coalition 1 was selected to forward
fd 11 in coalition 2 was selected to forward
fd  3 in coalition 3 was selected to forward
fd  6 in coalition 0 was selected to forward
fd  8 in coalition 1 was selected to forward
fd 11 in coalition 2 was selected to forward
fd  3 in coalition 3 was selected to forward
fd  6 in coalition 0 was selected to forward
fd  8 in coalition 1 was selected to forward
fd 11 in coalition 2 was selected to forward
fd  3 in coalition 3 was selected to forward
fd  6 in coalition 0 was selected to forward
fd  0 in coalition 1 was selected to forward
fd 11 in coalition 2 was selected to forward
fd  3 in coalition 3 was selected to forward
fd  2 in coalition 0 was selected to forward
None is selected in coalition 1
fd 27 in coalition 2 was selected to forward
fd  3 in coalition 3 was selected to forward
fd  6 in coalition 0 was selected to forward
None is selected in coalition 1
fd 27 in coalition 2 was selected to forward
fd 18 in coalition 3 was selected to forward
fd  6 in coalition 0 was selected to forward
fd 21 in coalition 1 was selected to forward
fd 27 in coalition 2 was selected to forward
fd 13 in coalition 3 was selected to forward
fd  6 in coalition 0 was selected to forward
None is selected in coalition 1
fd 27 in coalition 2 was selected to forward
fd 28 in coalition 3 was selected to forward
fd 10 in coalition 0 was selected to forward
None is selected in coalition 1
fd  1 in coalition 2 was selected to forward
fd 14 in coalition 3 was selected to forward


***********************
coalition_history =  [[{'num': 0, 'capacity': 0.9882514569319955, 'paired_fds': [3, 6, 16, 18, 5, 22, 14, 26], 'game_sel': 22}, {'num': 1, 'capacity': 1.0697445949425455, 'paired_fds': [29, 19, 24, 2, 8, 21], 'game_sel': 21}, {'num': 2, 'capacity': 0.9894543032862184, 'paired_fds': [0, 15, 28, 27, 13, 9, 10, 12], 'game_sel': 10}, {'num': 3, 'capacity': 0.9850546369103588, 'paired_fds': [23, 1, 20, 11, 17, 4, 7, 25], 'game_sel': 25}], [{'num': 0, 'capacity': 1.0032138159808943, 'paired_fds': [3, 5, 22, 14, 6, 18, 26, 12], 'game_sel': 22}, {'num': 1, 'capacity': 1.0558261481867282, 'paired_fds': [23, 10, 2, 29, 11, 8], 'game_sel': 23}, {'num': 2, 'capacity': 0.9754498813992417, 'paired_fds': [15, 27, 13, 24, 9, 28, 1, 20], 'game_sel': 1}, {'num': 3, 'capacity': 0.9897646210269659, 'paired_fds': [17, 25, 21, 0, 4, 16, 19, 7], 'game_sel': 21}], [{'num': 0, 'capacity': 1.01896443658099, 'paired_fds': [26, 14, 3, 12, 6, 18, 5, 9], 'game_sel': 14}, {'num': 1, 'capacity': 1.0338826500171339, 'paired_fds': [23, 29, 8, 21, 22, 11], 'game_sel': 23}, {'num': 2, 'capacity': 0.9772029815268699, 'paired_fds': [13, 27, 28, 24, 20, 10, 15, 2], 'game_sel': 20}, {'num': 3, 'capacity': 1.0051945420276525, 'paired_fds': [17, 25, 4, 16, 0, 19, 7, 1], 'game_sel': 25}], [{'num': 0, 'capacity': 1.0150075534619603, 'paired_fds': [26, 3, 5, 6, 20, 18, 12, 9], 'game_sel': 20}, {'num': 1, 'capacity': 1.0327823744696953, 'paired_fds': [11, 0, 16, 21, 14, 25], 'game_sel': 25}, {'num': 2, 'capacity': 0.9762726202343577, 'paired_fds': [28, 15, 27, 2, 22, 8, 24, 10], 'game_sel': 10}, {'num': 3, 'capacity': 0.9653686326688904, 'paired_fds': [4, 19, 7, 29, 13, 23, 1, 17], 'game_sel': 13}], [{'num': 0, 'capacity': 1.010535161757637, 'paired_fds': [18, 9, 12, 26, 14, 6, 16, 0], 'game_sel': 0}, {'num': 1, 'capacity': 1.0100739192992796, 'paired_fds': [25, 20, 13, 3, 11, 5], 'game_sel': 5}, {'num': 2, 'capacity': 0.9807658368173682, 'paired_fds': [28, 27, 22, 8, 2, 7, 24, 29], 'game_sel': 7}, {'num': 3, 'capacity': 0.9474146847188536, 'paired_fds': [23, 19, 17, 21, 4, 10, 15, 1], 'game_sel': 15}], [{'num': 0, 'capacity': 0.9861567325097461, 'paired_fds': [12, 26, 0, 16, 5, 14, 7, 11], 'game_sel': 11}, {'num': 1, 'capacity': 1.0542012807326804, 'paired_fds': [25, 20, 6, 3, 18, 15], 'game_sel': 3}, {'num': 2, 'capacity': 0.9915129161385682, 'paired_fds': [28, 27, 8, 22, 24, 2, 4, 19], 'game_sel': 19}, {'num': 3, 'capacity': 0.9722955428944008, 'paired_fds': [23, 21, 1, 10, 29, 17, 9, 13], 'game_sel': 13}], [{'num': 0, 'capacity': 0.9893727303945294, 'paired_fds': [3, 22, 7, 20, 16, 29, 1, 17], 'game_sel': 22}, {'num': 1, 'capacity': 1.013933190898241, 'paired_fds': [25, 23, 5, 18, 6, 19], 'game_sel': 5}, {'num': 2, 'capacity': 1.0152261552018953, 'paired_fds': [27, 24, 2, 4, 11, 8, 14, 0], 'game_sel': 11}, {'num': 3, 'capacity': 0.993799594721587, 'paired_fds': [21, 10, 9, 13, 28, 12, 15, 26], 'game_sel': 15}], [{'num': 0, 'capacity': 1.0037906776445442, 'paired_fds': [7, 5, 20, 17, 29, 11, 16, 14], 'game_sel': 29}, {'num': 1, 'capacity': 1.0446798499461387, 'paired_fds': [25, 6, 23, 22, 18, 3], 'game_sel': 3}, {'num': 2, 'capacity': 0.9966970010275477, 'paired_fds': [27, 24, 4, 8, 9, 0, 2, 19], 'game_sel': 19}, {'num': 3, 'capacity': 0.9794679888524598, 'paired_fds': [15, 26, 21, 10, 12, 1, 13, 28], 'game_sel': 15}], [{'num': 0, 'capacity': 1.009070964111241, 'paired_fds': [7, 20, 26, 17, 11, 10, 1, 16], 'game_sel': 11}, {'num': 1, 'capacity': 1.035067774277458, 'paired_fds': [23, 5, 25, 6, 18, 4], 'game_sel': 5}, {'num': 2, 'capacity': 0.9995318756014797, 'paired_fds': [8, 19, 27, 0, 24, 22, 2, 14], 'game_sel': 19}, {'num': 3, 'capacity': 0.9884007185487351, 'paired_fds': [15, 21, 12, 13, 28, 29, 3, 9], 'game_sel': 15}], [{'num': 0, 'capacity': 0.983305804881625, 'paired_fds': [7, 26, 5, 3, 1, 20, 14, 9], 'game_sel': 20}, {'num': 1, 'capacity': 1.0220796507800425, 'paired_fds': [23, 25, 6, 16, 19, 4], 'game_sel': 25}, {'num': 2, 'capacity': 0.9651628660544489, 'paired_fds': [8, 22, 0, 24, 17, 2, 18, 27], 'game_sel': 17}, {'num': 3, 'capacity': 0.9857144265282829, 'paired_fds': [15, 21, 12, 13, 29, 10, 11, 28], 'game_sel': 15}], [{'num': 0, 'capacity': 0.9727443847840247, 'paired_fds': [26, 3, 9, 5, 29, 1, 14, 22], 'game_sel': 22}, {'num': 1, 'capacity': 1.060380354190321, 'paired_fds': [23, 12, 19, 20, 4, 16], 'game_sel': 23}, {'num': 2, 'capacity': 0.9875140581919865, 'paired_fds': [8, 0, 24, 2, 27, 7, 11, 6], 'game_sel': 7}, {'num': 3, 'capacity': 0.9899061038084593, 'paired_fds': [15, 28, 21, 17, 13, 10, 18, 25], 'game_sel': 15}], [{'num': 0, 'capacity': 0.976558359448185, 'paired_fds': [26, 5, 4, 1, 9, 17, 12, 7], 'game_sel': 4}, {'num': 1, 'capacity': 1.016062256221105, 'paired_fds': [23, 3, 6, 19, 20, 16], 'game_sel': 3}, {'num': 2, 'capacity': 1.027197450808223, 'paired_fds': [27, 11, 2, 0, 22, 24, 8, 29], 'game_sel': 11}, {'num': 3, 'capacity': 0.9968969208989592, 'paired_fds': [15, 21, 13, 10, 25, 28, 18, 14], 'game_sel': 15}], [{'num': 0, 'capacity': 1.0112491356415303, 'paired_fds': [1, 7, 17, 9, 16, 8, 12, 20], 'game_sel': 8}, {'num': 1, 'capacity': 0.9798087510985098, 'paired_fds': [23, 26, 13, 19, 6, 5], 'game_sel': 5}, {'num': 2, 'capacity': 1.0303631809286933, 'paired_fds': [0, 10, 4, 22, 29, 24, 2, 27], 'game_sel': 10}, {'num': 3, 'capacity': 0.9843527612587708, 'paired_fds': [15, 25, 28, 18, 11, 14, 3, 21], 'game_sel': 15}], [{'num': 0, 'capacity': 1.002956716207459, 'paired_fds': [17, 8, 1, 16, 12, 11, 9, 7], 'game_sel': 8}, {'num': 1, 'capacity': 1.028815007298698, 'paired_fds': [23, 5, 6, 26, 10, 25], 'game_sel': 5}, {'num': 2, 'capacity': 1.0291913467928813, 'paired_fds': [2, 27, 29, 22, 24, 19, 4, 20], 'game_sel': 19}, {'num': 3, 'capacity': 0.9865851079700073, 'paired_fds': [15, 28, 21, 13, 18, 0, 3, 14], 'game_sel': 15}], [{'num': 0, 'capacity': 1.013455130264832, 'paired_fds': [17, 16, 6, 5, 7, 9, 12, 10], 'game_sel': 16}, {'num': 1, 'capacity': 1.0065338846072525, 'paired_fds': [26, 25, 23, 13, 11, 1], 'game_sel': 25}, {'num': 2, 'capacity': 1.0322532665253086, 'paired_fds': [27, 24, 8, 22, 2, 4, 20, 29], 'game_sel': 20}, {'num': 3, 'capacity': 0.9658593185141316, 'paired_fds': [15, 21, 0, 14, 3, 18, 28, 19], 'game_sel': 15}], [{'num': 0, 'capacity': 0.9953750662740314, 'paired_fds': [17, 5, 12, 10, 11, 20, 14, 7], 'game_sel': 11}, {'num': 1, 'capacity': 1.0567565202606752, 'paired_fds': [26, 9, 4, 13, 29, 0], 'game_sel': 26}, {'num': 2, 'capacity': 0.9722647127764905, 'paired_fds': [27, 22, 24, 16, 25, 2, 8, 15], 'game_sel': 16}, {'num': 3, 'capacity': 0.9660996998896378, 'paired_fds': [3, 28, 19, 1, 6, 23, 21, 18], 'game_sel': 28}], [{'num': 0, 'capacity': 0.9973916486599035, 'paired_fds': [5, 10, 7, 12, 20, 16, 1, 29], 'game_sel': 29}, {'num': 1, 'capacity': 1.025108011125116, 'paired_fds': [26, 9, 11, 28, 17, 4], 'game_sel': 26}, {'num': 2, 'capacity': 0.987794948331564, 'paired_fds': [2, 24, 18, 19, 8, 22, 27, 14], 'game_sel': 19}, {'num': 3, 'capacity': 0.9835454454809764, 'paired_fds': [6, 23, 21, 13, 15, 0, 3, 25], 'game_sel': 15}], [{'num': 0, 'capacity': 0.991916624187685, 'paired_fds': [12, 29, 10, 18, 1, 26, 9, 5], 'game_sel': 29}, {'num': 1, 'capacity': 1.0578737536203628, 'paired_fds': [28, 19, 16, 4, 15, 20], 'game_sel': 15}, {'num': 2, 'capacity': 0.9887368962664365, 'paired_fds': [2, 24, 22, 27, 8, 17, 7, 11], 'game_sel': 17}, {'num': 3, 'capacity': 1.0111589503415432, 'paired_fds': [21, 25, 3, 23, 13, 14, 6, 0], 'game_sel': 13}], [{'num': 0, 'capacity': 0.9901924909331601, 'paired_fds': [29, 10, 26, 5, 1, 9, 12, 14], 'game_sel': 29}, {'num': 1, 'capacity': 1.0557409447620625, 'paired_fds': [19, 13, 0, 20, 4, 16], 'game_sel': 0}, {'num': 2, 'capacity': 0.9823499375602851, 'paired_fds': [27, 11, 7, 24, 2, 15, 8, 22], 'game_sel': 7}, {'num': 3, 'capacity': 0.9898565978015084, 'paired_fds': [25, 23, 28, 3, 18, 6, 21, 17], 'game_sel': 28}], [{'num': 0, 'capacity': 0.9904775913268926, 'paired_fds': [10, 26, 5, 14, 12, 1, 4, 9], 'game_sel': 4}, {'num': 1, 'capacity': 1.0152975423363737, 'paired_fds': [0, 13, 16, 20, 19, 3], 'game_sel': 3}, {'num': 2, 'capacity': 0.9888473302125758, 'paired_fds': [24, 8, 22, 28, 2, 11, 27, 18], 'game_sel': 11}, {'num': 3, 'capacity': 0.9509896275015073, 'paired_fds': [23, 21, 7, 29, 25, 17, 6, 15], 'game_sel': 15}], [{'num': 0, 'capacity': 1.0028463521594693, 'paired_fds': [14, 20, 9, 18, 24, 16, 12, 10], 'game_sel': 24}, {'num': 1, 'capacity': 0.9748096718930254, 'paired_fds': [5, 19, 13, 26, 15, 0], 'game_sel': 5}, {'num': 2, 'capacity': 0.9585147967782772, 'paired_fds': [8, 22, 2, 27, 7, 28, 4, 1], 'game_sel': 7}, {'num': 3, 'capacity': 0.9845542798841813, 'paired_fds': [23, 21, 29, 17, 3, 6, 25, 11], 'game_sel': 21}], [{'num': 0, 'capacity': 1.0102747904025124, 'paired_fds': [20, 10, 18, 5, 6, 12, 11, 16], 'game_sel': 11}, {'num': 1, 'capacity': 1.0464634354752835, 'paired_fds': [19, 26, 23, 24, 29, 4], 'game_sel': 26}, {'num': 2, 'capacity': 0.9366316963271365, 'paired_fds': [28, 2, 22, 8, 27, 1, 17, 14], 'game_sel': 17}, {'num': 3, 'capacity': 0.9654314642158558, 'paired_fds': [21, 13, 15, 25, 3, 0, 9, 7], 'game_sel': 15}], [{'num': 0, 'capacity': 1.016591792156809, 'paired_fds': [5, 16, 18, 17, 10, 20, 9, 12], 'game_sel': 20}, {'num': 1, 'capacity': 1.033847952758356, 'paired_fds': [19, 24, 4, 25, 29, 23], 'game_sel': 25}, {'num': 2, 'capacity': 0.9633835641834477, 'paired_fds': [8, 22, 2, 27, 6, 7, 11, 15], 'game_sel': 7}, {'num': 3, 'capacity': 0.9727508034500295, 'paired_fds': [0, 21, 3, 13, 1, 28, 26, 14], 'game_sel': 13}], [{'num': 0, 'capacity': 0.9794076215872469, 'paired_fds': [5, 18, 10, 12, 2, 16, 17, 9], 'game_sel': 2}, {'num': 1, 'capacity': 1.056933786944004, 'paired_fds': [4, 15, 28, 24, 29, 19], 'game_sel': 15}, {'num': 2, 'capacity': 0.9666226635230721, 'paired_fds': [27, 7, 11, 8, 13, 22, 0, 20], 'game_sel': 7}, {'num': 3, 'capacity': 1.000830117684138, 'paired_fds': [21, 26, 1, 6, 23, 3, 25, 14], 'game_sel': 21}], [{'num': 0, 'capacity': 0.9978165021423158, 'paired_fds': [12, 22, 19, 1, 10, 11, 18, 16], 'game_sel': 22}, {'num': 1, 'capacity': 1.0030596943826862, 'paired_fds': [24, 29, 4, 28, 5, 25], 'game_sel': 5}, {'num': 2, 'capacity': 0.9374941048868194, 'paired_fds': [13, 0, 15, 8, 9, 2, 27, 17], 'game_sel': 17}, {'num': 3, 'capacity': 0.9759468246030294, 'paired_fds': [21, 6, 23, 14, 26, 3, 7, 20], 'game_sel': 21}], [{'num': 0, 'capacity': 0.9831302707318963, 'paired_fds': [1, 10, 19, 11, 5, 18, 3, 12], 'game_sel': 11}, {'num': 1, 'capacity': 1.0491093657234418, 'paired_fds': [24, 25, 15, 22, 4, 29], 'game_sel': 25}, {'num': 2, 'capacity': 0.9842225014722371, 'paired_fds': [2, 27, 17, 20, 8, 16, 9, 7], 'game_sel': 17}, {'num': 3, 'capacity': 0.9821285555024888, 'paired_fds': [21, 23, 6, 14, 28, 26, 13, 0], 'game_sel': 13}], [{'num': 0, 'capacity': 0.9808161366332295, 'paired_fds': [1, 5, 3, 12, 18, 4, 19, 10], 'game_sel': 4}, {'num': 1, 'capacity': 1.0687652699425172, 'paired_fds': [22, 24, 13, 29, 11, 2], 'game_sel': 29}, {'num': 2, 'capacity': 0.971456680086834, 'paired_fds': [27, 17, 8, 9, 7, 16, 0, 20], 'game_sel': 17}, {'num': 3, 'capacity': 0.9801215018122342, 'paired_fds': [21, 28, 14, 23, 26, 25, 15, 6], 'game_sel': 15}], [{'num': 0, 'capacity': 1.0132559558106924, 'paired_fds': [19, 10, 12, 1, 18, 29, 17, 16], 'game_sel': 29}, {'num': 1, 'capacity': 0.9998300553186463, 'paired_fds': [2, 21, 0, 15, 3, 22], 'game_sel': 3}, {'num': 2, 'capacity': 0.9941803993617198, 'paired_fds': [27, 8, 7, 24, 11, 9, 4, 20], 'game_sel': 7}, {'num': 3, 'capacity': 1.0009277990036274, 'paired_fds': [28, 23, 26, 6, 5, 14, 25, 13], 'game_sel': 13}], [{'num': 0, 'capacity': 1.01968035038599, 'paired_fds': [12, 1, 29, 16, 20, 10, 17, 6], 'game_sel': 29}, {'num': 1, 'capacity': 1.0234812183062962, 'paired_fds': [22, 13, 26, 21, 0, 11], 'game_sel': 26}, {'num': 2, 'capacity': 0.9881053702687672, 'paired_fds': [8, 7, 27, 4, 9, 19, 2, 24], 'game_sel': 7}, {'num': 3, 'capacity': 0.9979746509834011, 'paired_fds': [5, 15, 28, 23, 25, 18, 3, 14], 'game_sel': 15}], [{'num': 0, 'capacity': 1.004143490053103, 'paired_fds': [16, 10, 6, 2, 20, 17, 12, 9], 'game_sel': 2}, {'num': 1, 'capacity': 1.0262865400471757, 'paired_fds': [21, 23, 15, 0, 8, 22], 'game_sel': 23}, {'num': 2, 'capacity': 1.0077953856959962, 'paired_fds': [7, 27, 24, 11, 29, 19, 4, 1], 'game_sel': 7}, {'num': 3, 'capacity': 1.0110873510762695, 'paired_fds': [3, 13, 26, 25, 28, 18, 14, 5], 'game_sel': 13}]]
***********************
select_history =  [[{'f_bs': 235.5094591540522, 'f_fd': 106.84263340131935, 'num': 2, 'gains': 106.84263340131935, 'power': 0.0034376816152477075}, {'f_bs': 223.14317462745532, 'f_fd': 104.04974163581528, 'num': 23, 'gains': 104.04974163581528, 'power': 0.00312841335620742}, {'f_bs': 231.3207419637574, 'f_fd': 106.25865702762073, 'num': 7, 'gains': 106.25865702762073, 'power': 0.004347227260340834}, {'f_bs': 227.2500937691937, 'f_fd': 104.66863326199058, 'num': 13, 'gains': 104.66863326199058, 'power': 0.004025625052259122}], [{'f_bs': 235.5094591540522, 'f_fd': 106.84263340131935, 'num': 2, 'gains': 213.6852668026387, 'power': 0.0028376816152477077}, {'f_bs': 223.14317462745532, 'f_fd': 104.04974163581528, 'num': 23, 'gains': 208.09948327163056, 'power': 0.00248841335620742}, {'f_bs': 231.3207419637574, 'f_fd': 106.25865702762073, 'num': 7, 'gains': 212.51731405524146, 'power': 0.0037472272603408345}, {'f_bs': 227.2500937691937, 'f_fd': 104.66863326199058, 'num': 13, 'gains': 209.33726652398116, 'power': 0.003385625052259122}], [{'f_bs': 235.5094591540522, 'f_fd': 106.84263340131935, 'num': 2, 'gains': 320.52790020395804, 'power': 0.002237681615247708}, {'f_bs': 223.14317462745532, 'f_fd': 104.04974163581528, 'num': 23, 'gains': 312.14922490744584, 'power': 0.00184841335620742}, {'f_bs': 231.3207419637574, 'f_fd': 106.25865702762073, 'num': 7, 'gains': 318.77597108286216, 'power': 0.0031472272603408347}, {'f_bs': 227.2500937691937, 'f_fd': 104.66863326199058, 'num': 13, 'gains': 314.00589978597174, 'power': 0.002745625052259122}], [{'f_bs': 235.5094591540522, 'f_fd': 106.84263340131935, 'num': 2, 'gains': 427.3705336052774, 'power': 0.0016376816152477078}, {'f_bs': 223.14317462745532, 'f_fd': 104.04974163581528, 'num': 23, 'gains': 416.1989665432611, 'power': 0.00120841335620742}, {'f_bs': 231.3207419637574, 'f_fd': 106.25865702762073, 'num': 7, 'gains': 425.0346281104829, 'power': 0.002547227260340835}, {'f_bs': 227.2500937691937, 'f_fd': 104.66863326199058, 'num': 13, 'gains': 418.6745330479623, 'power': 0.0021056250522591222}], [{'f_bs': 235.5094591540522, 'f_fd': 106.84263340131935, 'num': 2, 'gains': 534.2131670065967, 'power': 0.0010376816152477077}, {'f_bs': 223.14317462745532, 'f_fd': 104.04974163581528, 'num': 23, 'gains': 520.2487081790764, 'power': 0.00056841335620742}, {'f_bs': 231.3207419637574, 'f_fd': 106.25865702762073, 'num': 7, 'gains': 531.2932851381037, 'power': 0.0019472272603408348}, {'f_bs': 227.2500937691937, 'f_fd': 104.66863326199058, 'num': 13, 'gains': 523.343166309953, 'power': 0.0014656250522591223}], [{'f_bs': 235.5094591540522, 'f_fd': 106.84263340131935, 'num': 2, 'gains': 641.055800407916, 'power': 0.0004376816152477077}, {'f_bs': 218.4152994522515, 'f_fd': 102.30634342252037, 'num': 0, 'gains': 102.30634342252037, 'power': 0.0024193108586168036}, {'f_bs': 231.3207419637574, 'f_fd': 106.25865702762073, 'num': 7, 'gains': 637.5519421657244, 'power': 0.0013472272603408347}, {'f_bs': 227.2500937691937, 'f_fd': 104.66863326199058, 'num': 13, 'gains': 628.0117995719436, 'power': 0.0008256250522591222}], [{'f_bs': 195.70973101720656, 'f_fd': 95.20827949830911, 'num': 20, 'gains': 95.20827949830911, 'power': 0.0030983392945355174}, {'f_bs': 218.4152994522515, 'f_fd': 102.30634342252037, 'num': 0, 'gains': 204.61268684504074, 'power': 0.0017393108586168035}, {'f_bs': 231.3207419637574, 'f_fd': 106.25865702762073, 'num': 7, 'gains': 743.8105991933452, 'power': 0.0007472272603408347}, {'f_bs': 227.2500937691937, 'f_fd': 104.66863326199058, 'num': 13, 'gains': 732.6804328339342, 'power': 0.00018562505225912219}], [{'f_bs': 195.70973101720656, 'f_fd': 95.20827949830911, 'num': 20, 'gains': 190.41655899661822, 'power': 0.0022983392945355174}, {'f_bs': 218.4152994522515, 'f_fd': 102.30634342252037, 'num': 0, 'gains': 306.9190302675611, 'power': 0.0010593108586168035}, {'f_bs': 231.3207419637574, 'f_fd': 106.25865702762073, 'num': 7, 'gains': 850.0692562209659, 'power': 0.0001472272603408346}, {'f_bs': 226.27100722889165, 'f_fd': 105.52328639619546, 'num': 28, 'gains': 105.52328639619546, 'power': 0.0028420165327863872}], [{'f_bs': 195.70973101720656, 'f_fd': 95.20827949830911, 'num': 20, 'gains': 285.6248384949273, 'power': 0.0014983392945355175}, {'f_bs': 218.4152994522515, 'f_fd': 102.30634342252037, 'num': 0, 'gains': 409.2253736900815, 'power': 0.0003793108586168034}, {'f_bs': 230.87795189503504, 'f_fd': 105.1955714086593, 'num': 1, 'gains': 105.1955714086593, 'power': 0.003611476696553078}, {'f_bs': 226.27100722889165, 'f_fd': 105.52328639619546, 'num': 28, 'gains': 211.04657279239092, 'power': 0.0022420165327863874}], [{'f_bs': 195.70973101720656, 'f_fd': 95.20827949830911, 'num': 20, 'gains': 380.83311799323644, 'power': 0.0006983392945355175}, {'f_bs': 206.86726196809266, 'f_fd': 99.33903325913556, 'num': 21, 'gains': 99.33903325913556, 'power': 0.0027495919072106365}, {'f_bs': 230.87795189503504, 'f_fd': 105.1955714086593, 'num': 1, 'gains': 210.3911428173186, 'power': 0.002971476696553078}, {'f_bs': 226.27100722889165, 'f_fd': 105.52328639619546, 'num': 28, 'gains': 316.5698591885864, 'power': 0.0016420165327863873}], [{'f_bs': 177.82953407045542, 'f_fd': 89.2256822412451, 'num': 16, 'gains': 89.2256822412451, 'power': 0.0033754099568762924}, {'f_bs': 206.86726196809266, 'f_fd': 99.33903325913556, 'num': 21, 'gains': 198.67806651827112, 'power': 0.0020295919072106363}, {'f_bs': 230.87795189503504, 'f_fd': 105.1955714086593, 'num': 1, 'gains': 315.5867142259779, 'power': 0.002331476696553078}, {'f_bs': 226.27100722889165, 'f_fd': 105.52328639619546, 'num': 28, 'gains': 422.09314558478184, 'power': 0.0010420165327863873}], [{'f_bs': 177.82953407045542, 'f_fd': 89.2256822412451, 'num': 16, 'gains': 178.4513644824902, 'power': 0.0024954099568762923}, {'f_bs': 206.86726196809266, 'f_fd': 99.33903325913556, 'num': 21, 'gains': 298.01709977740666, 'power': 0.0013095919072106362}, {'f_bs': 230.87795189503504, 'f_fd': 105.1955714086593, 'num': 1, 'gains': 420.7822856346372, 'power': 0.0016914766965530782}, {'f_bs': 226.27100722889165, 'f_fd': 105.52328639619546, 'num': 28, 'gains': 527.6164319809773, 'power': 0.0004420165327863872}], [{'f_bs': 177.82953407045542, 'f_fd': 89.2256822412451, 'num': 16, 'gains': 267.6770467237353, 'power': 0.0016154099568762921}, {'f_bs': 206.86726196809266, 'f_fd': 99.33903325913556, 'num': 21, 'gains': 397.35613303654225, 'power': 0.0005895919072106361}, {'f_bs': 230.87795189503504, 'f_fd': 105.1955714086593, 'num': 1, 'gains': 525.9778570432966, 'power': 0.0010514766965530782}, {'f_bs': 219.2895881898997, 'f_fd': 103.44639102817331, 'num': 18, 'gains': 103.44639102817331, 'power': 0.004044463159980957}], [{'f_bs': 177.82953407045542, 'f_fd': 89.2256822412451, 'num': 16, 'gains': 356.9027289649804, 'power': 0.0007354099568762921}, {'f_bs': 195.35708440493843, 'f_fd': 95.13685726541982, 'num': 15, 'gains': 95.13685726541982, 'power': 0.003690429495336003}, {'f_bs': 230.87795189503504, 'f_fd': 105.1955714086593, 'num': 1, 'gains': 631.1734284519559, 'power': 0.00041147669655307816}, {'f_bs': 219.2895881898997, 'f_fd': 103.44639102817331, 'num': 18, 'gains': 206.89278205634662, 'power': 0.0034044631599809572}], [{'f_bs': 195.70973101720656, 'f_fd': 95.20827949830911, 'num': 20, 'gains': 476.0413974915456, 'power': 2.6974848878627685e-05}, {'f_bs': 195.35708440493843, 'f_fd': 95.13685726541982, 'num': 15, 'gains': 190.27371453083964, 'power': 0.002890429495336003}, {'f_bs': 222.46286885259997, 'f_fd': 103.94485102987267, 'num': 19, 'gains': 103.94485102987267, 'power': 0.004316856800502656}, {'f_bs': 219.2895881898997, 'f_fd': 103.44639102817331, 'num': 18, 'gains': 310.3391730845199, 'power': 0.0027644631599809573}], [{'f_bs': 171.83568931453897, 'f_fd': 86.70506184809864, 'num': 10, 'gains': 86.70506184809864, 'power': 0.005471633147348514}, {'f_bs': 195.35708440493843, 'f_fd': 95.13685726541982, 'num': 15, 'gains': 285.41057179625943, 'power': 0.002090429495336003}, {'f_bs': 222.46286885259997, 'f_fd': 103.94485102987267, 'num': 19, 'gains': 207.88970205974533, 'power': 0.0036768568005026564}, {'f_bs': 219.2895881898997, 'f_fd': 103.44639102817331, 'num': 18, 'gains': 413.78556411269324, 'power': 0.0021244631599809573}], [{'f_bs': 171.83568931453897, 'f_fd': 86.70506184809864, 'num': 10, 'gains': 173.41012369619727, 'power': 0.004551633147348514}, {'f_bs': 195.35708440493843, 'f_fd': 95.13685726541982, 'num': 15, 'gains': 380.5474290616793, 'power': 0.0012904294953360032}, {'f_bs': 222.46286885259997, 'f_fd': 103.94485102987267, 'num': 19, 'gains': 311.834553089618, 'power': 0.0030368568005026565}, {'f_bs': 219.2895881898997, 'f_fd': 103.44639102817331, 'num': 18, 'gains': 517.2319551408666, 'power': 0.0014844631599809574}], [{'f_bs': 171.83568931453897, 'f_fd': 86.70506184809864, 'num': 10, 'gains': 260.1151855442959, 'power': 0.003631633147348514}, {'f_bs': 195.35708440493843, 'f_fd': 95.13685726541982, 'num': 15, 'gains': 475.68428632709913, 'power': 0.0004904294953360031}, {'f_bs': 222.46286885259997, 'f_fd': 103.94485102987267, 'num': 19, 'gains': 415.77940411949066, 'power': 0.0023968568005026565}, {'f_bs': 219.2895881898997, 'f_fd': 103.44639102817331, 'num': 18, 'gains': 620.67834616904, 'power': 0.0008444631599809574}], [{'f_bs': 171.83568931453897, 'f_fd': 86.70506184809864, 'num': 10, 'gains': 346.82024739239455, 'power': 0.0027116331473485142}, {'f_bs': 167.47746478712827, 'f_fd': 84.53180167013238, 'num': 22, 'gains': 84.53180167013238, 'power': 0.003945700178501232}, {'f_bs': 222.46286885259997, 'f_fd': 103.94485102987267, 'num': 19, 'gains': 519.7242551493633, 'power': 0.0017568568005026566}, {'f_bs': 219.2895881898997, 'f_fd': 103.44639102817331, 'num': 18, 'gains': 724.1247371972133, 'power': 0.0002044631599809573}], [{'f_bs': 171.83568931453897, 'f_fd': 86.70506184809864, 'num': 10, 'gains': 433.5253092404932, 'power': 0.0017916331473485142}, {'f_bs': 223.14317462745532, 'f_fd': 104.04974163581528, 'num': 23, 'gains': 624.2984498148917, 'power': 2.335965369501796e-06}, {'f_bs': 222.46286885259997, 'f_fd': 103.94485102987267, 'num': 19, 'gains': 623.669106179236, 'power': 0.0011168568005026566}, {'f_bs': 193.3675403708379, 'f_fd': 94.72893364627191, 'num': 25, 'gains': 94.72893364627191, 'power': 0.0027330160523442205}], [{'f_bs': 171.83568931453897, 'f_fd': 86.70506184809864, 'num': 10, 'gains': 520.2303710885918, 'power': 0.0008716331473485142}, {'f_bs': 167.47746478712827, 'f_fd': 84.53180167013238, 'num': 22, 'gains': 169.06360334026476, 'power': 0.0029943687435069017}, {'f_bs': 222.46286885259997, 'f_fd': 103.94485102987267, 'num': 19, 'gains': 727.6139572091087, 'power': 0.00047685680050265657}, {'f_bs': 193.3675403708379, 'f_fd': 94.72893364627191, 'num': 25, 'gains': 189.45786729254382, 'power': 0.0019330160523442206}], [{'f_bs': 166.78095327912496, 'f_fd': 85.33869597199805, 'num': 6, 'gains': 85.33869597199805, 'power': 0.005844423120436398}, {'f_bs': 167.47746478712827, 'f_fd': 84.53180167013238, 'num': 22, 'gains': 253.59540501039714, 'power': 0.002034368743506902}, {'f_bs': 196.92726479358956, 'f_fd': 95.45286074991733, 'num': 11, 'gains': 95.45286074991733, 'power': 0.00415723659629686}, {'f_bs': 193.3675403708379, 'f_fd': 94.72893364627191, 'num': 25, 'gains': 284.18680093881574, 'power': 0.0011330160523442207}], [{'f_bs': 177.82953407045542, 'f_fd': 89.2256822412451, 'num': 16, 'gains': 446.12841120622545, 'power': 1.348700830156686e-06}, {'f_bs': 167.47746478712827, 'f_fd': 84.53180167013238, 'num': 22, 'gains': 338.1272066805295, 'power': 0.0010743687435069017}, {'f_bs': 196.92726479358956, 'f_fd': 95.45286074991733, 'num': 11, 'gains': 190.90572149983467, 'power': 0.00335723659629686}, {'f_bs': 193.3675403708379, 'f_fd': 94.72893364627191, 'num': 25, 'gains': 378.91573458508765, 'power': 0.00033301605234422064}], [{'f_bs': 171.83568931453897, 'f_fd': 86.70506184809864, 'num': 10, 'gains': 606.9354329366904, 'power': 0.00017941046871297194}, {'f_bs': 167.47746478712827, 'f_fd': 84.53180167013238, 'num': 22, 'gains': 422.6590083506619, 'power': 0.00011436874350690155}, {'f_bs': 196.92726479358956, 'f_fd': 95.45286074991733, 'num': 11, 'gains': 286.358582249752, 'power': 0.00255723659629686}, {'f_bs': 178.41478645274418, 'f_fd': 89.36872007316953, 'num': 3, 'gains': 89.36872007316953, 'power': 0.004190422080090237}], [{'f_bs': 166.78095327912496, 'f_fd': 85.33869597199805, 'num': 6, 'gains': 170.6773919439961, 'power': 0.005152200441800856}, {'f_bs': 101.17817748150291, 'f_fd': 44.361190539869895, 'num': 8, 'gains': 44.361190539869895, 'power': 0.0025587313357361427}, {'f_bs': 196.92726479358956, 'f_fd': 95.45286074991733, 'num': 11, 'gains': 381.81144299966934, 'power': 0.00175723659629686}, {'f_bs': 178.41478645274418, 'f_fd': 89.36872007316953, 'num': 3, 'gains': 178.73744014633905, 'power': 0.0033104220800902365}], [{'f_bs': 166.78095327912496, 'f_fd': 85.33869597199805, 'num': 6, 'gains': 256.01608791599415, 'power': 0.0042322004418008565}, {'f_bs': 101.17817748150291, 'f_fd': 44.361190539869895, 'num': 8, 'gains': 88.72238107973979, 'power': 0.0011987313357361426}, {'f_bs': 196.92726479358956, 'f_fd': 95.45286074991733, 'num': 11, 'gains': 477.2643037495867, 'power': 0.0009572365962968601}, {'f_bs': 178.41478645274418, 'f_fd': 89.36872007316953, 'num': 3, 'gains': 268.1061602195086, 'power': 0.0024304220800902363}], [{'f_bs': 166.78095327912496, 'f_fd': 85.33869597199805, 'num': 6, 'gains': 341.3547838879922, 'power': 0.0033122004418008567}, {'f_bs': 218.4152994522515, 'f_fd': 102.30634342252037, 'num': 0, 'gains': 511.5317171126019, 'power': 1.410349064405068e-06}, {'f_bs': 196.92726479358956, 'f_fd': 95.45286074991733, 'num': 11, 'gains': 572.7171644995041, 'power': 0.00015723659629686003}, {'f_bs': 178.41478645274418, 'f_fd': 89.36872007316953, 'num': 3, 'gains': 357.4748802926781, 'power': 0.0015504220800902362}], [{'f_bs': 235.5094591540522, 'f_fd': 106.84263340131935, 'num': 2, 'gains': 747.8984338092353, 'power': 5.403738166403181e-06}, {}, {'f_bs': 176.40919658413475, 'f_fd': 88.87461946311089, 'num': 27, 'gains': 88.87461946311089, 'power': 0.0030301681981900253}, {'f_bs': 178.41478645274418, 'f_fd': 89.36872007316953, 'num': 3, 'gains': 446.84360036584764, 'power': 0.0006704220800902361}], [{'f_bs': 166.78095327912496, 'f_fd': 85.33869597199805, 'num': 6, 'gains': 426.69347985999025, 'power': 0.002506089102483086}, {}, {'f_bs': 176.40919658413475, 'f_fd': 88.87461946311089, 'num': 27, 'gains': 177.74923892622178, 'power': 0.002150168198190025}, {'f_bs': 219.2895881898997, 'f_fd': 103.44639102817331, 'num': 18, 'gains': 827.5711282253867, 'power': 4.5096911927462475e-05}], [{'f_bs': 166.78095327912496, 'f_fd': 85.33869597199805, 'num': 6, 'gains': 512.0321758319883, 'power': 0.0015860891024830858}, {'f_bs': 206.86726196809266, 'f_fd': 99.33903325913556, 'num': 21, 'gains': 496.69516629567784, 'power': 6.960320928143084e-06}, {'f_bs': 176.40919658413475, 'f_fd': 88.87461946311089, 'num': 27, 'gains': 266.62385838933267, 'power': 0.001270168198190025}, {'f_bs': 227.2500937691937, 'f_fd': 104.66863326199058, 'num': 13, 'gains': 837.3490660959249, 'power': 2.1495615571436445e-05}], [{'f_bs': 166.78095327912496, 'f_fd': 85.33869597199805, 'num': 6, 'gains': 597.3708718039863, 'power': 0.0006660891024830857}, {}, {'f_bs': 176.40919658413475, 'f_fd': 88.87461946311089, 'num': 27, 'gains': 355.49847785244356, 'power': 0.00039016819819002503}, {'f_bs': 226.27100722889165, 'f_fd': 105.52328639619546, 'num': 28, 'gains': 633.1397183771727, 'power': 5.0434468912651355e-06}], [{'f_bs': 171.83568931453897, 'f_fd': 86.70506184809864, 'num': 10, 'gains': 693.6404947847891, 'power': 5.6631093488574216e-05}, {}, {'f_bs': 230.87795189503504, 'f_fd': 105.1955714086593, 'num': 1, 'gains': 736.3689998606153, 'power': 3.0929615360377524e-06}, {'f_bs': 170.27771592490143, 'f_fd': 86.29245248495289, 'num': 14, 'gains': 86.29245248495289, 'power': 0.0045608228936041915}]]
