fd 0 joined coalition 3
fd 1 joined coalition 1
fd 2 joined coalition 1
fd 3 joined coalition 1
fd 4 joined coalition 1
fd 5 joined coalition 3
fd 6 joined coalition 0
fd 7 joined coalition 2
fd 8 joined coalition 2
fd 9 joined coalition 1
fd 10 joined coalition 0
fd 11 joined coalition 3
fd 12 joined coalition 2
fd 13 joined coalition 3
fd 14 joined coalition 3
fd 15 joined coalition 1
fd 16 joined coalition 3
fd 17 joined coalition 2
fd 18 joined coalition 0
fd 19 joined coalition 1
fd 20 joined coalition 1
fd 21 joined coalition 1
fd 22 joined coalition 0
fd 23 joined coalition 3
fd 24 joined coalition 2
fd 25 joined coalition 0
fd 26 joined coalition 1
fd 27 joined coalition 2
fd 28 joined coalition 1
fd 29 joined coalition 1


initial info:
coalitoin 0: 
    paired fds:  [6, 10, 18, 22, 25]
    nearby fds:  [0, 1, 2, 3, 4, 5, 6, 7, 8, 9, 10, 11, 12, 14, 16, 17, 18, 19, 20, 22, 24, 25, 26, 27, 29]
coalitoin 1: 
    paired fds:  [1, 2, 3, 4, 9, 15, 19, 20, 21, 26, 28, 29]
    nearby fds:  [0, 1, 2, 3, 4, 5, 6, 8, 9, 10, 11, 12, 13, 14, 15, 16, 17, 18, 19, 20, 21, 22, 23, 24, 25, 26, 27, 28, 29]
coalitoin 2: 
    paired fds:  [7, 8, 12, 17, 24, 27]
    nearby fds:  [0, 1, 2, 4, 6, 7, 8, 9, 10, 11, 12, 13, 14, 15, 16, 17, 18, 19, 20, 22, 24, 25, 27, 28, 29]
coalitoin 3: 
    paired fds:  [0, 5, 11, 13, 14, 16, 23]
    nearby fds:  [0, 1, 3, 4, 5, 6, 7, 9, 10, 11, 12, 13, 14, 15, 16, 17, 18, 19, 20, 21, 23, 25, 26, 28, 29]


*** round 0
fd 18 in coalition 0 swap fd 0 in coalition 3
fd 29 joined coalition 2
fd 14 in coalition 3 swap fd 6 in coalition 0
fd 25 in coalition 0 swap fd 8 in coalition 2
fd 9 joined coalition 3
fd 4 joined coalition 2
fd 11 joined coalition 0
fd 3 joined coalition 0
fd 12 in coalition 2 swap fd 2 in coalition 1
fd 28 in coalition 1 swap fd 2 in coalition 2
fd 5 in coalition 3 swap fd 21 in coalition 1
coalitoin 0: 
    paired fds:  [10, 22, 14, 8, 3, 0, 11]
    nearby fds:  [0, 1, 2, 3, 4, 5, 6, 7, 8, 9, 10, 11, 12, 14, 16, 17, 18, 19, 20, 22, 24, 25, 26, 27, 29]
coalitoin 1: 
    paired fds:  [1, 19, 20, 26, 15, 12, 2, 5]
    nearby fds:  [0, 1, 2, 3, 4, 5, 6, 8, 9, 10, 11, 12, 13, 14, 15, 16, 17, 18, 19, 20, 21, 22, 23, 24, 25, 26, 27, 28, 29]
coalitoin 2: 
    paired fds:  [7, 24, 29, 4, 27, 25, 28, 17]
    nearby fds:  [0, 1, 2, 4, 6, 7, 8, 9, 10, 11, 12, 13, 14, 15, 16, 17, 18, 19, 20, 22, 24, 25, 27, 28, 29]
coalitoin 3: 
    paired fds:  [16, 23, 13, 9, 6, 18, 21]
    nearby fds:  [0, 1, 3, 4, 5, 6, 7, 9, 10, 11, 12, 13, 14, 15, 16, 17, 18, 19, 20, 21, 23, 25, 26, 28, 29]


*** round 1
fd 3 in coalition 0 swap fd 1 in coalition 1
fd 19 in coalition 1 swap fd 0 in coalition 0
fd 12 in coalition 1 swap fd 24 in coalition 2
fd 6 in coalition 3 swap fd 26 in coalition 1
fd 16 in coalition 3 swap fd 25 in coalition 2
coalitoin 0: 
    paired fds:  [22, 11, 1, 14, 19, 8, 10]
    nearby fds:  [0, 1, 2, 3, 4, 5, 6, 7, 8, 9, 10, 11, 12, 14, 16, 17, 18, 19, 20, 22, 24, 25, 26, 27, 29]
coalitoin 1: 
    paired fds:  [20, 15, 2, 0, 24, 5, 3, 6]
    nearby fds:  [0, 1, 2, 3, 4, 5, 6, 8, 9, 10, 11, 12, 13, 14, 15, 16, 17, 18, 19, 20, 21, 22, 23, 24, 25, 26, 27, 28, 29]
coalitoin 2: 
    paired fds:  [27, 28, 29, 17, 12, 4, 7, 16]
    nearby fds:  [0, 1, 2, 4, 6, 7, 8, 9, 10, 11, 12, 13, 14, 15, 16, 17, 18, 19, 20, 22, 24, 25, 27, 28, 29]
coalitoin 3: 
    paired fds:  [23, 21, 9, 13, 26, 18, 25]
    nearby fds:  [0, 1, 3, 4, 5, 6, 7, 9, 10, 11, 12, 13, 14, 15, 16, 17, 18, 19, 20, 21, 23, 25, 26, 28, 29]


*** round 2
fd 14 in coalition 0 swap fd 29 in coalition 2
fd 19 in coalition 0 swap fd 27 in coalition 2
fd 24 in coalition 1 swap fd 1 in coalition 0
fd 25 in coalition 3 swap fd 28 in coalition 2
coalitoin 0: 
    paired fds:  [22, 10, 8, 27, 11, 24, 29]
    nearby fds:  [0, 1, 2, 3, 4, 5, 6, 7, 8, 9, 10, 11, 12, 14, 16, 17, 18, 19, 20, 22, 24, 25, 26, 27, 29]
coalitoin 1: 
    paired fds:  [20, 0, 15, 3, 5, 6, 2, 1]
    nearby fds:  [0, 1, 2, 3, 4, 5, 6, 8, 9, 10, 11, 12, 13, 14, 15, 16, 17, 18, 19, 20, 21, 22, 23, 24, 25, 26, 27, 28, 29]
coalitoin 2: 
    paired fds:  [4, 7, 14, 19, 17, 12, 25, 16]
    nearby fds:  [0, 1, 2, 4, 6, 7, 8, 9, 10, 11, 12, 13, 14, 15, 16, 17, 18, 19, 20, 22, 24, 25, 27, 28, 29]
coalitoin 3: 
    paired fds:  [23, 21, 18, 13, 9, 28, 26]
    nearby fds:  [0, 1, 3, 4, 5, 6, 7, 9, 10, 11, 12, 13, 14, 15, 16, 17, 18, 19, 20, 21, 23, 25, 26, 28, 29]


*** round 3
fd 26 in coalition 3 swap fd 10 in coalition 0
fd 16 in coalition 2 swap fd 10 in coalition 3
fd 1 in coalition 1 swap fd 12 in coalition 2
coalitoin 0: 
    paired fds:  [8, 24, 22, 27, 11, 26, 29]
    nearby fds:  [0, 1, 2, 3, 4, 5, 6, 7, 8, 9, 10, 11, 12, 14, 16, 17, 18, 19, 20, 22, 24, 25, 26, 27, 29]
coalitoin 1: 
    paired fds:  [3, 5, 2, 15, 6, 0, 12, 20]
    nearby fds:  [0, 1, 2, 3, 4, 5, 6, 8, 9, 10, 11, 12, 13, 14, 15, 16, 17, 18, 19, 20, 21, 22, 23, 24, 25, 26, 27, 28, 29]
coalitoin 2: 
    paired fds:  [4, 14, 25, 7, 17, 10, 1, 19]
    nearby fds:  [0, 1, 2, 4, 6, 7, 8, 9, 10, 11, 12, 13, 14, 15, 16, 17, 18, 19, 20, 22, 24, 25, 27, 28, 29]
coalitoin 3: 
    paired fds:  [23, 21, 13, 28, 9, 16, 18]
    nearby fds:  [0, 1, 3, 4, 5, 6, 7, 9, 10, 11, 12, 13, 14, 15, 16, 17, 18, 19, 20, 21, 23, 25, 26, 28, 29]


*** round 4
fd 20 in coalition 1 swap fd 26 in coalition 0
fd 13 in coalition 3 swap fd 15 in coalition 1
coalitoin 0: 
    paired fds:  [8, 27, 11, 24, 22, 20, 29]
    nearby fds:  [0, 1, 2, 3, 4, 5, 6, 7, 8, 9, 10, 11, 12, 14, 16, 17, 18, 19, 20, 22, 24, 25, 26, 27, 29]
coalitoin 1: 
    paired fds:  [6, 26, 2, 5, 3, 12, 0, 13]
    nearby fds:  [0, 1, 2, 3, 4, 5, 6, 8, 9, 10, 11, 12, 13, 14, 15, 16, 17, 18, 19, 20, 21, 22, 23, 24, 25, 26, 27, 28, 29]
coalitoin 2: 
    paired fds:  [4, 14, 25, 17, 10, 1, 7, 19]
    nearby fds:  [0, 1, 2, 4, 6, 7, 8, 9, 10, 11, 12, 13, 14, 15, 16, 17, 18, 19, 20, 22, 24, 25, 27, 28, 29]
coalitoin 3: 
    paired fds:  [23, 21, 16, 9, 18, 28, 15]
    nearby fds:  [0, 1, 3, 4, 5, 6, 7, 9, 10, 11, 12, 13, 14, 15, 16, 17, 18, 19, 20, 21, 23, 25, 26, 28, 29]


*** round 5
fd 20 in coalition 0 swap fd 19 in coalition 2
fd 2 in coalition 1 swap fd 22 in coalition 0
coalitoin 0: 
    paired fds:  [24, 29, 11, 8, 27, 2, 19]
    nearby fds:  [0, 1, 2, 3, 4, 5, 6, 7, 8, 9, 10, 11, 12, 14, 16, 17, 18, 19, 20, 22, 24, 25, 26, 27, 29]
coalitoin 1: 
    paired fds:  [26, 0, 13, 5, 6, 3, 12, 22]
    nearby fds:  [0, 1, 2, 3, 4, 5, 6, 8, 9, 10, 11, 12, 13, 14, 15, 16, 17, 18, 19, 20, 21, 22, 23, 24, 25, 26, 27, 28, 29]
coalitoin 2: 
    paired fds:  [17, 7, 1, 4, 20, 14, 10, 25]
    nearby fds:  [0, 1, 2, 4, 6, 7, 8, 9, 10, 11, 12, 13, 14, 15, 16, 17, 18, 19, 20, 22, 24, 25, 27, 28, 29]
coalitoin 3: 
    paired fds:  [21, 16, 28, 23, 15, 18, 9]
    nearby fds:  [0, 1, 3, 4, 5, 6, 7, 9, 10, 11, 12, 13, 14, 15, 16, 17, 18, 19, 20, 21, 23, 25, 26, 28, 29]


*** round 6
fd 19 in coalition 0 swap fd 22 in coalition 1
fd 25 in coalition 2 swap fd 13 in coalition 1
fd 11 in coalition 0 swap fd 4 in coalition 2
coalitoin 0: 
    paired fds:  [8, 22, 27, 24, 2, 29, 4]
    nearby fds:  [0, 1, 2, 3, 4, 5, 6, 7, 8, 9, 10, 11, 12, 14, 16, 17, 18, 19, 20, 22, 24, 25, 26, 27, 29]
coalitoin 1: 
    paired fds:  [12, 19, 26, 6, 5, 0, 3, 25]
    nearby fds:  [0, 1, 2, 3, 4, 5, 6, 8, 9, 10, 11, 12, 13, 14, 15, 16, 17, 18, 19, 20, 21, 22, 23, 24, 25, 26, 27, 28, 29]
coalitoin 2: 
    paired fds:  [7, 20, 14, 13, 10, 17, 11, 1]
    nearby fds:  [0, 1, 2, 4, 6, 7, 8, 9, 10, 11, 12, 13, 14, 15, 16, 17, 18, 19, 20, 22, 24, 25, 27, 28, 29]
coalitoin 3: 
    paired fds:  [23, 21, 15, 28, 18, 9, 16]
    nearby fds:  [0, 1, 3, 4, 5, 6, 7, 9, 10, 11, 12, 13, 14, 15, 16, 17, 18, 19, 20, 21, 23, 25, 26, 28, 29]


*** round 7
fd 16 in coalition 3 swap fd 10 in coalition 2
coalitoin 0: 
    paired fds:  [27, 24, 8, 22, 2, 4, 29]
    nearby fds:  [0, 1, 2, 3, 4, 5, 6, 7, 8, 9, 10, 11, 12, 14, 16, 17, 18, 19, 20, 22, 24, 25, 26, 27, 29]
coalitoin 1: 
    paired fds:  [12, 26, 19, 25, 3, 5, 0, 6]
    nearby fds:  [0, 1, 2, 3, 4, 5, 6, 8, 9, 10, 11, 12, 13, 14, 15, 16, 17, 18, 19, 20, 21, 22, 23, 24, 25, 26, 27, 28, 29]
coalitoin 2: 
    paired fds:  [14, 13, 17, 16, 11, 7, 20, 1]
    nearby fds:  [0, 1, 2, 4, 6, 7, 8, 9, 10, 11, 12, 13, 14, 15, 16, 17, 18, 19, 20, 22, 24, 25, 27, 28, 29]
coalitoin 3: 
    paired fds:  [23, 21, 15, 10, 18, 9, 28]
    nearby fds:  [0, 1, 3, 4, 5, 6, 7, 9, 10, 11, 12, 13, 14, 15, 16, 17, 18, 19, 20, 21, 23, 25, 26, 28, 29]


*** round 8
coalitoin 0: 
    paired fds:  [24, 22, 2, 27, 4, 29, 8]
    nearby fds:  [0, 1, 2, 3, 4, 5, 6, 7, 8, 9, 10, 11, 12, 14, 16, 17, 18, 19, 20, 22, 24, 25, 26, 27, 29]
coalitoin 1: 
    paired fds:  [26, 19, 3, 6, 5, 25, 12, 0]
    nearby fds:  [0, 1, 2, 3, 4, 5, 6, 8, 9, 10, 11, 12, 13, 14, 15, 16, 17, 18, 19, 20, 21, 22, 23, 24, 25, 26, 27, 28, 29]
coalitoin 2: 
    paired fds:  [13, 16, 1, 17, 11, 20, 7, 14]
    nearby fds:  [0, 1, 2, 4, 6, 7, 8, 9, 10, 11, 12, 13, 14, 15, 16, 17, 18, 19, 20, 22, 24, 25, 27, 28, 29]
coalitoin 3: 
    paired fds:  [23, 21, 10, 9, 28, 18, 15]
    nearby fds:  [0, 1, 3, 4, 5, 6, 7, 9, 10, 11, 12, 13, 14, 15, 16, 17, 18, 19, 20, 21, 23, 25, 26, 28, 29]


*** round 9
fd 19 in coalition 1 swap fd 20 in coalition 2
fd 13 in coalition 2 swap fd 20 in coalition 1
fd 13 in coalition 1 swap fd 9 in coalition 3
coalitoin 0: 
    paired fds:  [24, 22, 27, 29, 8, 2, 4]
    nearby fds:  [0, 1, 2, 3, 4, 5, 6, 7, 8, 9, 10, 11, 12, 14, 16, 17, 18, 19, 20, 22, 24, 25, 26, 27, 29]
coalitoin 1: 
    paired fds:  [26, 3, 5, 6, 0, 12, 25, 9]
    nearby fds:  [0, 1, 2, 3, 4, 5, 6, 8, 9, 10, 11, 12, 13, 14, 15, 16, 17, 18, 19, 20, 21, 22, 23, 24, 25, 26, 27, 28, 29]
coalitoin 2: 
    paired fds:  [1, 11, 14, 17, 7, 19, 16, 20]
    nearby fds:  [0, 1, 2, 4, 6, 7, 8, 9, 10, 11, 12, 13, 14, 15, 16, 17, 18, 19, 20, 22, 24, 25, 27, 28, 29]
coalitoin 3: 
    paired fds:  [23, 28, 15, 21, 18, 13, 10]
    nearby fds:  [0, 1, 3, 4, 5, 6, 7, 9, 10, 11, 12, 13, 14, 15, 16, 17, 18, 19, 20, 21, 23, 25, 26, 28, 29]


*** round 10
fd 14 in coalition 2 swap fd 9 in coalition 1
coalitoin 0: 
    paired fds:  [27, 8, 2, 22, 4, 29, 24]
    nearby fds:  [0, 1, 2, 3, 4, 5, 6, 7, 8, 9, 10, 11, 12, 14, 16, 17, 18, 19, 20, 22, 24, 25, 26, 27, 29]
coalitoin 1: 
    paired fds:  [6, 3, 14, 12, 5, 26, 0, 25]
    nearby fds:  [0, 1, 2, 3, 4, 5, 6, 8, 9, 10, 11, 12, 13, 14, 15, 16, 17, 18, 19, 20, 21, 22, 23, 24, 25, 26, 27, 28, 29]
coalitoin 2: 
    paired fds:  [17, 11, 1, 19, 9, 16, 20, 7]
    nearby fds:  [0, 1, 2, 4, 6, 7, 8, 9, 10, 11, 12, 13, 14, 15, 16, 17, 18, 19, 20, 22, 24, 25, 27, 28, 29]
coalitoin 3: 
    paired fds:  [23, 21, 13, 18, 28, 15, 10]
    nearby fds:  [0, 1, 3, 4, 5, 6, 7, 9, 10, 11, 12, 13, 14, 15, 16, 17, 18, 19, 20, 21, 23, 25, 26, 28, 29]


*** round 11
fd 10 in coalition 3 swap fd 11 in coalition 2
coalitoin 0: 
    paired fds:  [8, 24, 27, 22, 4, 29, 2]
    nearby fds:  [0, 1, 2, 3, 4, 5, 6, 7, 8, 9, 10, 11, 12, 14, 16, 17, 18, 19, 20, 22, 24, 25, 26, 27, 29]
coalitoin 1: 
    paired fds:  [6, 14, 12, 26, 3, 0, 25, 5]
    nearby fds:  [0, 1, 2, 3, 4, 5, 6, 8, 9, 10, 11, 12, 13, 14, 15, 16, 17, 18, 19, 20, 21, 22, 23, 24, 25, 26, 27, 28, 29]
coalitoin 2: 
    paired fds:  [16, 7, 20, 19, 10, 17, 1, 9]
    nearby fds:  [0, 1, 2, 4, 6, 7, 8, 9, 10, 11, 12, 13, 14, 15, 16, 17, 18, 19, 20, 22, 24, 25, 27, 28, 29]
coalitoin 3: 
    paired fds:  [23, 21, 15, 28, 11, 18, 13]
    nearby fds:  [0, 1, 3, 4, 5, 6, 7, 9, 10, 11, 12, 13, 14, 15, 16, 17, 18, 19, 20, 21, 23, 25, 26, 28, 29]


*** round 12
coalitoin 0: 
    paired fds:  [8, 27, 22, 2, 24, 4, 29]
    nearby fds:  [0, 1, 2, 3, 4, 5, 6, 7, 8, 9, 10, 11, 12, 14, 16, 17, 18, 19, 20, 22, 24, 25, 26, 27, 29]
coalitoin 1: 
    paired fds:  [0, 5, 3, 26, 14, 6, 25, 12]
    nearby fds:  [0, 1, 2, 3, 4, 5, 6, 8, 9, 10, 11, 12, 13, 14, 15, 16, 17, 18, 19, 20, 21, 22, 23, 24, 25, 26, 27, 28, 29]
coalitoin 2: 
    paired fds:  [17, 20, 19, 1, 16, 9, 10, 7]
    nearby fds:  [0, 1, 2, 4, 6, 7, 8, 9, 10, 11, 12, 13, 14, 15, 16, 17, 18, 19, 20, 22, 24, 25, 27, 28, 29]
coalitoin 3: 
    paired fds:  [21, 15, 23, 18, 28, 11, 13]
    nearby fds:  [0, 1, 3, 4, 5, 6, 7, 9, 10, 11, 12, 13, 14, 15, 16, 17, 18, 19, 20, 21, 23, 25, 26, 28, 29]


*** round 13
coalitoin 0: 
    paired fds:  [27, 24, 29, 2, 22, 8, 4]
    nearby fds:  [0, 1, 2, 3, 4, 5, 6, 7, 8, 9, 10, 11, 12, 14, 16, 17, 18, 19, 20, 22, 24, 25, 26, 27, 29]
coalitoin 1: 
    paired fds:  [3, 14, 25, 12, 5, 0, 26, 6]
    nearby fds:  [0, 1, 2, 3, 4, 5, 6, 8, 9, 10, 11, 12, 13, 14, 15, 16, 17, 18, 19, 20, 21, 22, 23, 24, 25, 26, 27, 28, 29]
coalitoin 2: 
    paired fds:  [16, 9, 17, 19, 10, 1, 20, 7]
    nearby fds:  [0, 1, 2, 4, 6, 7, 8, 9, 10, 11, 12, 13, 14, 15, 16, 17, 18, 19, 20, 22, 24, 25, 27, 28, 29]
coalitoin 3: 
    paired fds:  [21, 15, 23, 28, 11, 13, 18]
    nearby fds:  [0, 1, 3, 4, 5, 6, 7, 9, 10, 11, 12, 13, 14, 15, 16, 17, 18, 19, 20, 21, 23, 25, 26, 28, 29]


*** round 14
coalitoin 0: 
    paired fds:  [2, 8, 27, 29, 24, 22, 4]
    nearby fds:  [0, 1, 2, 3, 4, 5, 6, 7, 8, 9, 10, 11, 12, 14, 16, 17, 18, 19, 20, 22, 24, 25, 26, 27, 29]
coalitoin 1: 
    paired fds:  [3, 25, 5, 0, 12, 26, 14, 6]
    nearby fds:  [0, 1, 2, 3, 4, 5, 6, 8, 9, 10, 11, 12, 13, 14, 15, 16, 17, 18, 19, 20, 21, 22, 23, 24, 25, 26, 27, 28, 29]
coalitoin 2: 
    paired fds:  [17, 19, 7, 1, 20, 16, 10, 9]
    nearby fds:  [0, 1, 2, 4, 6, 7, 8, 9, 10, 11, 12, 13, 14, 15, 16, 17, 18, 19, 20, 22, 24, 25, 27, 28, 29]
coalitoin 3: 
    paired fds:  [21, 23, 18, 13, 15, 28, 11]
    nearby fds:  [0, 1, 3, 4, 5, 6, 7, 9, 10, 11, 12, 13, 14, 15, 16, 17, 18, 19, 20, 21, 23, 25, 26, 28, 29]


*** round 15
fd 9 in coalition 2 swap fd 11 in coalition 3
coalitoin 0: 
    paired fds:  [8, 24, 22, 2, 27, 4, 29]
    nearby fds:  [0, 1, 2, 3, 4, 5, 6, 7, 8, 9, 10, 11, 12, 14, 16, 17, 18, 19, 20, 22, 24, 25, 26, 27, 29]
coalitoin 1: 
    paired fds:  [3, 5, 12, 25, 26, 14, 6, 0]
    nearby fds:  [0, 1, 2, 3, 4, 5, 6, 8, 9, 10, 11, 12, 13, 14, 15, 16, 17, 18, 19, 20, 21, 22, 23, 24, 25, 26, 27, 28, 29]
coalitoin 2: 
    paired fds:  [19, 20, 16, 17, 7, 1, 10, 11]
    nearby fds:  [0, 1, 2, 4, 6, 7, 8, 9, 10, 11, 12, 13, 14, 15, 16, 17, 18, 19, 20, 22, 24, 25, 27, 28, 29]
coalitoin 3: 
    paired fds:  [23, 15, 28, 21, 13, 9, 18]
    nearby fds:  [0, 1, 3, 4, 5, 6, 7, 9, 10, 11, 12, 13, 14, 15, 16, 17, 18, 19, 20, 21, 23, 25, 26, 28, 29]


*** round 16
coalitoin 0: 
    paired fds:  [24, 2, 4, 22, 29, 8, 27]
    nearby fds:  [0, 1, 2, 3, 4, 5, 6, 7, 8, 9, 10, 11, 12, 14, 16, 17, 18, 19, 20, 22, 24, 25, 26, 27, 29]
coalitoin 1: 
    paired fds:  [3, 5, 12, 14, 26, 25, 6, 0]
    nearby fds:  [0, 1, 2, 3, 4, 5, 6, 8, 9, 10, 11, 12, 13, 14, 15, 16, 17, 18, 19, 20, 21, 22, 23, 24, 25, 26, 27, 28, 29]
coalitoin 2: 
    paired fds:  [16, 7, 1, 11, 19, 20, 17, 10]
    nearby fds:  [0, 1, 2, 4, 6, 7, 8, 9, 10, 11, 12, 13, 14, 15, 16, 17, 18, 19, 20, 22, 24, 25, 27, 28, 29]
coalitoin 3: 
    paired fds:  [28, 21, 18, 23, 13, 9, 15]
    nearby fds:  [0, 1, 3, 4, 5, 6, 7, 9, 10, 11, 12, 13, 14, 15, 16, 17, 18, 19, 20, 21, 23, 25, 26, 28, 29]


*** round 17
coalitoin 0: 
    paired fds:  [24, 2, 22, 8, 29, 27, 4]
    nearby fds:  [0, 1, 2, 3, 4, 5, 6, 7, 8, 9, 10, 11, 12, 14, 16, 17, 18, 19, 20, 22, 24, 25, 26, 27, 29]
coalitoin 1: 
    paired fds:  [3, 5, 12, 14, 26, 0, 25, 6]
    nearby fds:  [0, 1, 2, 3, 4, 5, 6, 8, 9, 10, 11, 12, 13, 14, 15, 16, 17, 18, 19, 20, 21, 22, 23, 24, 25, 26, 27, 28, 29]
coalitoin 2: 
    paired fds:  [11, 17, 16, 1, 20, 10, 7, 19]
    nearby fds:  [0, 1, 2, 4, 6, 7, 8, 9, 10, 11, 12, 13, 14, 15, 16, 17, 18, 19, 20, 22, 24, 25, 27, 28, 29]
coalitoin 3: 
    paired fds:  [23, 13, 28, 15, 18, 21, 9]
    nearby fds:  [0, 1, 3, 4, 5, 6, 7, 9, 10, 11, 12, 13, 14, 15, 16, 17, 18, 19, 20, 21, 23, 25, 26, 28, 29]


*** round 18
fd 12 in coalition 1 swap fd 23 in coalition 3
coalitoin 0: 
    paired fds:  [24, 22, 2, 8, 29, 27, 4]
    nearby fds:  [0, 1, 2, 3, 4, 5, 6, 7, 8, 9, 10, 11, 12, 14, 16, 17, 18, 19, 20, 22, 24, 25, 26, 27, 29]
coalitoin 1: 
    paired fds:  [0, 6, 23, 26, 3, 25, 14, 5]
    nearby fds:  [0, 1, 2, 3, 4, 5, 6, 8, 9, 10, 11, 12, 13, 14, 15, 16, 17, 18, 19, 20, 21, 22, 23, 24, 25, 26, 27, 28, 29]
coalitoin 2: 
    paired fds:  [17, 7, 10, 20, 11, 1, 19, 16]
    nearby fds:  [0, 1, 2, 4, 6, 7, 8, 9, 10, 11, 12, 13, 14, 15, 16, 17, 18, 19, 20, 22, 24, 25, 27, 28, 29]
coalitoin 3: 
    paired fds:  [21, 15, 9, 18, 12, 13, 28]
    nearby fds:  [0, 1, 3, 4, 5, 6, 7, 9, 10, 11, 12, 13, 14, 15, 16, 17, 18, 19, 20, 21, 23, 25, 26, 28, 29]


*** round 19
coalitoin 0: 
    paired fds:  [29, 8, 22, 2, 27, 24, 4]
    nearby fds:  [0, 1, 2, 3, 4, 5, 6, 7, 8, 9, 10, 11, 12, 14, 16, 17, 18, 19, 20, 22, 24, 25, 26, 27, 29]
coalitoin 1: 
    paired fds:  [6, 5, 3, 14, 0, 23, 26, 25]
    nearby fds:  [0, 1, 2, 3, 4, 5, 6, 8, 9, 10, 11, 12, 13, 14, 15, 16, 17, 18, 19, 20, 21, 22, 23, 24, 25, 26, 27, 28, 29]
coalitoin 2: 
    paired fds:  [17, 7, 20, 16, 1, 10, 11, 19]
    nearby fds:  [0, 1, 2, 4, 6, 7, 8, 9, 10, 11, 12, 13, 14, 15, 16, 17, 18, 19, 20, 22, 24, 25, 27, 28, 29]
coalitoin 3: 
    paired fds:  [21, 12, 28, 13, 15, 18, 9]
    nearby fds:  [0, 1, 3, 4, 5, 6, 7, 9, 10, 11, 12, 13, 14, 15, 16, 17, 18, 19, 20, 21, 23, 25, 26, 28, 29]


*** round 20
coalitoin 0: 
    paired fds:  [8, 27, 24, 2, 29, 22, 4]
    nearby fds:  [0, 1, 2, 3, 4, 5, 6, 7, 8, 9, 10, 11, 12, 14, 16, 17, 18, 19, 20, 22, 24, 25, 26, 27, 29]
coalitoin 1: 
    paired fds:  [0, 23, 25, 5, 26, 3, 6, 14]
    nearby fds:  [0, 1, 2, 3, 4, 5, 6, 8, 9, 10, 11, 12, 13, 14, 15, 16, 17, 18, 19, 20, 21, 22, 23, 24, 25, 26, 27, 28, 29]
coalitoin 2: 
    paired fds:  [20, 1, 10, 17, 16, 19, 7, 11]
    nearby fds:  [0, 1, 2, 4, 6, 7, 8, 9, 10, 11, 12, 13, 14, 15, 16, 17, 18, 19, 20, 22, 24, 25, 27, 28, 29]
coalitoin 3: 
    paired fds:  [21, 13, 15, 18, 28, 9, 12]
    nearby fds:  [0, 1, 3, 4, 5, 6, 7, 9, 10, 11, 12, 13, 14, 15, 16, 17, 18, 19, 20, 21, 23, 25, 26, 28, 29]


*** round 21
coalitoin 0: 
    paired fds:  [22, 8, 27, 24, 2, 29, 4]
    nearby fds:  [0, 1, 2, 3, 4, 5, 6, 7, 8, 9, 10, 11, 12, 14, 16, 17, 18, 19, 20, 22, 24, 25, 26, 27, 29]
coalitoin 1: 
    paired fds:  [23, 26, 6, 14, 25, 5, 0, 3]
    nearby fds:  [0, 1, 2, 3, 4, 5, 6, 8, 9, 10, 11, 12, 13, 14, 15, 16, 17, 18, 19, 20, 21, 22, 23, 24, 25, 26, 27, 28, 29]
coalitoin 2: 
    paired fds:  [20, 7, 11, 1, 17, 19, 16, 10]
    nearby fds:  [0, 1, 2, 4, 6, 7, 8, 9, 10, 11, 12, 13, 14, 15, 16, 17, 18, 19, 20, 22, 24, 25, 27, 28, 29]
coalitoin 3: 
    paired fds:  [21, 13, 12, 18, 9, 15, 28]
    nearby fds:  [0, 1, 3, 4, 5, 6, 7, 9, 10, 11, 12, 13, 14, 15, 16, 17, 18, 19, 20, 21, 23, 25, 26, 28, 29]


*** round 22
coalitoin 0: 
    paired fds:  [4, 27, 22, 2, 29, 8, 24]
    nearby fds:  [0, 1, 2, 3, 4, 5, 6, 7, 8, 9, 10, 11, 12, 14, 16, 17, 18, 19, 20, 22, 24, 25, 26, 27, 29]
coalitoin 1: 
    paired fds:  [26, 5, 3, 14, 25, 0, 6, 23]
    nearby fds:  [0, 1, 2, 3, 4, 5, 6, 8, 9, 10, 11, 12, 13, 14, 15, 16, 17, 18, 19, 20, 21, 22, 23, 24, 25, 26, 27, 28, 29]
coalitoin 2: 
    paired fds:  [10, 1, 7, 20, 16, 19, 17, 11]
    nearby fds:  [0, 1, 2, 4, 6, 7, 8, 9, 10, 11, 12, 13, 14, 15, 16, 17, 18, 19, 20, 22, 24, 25, 27, 28, 29]
coalitoin 3: 
    paired fds:  [15, 28, 13, 9, 12, 18, 21]
    nearby fds:  [0, 1, 3, 4, 5, 6, 7, 9, 10, 11, 12, 13, 14, 15, 16, 17, 18, 19, 20, 21, 23, 25, 26, 28, 29]


*** round 23
coalitoin 0: 
    paired fds:  [22, 24, 2, 4, 27, 29, 8]
    nearby fds:  [0, 1, 2, 3, 4, 5, 6, 7, 8, 9, 10, 11, 12, 14, 16, 17, 18, 19, 20, 22, 24, 25, 26, 27, 29]
coalitoin 1: 
    paired fds:  [23, 6, 25, 26, 0, 3, 14, 5]
    nearby fds:  [0, 1, 2, 3, 4, 5, 6, 8, 9, 10, 11, 12, 13, 14, 15, 16, 17, 18, 19, 20, 21, 22, 23, 24, 25, 26, 27, 28, 29]
coalitoin 2: 
    paired fds:  [10, 7, 16, 20, 19, 11, 17, 1]
    nearby fds:  [0, 1, 2, 4, 6, 7, 8, 9, 10, 11, 12, 13, 14, 15, 16, 17, 18, 19, 20, 22, 24, 25, 27, 28, 29]
coalitoin 3: 
    paired fds:  [28, 9, 13, 15, 12, 18, 21]
    nearby fds:  [0, 1, 3, 4, 5, 6, 7, 9, 10, 11, 12, 13, 14, 15, 16, 17, 18, 19, 20, 21, 23, 25, 26, 28, 29]


*** round 24
coalitoin 0: 
    paired fds:  [29, 27, 8, 24, 2, 4, 22]
    nearby fds:  [0, 1, 2, 3, 4, 5, 6, 7, 8, 9, 10, 11, 12, 14, 16, 17, 18, 19, 20, 22, 24, 25, 26, 27, 29]
coalitoin 1: 
    paired fds:  [23, 26, 0, 5, 3, 25, 6, 14]
    nearby fds:  [0, 1, 2, 3, 4, 5, 6, 8, 9, 10, 11, 12, 13, 14, 15, 16, 17, 18, 19, 20, 21, 22, 23, 24, 25, 26, 27, 28, 29]
coalitoin 2: 
    paired fds:  [20, 1, 7, 11, 17, 16, 19, 10]
    nearby fds:  [0, 1, 2, 4, 6, 7, 8, 9, 10, 11, 12, 13, 14, 15, 16, 17, 18, 19, 20, 22, 24, 25, 27, 28, 29]
coalitoin 3: 
    paired fds:  [28, 12, 21, 9, 15, 18, 13]
    nearby fds:  [0, 1, 3, 4, 5, 6, 7, 9, 10, 11, 12, 13, 14, 15, 16, 17, 18, 19, 20, 21, 23, 25, 26, 28, 29]


*** round 25
coalitoin 0: 
    paired fds:  [27, 22, 24, 29, 4, 2, 8]
    nearby fds:  [0, 1, 2, 3, 4, 5, 6, 7, 8, 9, 10, 11, 12, 14, 16, 17, 18, 19, 20, 22, 24, 25, 26, 27, 29]
coalitoin 1: 
    paired fds:  [26, 5, 14, 6, 25, 3, 23, 0]
    nearby fds:  [0, 1, 2, 3, 4, 5, 6, 8, 9, 10, 11, 12, 13, 14, 15, 16, 17, 18, 19, 20, 21, 22, 23, 24, 25, 26, 27, 28, 29]
coalitoin 2: 
    paired fds:  [20, 7, 16, 17, 11, 19, 10, 1]
    nearby fds:  [0, 1, 2, 4, 6, 7, 8, 9, 10, 11, 12, 13, 14, 15, 16, 17, 18, 19, 20, 22, 24, 25, 27, 28, 29]
coalitoin 3: 
    paired fds:  [21, 13, 28, 18, 12, 15, 9]
    nearby fds:  [0, 1, 3, 4, 5, 6, 7, 9, 10, 11, 12, 13, 14, 15, 16, 17, 18, 19, 20, 21, 23, 25, 26, 28, 29]


*** round 26
coalitoin 0: 
    paired fds:  [2, 27, 22, 8, 4, 24, 29]
    nearby fds:  [0, 1, 2, 3, 4, 5, 6, 7, 8, 9, 10, 11, 12, 14, 16, 17, 18, 19, 20, 22, 24, 25, 26, 27, 29]
coalitoin 1: 
    paired fds:  [26, 3, 23, 25, 6, 0, 14, 5]
    nearby fds:  [0, 1, 2, 3, 4, 5, 6, 8, 9, 10, 11, 12, 13, 14, 15, 16, 17, 18, 19, 20, 21, 22, 23, 24, 25, 26, 27, 28, 29]
coalitoin 2: 
    paired fds:  [20, 7, 11, 1, 17, 16, 19, 10]
    nearby fds:  [0, 1, 2, 4, 6, 7, 8, 9, 10, 11, 12, 13, 14, 15, 16, 17, 18, 19, 20, 22, 24, 25, 27, 28, 29]
coalitoin 3: 
    paired fds:  [13, 15, 21, 28, 12, 9, 18]
    nearby fds:  [0, 1, 3, 4, 5, 6, 7, 9, 10, 11, 12, 13, 14, 15, 16, 17, 18, 19, 20, 21, 23, 25, 26, 28, 29]


*** round 27
coalitoin 0: 
    paired fds:  [2, 22, 24, 8, 4, 29, 27]
    nearby fds:  [0, 1, 2, 3, 4, 5, 6, 7, 8, 9, 10, 11, 12, 14, 16, 17, 18, 19, 20, 22, 24, 25, 26, 27, 29]
coalitoin 1: 
    paired fds:  [26, 23, 3, 5, 25, 14, 6, 0]
    nearby fds:  [0, 1, 2, 3, 4, 5, 6, 8, 9, 10, 11, 12, 13, 14, 15, 16, 17, 18, 19, 20, 21, 22, 23, 24, 25, 26, 27, 28, 29]
coalitoin 2: 
    paired fds:  [16, 10, 7, 19, 20, 17, 11, 1]
    nearby fds:  [0, 1, 2, 4, 6, 7, 8, 9, 10, 11, 12, 13, 14, 15, 16, 17, 18, 19, 20, 22, 24, 25, 27, 28, 29]
coalitoin 3: 
    paired fds:  [13, 15, 21, 9, 28, 12, 18]
    nearby fds:  [0, 1, 3, 4, 5, 6, 7, 9, 10, 11, 12, 13, 14, 15, 16, 17, 18, 19, 20, 21, 23, 25, 26, 28, 29]


*** round 28
coalitoin 0: 
    paired fds:  [2, 22, 24, 29, 27, 4, 8]
    nearby fds:  [0, 1, 2, 3, 4, 5, 6, 7, 8, 9, 10, 11, 12, 14, 16, 17, 18, 19, 20, 22, 24, 25, 26, 27, 29]
coalitoin 1: 
    paired fds:  [3, 26, 25, 23, 0, 5, 6, 14]
    nearby fds:  [0, 1, 2, 3, 4, 5, 6, 8, 9, 10, 11, 12, 13, 14, 15, 16, 17, 18, 19, 20, 21, 22, 23, 24, 25, 26, 27, 28, 29]
coalitoin 2: 
    paired fds:  [10, 7, 20, 16, 19, 1, 11, 17]
    nearby fds:  [0, 1, 2, 4, 6, 7, 8, 9, 10, 11, 12, 13, 14, 15, 16, 17, 18, 19, 20, 22, 24, 25, 27, 28, 29]
coalitoin 3: 
    paired fds:  [21, 15, 9, 12, 13, 18, 28]
    nearby fds:  [0, 1, 3, 4, 5, 6, 7, 9, 10, 11, 12, 13, 14, 15, 16, 17, 18, 19, 20, 21, 23, 25, 26, 28, 29]


*** round 29
coalitoin 0: 
    paired fds:  [2, 22, 8, 27, 4, 24, 29]
    nearby fds:  [0, 1, 2, 3, 4, 5, 6, 7, 8, 9, 10, 11, 12, 14, 16, 17, 18, 19, 20, 22, 24, 25, 26, 27, 29]
coalitoin 1: 
    paired fds:  [3, 5, 26, 6, 14, 25, 23, 0]
    nearby fds:  [0, 1, 2, 3, 4, 5, 6, 8, 9, 10, 11, 12, 13, 14, 15, 16, 17, 18, 19, 20, 21, 22, 23, 24, 25, 26, 27, 28, 29]
coalitoin 2: 
    paired fds:  [16, 1, 19, 7, 11, 20, 10, 17]
    nearby fds:  [0, 1, 2, 4, 6, 7, 8, 9, 10, 11, 12, 13, 14, 15, 16, 17, 18, 19, 20, 22, 24, 25, 27, 28, 29]
coalitoin 3: 
    paired fds:  [28, 12, 9, 13, 21, 18, 15]
    nearby fds:  [0, 1, 3, 4, 5, 6, 7, 9, 10, 11, 12, 13, 14, 15, 16, 17, 18, 19, 20, 21, 23, 25, 26, 28, 29]
fd  2 in coalition 0 was selected to forward
fd  5 in coalition 1 was selected to forward
fd 17 in coalition 2 was selected to forward
fd 15 in coalition 3 was selected to forward
fd  2 in coalition 0 was selected to forward
fd  5 in coalition 1 was selected to forward
fd 17 in coalition 2 was selected to forward
fd 15 in coalition 3 was selected to forward
fd  2 in coalition 0 was selected to forward
fd  5 in coalition 1 was selected to forward
fd 17 in coalition 2 was selected to forward
fd 15 in coalition 3 was selected to forward
fd  2 in coalition 0 was selected to forward
fd  5 in coalition 1 was selected to forward
fd 17 in coalition 2 was selected to forward
fd 15 in coalition 3 was selected to forward
fd  2 in coalition 0 was selected to forward
fd  5 in coalition 1 was selected to forward
fd 17 in coalition 2 was selected to forward
fd 15 in coalition 3 was selected to forward
fd  2 in coalition 0 was selected to forward
fd  3 in coalition 1 was selected to forward
fd 17 in coalition 2 was selected to forward
fd 13 in coalition 3 was selected to forward
fd 24 in coalition 0 was selected to forward
fd  3 in coalition 1 was selected to forward
fd  7 in coalition 2 was selected to forward
fd 13 in coalition 3 was selected to forward
fd 24 in coalition 0 was selected to forward
fd  3 in coalition 1 was selected to forward
fd  7 in coalition 2 was selected to forward
fd 13 in coalition 3 was selected to forward
fd 24 in coalition 0 was selected to forward
fd  3 in coalition 1 was selected to forward
fd  7 in coalition 2 was selected to forward
fd 13 in coalition 3 was selected to forward
fd 24 in coalition 0 was selected to forward
fd  3 in coalition 1 was selected to forward
fd  7 in coalition 2 was selected to forward
fd 13 in coalition 3 was selected to forward
fd 24 in coalition 0 was selected to forward
fd 25 in coalition 1 was selected to forward
fd  7 in coalition 2 was selected to forward
fd 28 in coalition 3 was selected to forward
fd  8 in coalition 0 was selected to forward
fd 25 in coalition 1 was selected to forward
fd  7 in coalition 2 was selected to forward
fd 28 in coalition 3 was selected to forward
fd  8 in coalition 0 was selected to forward
fd 25 in coalition 1 was selected to forward
fd  1 in coalition 2 was selected to forward
fd 28 in coalition 3 was selected to forward
fd  8 in coalition 0 was selected to forward
fd 25 in coalition 1 was selected to forward
fd  1 in coalition 2 was selected to forward
fd 28 in coalition 3 was selected to forward
fd  8 in coalition 0 was selected to forward
fd 25 in coalition 1 was selected to forward
fd  1 in coalition 2 was selected to forward
fd 28 in coalition 3 was selected to forward
fd  8 in coalition 0 was selected to forward
fd 25 in coalition 1 was selected to forward
fd  1 in coalition 2 was selected to forward
fd 28 in coalition 3 was selected to forward
fd 22 in coalition 0 was selected to forward
fd 25 in coalition 1 was selected to forward
fd  1 in coalition 2 was selected to forward
fd 13 in coalition 3 was selected to forward
fd 22 in coalition 0 was selected to forward
fd 25 in coalition 1 was selected to forward
fd  1 in coalition 2 was selected to forward
fd 28 in coalition 3 was selected to forward
fd 22 in coalition 0 was selected to forward
fd 26 in coalition 1 was selected to forward
fd  1 in coalition 2 was selected to forward
fd 18 in coalition 3 was selected to forward
fd 22 in coalition 0 was selected to forward
fd 26 in coalition 1 was selected to forward
fd 16 in coalition 2 was selected to forward
fd 18 in coalition 3 was selected to forward
fd 22 in coalition 0 was selected to forward
fd 26 in coalition 1 was selected to forward
fd 16 in coalition 2 was selected to forward
fd 18 in coalition 3 was selected to forward
fd 22 in coalition 0 was selected to forward
fd  5 in coalition 1 was selected to forward
fd 16 in coalition 2 was selected to forward
fd 18 in coalition 3 was selected to forward
fd 22 in coalition 0 was selected to forward
fd 26 in coalition 1 was selected to forward
fd  7 in coalition 2 was selected to forward
fd 18 in coalition 3 was selected to forward
fd 27 in coalition 0 was selected to forward
fd 26 in coalition 1 was selected to forward
fd 16 in coalition 2 was selected to forward
fd 18 in coalition 3 was selected to forward
fd 27 in coalition 0 was selected to forward
fd 26 in coalition 1 was selected to forward
fd 16 in coalition 2 was selected to forward
fd 18 in coalition 3 was selected to forward
fd 27 in coalition 0 was selected to forward
fd 26 in coalition 1 was selected to forward
fd 16 in coalition 2 was selected to forward
fd 18 in coalition 3 was selected to forward
fd 27 in coalition 0 was selected to forward
fd 14 in coalition 1 was selected to forward
fd 19 in coalition 2 was selected to forward
fd 18 in coalition 3 was selected to forward
fd 27 in coalition 0 was selected to forward
fd 14 in coalition 1 was selected to forward
fd 19 in coalition 2 was selected to forward
fd 21 in coalition 3 was selected to forward
fd 24 in coalition 0 was selected to forward
fd 14 in coalition 1 was selected to forward
fd 19 in coalition 2 was selected to forward
fd 21 in coalition 3 was selected to forward
fd 27 in coalition 0 was selected to forward
fd 14 in coalition 1 was selected to forward
fd 19 in coalition 2 was selected to forward
fd 21 in coalition 3 was selected to forward
fd 27 in coalition 0 was selected to forward
fd 25 in coalition 1 was selected to forward
fd 19 in coalition 2 was selected to forward
fd 21 in coalition 3 was selected to forward
fd 29 in coalition 0 was selected to forward
fd 14 in coalition 1 was selected to forward
fd 17 in coalition 2 was selected to forward
fd 21 in coalition 3 was selected to forward


***********************
coalition_history =  [[{'num': 0, 'capacity': 1.8477282304743428, 'paired_fds': [10, 22, 14, 8, 3, 0, 11], 'game_sel': 8}, {'num': 1, 'capacity': 1.8312444342637286, 'paired_fds': [1, 19, 20, 26, 15, 12, 2, 5], 'game_sel': 5}, {'num': 2, 'capacity': 1.8435070964650575, 'paired_fds': [7, 24, 29, 4, 27, 25, 28, 17], 'game_sel': 17}, {'num': 3, 'capacity': 1.8087359292323797, 'paired_fds': [16, 23, 13, 9, 6, 18, 21], 'game_sel': 13}], [{'num': 0, 'capacity': 1.8492940867007348, 'paired_fds': [22, 11, 1, 14, 19, 8, 10], 'game_sel': 8}, {'num': 1, 'capacity': 1.837685839239728, 'paired_fds': [20, 15, 2, 0, 24, 5, 3, 6], 'game_sel': 5}, {'num': 2, 'capacity': 1.8235377429109805, 'paired_fds': [27, 28, 29, 17, 12, 4, 7, 16], 'game_sel': 17}, {'num': 3, 'capacity': 1.8463784873479097, 'paired_fds': [23, 21, 9, 13, 26, 18, 25], 'game_sel': 13}], [{'num': 0, 'capacity': 1.8750515544452393, 'paired_fds': [22, 10, 8, 27, 11, 24, 29], 'game_sel': 24}, {'num': 1, 'capacity': 1.8358703871818525, 'paired_fds': [20, 0, 15, 3, 5, 6, 2, 1], 'game_sel': 5}, {'num': 2, 'capacity': 1.8046568236239768, 'paired_fds': [4, 7, 14, 19, 17, 12, 25, 16], 'game_sel': 17}, {'num': 3, 'capacity': 1.8695360467101376, 'paired_fds': [23, 21, 18, 13, 9, 28, 26], 'game_sel': 13}], [{'num': 0, 'capacity': 1.9228456195589063, 'paired_fds': [8, 24, 22, 27, 11, 26, 29], 'game_sel': 24}, {'num': 1, 'capacity': 1.804363763025056, 'paired_fds': [3, 5, 2, 15, 6, 0, 12, 20], 'game_sel': 5}, {'num': 2, 'capacity': 1.8134959462177098, 'paired_fds': [4, 14, 25, 7, 17, 10, 1, 19], 'game_sel': 17}, {'num': 3, 'capacity': 1.8553103443856442, 'paired_fds': [23, 21, 13, 28, 9, 16, 18], 'game_sel': 13}], [{'num': 0, 'capacity': 1.8991497926898044, 'paired_fds': [8, 27, 11, 24, 22, 20, 29], 'game_sel': 24}, {'num': 1, 'capacity': 1.8229979363015667, 'paired_fds': [6, 26, 2, 5, 3, 12, 0, 13], 'game_sel': 5}, {'num': 2, 'capacity': 1.81349594621771, 'paired_fds': [4, 14, 25, 17, 10, 1, 7, 19], 'game_sel': 17}, {'num': 3, 'capacity': 1.865632048073035, 'paired_fds': [23, 21, 16, 9, 18, 28, 15], 'game_sel': 15}], [{'num': 0, 'capacity': 1.9227014059921823, 'paired_fds': [24, 29, 11, 8, 27, 2, 19], 'game_sel': 2}, {'num': 1, 'capacity': 1.8228079078906299, 'paired_fds': [26, 0, 13, 5, 6, 3, 12, 22], 'game_sel': 5}, {'num': 2, 'capacity': 1.7983261046651695, 'paired_fds': [17, 7, 1, 4, 20, 14, 10, 25], 'game_sel': 17}, {'num': 3, 'capacity': 1.865632048073035, 'paired_fds': [21, 16, 28, 23, 15, 18, 9], 'game_sel': 15}], [{'num': 0, 'capacity': 1.9398939959905281, 'paired_fds': [8, 22, 27, 24, 2, 29, 4], 'game_sel': 2}, {'num': 1, 'capacity': 1.820528604926678, 'paired_fds': [12, 19, 26, 6, 5, 0, 3, 25], 'game_sel': 5}, {'num': 2, 'capacity': 1.8035802000818157, 'paired_fds': [7, 20, 14, 13, 10, 17, 11, 1], 'game_sel': 17}, {'num': 3, 'capacity': 1.865632048073035, 'paired_fds': [23, 21, 15, 28, 18, 9, 16], 'game_sel': 15}], [{'num': 0, 'capacity': 1.9398939959905281, 'paired_fds': [27, 24, 8, 22, 2, 4, 29], 'game_sel': 2}, {'num': 1, 'capacity': 1.820528604926678, 'paired_fds': [12, 26, 19, 25, 3, 5, 0, 6], 'game_sel': 5}, {'num': 2, 'capacity': 1.8329051126897629, 'paired_fds': [14, 13, 17, 16, 11, 7, 20, 1], 'game_sel': 17}, {'num': 3, 'capacity': 1.8365177850022982, 'paired_fds': [23, 21, 15, 10, 18, 9, 28], 'game_sel': 15}], [{'num': 0, 'capacity': 1.9398939959905281, 'paired_fds': [24, 22, 2, 27, 4, 29, 8], 'game_sel': 2}, {'num': 1, 'capacity': 1.820528604926678, 'paired_fds': [26, 19, 3, 6, 5, 25, 12, 0], 'game_sel': 5}, {'num': 2, 'capacity': 1.8329051126897618, 'paired_fds': [13, 16, 1, 17, 11, 20, 7, 14], 'game_sel': 17}, {'num': 3, 'capacity': 1.8365177850022985, 'paired_fds': [23, 21, 10, 9, 28, 18, 15], 'game_sel': 15}], [{'num': 0, 'capacity': 1.9398939959905281, 'paired_fds': [24, 22, 27, 29, 8, 2, 4], 'game_sel': 2}, {'num': 1, 'capacity': 1.7959216237629663, 'paired_fds': [26, 3, 5, 6, 0, 12, 25, 9], 'game_sel': 5}, {'num': 2, 'capacity': 1.8449522260386269, 'paired_fds': [1, 11, 14, 17, 7, 19, 16, 20], 'game_sel': 17}, {'num': 3, 'capacity': 1.8578955346899868, 'paired_fds': [23, 28, 15, 21, 18, 13, 10], 'game_sel': 15}], [{'num': 0, 'capacity': 1.9398939959905281, 'paired_fds': [27, 8, 2, 22, 4, 29, 24], 'game_sel': 2}, {'num': 1, 'capacity': 1.8125685030825995, 'paired_fds': [6, 3, 14, 12, 5, 26, 0, 25], 'game_sel': 5}, {'num': 2, 'capacity': 1.8377352346770661, 'paired_fds': [17, 11, 1, 19, 9, 16, 20, 7], 'game_sel': 17}, {'num': 3, 'capacity': 1.8578955346899866, 'paired_fds': [23, 21, 13, 18, 28, 15, 10], 'game_sel': 15}], [{'num': 0, 'capacity': 1.9398939959905281, 'paired_fds': [8, 24, 27, 22, 4, 29, 2], 'game_sel': 2}, {'num': 1, 'capacity': 1.8125685030825995, 'paired_fds': [6, 14, 12, 26, 3, 0, 25, 5], 'game_sel': 5}, {'num': 2, 'capacity': 1.8172214153117943, 'paired_fds': [16, 7, 20, 19, 10, 17, 1, 9], 'game_sel': 17}, {'num': 3, 'capacity': 1.8803822151175056, 'paired_fds': [23, 21, 15, 28, 11, 18, 13], 'game_sel': 15}], [{'num': 0, 'capacity': 1.9398939959905281, 'paired_fds': [8, 27, 22, 2, 24, 4, 29], 'game_sel': 2}, {'num': 1, 'capacity': 1.8125685030825998, 'paired_fds': [0, 5, 3, 26, 14, 6, 25, 12], 'game_sel': 5}, {'num': 2, 'capacity': 1.8172214153117943, 'paired_fds': [17, 20, 19, 1, 16, 9, 10, 7], 'game_sel': 17}, {'num': 3, 'capacity': 1.8803822151175056, 'paired_fds': [21, 15, 23, 18, 28, 11, 13], 'game_sel': 15}], [{'num': 0, 'capacity': 1.9398939959905281, 'paired_fds': [27, 24, 29, 2, 22, 8, 4], 'game_sel': 2}, {'num': 1, 'capacity': 1.8125685030825995, 'paired_fds': [3, 14, 25, 12, 5, 0, 26, 6], 'game_sel': 5}, {'num': 2, 'capacity': 1.8172214153117947, 'paired_fds': [16, 9, 17, 19, 10, 1, 20, 7], 'game_sel': 17}, {'num': 3, 'capacity': 1.8803822151175056, 'paired_fds': [21, 15, 23, 28, 11, 13, 18], 'game_sel': 15}], [{'num': 0, 'capacity': 1.9398939959905281, 'paired_fds': [2, 8, 27, 29, 24, 22, 4], 'game_sel': 2}, {'num': 1, 'capacity': 1.8125685030825995, 'paired_fds': [3, 25, 5, 0, 12, 26, 14, 6], 'game_sel': 5}, {'num': 2, 'capacity': 1.8172214153117943, 'paired_fds': [17, 19, 7, 1, 20, 16, 10, 9], 'game_sel': 17}, {'num': 3, 'capacity': 1.8803822151175065, 'paired_fds': [21, 23, 18, 13, 15, 28, 11], 'game_sel': 15}], [{'num': 0, 'capacity': 1.9398939959905281, 'paired_fds': [8, 24, 22, 2, 27, 4, 29], 'game_sel': 2}, {'num': 1, 'capacity': 1.8125685030825995, 'paired_fds': [3, 5, 12, 25, 26, 14, 6, 0], 'game_sel': 5}, {'num': 2, 'capacity': 1.8293951536562076, 'paired_fds': [19, 20, 16, 17, 7, 1, 10, 11], 'game_sel': 17}, {'num': 3, 'capacity': 1.869842177785532, 'paired_fds': [23, 15, 28, 21, 13, 9, 18], 'game_sel': 15}], [{'num': 0, 'capacity': 1.939893995990528, 'paired_fds': [24, 2, 4, 22, 29, 8, 27], 'game_sel': 2}, {'num': 1, 'capacity': 1.8125685030825998, 'paired_fds': [3, 5, 12, 14, 26, 25, 6, 0], 'game_sel': 5}, {'num': 2, 'capacity': 1.8293951536562079, 'paired_fds': [16, 7, 1, 11, 19, 20, 17, 10], 'game_sel': 17}, {'num': 3, 'capacity': 1.869842177785532, 'paired_fds': [28, 21, 18, 23, 13, 9, 15], 'game_sel': 15}], [{'num': 0, 'capacity': 1.9398939959905281, 'paired_fds': [24, 2, 22, 8, 29, 27, 4], 'game_sel': 2}, {'num': 1, 'capacity': 1.8125685030825998, 'paired_fds': [3, 5, 12, 14, 26, 0, 25, 6], 'game_sel': 5}, {'num': 2, 'capacity': 1.829395153656208, 'paired_fds': [11, 17, 16, 1, 20, 10, 7, 19], 'game_sel': 17}, {'num': 3, 'capacity': 1.8698421777855319, 'paired_fds': [23, 13, 28, 15, 18, 21, 9], 'game_sel': 15}], [{'num': 0, 'capacity': 1.9398939959905281, 'paired_fds': [24, 22, 2, 8, 29, 27, 4], 'game_sel': 2}, {'num': 1, 'capacity': 1.8683147655856072, 'paired_fds': [0, 6, 23, 26, 3, 25, 14, 5], 'game_sel': 5}, {'num': 2, 'capacity': 1.8293951536562076, 'paired_fds': [17, 7, 10, 20, 11, 1, 19, 16], 'game_sel': 17}, {'num': 3, 'capacity': 1.8167009268299776, 'paired_fds': [21, 15, 9, 18, 12, 13, 28], 'game_sel': 15}], [{'num': 0, 'capacity': 1.9398939959905281, 'paired_fds': [29, 8, 22, 2, 27, 24, 4], 'game_sel': 2}, {'num': 1, 'capacity': 1.8683147655856072, 'paired_fds': [6, 5, 3, 14, 0, 23, 26, 25], 'game_sel': 5}, {'num': 2, 'capacity': 1.8293951536562076, 'paired_fds': [17, 7, 20, 16, 1, 10, 11, 19], 'game_sel': 17}, {'num': 3, 'capacity': 1.8167009268299774, 'paired_fds': [21, 12, 28, 13, 15, 18, 9], 'game_sel': 15}], [{'num': 0, 'capacity': 1.9398939959905281, 'paired_fds': [8, 27, 24, 2, 29, 22, 4], 'game_sel': 2}, {'num': 1, 'capacity': 1.8683147655856072, 'paired_fds': [0, 23, 25, 5, 26, 3, 6, 14], 'game_sel': 5}, {'num': 2, 'capacity': 1.8293951536562076, 'paired_fds': [20, 1, 10, 17, 16, 19, 7, 11], 'game_sel': 17}, {'num': 3, 'capacity': 1.8167009268299774, 'paired_fds': [21, 13, 15, 18, 28, 9, 12], 'game_sel': 15}], [{'num': 0, 'capacity': 1.9398939959905281, 'paired_fds': [22, 8, 27, 24, 2, 29, 4], 'game_sel': 2}, {'num': 1, 'capacity': 1.868314765585607, 'paired_fds': [23, 26, 6, 14, 25, 5, 0, 3], 'game_sel': 5}, {'num': 2, 'capacity': 1.8293951536562076, 'paired_fds': [20, 7, 11, 1, 17, 19, 16, 10], 'game_sel': 17}, {'num': 3, 'capacity': 1.8167009268299772, 'paired_fds': [21, 13, 12, 18, 9, 15, 28], 'game_sel': 15}], [{'num': 0, 'capacity': 1.9398939959905284, 'paired_fds': [4, 27, 22, 2, 29, 8, 24], 'game_sel': 2}, {'num': 1, 'capacity': 1.8683147655856072, 'paired_fds': [26, 5, 3, 14, 25, 0, 6, 23], 'game_sel': 5}, {'num': 2, 'capacity': 1.8293951536562072, 'paired_fds': [10, 1, 7, 20, 16, 19, 17, 11], 'game_sel': 17}, {'num': 3, 'capacity': 1.8167009268299772, 'paired_fds': [15, 28, 13, 9, 12, 18, 21], 'game_sel': 15}], [{'num': 0, 'capacity': 1.9398939959905281, 'paired_fds': [22, 24, 2, 4, 27, 29, 8], 'game_sel': 2}, {'num': 1, 'capacity': 1.8683147655856072, 'paired_fds': [23, 6, 25, 26, 0, 3, 14, 5], 'game_sel': 5}, {'num': 2, 'capacity': 1.8293951536562076, 'paired_fds': [10, 7, 16, 20, 19, 11, 17, 1], 'game_sel': 17}, {'num': 3, 'capacity': 1.8167009268299776, 'paired_fds': [28, 9, 13, 15, 12, 18, 21], 'game_sel': 15}], [{'num': 0, 'capacity': 1.939893995990528, 'paired_fds': [29, 27, 8, 24, 2, 4, 22], 'game_sel': 2}, {'num': 1, 'capacity': 1.8683147655856072, 'paired_fds': [23, 26, 0, 5, 3, 25, 6, 14], 'game_sel': 5}, {'num': 2, 'capacity': 1.8293951536562079, 'paired_fds': [20, 1, 7, 11, 17, 16, 19, 10], 'game_sel': 17}, {'num': 3, 'capacity': 1.8167009268299774, 'paired_fds': [28, 12, 21, 9, 15, 18, 13], 'game_sel': 15}], [{'num': 0, 'capacity': 1.939893995990528, 'paired_fds': [27, 22, 24, 29, 4, 2, 8], 'game_sel': 2}, {'num': 1, 'capacity': 1.8683147655856067, 'paired_fds': [26, 5, 14, 6, 25, 3, 23, 0], 'game_sel': 5}, {'num': 2, 'capacity': 1.8293951536562076, 'paired_fds': [20, 7, 16, 17, 11, 19, 10, 1], 'game_sel': 17}, {'num': 3, 'capacity': 1.8167009268299774, 'paired_fds': [21, 13, 28, 18, 12, 15, 9], 'game_sel': 15}], [{'num': 0, 'capacity': 1.9398939959905284, 'paired_fds': [2, 27, 22, 8, 4, 24, 29], 'game_sel': 2}, {'num': 1, 'capacity': 1.8683147655856072, 'paired_fds': [26, 3, 23, 25, 6, 0, 14, 5], 'game_sel': 5}, {'num': 2, 'capacity': 1.8293951536562076, 'paired_fds': [20, 7, 11, 1, 17, 16, 19, 10], 'game_sel': 17}, {'num': 3, 'capacity': 1.8167009268299774, 'paired_fds': [13, 15, 21, 28, 12, 9, 18], 'game_sel': 15}], [{'num': 0, 'capacity': 1.9398939959905281, 'paired_fds': [2, 22, 24, 8, 4, 29, 27], 'game_sel': 2}, {'num': 1, 'capacity': 1.8683147655856072, 'paired_fds': [26, 23, 3, 5, 25, 14, 6, 0], 'game_sel': 5}, {'num': 2, 'capacity': 1.8293951536562076, 'paired_fds': [16, 10, 7, 19, 20, 17, 11, 1], 'game_sel': 17}, {'num': 3, 'capacity': 1.8167009268299774, 'paired_fds': [13, 15, 21, 9, 28, 12, 18], 'game_sel': 15}], [{'num': 0, 'capacity': 1.9398939959905281, 'paired_fds': [2, 22, 24, 29, 27, 4, 8], 'game_sel': 2}, {'num': 1, 'capacity': 1.8683147655856074, 'paired_fds': [3, 26, 25, 23, 0, 5, 6, 14], 'game_sel': 5}, {'num': 2, 'capacity': 1.8293951536562076, 'paired_fds': [10, 7, 20, 16, 19, 1, 11, 17], 'game_sel': 17}, {'num': 3, 'capacity': 1.8167009268299776, 'paired_fds': [21, 15, 9, 12, 13, 18, 28], 'game_sel': 15}], [{'num': 0, 'capacity': 1.9398939959905281, 'paired_fds': [2, 22, 8, 27, 4, 24, 29], 'game_sel': 2}, {'num': 1, 'capacity': 1.8683147655856072, 'paired_fds': [3, 5, 26, 6, 14, 25, 23, 0], 'game_sel': 5}, {'num': 2, 'capacity': 1.8293951536562076, 'paired_fds': [16, 1, 19, 7, 11, 20, 10, 17], 'game_sel': 17}, {'num': 3, 'capacity': 1.8167009268299776, 'paired_fds': [28, 12, 9, 13, 21, 18, 15], 'game_sel': 15}]]
***********************
select_history =  [[{'f_bs': 235.5094591540522, 'f_fd': 106.84263340131935, 'num': 2, 'gains': 106.84263340131935, 'power': 0.003284722179189124}, {'f_bs': 237.44255177674057, 'f_fd': 107.10452516659512, 'num': 5, 'gains': 107.10452516659512, 'power': 0.002820756437274901}, {'f_bs': 235.9042079026987, 'f_fd': 106.8964969977379, 'num': 17, 'gains': 106.8964969977379, 'power': 0.003196794436998913}, {'f_bs': 231.494518614903, 'f_fd': 106.28334368407556, 'num': 15, 'gains': 106.28334368407556, 'power': 0.0026289812390217554}], [{'f_bs': 235.5094591540522, 'f_fd': 106.84263340131935, 'num': 2, 'gains': 213.6852668026387, 'power': 0.002684722179189124}, {'f_bs': 237.44255177674057, 'f_fd': 107.10452516659512, 'num': 5, 'gains': 214.20905033319025, 'power': 0.002220756437274901}, {'f_bs': 235.9042079026987, 'f_fd': 106.8964969977379, 'num': 17, 'gains': 213.7929939954758, 'power': 0.002596794436998913}, {'f_bs': 231.494518614903, 'f_fd': 106.28334368407556, 'num': 15, 'gains': 212.56668736815112, 'power': 0.0020289812390217555}], [{'f_bs': 235.5094591540522, 'f_fd': 106.84263340131935, 'num': 2, 'gains': 320.52790020395804, 'power': 0.0020847221791891243}, {'f_bs': 237.44255177674057, 'f_fd': 107.10452516659512, 'num': 5, 'gains': 321.3135754997854, 'power': 0.001620756437274901}, {'f_bs': 235.9042079026987, 'f_fd': 106.8964969977379, 'num': 17, 'gains': 320.68949099321367, 'power': 0.0019967944369989133}, {'f_bs': 231.494518614903, 'f_fd': 106.28334368407556, 'num': 15, 'gains': 318.85003105222665, 'power': 0.0014289812390217555}], [{'f_bs': 235.5094591540522, 'f_fd': 106.84263340131935, 'num': 2, 'gains': 427.3705336052774, 'power': 0.0014847221791891242}, {'f_bs': 237.44255177674057, 'f_fd': 107.10452516659512, 'num': 5, 'gains': 428.4181006663805, 'power': 0.001020756437274901}, {'f_bs': 235.9042079026987, 'f_fd': 106.8964969977379, 'num': 17, 'gains': 427.5859879909516, 'power': 0.0013967944369989132}, {'f_bs': 231.494518614903, 'f_fd': 106.28334368407556, 'num': 15, 'gains': 425.13337473630224, 'power': 0.0008289812390217554}], [{'f_bs': 235.5094591540522, 'f_fd': 106.84263340131935, 'num': 2, 'gains': 534.2131670065967, 'power': 0.0008847221791891242}, {'f_bs': 237.44255177674057, 'f_fd': 107.10452516659512, 'num': 5, 'gains': 535.5226258329756, 'power': 0.00042075643727490096}, {'f_bs': 235.9042079026987, 'f_fd': 106.8964969977379, 'num': 17, 'gains': 534.4824849886895, 'power': 0.0007967944369989132}, {'f_bs': 231.494518614903, 'f_fd': 106.28334368407556, 'num': 15, 'gains': 531.4167184203778, 'power': 0.00022898123902175536}], [{'f_bs': 235.5094591540522, 'f_fd': 106.84263340131935, 'num': 2, 'gains': 641.055800407916, 'power': 0.0002847221791891241}, {'f_bs': 235.33406369232233, 'f_fd': 106.81863692008011, 'num': 3, 'gains': 106.81863692008011, 'power': 0.002687853205801151}, {'f_bs': 235.9042079026987, 'f_fd': 106.8964969977379, 'num': 17, 'gains': 641.3789819864274, 'power': 0.0001967944369989131}, {'f_bs': 227.2500937691937, 'f_fd': 104.66863326199058, 'num': 13, 'gains': 104.66863326199058, 'power': 0.0030853716831152705}], [{'f_bs': 232.2336193675628, 'f_fd': 106.3878902370304, 'num': 24, 'gains': 106.3878902370304, 'power': 0.002778303847076324}, {'f_bs': 235.33406369232233, 'f_fd': 106.81863692008011, 'num': 3, 'gains': 213.63727384016022, 'power': 0.002087853205801151}, {'f_bs': 231.3207419637574, 'f_fd': 106.25865702762073, 'num': 7, 'gains': 106.25865702762073, 'power': 0.0035106133075798705}, {'f_bs': 227.2500937691937, 'f_fd': 104.66863326199058, 'num': 13, 'gains': 209.33726652398116, 'power': 0.0024453716831152705}], [{'f_bs': 232.2336193675628, 'f_fd': 106.3878902370304, 'num': 24, 'gains': 212.7757804740608, 'power': 0.0021783038470763244}, {'f_bs': 235.33406369232233, 'f_fd': 106.81863692008011, 'num': 3, 'gains': 320.45591076024033, 'power': 0.001487853205801151}, {'f_bs': 231.3207419637574, 'f_fd': 106.25865702762073, 'num': 7, 'gains': 212.51731405524146, 'power': 0.0029106133075798707}, {'f_bs': 227.2500937691937, 'f_fd': 104.66863326199058, 'num': 13, 'gains': 314.00589978597174, 'power': 0.0018053716831152706}], [{'f_bs': 232.2336193675628, 'f_fd': 106.3878902370304, 'num': 24, 'gains': 319.1636707110912, 'power': 0.0015783038470763243}, {'f_bs': 235.33406369232233, 'f_fd': 106.81863692008011, 'num': 3, 'gains': 427.27454768032044, 'power': 0.0008878532058011509}, {'f_bs': 231.3207419637574, 'f_fd': 106.25865702762073, 'num': 7, 'gains': 318.77597108286216, 'power': 0.002310613307579871}, {'f_bs': 227.2500937691937, 'f_fd': 104.66863326199058, 'num': 13, 'gains': 418.6745330479623, 'power': 0.0011653716831152706}], [{'f_bs': 232.2336193675628, 'f_fd': 106.3878902370304, 'num': 24, 'gains': 425.5515609481216, 'power': 0.0009783038470763243}, {'f_bs': 235.33406369232233, 'f_fd': 106.81863692008011, 'num': 3, 'gains': 534.0931846004005, 'power': 0.0002878532058011509}, {'f_bs': 231.3207419637574, 'f_fd': 106.25865702762073, 'num': 7, 'gains': 425.0346281104829, 'power': 0.0017106133075798708}, {'f_bs': 227.2500937691937, 'f_fd': 104.66863326199058, 'num': 13, 'gains': 523.343166309953, 'power': 0.0005253716831152706}], [{'f_bs': 232.2336193675628, 'f_fd': 106.3878902370304, 'num': 24, 'gains': 531.939451185152, 'power': 0.0003783038470763242}, {'f_bs': 230.32328798067354, 'f_fd': 106.11617423004427, 'num': 25, 'gains': 106.11617423004427, 'power': 0.004503378282365017}, {'f_bs': 231.3207419637574, 'f_fd': 106.25865702762073, 'num': 7, 'gains': 531.2932851381037, 'power': 0.0011106133075798707}, {'f_bs': 226.27100722889165, 'f_fd': 105.52328639619546, 'num': 28, 'gains': 105.52328639619546, 'power': 0.003893997354431202}], [{'f_bs': 229.24168354381953, 'f_fd': 105.96014675073121, 'num': 8, 'gains': 105.96014675073121, 'power': 0.0028266708962802253}, {'f_bs': 230.32328798067354, 'f_fd': 106.11617423004427, 'num': 25, 'gains': 212.23234846008853, 'power': 0.0039033782823650175}, {'f_bs': 231.3207419637574, 'f_fd': 106.25865702762073, 'num': 7, 'gains': 637.5519421657244, 'power': 0.0005106133075798707}, {'f_bs': 226.27100722889165, 'f_fd': 105.52328639619546, 'num': 28, 'gains': 211.04657279239092, 'power': 0.003293997354431202}], [{'f_bs': 229.24168354381953, 'f_fd': 105.96014675073121, 'num': 8, 'gains': 211.92029350146242, 'power': 0.0022266708962802254}, {'f_bs': 230.32328798067354, 'f_fd': 106.11617423004427, 'num': 25, 'gains': 318.34852269013277, 'power': 0.0033033782823650177}, {'f_bs': 230.87795189503504, 'f_fd': 105.1955714086593, 'num': 1, 'gains': 105.1955714086593, 'power': 0.0042323611365744735}, {'f_bs': 226.27100722889165, 'f_fd': 105.52328639619546, 'num': 28, 'gains': 316.5698591885864, 'power': 0.0026939973544312023}], [{'f_bs': 229.24168354381953, 'f_fd': 105.96014675073121, 'num': 8, 'gains': 317.88044025219364, 'power': 0.0016266708962802254}, {'f_bs': 230.32328798067354, 'f_fd': 106.11617423004427, 'num': 25, 'gains': 424.46469692017706, 'power': 0.002703378282365018}, {'f_bs': 230.87795189503504, 'f_fd': 105.1955714086593, 'num': 1, 'gains': 210.3911428173186, 'power': 0.0035923611365744736}, {'f_bs': 226.27100722889165, 'f_fd': 105.52328639619546, 'num': 28, 'gains': 422.09314558478184, 'power': 0.0020939973544312025}], [{'f_bs': 229.24168354381953, 'f_fd': 105.96014675073121, 'num': 8, 'gains': 423.84058700292485, 'power': 0.0010266708962802253}, {'f_bs': 230.32328798067354, 'f_fd': 106.11617423004427, 'num': 25, 'gains': 530.5808711502214, 'power': 0.002103378282365018}, {'f_bs': 230.87795189503504, 'f_fd': 105.1955714086593, 'num': 1, 'gains': 315.5867142259779, 'power': 0.0029523611365744737}, {'f_bs': 226.27100722889165, 'f_fd': 105.52328639619546, 'num': 28, 'gains': 527.6164319809773, 'power': 0.0014939973544312024}], [{'f_bs': 229.24168354381953, 'f_fd': 105.96014675073121, 'num': 8, 'gains': 529.800733753656, 'power': 0.00042667089628022526}, {'f_bs': 230.32328798067354, 'f_fd': 106.11617423004427, 'num': 25, 'gains': 636.6970453802656, 'power': 0.001503378282365018}, {'f_bs': 230.87795189503504, 'f_fd': 105.1955714086593, 'num': 1, 'gains': 420.7822856346372, 'power': 0.0023123611365744737}, {'f_bs': 226.27100722889165, 'f_fd': 105.52328639619546, 'num': 28, 'gains': 633.1397183771727, 'power': 0.0008939973544312024}], [{'f_bs': 228.68040685397304, 'f_fd': 105.87854794773418, 'num': 22, 'gains': 105.87854794773418, 'power': 0.004059340160930427}, {'f_bs': 230.32328798067354, 'f_fd': 106.11617423004427, 'num': 25, 'gains': 742.81321961031, 'power': 0.0009033782823650179}, {'f_bs': 230.87795189503504, 'f_fd': 105.1955714086593, 'num': 1, 'gains': 525.9778570432966, 'power': 0.0016723611365744738}, {'f_bs': 227.2500937691937, 'f_fd': 104.66863326199058, 'num': 13, 'gains': 628.0117995719436, 'power': 1.5154564018628972e-05}], [{'f_bs': 228.68040685397304, 'f_fd': 105.87854794773418, 'num': 22, 'gains': 211.75709589546835, 'power': 0.003459340160930427}, {'f_bs': 230.32328798067354, 'f_fd': 106.11617423004427, 'num': 25, 'gains': 848.9293938403542, 'power': 0.00030337828236501785}, {'f_bs': 230.87795189503504, 'f_fd': 105.1955714086593, 'num': 1, 'gains': 631.1734284519559, 'power': 0.0010323611365744738}, {'f_bs': 226.27100722889165, 'f_fd': 105.52328639619546, 'num': 28, 'gains': 738.6630047733681, 'power': 0.00030305440521480667}], [{'f_bs': 228.68040685397304, 'f_fd': 105.87854794773418, 'num': 22, 'gains': 317.6356438432025, 'power': 0.002859340160930427}, {'f_bs': 227.20708725796194, 'f_fd': 104.6622772866414, 'num': 26, 'gains': 104.6622772866414, 'power': 0.004042607140576966}, {'f_bs': 230.87795189503504, 'f_fd': 105.1955714086593, 'num': 1, 'gains': 736.3689998606153, 'power': 0.00039236113657447377}, {'f_bs': 219.2895881898997, 'f_fd': 103.44639102817331, 'num': 18, 'gains': 103.44639102817331, 'power': 0.005175359352282482}], [{'f_bs': 228.68040685397304, 'f_fd': 105.87854794773418, 'num': 22, 'gains': 423.5141917909367, 'power': 0.0022593401609304273}, {'f_bs': 227.20708725796194, 'f_fd': 104.6622772866414, 'num': 26, 'gains': 209.3245545732828, 'power': 0.003402607140576966}, {'f_bs': 230.7477970409221, 'f_fd': 105.17697772648697, 'num': 16, 'gains': 105.17697772648697, 'power': 0.0032171870381437853}, {'f_bs': 219.2895881898997, 'f_fd': 103.44639102817331, 'num': 18, 'gains': 206.89278205634662, 'power': 0.004535359352282482}], [{'f_bs': 228.68040685397304, 'f_fd': 105.87854794773418, 'num': 22, 'gains': 529.3927397386709, 'power': 0.0016593401609304272}, {'f_bs': 227.20708725796194, 'f_fd': 104.6622772866414, 'num': 26, 'gains': 313.9868318599242, 'power': 0.002762607140576966}, {'f_bs': 230.7477970409221, 'f_fd': 105.17697772648697, 'num': 16, 'gains': 210.35395545297393, 'power': 0.0025771870381437853}, {'f_bs': 219.2895881898997, 'f_fd': 103.44639102817331, 'num': 18, 'gains': 310.3391730845199, 'power': 0.003895359352282482}], [{'f_bs': 228.68040685397304, 'f_fd': 105.87854794773418, 'num': 22, 'gains': 635.2712876864051, 'power': 0.0010593401609304272}, {'f_bs': 237.44255177674057, 'f_fd': 107.10452516659512, 'num': 5, 'gains': 642.6271509995706, 'power': 3.179867217231909e-06}, {'f_bs': 230.7477970409221, 'f_fd': 105.17697772648697, 'num': 16, 'gains': 315.53093317946093, 'power': 0.0019371870381437854}, {'f_bs': 219.2895881898997, 'f_fd': 103.44639102817331, 'num': 18, 'gains': 413.78556411269324, 'power': 0.003255359352282482}], [{'f_bs': 228.68040685397304, 'f_fd': 105.87854794773418, 'num': 22, 'gains': 741.1498356341393, 'power': 0.0004593401609304271}, {'f_bs': 227.20708725796194, 'f_fd': 104.6622772866414, 'num': 26, 'gains': 418.6491091465656, 'power': 0.0021302617442098973}, {'f_bs': 231.3207419637574, 'f_fd': 106.25865702762073, 'num': 7, 'gains': 743.8105991933452, 'power': 3.2598135730544427e-06}, {'f_bs': 219.2895881898997, 'f_fd': 103.44639102817331, 'num': 18, 'gains': 517.2319551408666, 'power': 0.002615359352282482}], [{'f_bs': 224.1660007495825, 'f_fd': 104.20615799682764, 'num': 27, 'gains': 104.20615799682764, 'power': 0.003858147934482286}, {'f_bs': 227.20708725796194, 'f_fd': 104.6622772866414, 'num': 26, 'gains': 523.311386433207, 'power': 0.0014902617442098974}, {'f_bs': 230.7477970409221, 'f_fd': 105.17697772648697, 'num': 16, 'gains': 420.70791090594787, 'power': 0.0013154293811380186}, {'f_bs': 219.2895881898997, 'f_fd': 103.44639102817331, 'num': 18, 'gains': 620.67834616904, 'power': 0.001975359352282482}], [{'f_bs': 224.1660007495825, 'f_fd': 104.20615799682764, 'num': 27, 'gains': 208.41231599365528, 'power': 0.003218147934482286}, {'f_bs': 227.20708725796194, 'f_fd': 104.6622772866414, 'num': 26, 'gains': 627.9736637198483, 'power': 0.0008502617442098973}, {'f_bs': 230.7477970409221, 'f_fd': 105.17697772648697, 'num': 16, 'gains': 525.8848886324348, 'power': 0.0006754293811380186}, {'f_bs': 219.2895881898997, 'f_fd': 103.44639102817331, 'num': 18, 'gains': 724.1247371972133, 'power': 0.0013353593522824822}], [{'f_bs': 224.1660007495825, 'f_fd': 104.20615799682764, 'num': 27, 'gains': 312.6184739904829, 'power': 0.002578147934482286}, {'f_bs': 227.20708725796194, 'f_fd': 104.6622772866414, 'num': 26, 'gains': 732.6359410064897, 'power': 0.00021026174420989726}, {'f_bs': 230.7477970409221, 'f_fd': 105.17697772648697, 'num': 16, 'gains': 631.0618663589217, 'power': 3.5429381138018514e-05}, {'f_bs': 219.2895881898997, 'f_fd': 103.44639102817331, 'num': 18, 'gains': 827.5711282253867, 'power': 0.0006953593522824822}], [{'f_bs': 224.1660007495825, 'f_fd': 104.20615799682764, 'num': 27, 'gains': 416.82463198731057, 'power': 0.0019381479344822861}, {'f_bs': 224.5588842048363, 'f_fd': 105.26583327460915, 'num': 14, 'gains': 105.26583327460915, 'power': 0.0040803766800763756}, {'f_bs': 222.46286885259997, 'f_fd': 103.94485102987267, 'num': 19, 'gains': 103.94485102987267, 'power': 0.0030217583024065913}, {'f_bs': 219.2895881898997, 'f_fd': 103.44639102817331, 'num': 18, 'gains': 931.0175192535601, 'power': 5.53593522824821e-05}], [{'f_bs': 224.1660007495825, 'f_fd': 104.20615799682764, 'num': 27, 'gains': 521.0307899841382, 'power': 0.0012981479344822862}, {'f_bs': 224.5588842048363, 'f_fd': 105.26583327460915, 'num': 14, 'gains': 210.5316665492183, 'power': 0.0034803766800763757}, {'f_bs': 222.46286885259997, 'f_fd': 103.94485102987267, 'num': 19, 'gains': 207.88970205974533, 'power': 0.0023817583024065914}, {'f_bs': 213.5716916957937, 'f_fd': 101.50843281201023, 'num': 21, 'gains': 101.50843281201023, 'power': 0.004142836997642593}], [{'f_bs': 232.2336193675628, 'f_fd': 106.3878902370304, 'num': 24, 'gains': 638.3273414221825, 'power': 6.613400453709837e-07}, {'f_bs': 224.5588842048363, 'f_fd': 105.26583327460915, 'num': 14, 'gains': 315.7974998238275, 'power': 0.002880376680076376}, {'f_bs': 222.46286885259997, 'f_fd': 103.94485102987267, 'num': 19, 'gains': 311.834553089618, 'power': 0.0017417583024065915}, {'f_bs': 213.5716916957937, 'f_fd': 101.50843281201023, 'num': 21, 'gains': 203.01686562402045, 'power': 0.003462836997642593}], [{'f_bs': 224.1660007495825, 'f_fd': 104.20615799682764, 'num': 27, 'gains': 625.2369479809659, 'power': 0.0006671851320199817}, {'f_bs': 224.5588842048363, 'f_fd': 105.26583327460915, 'num': 14, 'gains': 421.0633330984366, 'power': 0.002280376680076376}, {'f_bs': 222.46286885259997, 'f_fd': 103.94485102987267, 'num': 19, 'gains': 415.77940411949066, 'power': 0.0011017583024065915}, {'f_bs': 213.5716916957937, 'f_fd': 101.50843281201023, 'num': 21, 'gains': 304.52529843603065, 'power': 0.002782836997642593}], [{'f_bs': 224.1660007495825, 'f_fd': 104.20615799682764, 'num': 27, 'gains': 729.4431059777935, 'power': 2.7185132019981635e-05}, {'f_bs': 230.32328798067354, 'f_fd': 106.11617423004427, 'num': 25, 'gains': 955.0455680703985, 'power': 1.849442376858617e-05}, {'f_bs': 222.46286885259997, 'f_fd': 103.94485102987267, 'num': 19, 'gains': 519.7242551493633, 'power': 0.00046175830240659146}, {'f_bs': 213.5716916957937, 'f_fd': 101.50843281201023, 'num': 21, 'gains': 406.0337312480409, 'power': 0.002102836997642593}], [{'f_bs': 218.57400845171497, 'f_fd': 103.33185466571985, 'num': 29, 'gains': 103.33185466571985, 'power': 0.00469789918402724}, {'f_bs': 224.5588842048363, 'f_fd': 105.26583327460915, 'num': 14, 'gains': 526.3291663730457, 'power': 0.0017110064684619385}, {'f_bs': 235.9042079026987, 'f_fd': 106.8964969977379, 'num': 17, 'gains': 748.2754789841654, 'power': 9.07138866858173e-06}, {'f_bs': 213.5716916957937, 'f_fd': 101.50843281201023, 'num': 21, 'gains': 507.54216406005116, 'power': 0.001422836997642593}]]
